Not using distributed mode
2024-05-28 10:22:50 CIFAR100_cutout_wideresnet28x10_vassoremu-sgd_rho0.2_theta=0.4_crt=random_p=0.1: Namespace(batch_size=128, betas=None, crt='random', crt_k=2, crt_p=0.1, datadir='~/sam/datasets', dataset='CIFAR100_cutout', dist_url='env://', distributed=False, distributed_val=False, drop_last=True, epochs=200, eps=None, eta_min=0, extensive_metrics_mode=False, gamma=0.2, log_freq=10, lr=0.05, lr_scheduler='CosineLRscheduler', milestone=[60, 120, 160], model='wideresnet28x10', momentum=0.9, nesterov=False, num_workers=8, opt='vassoremu-sgd', output_dir='logs', output_name='CIFAR100_cutout_wideresnet28x10_vassoremu-sgd_rho0.2_theta=0.4_crt=random_p=0.1', performance_scores_mode=False, phi=0.001, pin_memory=True, resume=False, resume_path='.', rho=0.2, seed=3107, start_epoch=0, theta=0.4, wandb=False, wandb_name='Default', wandb_project='VASSO', warmup_epoch=0, warmup_init_lr=0.0, weight_decay=0.001, zeta=1.0)

Files already downloaded and verified
Files already downloaded and verified
2024-05-28 10:22:52 CIFAR100_cutout_wideresnet28x10_vassoremu-sgd_rho0.2_theta=0.4_crt=random_p=0.1: Train Data: 50000, Test Data: 10000.

2024-05-28 10:22:57 CIFAR100_cutout_wideresnet28x10_vassoremu-sgd_rho0.2_theta=0.4_crt=random_p=0.1: Model: wideresnet28x10

2024-05-28 10:22:57 CIFAR100_cutout_wideresnet28x10_vassoremu-sgd_rho0.2_theta=0.4_crt=random_p=0.1: Optimizer: <class 'solver.vassoremu.VASSOREMU'>

2024-05-28 10:22:57 CIFAR100_cutout_wideresnet28x10_vassoremu-sgd_rho0.2_theta=0.4_crt=random_p=0.1: LR Scheduler: <class 'solver.lr_scheduler.CosineLRscheduler'>

2024-05-28 10:22:57 CIFAR100_cutout_wideresnet28x10_vassoremu-sgd_rho0.2_theta=0.4_crt=random_p=0.1: Start training for 200 Epochs.

2024-05-28 10:23:01 CIFAR100_cutout_wideresnet28x10_vassoremu-sgd_rho0.2_theta=0.4_crt=random_p=0.1: Epoch: 0 [0/390] lr:0.050000 Train Loss:4.8094 Train Acc1:0.0000 Train Acc5:2.3438 Time:0.641s

2024-05-28 10:23:06 CIFAR100_cutout_wideresnet28x10_vassoremu-sgd_rho0.2_theta=0.4_crt=random_p=0.1: Epoch: 0 [10/390] lr:0.050000 Train Loss:4.7991 Train Acc1:0.5682 Train Acc5:3.8352 Time:0.529s

2024-05-28 10:23:11 CIFAR100_cutout_wideresnet28x10_vassoremu-sgd_rho0.2_theta=0.4_crt=random_p=0.1: Epoch: 0 [20/390] lr:0.050000 Train Loss:4.8236 Train Acc1:0.5580 Train Acc5:4.0923 Time:0.529s

2024-05-28 10:23:17 CIFAR100_cutout_wideresnet28x10_vassoremu-sgd_rho0.2_theta=0.4_crt=random_p=0.1: Epoch: 0 [30/390] lr:0.050000 Train Loss:4.8146 Train Acc1:0.7308 Train Acc5:4.4103 Time:0.529s

2024-05-28 10:23:22 CIFAR100_cutout_wideresnet28x10_vassoremu-sgd_rho0.2_theta=0.4_crt=random_p=0.1: Epoch: 0 [40/390] lr:0.050000 Train Loss:4.7991 Train Acc1:0.8003 Train Acc5:4.5541 Time:0.530s

2024-05-28 10:23:27 CIFAR100_cutout_wideresnet28x10_vassoremu-sgd_rho0.2_theta=0.4_crt=random_p=0.1: Epoch: 0 [50/390] lr:0.050000 Train Loss:4.7694 Train Acc1:1.0263 Train Acc5:5.1930 Time:0.530s

2024-05-28 10:23:32 CIFAR100_cutout_wideresnet28x10_vassoremu-sgd_rho0.2_theta=0.4_crt=random_p=0.1: Epoch: 0 [60/390] lr:0.050000 Train Loss:4.7365 Train Acc1:1.1911 Train Acc5:6.0451 Time:0.532s

2024-05-28 10:23:38 CIFAR100_cutout_wideresnet28x10_vassoremu-sgd_rho0.2_theta=0.4_crt=random_p=0.1: Epoch: 0 [70/390] lr:0.050000 Train Loss:4.6986 Train Acc1:1.3424 Train Acc5:6.6791 Time:0.532s

2024-05-28 10:23:43 CIFAR100_cutout_wideresnet28x10_vassoremu-sgd_rho0.2_theta=0.4_crt=random_p=0.1: Epoch: 0 [80/390] lr:0.050000 Train Loss:4.6714 Train Acc1:1.4757 Train Acc5:7.1759 Time:0.532s

2024-05-28 10:23:48 CIFAR100_cutout_wideresnet28x10_vassoremu-sgd_rho0.2_theta=0.4_crt=random_p=0.1: Epoch: 0 [90/390] lr:0.050000 Train Loss:4.6406 Train Acc1:1.6999 Train Acc5:7.9413 Time:0.532s

2024-05-28 10:23:54 CIFAR100_cutout_wideresnet28x10_vassoremu-sgd_rho0.2_theta=0.4_crt=random_p=0.1: Epoch: 0 [100/390] lr:0.050000 Train Loss:4.6129 Train Acc1:1.9261 Train Acc5:8.6943 Time:0.533s

2024-05-28 10:23:56 CIFAR100_cutout_wideresnet28x10_vassoremu-sgd_rho0.2_theta=0.4_crt=random_p=0.1: Epoch: 0 [110/390] lr:0.050000 Train Loss:4.5808 Train Acc1:2.2663 Train Acc5:9.5369 Time:0.273s

2024-05-28 10:24:00 CIFAR100_cutout_wideresnet28x10_vassoremu-sgd_rho0.2_theta=0.4_crt=random_p=0.1: Epoch: 0 [120/390] lr:0.050000 Train Loss:4.5539 Train Acc1:2.4664 Train Acc5:10.2337 Time:0.272s

2024-05-28 10:24:03 CIFAR100_cutout_wideresnet28x10_vassoremu-sgd_rho0.2_theta=0.4_crt=random_p=0.1: Epoch: 0 [130/390] lr:0.050000 Train Loss:4.5343 Train Acc1:2.6718 Train Acc5:10.6930 Time:0.272s

2024-05-28 10:24:06 CIFAR100_cutout_wideresnet28x10_vassoremu-sgd_rho0.2_theta=0.4_crt=random_p=0.1: Epoch: 0 [140/390] lr:0.050000 Train Loss:4.5166 Train Acc1:2.7870 Train Acc5:11.1979 Time:0.272s

2024-05-28 10:24:10 CIFAR100_cutout_wideresnet28x10_vassoremu-sgd_rho0.2_theta=0.4_crt=random_p=0.1: Epoch: 0 [150/390] lr:0.050000 Train Loss:4.4978 Train Acc1:2.9905 Train Acc5:11.7550 Time:0.272s

2024-05-28 10:24:12 CIFAR100_cutout_wideresnet28x10_vassoremu-sgd_rho0.2_theta=0.4_crt=random_p=0.1: Epoch: 0 [160/390] lr:0.050000 Train Loss:4.4795 Train Acc1:3.1201 Train Acc5:12.1943 Time:0.277s

2024-05-28 10:24:16 CIFAR100_cutout_wideresnet28x10_vassoremu-sgd_rho0.2_theta=0.4_crt=random_p=0.1: Epoch: 0 [170/390] lr:0.050000 Train Loss:4.4607 Train Acc1:3.2529 Train Acc5:12.8015 Time:0.273s

2024-05-28 10:24:19 CIFAR100_cutout_wideresnet28x10_vassoremu-sgd_rho0.2_theta=0.4_crt=random_p=0.1: Epoch: 0 [180/390] lr:0.050000 Train Loss:4.4434 Train Acc1:3.3797 Train Acc5:13.3417 Time:0.272s

2024-05-28 10:24:23 CIFAR100_cutout_wideresnet28x10_vassoremu-sgd_rho0.2_theta=0.4_crt=random_p=0.1: Epoch: 0 [190/390] lr:0.050000 Train Loss:4.4295 Train Acc1:3.5218 Train Acc5:13.7639 Time:0.273s

2024-05-28 10:24:26 CIFAR100_cutout_wideresnet28x10_vassoremu-sgd_rho0.2_theta=0.4_crt=random_p=0.1: Epoch: 0 [200/390] lr:0.050000 Train Loss:4.4146 Train Acc1:3.6186 Train Acc5:14.2141 Time:0.273s

2024-05-28 10:24:29 CIFAR100_cutout_wideresnet28x10_vassoremu-sgd_rho0.2_theta=0.4_crt=random_p=0.1: Epoch: 0 [210/390] lr:0.050000 Train Loss:4.4013 Train Acc1:3.7544 Train Acc5:14.6512 Time:0.275s

2024-05-28 10:24:32 CIFAR100_cutout_wideresnet28x10_vassoremu-sgd_rho0.2_theta=0.4_crt=random_p=0.1: Epoch: 0 [220/390] lr:0.050000 Train Loss:4.3881 Train Acc1:3.8568 Train Acc5:14.9781 Time:0.274s

2024-05-28 10:24:35 CIFAR100_cutout_wideresnet28x10_vassoremu-sgd_rho0.2_theta=0.4_crt=random_p=0.1: Epoch: 0 [230/390] lr:0.050000 Train Loss:4.3752 Train Acc1:3.9705 Train Acc5:15.3511 Time:0.273s

2024-05-28 10:24:37 CIFAR100_cutout_wideresnet28x10_vassoremu-sgd_rho0.2_theta=0.4_crt=random_p=0.1: Epoch: 0 [240/390] lr:0.050000 Train Loss:4.3636 Train Acc1:4.0424 Train Acc5:15.6834 Time:0.276s

2024-05-28 10:24:40 CIFAR100_cutout_wideresnet28x10_vassoremu-sgd_rho0.2_theta=0.4_crt=random_p=0.1: Epoch: 0 [250/390] lr:0.050000 Train Loss:4.3514 Train Acc1:4.1615 Train Acc5:16.0203 Time:0.274s

2024-05-28 10:24:43 CIFAR100_cutout_wideresnet28x10_vassoremu-sgd_rho0.2_theta=0.4_crt=random_p=0.1: Epoch: 0 [260/390] lr:0.050000 Train Loss:4.3419 Train Acc1:4.2385 Train Acc5:16.3015 Time:0.273s

2024-05-28 10:24:47 CIFAR100_cutout_wideresnet28x10_vassoremu-sgd_rho0.2_theta=0.4_crt=random_p=0.1: Epoch: 0 [270/390] lr:0.050000 Train Loss:4.3316 Train Acc1:4.3070 Train Acc5:16.6369 Time:0.273s

2024-05-28 10:24:50 CIFAR100_cutout_wideresnet28x10_vassoremu-sgd_rho0.2_theta=0.4_crt=random_p=0.1: Epoch: 0 [280/390] lr:0.050000 Train Loss:4.3208 Train Acc1:4.4039 Train Acc5:16.9567 Time:0.272s

2024-05-28 10:24:54 CIFAR100_cutout_wideresnet28x10_vassoremu-sgd_rho0.2_theta=0.4_crt=random_p=0.1: Epoch: 0 [290/390] lr:0.050000 Train Loss:4.3087 Train Acc1:4.4969 Train Acc5:17.3593 Time:0.273s

2024-05-28 10:24:57 CIFAR100_cutout_wideresnet28x10_vassoremu-sgd_rho0.2_theta=0.4_crt=random_p=0.1: Epoch: 0 [300/390] lr:0.050000 Train Loss:4.2990 Train Acc1:4.6252 Train Acc5:17.6132 Time:0.273s

2024-05-28 10:25:00 CIFAR100_cutout_wideresnet28x10_vassoremu-sgd_rho0.2_theta=0.4_crt=random_p=0.1: Epoch: 0 [310/390] lr:0.050000 Train Loss:4.2893 Train Acc1:4.7202 Train Acc5:17.9034 Time:0.274s

2024-05-28 10:25:03 CIFAR100_cutout_wideresnet28x10_vassoremu-sgd_rho0.2_theta=0.4_crt=random_p=0.1: Epoch: 0 [320/390] lr:0.050000 Train Loss:4.2777 Train Acc1:4.8384 Train Acc5:18.2511 Time:0.273s

2024-05-28 10:25:06 CIFAR100_cutout_wideresnet28x10_vassoremu-sgd_rho0.2_theta=0.4_crt=random_p=0.1: Epoch: 0 [330/390] lr:0.050000 Train Loss:4.2685 Train Acc1:4.9471 Train Acc5:18.5045 Time:0.279s

2024-05-28 10:25:09 CIFAR100_cutout_wideresnet28x10_vassoremu-sgd_rho0.2_theta=0.4_crt=random_p=0.1: Epoch: 0 [340/390] lr:0.050000 Train Loss:4.2612 Train Acc1:4.9922 Train Acc5:18.7431 Time:0.536s

2024-05-28 10:25:12 CIFAR100_cutout_wideresnet28x10_vassoremu-sgd_rho0.2_theta=0.4_crt=random_p=0.1: Epoch: 0 [350/390] lr:0.050000 Train Loss:4.2525 Train Acc1:5.0815 Train Acc5:19.0015 Time:0.273s

2024-05-28 10:25:15 CIFAR100_cutout_wideresnet28x10_vassoremu-sgd_rho0.2_theta=0.4_crt=random_p=0.1: Epoch: 0 [360/390] lr:0.050000 Train Loss:4.2424 Train Acc1:5.2155 Train Acc5:19.2932 Time:0.274s

2024-05-28 10:25:18 CIFAR100_cutout_wideresnet28x10_vassoremu-sgd_rho0.2_theta=0.4_crt=random_p=0.1: Epoch: 0 [370/390] lr:0.050000 Train Loss:4.2347 Train Acc1:5.3340 Train Acc5:19.5270 Time:0.274s

2024-05-28 10:25:21 CIFAR100_cutout_wideresnet28x10_vassoremu-sgd_rho0.2_theta=0.4_crt=random_p=0.1: Epoch: 0 [380/390] lr:0.050000 Train Loss:4.2292 Train Acc1:5.3580 Train Acc5:19.6932 Time:0.272s

2024-05-28 10:25:32 CIFAR100_cutout_wideresnet28x10_vassoremu-sgd_rho0.2_theta=0.4_crt=random_p=0.1: Epoch:0 Train Loss:4.2232 Train Acc1:5.3946 Train Acc5:19.8558 Test Loss:4.1491 Test Acc1:7.6900(Max:7.6900) Test Acc5:28.5200 Time:154.771s

2024-05-28 10:25:33 CIFAR100_cutout_wideresnet28x10_vassoremu-sgd_rho0.2_theta=0.4_crt=random_p=0.1: Epoch: 1 [0/390] lr:0.050000 Train Loss:3.9998 Train Acc1:9.3750 Train Acc5:24.2188 Time:0.541s

2024-05-28 10:25:36 CIFAR100_cutout_wideresnet28x10_vassoremu-sgd_rho0.2_theta=0.4_crt=random_p=0.1: Epoch: 1 [10/390] lr:0.050000 Train Loss:3.8329 Train Acc1:11.2216 Train Acc5:31.1790 Time:0.274s

2024-05-28 10:25:39 CIFAR100_cutout_wideresnet28x10_vassoremu-sgd_rho0.2_theta=0.4_crt=random_p=0.1: Epoch: 1 [20/390] lr:0.050000 Train Loss:3.8602 Train Acc1:10.0818 Train Acc5:30.4315 Time:0.274s

2024-05-28 10:25:42 CIFAR100_cutout_wideresnet28x10_vassoremu-sgd_rho0.2_theta=0.4_crt=random_p=0.1: Epoch: 1 [30/390] lr:0.050000 Train Loss:3.8725 Train Acc1:9.8538 Train Acc5:29.6371 Time:0.273s

2024-05-28 10:25:45 CIFAR100_cutout_wideresnet28x10_vassoremu-sgd_rho0.2_theta=0.4_crt=random_p=0.1: Epoch: 1 [40/390] lr:0.050000 Train Loss:3.8748 Train Acc1:9.9085 Train Acc5:30.2210 Time:0.277s

2024-05-28 10:25:48 CIFAR100_cutout_wideresnet28x10_vassoremu-sgd_rho0.2_theta=0.4_crt=random_p=0.1: Epoch: 1 [50/390] lr:0.050000 Train Loss:3.8760 Train Acc1:9.7733 Train Acc5:30.2390 Time:0.272s

2024-05-28 10:25:51 CIFAR100_cutout_wideresnet28x10_vassoremu-sgd_rho0.2_theta=0.4_crt=random_p=0.1: Epoch: 1 [60/390] lr:0.050000 Train Loss:3.8739 Train Acc1:9.7208 Train Acc5:30.3919 Time:0.279s

2024-05-28 10:25:54 CIFAR100_cutout_wideresnet28x10_vassoremu-sgd_rho0.2_theta=0.4_crt=random_p=0.1: Epoch: 1 [70/390] lr:0.050000 Train Loss:3.8684 Train Acc1:9.7051 Train Acc5:30.7218 Time:0.274s

2024-05-28 10:25:57 CIFAR100_cutout_wideresnet28x10_vassoremu-sgd_rho0.2_theta=0.4_crt=random_p=0.1: Epoch: 1 [80/390] lr:0.050000 Train Loss:3.8635 Train Acc1:9.5679 Train Acc5:30.7002 Time:0.274s

2024-05-28 10:26:01 CIFAR100_cutout_wideresnet28x10_vassoremu-sgd_rho0.2_theta=0.4_crt=random_p=0.1: Epoch: 1 [90/390] lr:0.050000 Train Loss:3.8671 Train Acc1:9.5725 Train Acc5:30.5718 Time:0.273s

2024-05-28 10:26:03 CIFAR100_cutout_wideresnet28x10_vassoremu-sgd_rho0.2_theta=0.4_crt=random_p=0.1: Epoch: 1 [100/390] lr:0.050000 Train Loss:3.8558 Train Acc1:9.6380 Train Acc5:30.8942 Time:0.274s

2024-05-28 10:26:06 CIFAR100_cutout_wideresnet28x10_vassoremu-sgd_rho0.2_theta=0.4_crt=random_p=0.1: Epoch: 1 [110/390] lr:0.050000 Train Loss:3.8529 Train Acc1:9.6002 Train Acc5:31.0600 Time:0.274s

2024-05-28 10:26:09 CIFAR100_cutout_wideresnet28x10_vassoremu-sgd_rho0.2_theta=0.4_crt=random_p=0.1: Epoch: 1 [120/390] lr:0.050000 Train Loss:3.8497 Train Acc1:9.5881 Train Acc5:31.2629 Time:0.274s

2024-05-28 10:26:12 CIFAR100_cutout_wideresnet28x10_vassoremu-sgd_rho0.2_theta=0.4_crt=random_p=0.1: Epoch: 1 [130/390] lr:0.050000 Train Loss:3.8490 Train Acc1:9.5301 Train Acc5:31.2261 Time:0.277s

2024-05-28 10:26:15 CIFAR100_cutout_wideresnet28x10_vassoremu-sgd_rho0.2_theta=0.4_crt=random_p=0.1: Epoch: 1 [140/390] lr:0.050000 Train Loss:3.8452 Train Acc1:9.6188 Train Acc5:31.3442 Time:0.274s

2024-05-28 10:26:18 CIFAR100_cutout_wideresnet28x10_vassoremu-sgd_rho0.2_theta=0.4_crt=random_p=0.1: Epoch: 1 [150/390] lr:0.050000 Train Loss:3.8423 Train Acc1:9.6285 Train Acc5:31.3069 Time:0.278s

2024-05-28 10:26:20 CIFAR100_cutout_wideresnet28x10_vassoremu-sgd_rho0.2_theta=0.4_crt=random_p=0.1: Epoch: 1 [160/390] lr:0.050000 Train Loss:3.8405 Train Acc1:9.6273 Train Acc5:31.4295 Time:0.278s

2024-05-28 10:26:24 CIFAR100_cutout_wideresnet28x10_vassoremu-sgd_rho0.2_theta=0.4_crt=random_p=0.1: Epoch: 1 [170/390] lr:0.050000 Train Loss:3.8388 Train Acc1:9.7588 Train Acc5:31.5241 Time:0.273s

2024-05-28 10:26:27 CIFAR100_cutout_wideresnet28x10_vassoremu-sgd_rho0.2_theta=0.4_crt=random_p=0.1: Epoch: 1 [180/390] lr:0.050000 Train Loss:3.8329 Train Acc1:9.7807 Train Acc5:31.6730 Time:0.276s

2024-05-28 10:26:30 CIFAR100_cutout_wideresnet28x10_vassoremu-sgd_rho0.2_theta=0.4_crt=random_p=0.1: Epoch: 1 [190/390] lr:0.050000 Train Loss:3.8296 Train Acc1:9.8536 Train Acc5:31.8349 Time:0.274s

2024-05-28 10:26:33 CIFAR100_cutout_wideresnet28x10_vassoremu-sgd_rho0.2_theta=0.4_crt=random_p=0.1: Epoch: 1 [200/390] lr:0.050000 Train Loss:3.8245 Train Acc1:9.9697 Train Acc5:32.0585 Time:0.273s

2024-05-28 10:26:36 CIFAR100_cutout_wideresnet28x10_vassoremu-sgd_rho0.2_theta=0.4_crt=random_p=0.1: Epoch: 1 [210/390] lr:0.050000 Train Loss:3.8188 Train Acc1:10.0748 Train Acc5:32.2053 Time:0.279s

2024-05-28 10:26:39 CIFAR100_cutout_wideresnet28x10_vassoremu-sgd_rho0.2_theta=0.4_crt=random_p=0.1: Epoch: 1 [220/390] lr:0.050000 Train Loss:3.8139 Train Acc1:10.2093 Train Acc5:32.3706 Time:0.278s

2024-05-28 10:26:42 CIFAR100_cutout_wideresnet28x10_vassoremu-sgd_rho0.2_theta=0.4_crt=random_p=0.1: Epoch: 1 [230/390] lr:0.050000 Train Loss:3.8105 Train Acc1:10.2814 Train Acc5:32.4202 Time:0.536s

2024-05-28 10:26:45 CIFAR100_cutout_wideresnet28x10_vassoremu-sgd_rho0.2_theta=0.4_crt=random_p=0.1: Epoch: 1 [240/390] lr:0.050000 Train Loss:3.8041 Train Acc1:10.4123 Train Acc5:32.6537 Time:0.277s

2024-05-28 10:26:48 CIFAR100_cutout_wideresnet28x10_vassoremu-sgd_rho0.2_theta=0.4_crt=random_p=0.1: Epoch: 1 [250/390] lr:0.050000 Train Loss:3.7997 Train Acc1:10.5017 Train Acc5:32.7751 Time:0.274s

2024-05-28 10:26:51 CIFAR100_cutout_wideresnet28x10_vassoremu-sgd_rho0.2_theta=0.4_crt=random_p=0.1: Epoch: 1 [260/390] lr:0.050000 Train Loss:3.7937 Train Acc1:10.6023 Train Acc5:32.9292 Time:0.279s

2024-05-28 10:26:54 CIFAR100_cutout_wideresnet28x10_vassoremu-sgd_rho0.2_theta=0.4_crt=random_p=0.1: Epoch: 1 [270/390] lr:0.050000 Train Loss:3.7873 Train Acc1:10.8164 Train Acc5:33.1037 Time:0.274s

2024-05-28 10:26:57 CIFAR100_cutout_wideresnet28x10_vassoremu-sgd_rho0.2_theta=0.4_crt=random_p=0.1: Epoch: 1 [280/390] lr:0.050000 Train Loss:3.7827 Train Acc1:10.8541 Train Acc5:33.2546 Time:0.279s

2024-05-28 10:27:00 CIFAR100_cutout_wideresnet28x10_vassoremu-sgd_rho0.2_theta=0.4_crt=random_p=0.1: Epoch: 1 [290/390] lr:0.050000 Train Loss:3.7779 Train Acc1:10.9402 Train Acc5:33.3951 Time:0.274s

2024-05-28 10:27:02 CIFAR100_cutout_wideresnet28x10_vassoremu-sgd_rho0.2_theta=0.4_crt=random_p=0.1: Epoch: 1 [300/390] lr:0.050000 Train Loss:3.7745 Train Acc1:10.9972 Train Acc5:33.5029 Time:0.274s

2024-05-28 10:27:05 CIFAR100_cutout_wideresnet28x10_vassoremu-sgd_rho0.2_theta=0.4_crt=random_p=0.1: Epoch: 1 [310/390] lr:0.050000 Train Loss:3.7706 Train Acc1:11.0606 Train Acc5:33.6088 Time:0.276s

2024-05-28 10:27:08 CIFAR100_cutout_wideresnet28x10_vassoremu-sgd_rho0.2_theta=0.4_crt=random_p=0.1: Epoch: 1 [320/390] lr:0.050000 Train Loss:3.7654 Train Acc1:11.1200 Train Acc5:33.7860 Time:0.274s

2024-05-28 10:27:11 CIFAR100_cutout_wideresnet28x10_vassoremu-sgd_rho0.2_theta=0.4_crt=random_p=0.1: Epoch: 1 [330/390] lr:0.050000 Train Loss:3.7609 Train Acc1:11.2113 Train Acc5:33.9360 Time:0.274s

2024-05-28 10:27:14 CIFAR100_cutout_wideresnet28x10_vassoremu-sgd_rho0.2_theta=0.4_crt=random_p=0.1: Epoch: 1 [340/390] lr:0.050000 Train Loss:3.7577 Train Acc1:11.2628 Train Acc5:34.0268 Time:0.274s

2024-05-28 10:27:17 CIFAR100_cutout_wideresnet28x10_vassoremu-sgd_rho0.2_theta=0.4_crt=random_p=0.1: Epoch: 1 [350/390] lr:0.050000 Train Loss:3.7524 Train Acc1:11.3493 Train Acc5:34.2103 Time:0.274s

2024-05-28 10:27:20 CIFAR100_cutout_wideresnet28x10_vassoremu-sgd_rho0.2_theta=0.4_crt=random_p=0.1: Epoch: 1 [360/390] lr:0.050000 Train Loss:3.7478 Train Acc1:11.3941 Train Acc5:34.3642 Time:0.273s

2024-05-28 10:27:23 CIFAR100_cutout_wideresnet28x10_vassoremu-sgd_rho0.2_theta=0.4_crt=random_p=0.1: Epoch: 1 [370/390] lr:0.050000 Train Loss:3.7460 Train Acc1:11.4134 Train Acc5:34.4129 Time:0.273s

2024-05-28 10:27:26 CIFAR100_cutout_wideresnet28x10_vassoremu-sgd_rho0.2_theta=0.4_crt=random_p=0.1: Epoch: 1 [380/390] lr:0.050000 Train Loss:3.7413 Train Acc1:11.4932 Train Acc5:34.5760 Time:0.536s

2024-05-28 10:27:37 CIFAR100_cutout_wideresnet28x10_vassoremu-sgd_rho0.2_theta=0.4_crt=random_p=0.1: Epoch:1 Train Loss:3.7384 Train Acc1:11.5445 Train Acc5:34.6775 Test Loss:3.5684 Test Acc1:14.4200(Max:14.4200) Test Acc5:40.8700 Time:124.746s

2024-05-28 10:27:38 CIFAR100_cutout_wideresnet28x10_vassoremu-sgd_rho0.2_theta=0.4_crt=random_p=0.1: Epoch: 2 [0/390] lr:0.049997 Train Loss:3.7309 Train Acc1:12.5000 Train Acc5:40.6250 Time:0.280s

2024-05-28 10:27:41 CIFAR100_cutout_wideresnet28x10_vassoremu-sgd_rho0.2_theta=0.4_crt=random_p=0.1: Epoch: 2 [10/390] lr:0.049997 Train Loss:3.5316 Train Acc1:15.2699 Train Acc5:40.6960 Time:0.279s

2024-05-28 10:27:44 CIFAR100_cutout_wideresnet28x10_vassoremu-sgd_rho0.2_theta=0.4_crt=random_p=0.1: Epoch: 2 [20/390] lr:0.049997 Train Loss:3.5339 Train Acc1:15.4390 Train Acc5:41.1830 Time:0.274s

2024-05-28 10:27:47 CIFAR100_cutout_wideresnet28x10_vassoremu-sgd_rho0.2_theta=0.4_crt=random_p=0.1: Epoch: 2 [30/390] lr:0.049997 Train Loss:3.5292 Train Acc1:15.2722 Train Acc5:41.0786 Time:0.274s

2024-05-28 10:27:50 CIFAR100_cutout_wideresnet28x10_vassoremu-sgd_rho0.2_theta=0.4_crt=random_p=0.1: Epoch: 2 [40/390] lr:0.049997 Train Loss:3.5277 Train Acc1:15.0724 Train Acc5:41.1395 Time:0.279s

2024-05-28 10:27:53 CIFAR100_cutout_wideresnet28x10_vassoremu-sgd_rho0.2_theta=0.4_crt=random_p=0.1: Epoch: 2 [50/390] lr:0.049997 Train Loss:3.5203 Train Acc1:15.1654 Train Acc5:41.6054 Time:0.277s

2024-05-28 10:27:56 CIFAR100_cutout_wideresnet28x10_vassoremu-sgd_rho0.2_theta=0.4_crt=random_p=0.1: Epoch: 2 [60/390] lr:0.049997 Train Loss:3.5223 Train Acc1:15.0743 Train Acc5:41.4319 Time:0.273s

2024-05-28 10:27:59 CIFAR100_cutout_wideresnet28x10_vassoremu-sgd_rho0.2_theta=0.4_crt=random_p=0.1: Epoch: 2 [70/390] lr:0.049997 Train Loss:3.5270 Train Acc1:15.2179 Train Acc5:41.5493 Time:0.537s

2024-05-28 10:28:02 CIFAR100_cutout_wideresnet28x10_vassoremu-sgd_rho0.2_theta=0.4_crt=random_p=0.1: Epoch: 2 [80/390] lr:0.049997 Train Loss:3.5305 Train Acc1:15.1427 Train Acc5:41.4738 Time:0.273s

2024-05-28 10:28:06 CIFAR100_cutout_wideresnet28x10_vassoremu-sgd_rho0.2_theta=0.4_crt=random_p=0.1: Epoch: 2 [90/390] lr:0.049997 Train Loss:3.5337 Train Acc1:15.1185 Train Acc5:41.4492 Time:0.536s

2024-05-28 10:28:09 CIFAR100_cutout_wideresnet28x10_vassoremu-sgd_rho0.2_theta=0.4_crt=random_p=0.1: Epoch: 2 [100/390] lr:0.049997 Train Loss:3.5323 Train Acc1:15.3001 Train Acc5:41.3057 Time:0.273s

2024-05-28 10:28:12 CIFAR100_cutout_wideresnet28x10_vassoremu-sgd_rho0.2_theta=0.4_crt=random_p=0.1: Epoch: 2 [110/390] lr:0.049997 Train Loss:3.5202 Train Acc1:15.4490 Train Acc5:41.6456 Time:0.537s

2024-05-28 10:28:15 CIFAR100_cutout_wideresnet28x10_vassoremu-sgd_rho0.2_theta=0.4_crt=random_p=0.1: Epoch: 2 [120/390] lr:0.049997 Train Loss:3.5115 Train Acc1:15.5346 Train Acc5:41.8324 Time:0.278s

2024-05-28 10:28:18 CIFAR100_cutout_wideresnet28x10_vassoremu-sgd_rho0.2_theta=0.4_crt=random_p=0.1: Epoch: 2 [130/390] lr:0.049997 Train Loss:3.5086 Train Acc1:15.6608 Train Acc5:41.9430 Time:0.537s

2024-05-28 10:28:21 CIFAR100_cutout_wideresnet28x10_vassoremu-sgd_rho0.2_theta=0.4_crt=random_p=0.1: Epoch: 2 [140/390] lr:0.049997 Train Loss:3.5061 Train Acc1:15.6970 Train Acc5:41.9825 Time:0.278s

2024-05-28 10:28:24 CIFAR100_cutout_wideresnet28x10_vassoremu-sgd_rho0.2_theta=0.4_crt=random_p=0.1: Epoch: 2 [150/390] lr:0.049997 Train Loss:3.5056 Train Acc1:15.6457 Train Acc5:41.9805 Time:0.274s

2024-05-28 10:28:28 CIFAR100_cutout_wideresnet28x10_vassoremu-sgd_rho0.2_theta=0.4_crt=random_p=0.1: Epoch: 2 [160/390] lr:0.049997 Train Loss:3.5010 Train Acc1:15.7123 Train Acc5:42.1002 Time:0.274s

2024-05-28 10:28:31 CIFAR100_cutout_wideresnet28x10_vassoremu-sgd_rho0.2_theta=0.4_crt=random_p=0.1: Epoch: 2 [170/390] lr:0.049997 Train Loss:3.4973 Train Acc1:15.7712 Train Acc5:42.2286 Time:0.274s

2024-05-28 10:28:34 CIFAR100_cutout_wideresnet28x10_vassoremu-sgd_rho0.2_theta=0.4_crt=random_p=0.1: Epoch: 2 [180/390] lr:0.049997 Train Loss:3.4937 Train Acc1:15.8926 Train Acc5:42.3947 Time:0.274s

2024-05-28 10:28:37 CIFAR100_cutout_wideresnet28x10_vassoremu-sgd_rho0.2_theta=0.4_crt=random_p=0.1: Epoch: 2 [190/390] lr:0.049997 Train Loss:3.4887 Train Acc1:15.9031 Train Acc5:42.4738 Time:0.273s

2024-05-28 10:28:40 CIFAR100_cutout_wideresnet28x10_vassoremu-sgd_rho0.2_theta=0.4_crt=random_p=0.1: Epoch: 2 [200/390] lr:0.049997 Train Loss:3.4853 Train Acc1:15.9826 Train Acc5:42.5529 Time:0.274s

2024-05-28 10:28:43 CIFAR100_cutout_wideresnet28x10_vassoremu-sgd_rho0.2_theta=0.4_crt=random_p=0.1: Epoch: 2 [210/390] lr:0.049997 Train Loss:3.4810 Train Acc1:16.1656 Train Acc5:42.6762 Time:0.274s

2024-05-28 10:28:46 CIFAR100_cutout_wideresnet28x10_vassoremu-sgd_rho0.2_theta=0.4_crt=random_p=0.1: Epoch: 2 [220/390] lr:0.049997 Train Loss:3.4779 Train Acc1:16.2330 Train Acc5:42.7920 Time:0.537s

2024-05-28 10:28:49 CIFAR100_cutout_wideresnet28x10_vassoremu-sgd_rho0.2_theta=0.4_crt=random_p=0.1: Epoch: 2 [230/390] lr:0.049997 Train Loss:3.4727 Train Acc1:16.2811 Train Acc5:42.8402 Time:0.275s

2024-05-28 10:28:52 CIFAR100_cutout_wideresnet28x10_vassoremu-sgd_rho0.2_theta=0.4_crt=random_p=0.1: Epoch: 2 [240/390] lr:0.049997 Train Loss:3.4667 Train Acc1:16.3317 Train Acc5:43.0271 Time:0.280s

2024-05-28 10:28:55 CIFAR100_cutout_wideresnet28x10_vassoremu-sgd_rho0.2_theta=0.4_crt=random_p=0.1: Epoch: 2 [250/390] lr:0.049997 Train Loss:3.4598 Train Acc1:16.4934 Train Acc5:43.2613 Time:0.279s

2024-05-28 10:28:58 CIFAR100_cutout_wideresnet28x10_vassoremu-sgd_rho0.2_theta=0.4_crt=random_p=0.1: Epoch: 2 [260/390] lr:0.049997 Train Loss:3.4555 Train Acc1:16.5260 Train Acc5:43.3758 Time:0.274s

2024-05-28 10:29:01 CIFAR100_cutout_wideresnet28x10_vassoremu-sgd_rho0.2_theta=0.4_crt=random_p=0.1: Epoch: 2 [270/390] lr:0.049997 Train Loss:3.4535 Train Acc1:16.5677 Train Acc5:43.4704 Time:0.274s

2024-05-28 10:29:04 CIFAR100_cutout_wideresnet28x10_vassoremu-sgd_rho0.2_theta=0.4_crt=random_p=0.1: Epoch: 2 [280/390] lr:0.049997 Train Loss:3.4479 Train Acc1:16.6454 Train Acc5:43.6583 Time:0.537s

2024-05-28 10:29:07 CIFAR100_cutout_wideresnet28x10_vassoremu-sgd_rho0.2_theta=0.4_crt=random_p=0.1: Epoch: 2 [290/390] lr:0.049997 Train Loss:3.4461 Train Acc1:16.6640 Train Acc5:43.7124 Time:0.274s

2024-05-28 10:29:10 CIFAR100_cutout_wideresnet28x10_vassoremu-sgd_rho0.2_theta=0.4_crt=random_p=0.1: Epoch: 2 [300/390] lr:0.049997 Train Loss:3.4417 Train Acc1:16.7437 Train Acc5:43.7708 Time:0.279s

2024-05-28 10:29:13 CIFAR100_cutout_wideresnet28x10_vassoremu-sgd_rho0.2_theta=0.4_crt=random_p=0.1: Epoch: 2 [310/390] lr:0.049997 Train Loss:3.4381 Train Acc1:16.8107 Train Acc5:43.8203 Time:0.274s

2024-05-28 10:29:16 CIFAR100_cutout_wideresnet28x10_vassoremu-sgd_rho0.2_theta=0.4_crt=random_p=0.1: Epoch: 2 [320/390] lr:0.049997 Train Loss:3.4325 Train Acc1:16.9320 Train Acc5:44.0153 Time:0.277s

2024-05-28 10:29:19 CIFAR100_cutout_wideresnet28x10_vassoremu-sgd_rho0.2_theta=0.4_crt=random_p=0.1: Epoch: 2 [330/390] lr:0.049997 Train Loss:3.4292 Train Acc1:17.0010 Train Acc5:44.1229 Time:0.275s

2024-05-28 10:29:22 CIFAR100_cutout_wideresnet28x10_vassoremu-sgd_rho0.2_theta=0.4_crt=random_p=0.1: Epoch: 2 [340/390] lr:0.049997 Train Loss:3.4253 Train Acc1:17.0661 Train Acc5:44.2540 Time:0.273s

2024-05-28 10:29:25 CIFAR100_cutout_wideresnet28x10_vassoremu-sgd_rho0.2_theta=0.4_crt=random_p=0.1: Epoch: 2 [350/390] lr:0.049997 Train Loss:3.4216 Train Acc1:17.1007 Train Acc5:44.4289 Time:0.281s

2024-05-28 10:29:28 CIFAR100_cutout_wideresnet28x10_vassoremu-sgd_rho0.2_theta=0.4_crt=random_p=0.1: Epoch: 2 [360/390] lr:0.049997 Train Loss:3.4182 Train Acc1:17.1399 Train Acc5:44.5356 Time:0.277s

2024-05-28 10:29:30 CIFAR100_cutout_wideresnet28x10_vassoremu-sgd_rho0.2_theta=0.4_crt=random_p=0.1: Epoch: 2 [370/390] lr:0.049997 Train Loss:3.4151 Train Acc1:17.1980 Train Acc5:44.6365 Time:0.280s

2024-05-28 10:29:33 CIFAR100_cutout_wideresnet28x10_vassoremu-sgd_rho0.2_theta=0.4_crt=random_p=0.1: Epoch: 2 [380/390] lr:0.049997 Train Loss:3.4108 Train Acc1:17.2408 Train Acc5:44.7568 Time:0.273s

2024-05-28 10:29:44 CIFAR100_cutout_wideresnet28x10_vassoremu-sgd_rho0.2_theta=0.4_crt=random_p=0.1: Epoch:2 Train Loss:3.4104 Train Acc1:17.2175 Train Acc5:44.7416 Test Loss:3.3819 Test Acc1:17.9900(Max:17.9900) Test Acc5:46.3800 Time:126.965s

2024-05-28 10:29:44 CIFAR100_cutout_wideresnet28x10_vassoremu-sgd_rho0.2_theta=0.4_crt=random_p=0.1: Epoch: 3 [0/390] lr:0.049988 Train Loss:3.2897 Train Acc1:22.6562 Train Acc5:53.1250 Time:0.281s

2024-05-28 10:29:48 CIFAR100_cutout_wideresnet28x10_vassoremu-sgd_rho0.2_theta=0.4_crt=random_p=0.1: Epoch: 3 [10/390] lr:0.049988 Train Loss:3.2656 Train Acc1:19.1051 Train Acc5:48.8636 Time:0.279s

2024-05-28 10:29:52 CIFAR100_cutout_wideresnet28x10_vassoremu-sgd_rho0.2_theta=0.4_crt=random_p=0.1: Epoch: 3 [20/390] lr:0.049988 Train Loss:3.2643 Train Acc1:18.7128 Train Acc5:48.3259 Time:0.274s

2024-05-28 10:29:55 CIFAR100_cutout_wideresnet28x10_vassoremu-sgd_rho0.2_theta=0.4_crt=random_p=0.1: Epoch: 3 [30/390] lr:0.049988 Train Loss:3.2405 Train Acc1:19.4052 Train Acc5:48.9163 Time:0.273s

2024-05-28 10:29:58 CIFAR100_cutout_wideresnet28x10_vassoremu-sgd_rho0.2_theta=0.4_crt=random_p=0.1: Epoch: 3 [40/390] lr:0.049988 Train Loss:3.2387 Train Acc1:19.6646 Train Acc5:48.8758 Time:0.280s

2024-05-28 10:30:01 CIFAR100_cutout_wideresnet28x10_vassoremu-sgd_rho0.2_theta=0.4_crt=random_p=0.1: Epoch: 3 [50/390] lr:0.049988 Train Loss:3.2390 Train Acc1:19.7304 Train Acc5:48.9277 Time:0.279s

2024-05-28 10:30:04 CIFAR100_cutout_wideresnet28x10_vassoremu-sgd_rho0.2_theta=0.4_crt=random_p=0.1: Epoch: 3 [60/390] lr:0.049988 Train Loss:3.2357 Train Acc1:19.7362 Train Acc5:48.9754 Time:0.276s

2024-05-28 10:30:07 CIFAR100_cutout_wideresnet28x10_vassoremu-sgd_rho0.2_theta=0.4_crt=random_p=0.1: Epoch: 3 [70/390] lr:0.049988 Train Loss:3.2297 Train Acc1:19.9604 Train Acc5:49.3618 Time:0.278s

2024-05-28 10:30:09 CIFAR100_cutout_wideresnet28x10_vassoremu-sgd_rho0.2_theta=0.4_crt=random_p=0.1: Epoch: 3 [80/390] lr:0.049988 Train Loss:3.2242 Train Acc1:19.9942 Train Acc5:49.5467 Time:0.274s

2024-05-28 10:30:12 CIFAR100_cutout_wideresnet28x10_vassoremu-sgd_rho0.2_theta=0.4_crt=random_p=0.1: Epoch: 3 [90/390] lr:0.049988 Train Loss:3.2167 Train Acc1:20.1494 Train Acc5:49.7167 Time:0.277s

2024-05-28 10:30:15 CIFAR100_cutout_wideresnet28x10_vassoremu-sgd_rho0.2_theta=0.4_crt=random_p=0.1: Epoch: 3 [100/390] lr:0.049988 Train Loss:3.2143 Train Acc1:20.3512 Train Acc5:49.7912 Time:0.274s

2024-05-28 10:30:18 CIFAR100_cutout_wideresnet28x10_vassoremu-sgd_rho0.2_theta=0.4_crt=random_p=0.1: Epoch: 3 [110/390] lr:0.049988 Train Loss:3.2146 Train Acc1:20.4885 Train Acc5:49.8311 Time:0.274s

2024-05-28 10:30:22 CIFAR100_cutout_wideresnet28x10_vassoremu-sgd_rho0.2_theta=0.4_crt=random_p=0.1: Epoch: 3 [120/390] lr:0.049988 Train Loss:3.2099 Train Acc1:20.6741 Train Acc5:50.0194 Time:0.278s

2024-05-28 10:30:25 CIFAR100_cutout_wideresnet28x10_vassoremu-sgd_rho0.2_theta=0.4_crt=random_p=0.1: Epoch: 3 [130/390] lr:0.049988 Train Loss:3.2038 Train Acc1:20.8969 Train Acc5:50.1491 Time:0.278s

2024-05-28 10:30:28 CIFAR100_cutout_wideresnet28x10_vassoremu-sgd_rho0.2_theta=0.4_crt=random_p=0.1: Epoch: 3 [140/390] lr:0.049988 Train Loss:3.2001 Train Acc1:20.9829 Train Acc5:50.1662 Time:0.279s

2024-05-28 10:30:31 CIFAR100_cutout_wideresnet28x10_vassoremu-sgd_rho0.2_theta=0.4_crt=random_p=0.1: Epoch: 3 [150/390] lr:0.049988 Train Loss:3.1981 Train Acc1:20.9903 Train Acc5:50.2225 Time:0.278s

2024-05-28 10:30:33 CIFAR100_cutout_wideresnet28x10_vassoremu-sgd_rho0.2_theta=0.4_crt=random_p=0.1: Epoch: 3 [160/390] lr:0.049988 Train Loss:3.1922 Train Acc1:21.1132 Train Acc5:50.4076 Time:0.276s

2024-05-28 10:30:36 CIFAR100_cutout_wideresnet28x10_vassoremu-sgd_rho0.2_theta=0.4_crt=random_p=0.1: Epoch: 3 [170/390] lr:0.049988 Train Loss:3.1914 Train Acc1:21.0709 Train Acc5:50.3289 Time:0.274s

2024-05-28 10:30:39 CIFAR100_cutout_wideresnet28x10_vassoremu-sgd_rho0.2_theta=0.4_crt=random_p=0.1: Epoch: 3 [180/390] lr:0.049988 Train Loss:3.1884 Train Acc1:21.1110 Train Acc5:50.4618 Time:0.275s

2024-05-28 10:30:42 CIFAR100_cutout_wideresnet28x10_vassoremu-sgd_rho0.2_theta=0.4_crt=random_p=0.1: Epoch: 3 [190/390] lr:0.049988 Train Loss:3.1835 Train Acc1:21.1715 Train Acc5:50.6913 Time:0.278s

2024-05-28 10:30:45 CIFAR100_cutout_wideresnet28x10_vassoremu-sgd_rho0.2_theta=0.4_crt=random_p=0.1: Epoch: 3 [200/390] lr:0.049988 Train Loss:3.1807 Train Acc1:21.2220 Train Acc5:50.7385 Time:0.280s

2024-05-28 10:30:48 CIFAR100_cutout_wideresnet28x10_vassoremu-sgd_rho0.2_theta=0.4_crt=random_p=0.1: Epoch: 3 [210/390] lr:0.049988 Train Loss:3.1771 Train Acc1:21.3011 Train Acc5:50.8664 Time:0.537s

2024-05-28 10:30:51 CIFAR100_cutout_wideresnet28x10_vassoremu-sgd_rho0.2_theta=0.4_crt=random_p=0.1: Epoch: 3 [220/390] lr:0.049988 Train Loss:3.1775 Train Acc1:21.3553 Train Acc5:50.8838 Time:0.537s

2024-05-28 10:30:54 CIFAR100_cutout_wideresnet28x10_vassoremu-sgd_rho0.2_theta=0.4_crt=random_p=0.1: Epoch: 3 [230/390] lr:0.049988 Train Loss:3.1711 Train Acc1:21.4218 Train Acc5:51.0450 Time:0.275s

2024-05-28 10:30:57 CIFAR100_cutout_wideresnet28x10_vassoremu-sgd_rho0.2_theta=0.4_crt=random_p=0.1: Epoch: 3 [240/390] lr:0.049988 Train Loss:3.1653 Train Acc1:21.5379 Train Acc5:51.2286 Time:0.274s

2024-05-28 10:31:01 CIFAR100_cutout_wideresnet28x10_vassoremu-sgd_rho0.2_theta=0.4_crt=random_p=0.1: Epoch: 3 [250/390] lr:0.049988 Train Loss:3.1612 Train Acc1:21.5669 Train Acc5:51.3384 Time:0.279s

2024-05-28 10:31:04 CIFAR100_cutout_wideresnet28x10_vassoremu-sgd_rho0.2_theta=0.4_crt=random_p=0.1: Epoch: 3 [260/390] lr:0.049988 Train Loss:3.1560 Train Acc1:21.6984 Train Acc5:51.4517 Time:0.274s

2024-05-28 10:31:07 CIFAR100_cutout_wideresnet28x10_vassoremu-sgd_rho0.2_theta=0.4_crt=random_p=0.1: Epoch: 3 [270/390] lr:0.049988 Train Loss:3.1508 Train Acc1:21.7770 Train Acc5:51.6144 Time:0.279s

2024-05-28 10:31:10 CIFAR100_cutout_wideresnet28x10_vassoremu-sgd_rho0.2_theta=0.4_crt=random_p=0.1: Epoch: 3 [280/390] lr:0.049988 Train Loss:3.1465 Train Acc1:21.8416 Train Acc5:51.7377 Time:0.279s

2024-05-28 10:31:13 CIFAR100_cutout_wideresnet28x10_vassoremu-sgd_rho0.2_theta=0.4_crt=random_p=0.1: Epoch: 3 [290/390] lr:0.049988 Train Loss:3.1429 Train Acc1:21.9126 Train Acc5:51.8444 Time:0.274s

2024-05-28 10:31:16 CIFAR100_cutout_wideresnet28x10_vassoremu-sgd_rho0.2_theta=0.4_crt=random_p=0.1: Epoch: 3 [300/390] lr:0.049988 Train Loss:3.1399 Train Acc1:21.9970 Train Acc5:51.9492 Time:0.279s

2024-05-28 10:31:19 CIFAR100_cutout_wideresnet28x10_vassoremu-sgd_rho0.2_theta=0.4_crt=random_p=0.1: Epoch: 3 [310/390] lr:0.049988 Train Loss:3.1388 Train Acc1:22.0735 Train Acc5:51.9996 Time:0.273s

2024-05-28 10:31:22 CIFAR100_cutout_wideresnet28x10_vassoremu-sgd_rho0.2_theta=0.4_crt=random_p=0.1: Epoch: 3 [320/390] lr:0.049988 Train Loss:3.1339 Train Acc1:22.1598 Train Acc5:52.0979 Time:0.277s

2024-05-28 10:31:25 CIFAR100_cutout_wideresnet28x10_vassoremu-sgd_rho0.2_theta=0.4_crt=random_p=0.1: Epoch: 3 [330/390] lr:0.049988 Train Loss:3.1293 Train Acc1:22.2172 Train Acc5:52.2375 Time:0.274s

2024-05-28 10:31:29 CIFAR100_cutout_wideresnet28x10_vassoremu-sgd_rho0.2_theta=0.4_crt=random_p=0.1: Epoch: 3 [340/390] lr:0.049988 Train Loss:3.1252 Train Acc1:22.2943 Train Acc5:52.3185 Time:0.274s

2024-05-28 10:31:32 CIFAR100_cutout_wideresnet28x10_vassoremu-sgd_rho0.2_theta=0.4_crt=random_p=0.1: Epoch: 3 [350/390] lr:0.049988 Train Loss:3.1202 Train Acc1:22.3780 Train Acc5:52.4506 Time:0.275s

2024-05-28 10:31:35 CIFAR100_cutout_wideresnet28x10_vassoremu-sgd_rho0.2_theta=0.4_crt=random_p=0.1: Epoch: 3 [360/390] lr:0.049988 Train Loss:3.1157 Train Acc1:22.4355 Train Acc5:52.5558 Time:0.279s

2024-05-28 10:31:38 CIFAR100_cutout_wideresnet28x10_vassoremu-sgd_rho0.2_theta=0.4_crt=random_p=0.1: Epoch: 3 [370/390] lr:0.049988 Train Loss:3.1118 Train Acc1:22.4773 Train Acc5:52.6617 Time:0.279s

2024-05-28 10:31:41 CIFAR100_cutout_wideresnet28x10_vassoremu-sgd_rho0.2_theta=0.4_crt=random_p=0.1: Epoch: 3 [380/390] lr:0.049988 Train Loss:3.1083 Train Acc1:22.5578 Train Acc5:52.7539 Time:0.273s

2024-05-28 10:31:51 CIFAR100_cutout_wideresnet28x10_vassoremu-sgd_rho0.2_theta=0.4_crt=random_p=0.1: Epoch:3 Train Loss:3.1058 Train Acc1:22.6182 Train Acc5:52.8305 Test Loss:3.0363 Test Acc1:24.9600(Max:24.9600) Test Acc5:54.6700 Time:127.082s

2024-05-28 10:31:52 CIFAR100_cutout_wideresnet28x10_vassoremu-sgd_rho0.2_theta=0.4_crt=random_p=0.1: Epoch: 4 [0/390] lr:0.049972 Train Loss:2.7288 Train Acc1:29.6875 Train Acc5:60.9375 Time:0.280s

2024-05-28 10:31:54 CIFAR100_cutout_wideresnet28x10_vassoremu-sgd_rho0.2_theta=0.4_crt=random_p=0.1: Epoch: 4 [10/390] lr:0.049972 Train Loss:2.9259 Train Acc1:25.4972 Train Acc5:56.6761 Time:0.274s

2024-05-28 10:31:58 CIFAR100_cutout_wideresnet28x10_vassoremu-sgd_rho0.2_theta=0.4_crt=random_p=0.1: Epoch: 4 [20/390] lr:0.049972 Train Loss:2.9315 Train Acc1:24.4420 Train Acc5:56.4360 Time:0.279s

2024-05-28 10:32:01 CIFAR100_cutout_wideresnet28x10_vassoremu-sgd_rho0.2_theta=0.4_crt=random_p=0.1: Epoch: 4 [30/390] lr:0.049972 Train Loss:2.9208 Train Acc1:24.8740 Train Acc5:57.1321 Time:0.278s

2024-05-28 10:32:04 CIFAR100_cutout_wideresnet28x10_vassoremu-sgd_rho0.2_theta=0.4_crt=random_p=0.1: Epoch: 4 [40/390] lr:0.049972 Train Loss:2.9170 Train Acc1:25.2668 Train Acc5:57.4123 Time:0.274s

2024-05-28 10:32:06 CIFAR100_cutout_wideresnet28x10_vassoremu-sgd_rho0.2_theta=0.4_crt=random_p=0.1: Epoch: 4 [50/390] lr:0.049972 Train Loss:2.9004 Train Acc1:26.2714 Train Acc5:58.0116 Time:0.274s

2024-05-28 10:32:09 CIFAR100_cutout_wideresnet28x10_vassoremu-sgd_rho0.2_theta=0.4_crt=random_p=0.1: Epoch: 4 [60/390] lr:0.049972 Train Loss:2.8924 Train Acc1:26.3960 Train Acc5:58.0558 Time:0.274s

2024-05-28 10:32:12 CIFAR100_cutout_wideresnet28x10_vassoremu-sgd_rho0.2_theta=0.4_crt=random_p=0.1: Epoch: 4 [70/390] lr:0.049972 Train Loss:2.8830 Train Acc1:26.7055 Train Acc5:58.3077 Time:0.278s

2024-05-28 10:32:15 CIFAR100_cutout_wideresnet28x10_vassoremu-sgd_rho0.2_theta=0.4_crt=random_p=0.1: Epoch: 4 [80/390] lr:0.049972 Train Loss:2.8807 Train Acc1:26.6397 Train Acc5:58.3816 Time:0.274s

2024-05-28 10:32:18 CIFAR100_cutout_wideresnet28x10_vassoremu-sgd_rho0.2_theta=0.4_crt=random_p=0.1: Epoch: 4 [90/390] lr:0.049972 Train Loss:2.8837 Train Acc1:26.6569 Train Acc5:58.2503 Time:0.275s

2024-05-28 10:32:21 CIFAR100_cutout_wideresnet28x10_vassoremu-sgd_rho0.2_theta=0.4_crt=random_p=0.1: Epoch: 4 [100/390] lr:0.049972 Train Loss:2.8815 Train Acc1:26.7481 Train Acc5:58.2998 Time:0.276s

2024-05-28 10:32:24 CIFAR100_cutout_wideresnet28x10_vassoremu-sgd_rho0.2_theta=0.4_crt=random_p=0.1: Epoch: 4 [110/390] lr:0.049972 Train Loss:2.8831 Train Acc1:26.6258 Train Acc5:58.2137 Time:0.274s

2024-05-28 10:32:27 CIFAR100_cutout_wideresnet28x10_vassoremu-sgd_rho0.2_theta=0.4_crt=random_p=0.1: Epoch: 4 [120/390] lr:0.049972 Train Loss:2.8784 Train Acc1:26.6658 Train Acc5:58.3678 Time:0.274s

2024-05-28 10:32:30 CIFAR100_cutout_wideresnet28x10_vassoremu-sgd_rho0.2_theta=0.4_crt=random_p=0.1: Epoch: 4 [130/390] lr:0.049972 Train Loss:2.8734 Train Acc1:26.7593 Train Acc5:58.5401 Time:0.274s

2024-05-28 10:32:33 CIFAR100_cutout_wideresnet28x10_vassoremu-sgd_rho0.2_theta=0.4_crt=random_p=0.1: Epoch: 4 [140/390] lr:0.049972 Train Loss:2.8730 Train Acc1:26.7564 Train Acc5:58.5439 Time:0.274s

2024-05-28 10:32:35 CIFAR100_cutout_wideresnet28x10_vassoremu-sgd_rho0.2_theta=0.4_crt=random_p=0.1: Epoch: 4 [150/390] lr:0.049972 Train Loss:2.8624 Train Acc1:27.0333 Train Acc5:58.8887 Time:0.279s

2024-05-28 10:32:38 CIFAR100_cutout_wideresnet28x10_vassoremu-sgd_rho0.2_theta=0.4_crt=random_p=0.1: Epoch: 4 [160/390] lr:0.049972 Train Loss:2.8598 Train Acc1:27.0769 Train Acc5:59.0111 Time:0.274s

2024-05-28 10:32:41 CIFAR100_cutout_wideresnet28x10_vassoremu-sgd_rho0.2_theta=0.4_crt=random_p=0.1: Epoch: 4 [170/390] lr:0.049972 Train Loss:2.8587 Train Acc1:27.1519 Train Acc5:59.0780 Time:0.274s

2024-05-28 10:32:45 CIFAR100_cutout_wideresnet28x10_vassoremu-sgd_rho0.2_theta=0.4_crt=random_p=0.1: Epoch: 4 [180/390] lr:0.049972 Train Loss:2.8631 Train Acc1:27.1279 Train Acc5:58.9865 Time:0.537s

2024-05-28 10:32:48 CIFAR100_cutout_wideresnet28x10_vassoremu-sgd_rho0.2_theta=0.4_crt=random_p=0.1: Epoch: 4 [190/390] lr:0.049972 Train Loss:2.8523 Train Acc1:27.3397 Train Acc5:59.3423 Time:0.279s

2024-05-28 10:32:51 CIFAR100_cutout_wideresnet28x10_vassoremu-sgd_rho0.2_theta=0.4_crt=random_p=0.1: Epoch: 4 [200/390] lr:0.049972 Train Loss:2.8490 Train Acc1:27.4681 Train Acc5:59.4488 Time:0.274s

2024-05-28 10:32:54 CIFAR100_cutout_wideresnet28x10_vassoremu-sgd_rho0.2_theta=0.4_crt=random_p=0.1: Epoch: 4 [210/390] lr:0.049972 Train Loss:2.8427 Train Acc1:27.5622 Train Acc5:59.5860 Time:0.274s

2024-05-28 10:32:56 CIFAR100_cutout_wideresnet28x10_vassoremu-sgd_rho0.2_theta=0.4_crt=random_p=0.1: Epoch: 4 [220/390] lr:0.049972 Train Loss:2.8391 Train Acc1:27.6301 Train Acc5:59.6366 Time:0.275s

2024-05-28 10:33:00 CIFAR100_cutout_wideresnet28x10_vassoremu-sgd_rho0.2_theta=0.4_crt=random_p=0.1: Epoch: 4 [230/390] lr:0.049972 Train Loss:2.8366 Train Acc1:27.7936 Train Acc5:59.6388 Time:0.274s

2024-05-28 10:33:03 CIFAR100_cutout_wideresnet28x10_vassoremu-sgd_rho0.2_theta=0.4_crt=random_p=0.1: Epoch: 4 [240/390] lr:0.049972 Train Loss:2.8319 Train Acc1:27.8592 Train Acc5:59.7154 Time:0.275s

2024-05-28 10:33:06 CIFAR100_cutout_wideresnet28x10_vassoremu-sgd_rho0.2_theta=0.4_crt=random_p=0.1: Epoch: 4 [250/390] lr:0.049972 Train Loss:2.8270 Train Acc1:28.0005 Train Acc5:59.8481 Time:0.275s

2024-05-28 10:33:09 CIFAR100_cutout_wideresnet28x10_vassoremu-sgd_rho0.2_theta=0.4_crt=random_p=0.1: Epoch: 4 [260/390] lr:0.049972 Train Loss:2.8223 Train Acc1:28.0891 Train Acc5:59.9228 Time:0.279s

2024-05-28 10:33:12 CIFAR100_cutout_wideresnet28x10_vassoremu-sgd_rho0.2_theta=0.4_crt=random_p=0.1: Epoch: 4 [270/390] lr:0.049972 Train Loss:2.8176 Train Acc1:28.1855 Train Acc5:60.0179 Time:0.274s

2024-05-28 10:33:14 CIFAR100_cutout_wideresnet28x10_vassoremu-sgd_rho0.2_theta=0.4_crt=random_p=0.1: Epoch: 4 [280/390] lr:0.049972 Train Loss:2.8145 Train Acc1:28.2251 Train Acc5:60.0895 Time:0.274s

2024-05-28 10:33:17 CIFAR100_cutout_wideresnet28x10_vassoremu-sgd_rho0.2_theta=0.4_crt=random_p=0.1: Epoch: 4 [290/390] lr:0.049972 Train Loss:2.8106 Train Acc1:28.2673 Train Acc5:60.1938 Time:0.282s

2024-05-28 10:33:20 CIFAR100_cutout_wideresnet28x10_vassoremu-sgd_rho0.2_theta=0.4_crt=random_p=0.1: Epoch: 4 [300/390] lr:0.049972 Train Loss:2.8043 Train Acc1:28.3586 Train Acc5:60.3613 Time:0.278s

2024-05-28 10:33:23 CIFAR100_cutout_wideresnet28x10_vassoremu-sgd_rho0.2_theta=0.4_crt=random_p=0.1: Epoch: 4 [310/390] lr:0.049972 Train Loss:2.8025 Train Acc1:28.3988 Train Acc5:60.4150 Time:0.274s

2024-05-28 10:33:26 CIFAR100_cutout_wideresnet28x10_vassoremu-sgd_rho0.2_theta=0.4_crt=random_p=0.1: Epoch: 4 [320/390] lr:0.049972 Train Loss:2.8006 Train Acc1:28.4633 Train Acc5:60.4945 Time:0.280s

2024-05-28 10:33:29 CIFAR100_cutout_wideresnet28x10_vassoremu-sgd_rho0.2_theta=0.4_crt=random_p=0.1: Epoch: 4 [330/390] lr:0.049972 Train Loss:2.7990 Train Acc1:28.4484 Train Acc5:60.5410 Time:0.274s

2024-05-28 10:33:32 CIFAR100_cutout_wideresnet28x10_vassoremu-sgd_rho0.2_theta=0.4_crt=random_p=0.1: Epoch: 4 [340/390] lr:0.049972 Train Loss:2.7956 Train Acc1:28.4755 Train Acc5:60.6007 Time:0.275s

2024-05-28 10:33:35 CIFAR100_cutout_wideresnet28x10_vassoremu-sgd_rho0.2_theta=0.4_crt=random_p=0.1: Epoch: 4 [350/390] lr:0.049972 Train Loss:2.7871 Train Acc1:28.6547 Train Acc5:60.7950 Time:0.275s

2024-05-28 10:33:38 CIFAR100_cutout_wideresnet28x10_vassoremu-sgd_rho0.2_theta=0.4_crt=random_p=0.1: Epoch: 4 [360/390] lr:0.049972 Train Loss:2.7835 Train Acc1:28.7396 Train Acc5:60.8985 Time:0.538s

2024-05-28 10:33:42 CIFAR100_cutout_wideresnet28x10_vassoremu-sgd_rho0.2_theta=0.4_crt=random_p=0.1: Epoch: 4 [370/390] lr:0.049972 Train Loss:2.7837 Train Acc1:28.7399 Train Acc5:60.8785 Time:0.280s

2024-05-28 10:33:45 CIFAR100_cutout_wideresnet28x10_vassoremu-sgd_rho0.2_theta=0.4_crt=random_p=0.1: Epoch: 4 [380/390] lr:0.049972 Train Loss:2.7805 Train Acc1:28.8160 Train Acc5:60.9765 Time:0.274s

2024-05-28 10:33:55 CIFAR100_cutout_wideresnet28x10_vassoremu-sgd_rho0.2_theta=0.4_crt=random_p=0.1: Epoch:4 Train Loss:2.7769 Train Acc1:28.8942 Train Acc5:61.0377 Test Loss:2.6244 Test Acc1:31.7600(Max:31.7600) Test Acc5:64.2100 Time:124.192s

2024-05-28 10:33:56 CIFAR100_cutout_wideresnet28x10_vassoremu-sgd_rho0.2_theta=0.4_crt=random_p=0.1: Epoch: 5 [0/390] lr:0.049951 Train Loss:2.9176 Train Acc1:26.5625 Train Acc5:53.9062 Time:0.537s

2024-05-28 10:33:59 CIFAR100_cutout_wideresnet28x10_vassoremu-sgd_rho0.2_theta=0.4_crt=random_p=0.1: Epoch: 5 [10/390] lr:0.049951 Train Loss:2.6582 Train Acc1:30.3977 Train Acc5:64.2045 Time:0.277s

2024-05-28 10:34:02 CIFAR100_cutout_wideresnet28x10_vassoremu-sgd_rho0.2_theta=0.4_crt=random_p=0.1: Epoch: 5 [20/390] lr:0.049951 Train Loss:2.6200 Train Acc1:31.5476 Train Acc5:65.6622 Time:0.280s

2024-05-28 10:34:05 CIFAR100_cutout_wideresnet28x10_vassoremu-sgd_rho0.2_theta=0.4_crt=random_p=0.1: Epoch: 5 [30/390] lr:0.049951 Train Loss:2.6109 Train Acc1:31.5524 Train Acc5:65.8770 Time:0.273s

2024-05-28 10:34:08 CIFAR100_cutout_wideresnet28x10_vassoremu-sgd_rho0.2_theta=0.4_crt=random_p=0.1: Epoch: 5 [40/390] lr:0.049951 Train Loss:2.5860 Train Acc1:32.1646 Train Acc5:66.4253 Time:0.274s

2024-05-28 10:34:11 CIFAR100_cutout_wideresnet28x10_vassoremu-sgd_rho0.2_theta=0.4_crt=random_p=0.1: Epoch: 5 [50/390] lr:0.049951 Train Loss:2.5797 Train Acc1:32.1232 Train Acc5:66.4062 Time:0.274s

2024-05-28 10:34:14 CIFAR100_cutout_wideresnet28x10_vassoremu-sgd_rho0.2_theta=0.4_crt=random_p=0.1: Epoch: 5 [60/390] lr:0.049951 Train Loss:2.5758 Train Acc1:32.0953 Train Acc5:66.3422 Time:0.279s

2024-05-28 10:34:17 CIFAR100_cutout_wideresnet28x10_vassoremu-sgd_rho0.2_theta=0.4_crt=random_p=0.1: Epoch: 5 [70/390] lr:0.049951 Train Loss:2.5812 Train Acc1:32.1633 Train Acc5:66.2522 Time:0.279s

2024-05-28 10:34:20 CIFAR100_cutout_wideresnet28x10_vassoremu-sgd_rho0.2_theta=0.4_crt=random_p=0.1: Epoch: 5 [80/390] lr:0.049951 Train Loss:2.5761 Train Acc1:32.2724 Train Acc5:66.4545 Time:0.277s

2024-05-28 10:34:23 CIFAR100_cutout_wideresnet28x10_vassoremu-sgd_rho0.2_theta=0.4_crt=random_p=0.1: Epoch: 5 [90/390] lr:0.049951 Train Loss:2.5653 Train Acc1:32.5034 Train Acc5:66.6466 Time:0.274s

2024-05-28 10:34:26 CIFAR100_cutout_wideresnet28x10_vassoremu-sgd_rho0.2_theta=0.4_crt=random_p=0.1: Epoch: 5 [100/390] lr:0.049951 Train Loss:2.5563 Train Acc1:32.8666 Train Acc5:66.8549 Time:0.274s

2024-05-28 10:34:29 CIFAR100_cutout_wideresnet28x10_vassoremu-sgd_rho0.2_theta=0.4_crt=random_p=0.1: Epoch: 5 [110/390] lr:0.049951 Train Loss:2.5455 Train Acc1:33.1222 Train Acc5:66.9904 Time:0.274s

2024-05-28 10:34:32 CIFAR100_cutout_wideresnet28x10_vassoremu-sgd_rho0.2_theta=0.4_crt=random_p=0.1: Epoch: 5 [120/390] lr:0.049951 Train Loss:2.5403 Train Acc1:33.2193 Train Acc5:67.0390 Time:0.280s

2024-05-28 10:34:35 CIFAR100_cutout_wideresnet28x10_vassoremu-sgd_rho0.2_theta=0.4_crt=random_p=0.1: Epoch: 5 [130/390] lr:0.049951 Train Loss:2.5323 Train Acc1:33.4924 Train Acc5:67.2412 Time:0.274s

2024-05-28 10:34:38 CIFAR100_cutout_wideresnet28x10_vassoremu-sgd_rho0.2_theta=0.4_crt=random_p=0.1: Epoch: 5 [140/390] lr:0.049951 Train Loss:2.5257 Train Acc1:33.7212 Train Acc5:67.3537 Time:0.280s

2024-05-28 10:34:41 CIFAR100_cutout_wideresnet28x10_vassoremu-sgd_rho0.2_theta=0.4_crt=random_p=0.1: Epoch: 5 [150/390] lr:0.049951 Train Loss:2.5239 Train Acc1:33.7593 Train Acc5:67.4048 Time:0.278s

2024-05-28 10:34:44 CIFAR100_cutout_wideresnet28x10_vassoremu-sgd_rho0.2_theta=0.4_crt=random_p=0.1: Epoch: 5 [160/390] lr:0.049951 Train Loss:2.5218 Train Acc1:33.9577 Train Acc5:67.4495 Time:0.275s

2024-05-28 10:34:47 CIFAR100_cutout_wideresnet28x10_vassoremu-sgd_rho0.2_theta=0.4_crt=random_p=0.1: Epoch: 5 [170/390] lr:0.049951 Train Loss:2.5249 Train Acc1:33.9364 Train Acc5:67.4159 Time:0.538s

2024-05-28 10:34:50 CIFAR100_cutout_wideresnet28x10_vassoremu-sgd_rho0.2_theta=0.4_crt=random_p=0.1: Epoch: 5 [180/390] lr:0.049951 Train Loss:2.5225 Train Acc1:33.9822 Train Acc5:67.4249 Time:0.273s

2024-05-28 10:34:53 CIFAR100_cutout_wideresnet28x10_vassoremu-sgd_rho0.2_theta=0.4_crt=random_p=0.1: Epoch: 5 [190/390] lr:0.049951 Train Loss:2.5145 Train Acc1:34.1582 Train Acc5:67.5393 Time:0.275s

2024-05-28 10:34:55 CIFAR100_cutout_wideresnet28x10_vassoremu-sgd_rho0.2_theta=0.4_crt=random_p=0.1: Epoch: 5 [200/390] lr:0.049951 Train Loss:2.5133 Train Acc1:34.2273 Train Acc5:67.5140 Time:0.275s

2024-05-28 10:34:59 CIFAR100_cutout_wideresnet28x10_vassoremu-sgd_rho0.2_theta=0.4_crt=random_p=0.1: Epoch: 5 [210/390] lr:0.049951 Train Loss:2.5081 Train Acc1:34.3084 Train Acc5:67.6651 Time:0.274s

2024-05-28 10:35:01 CIFAR100_cutout_wideresnet28x10_vassoremu-sgd_rho0.2_theta=0.4_crt=random_p=0.1: Epoch: 5 [220/390] lr:0.049951 Train Loss:2.5026 Train Acc1:34.4033 Train Acc5:67.7284 Time:0.274s

2024-05-28 10:35:05 CIFAR100_cutout_wideresnet28x10_vassoremu-sgd_rho0.2_theta=0.4_crt=random_p=0.1: Epoch: 5 [230/390] lr:0.049951 Train Loss:2.5018 Train Acc1:34.3818 Train Acc5:67.8369 Time:0.275s

2024-05-28 10:35:07 CIFAR100_cutout_wideresnet28x10_vassoremu-sgd_rho0.2_theta=0.4_crt=random_p=0.1: Epoch: 5 [240/390] lr:0.049951 Train Loss:2.4991 Train Acc1:34.4496 Train Acc5:67.9007 Time:0.280s

2024-05-28 10:35:11 CIFAR100_cutout_wideresnet28x10_vassoremu-sgd_rho0.2_theta=0.4_crt=random_p=0.1: Epoch: 5 [250/390] lr:0.049951 Train Loss:2.4998 Train Acc1:34.3875 Train Acc5:67.9096 Time:0.274s

2024-05-28 10:35:13 CIFAR100_cutout_wideresnet28x10_vassoremu-sgd_rho0.2_theta=0.4_crt=random_p=0.1: Epoch: 5 [260/390] lr:0.049951 Train Loss:2.4970 Train Acc1:34.3840 Train Acc5:67.9987 Time:0.279s

2024-05-28 10:35:17 CIFAR100_cutout_wideresnet28x10_vassoremu-sgd_rho0.2_theta=0.4_crt=random_p=0.1: Epoch: 5 [270/390] lr:0.049951 Train Loss:2.4938 Train Acc1:34.5047 Train Acc5:68.0956 Time:0.275s

2024-05-28 10:35:20 CIFAR100_cutout_wideresnet28x10_vassoremu-sgd_rho0.2_theta=0.4_crt=random_p=0.1: Epoch: 5 [280/390] lr:0.049951 Train Loss:2.4871 Train Acc1:34.6836 Train Acc5:68.2496 Time:0.274s

2024-05-28 10:35:23 CIFAR100_cutout_wideresnet28x10_vassoremu-sgd_rho0.2_theta=0.4_crt=random_p=0.1: Epoch: 5 [290/390] lr:0.049951 Train Loss:2.4863 Train Acc1:34.6864 Train Acc5:68.2963 Time:0.537s

2024-05-28 10:35:26 CIFAR100_cutout_wideresnet28x10_vassoremu-sgd_rho0.2_theta=0.4_crt=random_p=0.1: Epoch: 5 [300/390] lr:0.049951 Train Loss:2.4843 Train Acc1:34.7228 Train Acc5:68.3295 Time:0.279s

2024-05-28 10:35:29 CIFAR100_cutout_wideresnet28x10_vassoremu-sgd_rho0.2_theta=0.4_crt=random_p=0.1: Epoch: 5 [310/390] lr:0.049951 Train Loss:2.4849 Train Acc1:34.7292 Train Acc5:68.2802 Time:0.274s

2024-05-28 10:35:32 CIFAR100_cutout_wideresnet28x10_vassoremu-sgd_rho0.2_theta=0.4_crt=random_p=0.1: Epoch: 5 [320/390] lr:0.049951 Train Loss:2.4808 Train Acc1:34.8666 Train Acc5:68.3630 Time:0.273s

2024-05-28 10:35:35 CIFAR100_cutout_wideresnet28x10_vassoremu-sgd_rho0.2_theta=0.4_crt=random_p=0.1: Epoch: 5 [330/390] lr:0.049951 Train Loss:2.4767 Train Acc1:34.9226 Train Acc5:68.4196 Time:0.277s

2024-05-28 10:35:38 CIFAR100_cutout_wideresnet28x10_vassoremu-sgd_rho0.2_theta=0.4_crt=random_p=0.1: Epoch: 5 [340/390] lr:0.049951 Train Loss:2.4730 Train Acc1:34.9615 Train Acc5:68.5003 Time:0.274s

2024-05-28 10:35:41 CIFAR100_cutout_wideresnet28x10_vassoremu-sgd_rho0.2_theta=0.4_crt=random_p=0.1: Epoch: 5 [350/390] lr:0.049951 Train Loss:2.4722 Train Acc1:34.9537 Train Acc5:68.5118 Time:0.277s

2024-05-28 10:35:44 CIFAR100_cutout_wideresnet28x10_vassoremu-sgd_rho0.2_theta=0.4_crt=random_p=0.1: Epoch: 5 [360/390] lr:0.049951 Train Loss:2.4695 Train Acc1:34.9745 Train Acc5:68.5812 Time:0.538s

2024-05-28 10:35:47 CIFAR100_cutout_wideresnet28x10_vassoremu-sgd_rho0.2_theta=0.4_crt=random_p=0.1: Epoch: 5 [370/390] lr:0.049951 Train Loss:2.4658 Train Acc1:35.0131 Train Acc5:68.6468 Time:0.280s

2024-05-28 10:35:50 CIFAR100_cutout_wideresnet28x10_vassoremu-sgd_rho0.2_theta=0.4_crt=random_p=0.1: Epoch: 5 [380/390] lr:0.049951 Train Loss:2.4635 Train Acc1:35.0599 Train Acc5:68.7254 Time:0.273s

2024-05-28 10:36:01 CIFAR100_cutout_wideresnet28x10_vassoremu-sgd_rho0.2_theta=0.4_crt=random_p=0.1: Epoch:5 Train Loss:2.4617 Train Acc1:35.1042 Train Acc5:68.7680 Test Loss:2.4344 Test Acc1:35.3300(Max:35.3300) Test Acc5:68.9000 Time:125.899s

2024-05-28 10:36:02 CIFAR100_cutout_wideresnet28x10_vassoremu-sgd_rho0.2_theta=0.4_crt=random_p=0.1: Epoch: 6 [0/390] lr:0.049923 Train Loss:2.1161 Train Acc1:45.3125 Train Acc5:72.6562 Time:0.275s

2024-05-28 10:36:05 CIFAR100_cutout_wideresnet28x10_vassoremu-sgd_rho0.2_theta=0.4_crt=random_p=0.1: Epoch: 6 [10/390] lr:0.049923 Train Loss:2.2803 Train Acc1:39.2045 Train Acc5:72.6562 Time:0.273s

2024-05-28 10:36:08 CIFAR100_cutout_wideresnet28x10_vassoremu-sgd_rho0.2_theta=0.4_crt=random_p=0.1: Epoch: 6 [20/390] lr:0.049923 Train Loss:2.3059 Train Acc1:39.2113 Train Acc5:72.5818 Time:0.537s

2024-05-28 10:36:11 CIFAR100_cutout_wideresnet28x10_vassoremu-sgd_rho0.2_theta=0.4_crt=random_p=0.1: Epoch: 6 [30/390] lr:0.049923 Train Loss:2.2917 Train Acc1:38.7349 Train Acc5:72.7571 Time:0.279s

2024-05-28 10:36:14 CIFAR100_cutout_wideresnet28x10_vassoremu-sgd_rho0.2_theta=0.4_crt=random_p=0.1: Epoch: 6 [40/390] lr:0.049923 Train Loss:2.2917 Train Acc1:38.7767 Train Acc5:72.6944 Time:0.274s

2024-05-28 10:36:17 CIFAR100_cutout_wideresnet28x10_vassoremu-sgd_rho0.2_theta=0.4_crt=random_p=0.1: Epoch: 6 [50/390] lr:0.049923 Train Loss:2.3038 Train Acc1:38.4957 Train Acc5:72.5950 Time:0.277s

2024-05-28 10:36:20 CIFAR100_cutout_wideresnet28x10_vassoremu-sgd_rho0.2_theta=0.4_crt=random_p=0.1: Epoch: 6 [60/390] lr:0.049923 Train Loss:2.3023 Train Acc1:38.4862 Train Acc5:72.5538 Time:0.275s

2024-05-28 10:36:23 CIFAR100_cutout_wideresnet28x10_vassoremu-sgd_rho0.2_theta=0.4_crt=random_p=0.1: Epoch: 6 [70/390] lr:0.049923 Train Loss:2.3040 Train Acc1:38.4353 Train Acc5:72.2601 Time:0.276s

2024-05-28 10:36:26 CIFAR100_cutout_wideresnet28x10_vassoremu-sgd_rho0.2_theta=0.4_crt=random_p=0.1: Epoch: 6 [80/390] lr:0.049923 Train Loss:2.2940 Train Acc1:38.8310 Train Acc5:72.5984 Time:0.537s

2024-05-28 10:36:29 CIFAR100_cutout_wideresnet28x10_vassoremu-sgd_rho0.2_theta=0.4_crt=random_p=0.1: Epoch: 6 [90/390] lr:0.049923 Train Loss:2.2941 Train Acc1:38.6848 Train Acc5:72.6477 Time:0.274s

2024-05-28 10:36:32 CIFAR100_cutout_wideresnet28x10_vassoremu-sgd_rho0.2_theta=0.4_crt=random_p=0.1: Epoch: 6 [100/390] lr:0.049923 Train Loss:2.2917 Train Acc1:38.8846 Train Acc5:72.5402 Time:0.274s

2024-05-28 10:36:35 CIFAR100_cutout_wideresnet28x10_vassoremu-sgd_rho0.2_theta=0.4_crt=random_p=0.1: Epoch: 6 [110/390] lr:0.049923 Train Loss:2.2888 Train Acc1:39.0273 Train Acc5:72.6351 Time:0.277s

2024-05-28 10:36:38 CIFAR100_cutout_wideresnet28x10_vassoremu-sgd_rho0.2_theta=0.4_crt=random_p=0.1: Epoch: 6 [120/390] lr:0.049923 Train Loss:2.2871 Train Acc1:39.0819 Train Acc5:72.6046 Time:0.275s

2024-05-28 10:36:41 CIFAR100_cutout_wideresnet28x10_vassoremu-sgd_rho0.2_theta=0.4_crt=random_p=0.1: Epoch: 6 [130/390] lr:0.049923 Train Loss:2.2925 Train Acc1:38.9909 Train Acc5:72.4475 Time:0.279s

2024-05-28 10:36:44 CIFAR100_cutout_wideresnet28x10_vassoremu-sgd_rho0.2_theta=0.4_crt=random_p=0.1: Epoch: 6 [140/390] lr:0.049923 Train Loss:2.2927 Train Acc1:38.9794 Train Acc5:72.4789 Time:0.280s

2024-05-28 10:36:47 CIFAR100_cutout_wideresnet28x10_vassoremu-sgd_rho0.2_theta=0.4_crt=random_p=0.1: Epoch: 6 [150/390] lr:0.049923 Train Loss:2.2959 Train Acc1:38.7779 Train Acc5:72.4441 Time:0.538s

2024-05-28 10:36:50 CIFAR100_cutout_wideresnet28x10_vassoremu-sgd_rho0.2_theta=0.4_crt=random_p=0.1: Epoch: 6 [160/390] lr:0.049923 Train Loss:2.2965 Train Acc1:38.6549 Train Acc5:72.4136 Time:0.273s

2024-05-28 10:36:53 CIFAR100_cutout_wideresnet28x10_vassoremu-sgd_rho0.2_theta=0.4_crt=random_p=0.1: Epoch: 6 [170/390] lr:0.049923 Train Loss:2.2948 Train Acc1:38.6696 Train Acc5:72.4187 Time:0.275s

2024-05-28 10:36:56 CIFAR100_cutout_wideresnet28x10_vassoremu-sgd_rho0.2_theta=0.4_crt=random_p=0.1: Epoch: 6 [180/390] lr:0.049923 Train Loss:2.2889 Train Acc1:38.7604 Train Acc5:72.5656 Time:0.275s

2024-05-28 10:36:59 CIFAR100_cutout_wideresnet28x10_vassoremu-sgd_rho0.2_theta=0.4_crt=random_p=0.1: Epoch: 6 [190/390] lr:0.049923 Train Loss:2.2823 Train Acc1:38.9602 Train Acc5:72.6440 Time:0.274s

2024-05-28 10:37:02 CIFAR100_cutout_wideresnet28x10_vassoremu-sgd_rho0.2_theta=0.4_crt=random_p=0.1: Epoch: 6 [200/390] lr:0.049923 Train Loss:2.2805 Train Acc1:39.0470 Train Acc5:72.6757 Time:0.273s

2024-05-28 10:37:05 CIFAR100_cutout_wideresnet28x10_vassoremu-sgd_rho0.2_theta=0.4_crt=random_p=0.1: Epoch: 6 [210/390] lr:0.049923 Train Loss:2.2765 Train Acc1:39.1736 Train Acc5:72.7636 Time:0.278s

2024-05-28 10:37:08 CIFAR100_cutout_wideresnet28x10_vassoremu-sgd_rho0.2_theta=0.4_crt=random_p=0.1: Epoch: 6 [220/390] lr:0.049923 Train Loss:2.2708 Train Acc1:39.3347 Train Acc5:72.8542 Time:0.274s

2024-05-28 10:37:11 CIFAR100_cutout_wideresnet28x10_vassoremu-sgd_rho0.2_theta=0.4_crt=random_p=0.1: Epoch: 6 [230/390] lr:0.049923 Train Loss:2.2650 Train Acc1:39.4683 Train Acc5:72.9471 Time:0.279s

2024-05-28 10:37:14 CIFAR100_cutout_wideresnet28x10_vassoremu-sgd_rho0.2_theta=0.4_crt=random_p=0.1: Epoch: 6 [240/390] lr:0.049923 Train Loss:2.2618 Train Acc1:39.5682 Train Acc5:72.9999 Time:0.538s

2024-05-28 10:37:17 CIFAR100_cutout_wideresnet28x10_vassoremu-sgd_rho0.2_theta=0.4_crt=random_p=0.1: Epoch: 6 [250/390] lr:0.049923 Train Loss:2.2576 Train Acc1:39.6601 Train Acc5:73.0702 Time:0.278s

2024-05-28 10:37:20 CIFAR100_cutout_wideresnet28x10_vassoremu-sgd_rho0.2_theta=0.4_crt=random_p=0.1: Epoch: 6 [260/390] lr:0.049923 Train Loss:2.2555 Train Acc1:39.6073 Train Acc5:73.0903 Time:0.274s

2024-05-28 10:37:24 CIFAR100_cutout_wideresnet28x10_vassoremu-sgd_rho0.2_theta=0.4_crt=random_p=0.1: Epoch: 6 [270/390] lr:0.049923 Train Loss:2.2582 Train Acc1:39.5814 Train Acc5:72.9935 Time:0.538s

2024-05-28 10:37:27 CIFAR100_cutout_wideresnet28x10_vassoremu-sgd_rho0.2_theta=0.4_crt=random_p=0.1: Epoch: 6 [280/390] lr:0.049923 Train Loss:2.2540 Train Acc1:39.6797 Train Acc5:73.0816 Time:0.278s

2024-05-28 10:37:30 CIFAR100_cutout_wideresnet28x10_vassoremu-sgd_rho0.2_theta=0.4_crt=random_p=0.1: Epoch: 6 [290/390] lr:0.049923 Train Loss:2.2559 Train Acc1:39.6558 Train Acc5:73.0563 Time:0.274s

2024-05-28 10:37:33 CIFAR100_cutout_wideresnet28x10_vassoremu-sgd_rho0.2_theta=0.4_crt=random_p=0.1: Epoch: 6 [300/390] lr:0.049923 Train Loss:2.2547 Train Acc1:39.6102 Train Acc5:73.1105 Time:0.274s

2024-05-28 10:37:36 CIFAR100_cutout_wideresnet28x10_vassoremu-sgd_rho0.2_theta=0.4_crt=random_p=0.1: Epoch: 6 [310/390] lr:0.049923 Train Loss:2.2539 Train Acc1:39.7006 Train Acc5:73.0858 Time:0.274s

2024-05-28 10:37:39 CIFAR100_cutout_wideresnet28x10_vassoremu-sgd_rho0.2_theta=0.4_crt=random_p=0.1: Epoch: 6 [320/390] lr:0.049923 Train Loss:2.2515 Train Acc1:39.7440 Train Acc5:73.1333 Time:0.274s

2024-05-28 10:37:42 CIFAR100_cutout_wideresnet28x10_vassoremu-sgd_rho0.2_theta=0.4_crt=random_p=0.1: Epoch: 6 [330/390] lr:0.049923 Train Loss:2.2516 Train Acc1:39.7682 Train Acc5:73.1189 Time:0.274s

2024-05-28 10:37:45 CIFAR100_cutout_wideresnet28x10_vassoremu-sgd_rho0.2_theta=0.4_crt=random_p=0.1: Epoch: 6 [340/390] lr:0.049923 Train Loss:2.2490 Train Acc1:39.7888 Train Acc5:73.1763 Time:0.275s

2024-05-28 10:37:47 CIFAR100_cutout_wideresnet28x10_vassoremu-sgd_rho0.2_theta=0.4_crt=random_p=0.1: Epoch: 6 [350/390] lr:0.049923 Train Loss:2.2465 Train Acc1:39.8393 Train Acc5:73.2194 Time:0.280s

2024-05-28 10:37:50 CIFAR100_cutout_wideresnet28x10_vassoremu-sgd_rho0.2_theta=0.4_crt=random_p=0.1: Epoch: 6 [360/390] lr:0.049923 Train Loss:2.2418 Train Acc1:39.9217 Train Acc5:73.2925 Time:0.277s

2024-05-28 10:37:53 CIFAR100_cutout_wideresnet28x10_vassoremu-sgd_rho0.2_theta=0.4_crt=random_p=0.1: Epoch: 6 [370/390] lr:0.049923 Train Loss:2.2401 Train Acc1:39.9701 Train Acc5:73.3154 Time:0.278s

2024-05-28 10:37:56 CIFAR100_cutout_wideresnet28x10_vassoremu-sgd_rho0.2_theta=0.4_crt=random_p=0.1: Epoch: 6 [380/390] lr:0.049923 Train Loss:2.2368 Train Acc1:40.0447 Train Acc5:73.3637 Time:0.273s

2024-05-28 10:38:06 CIFAR100_cutout_wideresnet28x10_vassoremu-sgd_rho0.2_theta=0.4_crt=random_p=0.1: Epoch:6 Train Loss:2.2355 Train Acc1:40.0821 Train Acc5:73.3894 Test Loss:2.0862 Test Acc1:43.5700(Max:43.5700) Test Acc5:75.8300 Time:125.147s

2024-05-28 10:38:07 CIFAR100_cutout_wideresnet28x10_vassoremu-sgd_rho0.2_theta=0.4_crt=random_p=0.1: Epoch: 7 [0/390] lr:0.049889 Train Loss:2.0844 Train Acc1:45.3125 Train Acc5:74.2188 Time:0.277s

2024-05-28 10:38:10 CIFAR100_cutout_wideresnet28x10_vassoremu-sgd_rho0.2_theta=0.4_crt=random_p=0.1: Epoch: 7 [10/390] lr:0.049889 Train Loss:2.0483 Train Acc1:43.2528 Train Acc5:76.8466 Time:0.274s

2024-05-28 10:38:13 CIFAR100_cutout_wideresnet28x10_vassoremu-sgd_rho0.2_theta=0.4_crt=random_p=0.1: Epoch: 7 [20/390] lr:0.049889 Train Loss:2.0363 Train Acc1:43.2664 Train Acc5:77.3438 Time:0.273s

2024-05-28 10:38:17 CIFAR100_cutout_wideresnet28x10_vassoremu-sgd_rho0.2_theta=0.4_crt=random_p=0.1: Epoch: 7 [30/390] lr:0.049889 Train Loss:2.0942 Train Acc1:42.2127 Train Acc5:76.6633 Time:0.279s

2024-05-28 10:38:19 CIFAR100_cutout_wideresnet28x10_vassoremu-sgd_rho0.2_theta=0.4_crt=random_p=0.1: Epoch: 7 [40/390] lr:0.049889 Train Loss:2.0867 Train Acc1:42.1303 Train Acc5:76.6959 Time:0.274s

2024-05-28 10:38:23 CIFAR100_cutout_wideresnet28x10_vassoremu-sgd_rho0.2_theta=0.4_crt=random_p=0.1: Epoch: 7 [50/390] lr:0.049889 Train Loss:2.0795 Train Acc1:42.5398 Train Acc5:76.8842 Time:0.274s

2024-05-28 10:38:26 CIFAR100_cutout_wideresnet28x10_vassoremu-sgd_rho0.2_theta=0.4_crt=random_p=0.1: Epoch: 7 [60/390] lr:0.049889 Train Loss:2.0756 Train Acc1:42.8407 Train Acc5:76.9723 Time:0.274s

2024-05-28 10:38:29 CIFAR100_cutout_wideresnet28x10_vassoremu-sgd_rho0.2_theta=0.4_crt=random_p=0.1: Epoch: 7 [70/390] lr:0.049889 Train Loss:2.0780 Train Acc1:42.9137 Train Acc5:76.6285 Time:0.274s

2024-05-28 10:38:32 CIFAR100_cutout_wideresnet28x10_vassoremu-sgd_rho0.2_theta=0.4_crt=random_p=0.1: Epoch: 7 [80/390] lr:0.049889 Train Loss:2.0833 Train Acc1:42.6601 Train Acc5:76.4660 Time:0.274s

2024-05-28 10:38:35 CIFAR100_cutout_wideresnet28x10_vassoremu-sgd_rho0.2_theta=0.4_crt=random_p=0.1: Epoch: 7 [90/390] lr:0.049889 Train Loss:2.0901 Train Acc1:42.5395 Train Acc5:76.3736 Time:0.277s

2024-05-28 10:38:38 CIFAR100_cutout_wideresnet28x10_vassoremu-sgd_rho0.2_theta=0.4_crt=random_p=0.1: Epoch: 7 [100/390] lr:0.049889 Train Loss:2.0960 Train Acc1:42.4273 Train Acc5:76.3537 Time:0.279s

2024-05-28 10:38:41 CIFAR100_cutout_wideresnet28x10_vassoremu-sgd_rho0.2_theta=0.4_crt=random_p=0.1: Epoch: 7 [110/390] lr:0.049889 Train Loss:2.0926 Train Acc1:42.6591 Train Acc5:76.3795 Time:0.274s

2024-05-28 10:38:45 CIFAR100_cutout_wideresnet28x10_vassoremu-sgd_rho0.2_theta=0.4_crt=random_p=0.1: Epoch: 7 [120/390] lr:0.049889 Train Loss:2.0944 Train Acc1:42.7040 Train Acc5:76.3236 Time:0.537s

2024-05-28 10:38:47 CIFAR100_cutout_wideresnet28x10_vassoremu-sgd_rho0.2_theta=0.4_crt=random_p=0.1: Epoch: 7 [130/390] lr:0.049889 Train Loss:2.0844 Train Acc1:42.8972 Train Acc5:76.6400 Time:0.274s

2024-05-28 10:38:51 CIFAR100_cutout_wideresnet28x10_vassoremu-sgd_rho0.2_theta=0.4_crt=random_p=0.1: Epoch: 7 [140/390] lr:0.049889 Train Loss:2.0918 Train Acc1:42.7194 Train Acc5:76.4849 Time:0.536s

2024-05-28 10:38:54 CIFAR100_cutout_wideresnet28x10_vassoremu-sgd_rho0.2_theta=0.4_crt=random_p=0.1: Epoch: 7 [150/390] lr:0.049889 Train Loss:2.0920 Train Acc1:42.7980 Train Acc5:76.5004 Time:0.279s

2024-05-28 10:38:58 CIFAR100_cutout_wideresnet28x10_vassoremu-sgd_rho0.2_theta=0.4_crt=random_p=0.1: Epoch: 7 [160/390] lr:0.049889 Train Loss:2.0890 Train Acc1:42.7747 Train Acc5:76.6304 Time:0.536s

2024-05-28 10:39:01 CIFAR100_cutout_wideresnet28x10_vassoremu-sgd_rho0.2_theta=0.4_crt=random_p=0.1: Epoch: 7 [170/390] lr:0.049889 Train Loss:2.0859 Train Acc1:42.8180 Train Acc5:76.6356 Time:0.274s

2024-05-28 10:39:03 CIFAR100_cutout_wideresnet28x10_vassoremu-sgd_rho0.2_theta=0.4_crt=random_p=0.1: Epoch: 7 [180/390] lr:0.049889 Train Loss:2.0848 Train Acc1:42.8954 Train Acc5:76.6402 Time:0.274s

2024-05-28 10:39:06 CIFAR100_cutout_wideresnet28x10_vassoremu-sgd_rho0.2_theta=0.4_crt=random_p=0.1: Epoch: 7 [190/390] lr:0.049889 Train Loss:2.0832 Train Acc1:42.9933 Train Acc5:76.6525 Time:0.279s

2024-05-28 10:39:09 CIFAR100_cutout_wideresnet28x10_vassoremu-sgd_rho0.2_theta=0.4_crt=random_p=0.1: Epoch: 7 [200/390] lr:0.049889 Train Loss:2.0822 Train Acc1:42.9882 Train Acc5:76.7607 Time:0.274s

2024-05-28 10:39:13 CIFAR100_cutout_wideresnet28x10_vassoremu-sgd_rho0.2_theta=0.4_crt=random_p=0.1: Epoch: 7 [210/390] lr:0.049889 Train Loss:2.0816 Train Acc1:43.0539 Train Acc5:76.7439 Time:0.274s

2024-05-28 10:39:16 CIFAR100_cutout_wideresnet28x10_vassoremu-sgd_rho0.2_theta=0.4_crt=random_p=0.1: Epoch: 7 [220/390] lr:0.049889 Train Loss:2.0784 Train Acc1:43.1702 Train Acc5:76.7605 Time:0.278s

2024-05-28 10:39:19 CIFAR100_cutout_wideresnet28x10_vassoremu-sgd_rho0.2_theta=0.4_crt=random_p=0.1: Epoch: 7 [230/390] lr:0.049889 Train Loss:2.0789 Train Acc1:43.1818 Train Acc5:76.7215 Time:0.537s

2024-05-28 10:39:22 CIFAR100_cutout_wideresnet28x10_vassoremu-sgd_rho0.2_theta=0.4_crt=random_p=0.1: Epoch: 7 [240/390] lr:0.049889 Train Loss:2.0770 Train Acc1:43.2637 Train Acc5:76.7570 Time:0.274s

2024-05-28 10:39:25 CIFAR100_cutout_wideresnet28x10_vassoremu-sgd_rho0.2_theta=0.4_crt=random_p=0.1: Epoch: 7 [250/390] lr:0.049889 Train Loss:2.0730 Train Acc1:43.3827 Train Acc5:76.8271 Time:0.274s

2024-05-28 10:39:28 CIFAR100_cutout_wideresnet28x10_vassoremu-sgd_rho0.2_theta=0.4_crt=random_p=0.1: Epoch: 7 [260/390] lr:0.049889 Train Loss:2.0722 Train Acc1:43.4447 Train Acc5:76.8379 Time:0.276s

2024-05-28 10:39:31 CIFAR100_cutout_wideresnet28x10_vassoremu-sgd_rho0.2_theta=0.4_crt=random_p=0.1: Epoch: 7 [270/390] lr:0.049889 Train Loss:2.0676 Train Acc1:43.5684 Train Acc5:76.9315 Time:0.275s

2024-05-28 10:39:34 CIFAR100_cutout_wideresnet28x10_vassoremu-sgd_rho0.2_theta=0.4_crt=random_p=0.1: Epoch: 7 [280/390] lr:0.049889 Train Loss:2.0662 Train Acc1:43.6360 Train Acc5:76.8850 Time:0.274s

2024-05-28 10:39:37 CIFAR100_cutout_wideresnet28x10_vassoremu-sgd_rho0.2_theta=0.4_crt=random_p=0.1: Epoch: 7 [290/390] lr:0.049889 Train Loss:2.0651 Train Acc1:43.7205 Train Acc5:76.8820 Time:0.279s

2024-05-28 10:39:40 CIFAR100_cutout_wideresnet28x10_vassoremu-sgd_rho0.2_theta=0.4_crt=random_p=0.1: Epoch: 7 [300/390] lr:0.049889 Train Loss:2.0612 Train Acc1:43.8071 Train Acc5:76.9622 Time:0.274s

2024-05-28 10:39:43 CIFAR100_cutout_wideresnet28x10_vassoremu-sgd_rho0.2_theta=0.4_crt=random_p=0.1: Epoch: 7 [310/390] lr:0.049889 Train Loss:2.0592 Train Acc1:43.9083 Train Acc5:77.0096 Time:0.537s

2024-05-28 10:39:46 CIFAR100_cutout_wideresnet28x10_vassoremu-sgd_rho0.2_theta=0.4_crt=random_p=0.1: Epoch: 7 [320/390] lr:0.049889 Train Loss:2.0580 Train Acc1:43.9009 Train Acc5:77.0225 Time:0.274s

2024-05-28 10:39:48 CIFAR100_cutout_wideresnet28x10_vassoremu-sgd_rho0.2_theta=0.4_crt=random_p=0.1: Epoch: 7 [330/390] lr:0.049889 Train Loss:2.0580 Train Acc1:43.8916 Train Acc5:77.0298 Time:0.275s

2024-05-28 10:39:51 CIFAR100_cutout_wideresnet28x10_vassoremu-sgd_rho0.2_theta=0.4_crt=random_p=0.1: Epoch: 7 [340/390] lr:0.049889 Train Loss:2.0571 Train Acc1:43.9264 Train Acc5:77.0482 Time:0.279s

2024-05-28 10:39:54 CIFAR100_cutout_wideresnet28x10_vassoremu-sgd_rho0.2_theta=0.4_crt=random_p=0.1: Epoch: 7 [350/390] lr:0.049889 Train Loss:2.0577 Train Acc1:43.9125 Train Acc5:77.0433 Time:0.281s

2024-05-28 10:39:58 CIFAR100_cutout_wideresnet28x10_vassoremu-sgd_rho0.2_theta=0.4_crt=random_p=0.1: Epoch: 7 [360/390] lr:0.049889 Train Loss:2.0585 Train Acc1:43.9253 Train Acc5:76.9888 Time:0.537s

2024-05-28 10:40:01 CIFAR100_cutout_wideresnet28x10_vassoremu-sgd_rho0.2_theta=0.4_crt=random_p=0.1: Epoch: 7 [370/390] lr:0.049889 Train Loss:2.0571 Train Acc1:43.9522 Train Acc5:77.0279 Time:0.279s

2024-05-28 10:40:04 CIFAR100_cutout_wideresnet28x10_vassoremu-sgd_rho0.2_theta=0.4_crt=random_p=0.1: Epoch: 7 [380/390] lr:0.049889 Train Loss:2.0552 Train Acc1:43.9899 Train Acc5:77.0485 Time:0.273s

2024-05-28 10:40:13 CIFAR100_cutout_wideresnet28x10_vassoremu-sgd_rho0.2_theta=0.4_crt=random_p=0.1: Epoch:7 Train Loss:2.0539 Train Acc1:44.0585 Train Acc5:77.0853 Test Loss:2.5136 Test Acc1:37.0900(Max:43.5700) Test Acc5:69.1200 Time:126.838s

2024-05-28 10:40:14 CIFAR100_cutout_wideresnet28x10_vassoremu-sgd_rho0.2_theta=0.4_crt=random_p=0.1: Epoch: 8 [0/390] lr:0.049849 Train Loss:1.9472 Train Acc1:46.8750 Train Acc5:81.2500 Time:0.274s

2024-05-28 10:40:17 CIFAR100_cutout_wideresnet28x10_vassoremu-sgd_rho0.2_theta=0.4_crt=random_p=0.1: Epoch: 8 [10/390] lr:0.049849 Train Loss:1.9196 Train Acc1:47.1591 Train Acc5:79.8295 Time:0.538s

2024-05-28 10:40:20 CIFAR100_cutout_wideresnet28x10_vassoremu-sgd_rho0.2_theta=0.4_crt=random_p=0.1: Epoch: 8 [20/390] lr:0.049849 Train Loss:1.9852 Train Acc1:45.8333 Train Acc5:78.4226 Time:0.537s

2024-05-28 10:40:23 CIFAR100_cutout_wideresnet28x10_vassoremu-sgd_rho0.2_theta=0.4_crt=random_p=0.1: Epoch: 8 [30/390] lr:0.049849 Train Loss:1.9832 Train Acc1:45.6905 Train Acc5:78.6542 Time:0.274s

2024-05-28 10:40:26 CIFAR100_cutout_wideresnet28x10_vassoremu-sgd_rho0.2_theta=0.4_crt=random_p=0.1: Epoch: 8 [40/390] lr:0.049849 Train Loss:1.9540 Train Acc1:46.4939 Train Acc5:79.2111 Time:0.280s

2024-05-28 10:40:29 CIFAR100_cutout_wideresnet28x10_vassoremu-sgd_rho0.2_theta=0.4_crt=random_p=0.1: Epoch: 8 [50/390] lr:0.049849 Train Loss:1.9330 Train Acc1:46.9975 Train Acc5:79.3352 Time:0.273s

2024-05-28 10:40:32 CIFAR100_cutout_wideresnet28x10_vassoremu-sgd_rho0.2_theta=0.4_crt=random_p=0.1: Epoch: 8 [60/390] lr:0.049849 Train Loss:1.9287 Train Acc1:47.1183 Train Acc5:79.4698 Time:0.538s

2024-05-28 10:40:35 CIFAR100_cutout_wideresnet28x10_vassoremu-sgd_rho0.2_theta=0.4_crt=random_p=0.1: Epoch: 8 [70/390] lr:0.049849 Train Loss:1.9184 Train Acc1:47.5352 Train Acc5:79.5775 Time:0.274s

2024-05-28 10:40:38 CIFAR100_cutout_wideresnet28x10_vassoremu-sgd_rho0.2_theta=0.4_crt=random_p=0.1: Epoch: 8 [80/390] lr:0.049849 Train Loss:1.9198 Train Acc1:47.5116 Train Acc5:79.4850 Time:0.273s

2024-05-28 10:40:41 CIFAR100_cutout_wideresnet28x10_vassoremu-sgd_rho0.2_theta=0.4_crt=random_p=0.1: Epoch: 8 [90/390] lr:0.049849 Train Loss:1.9214 Train Acc1:47.4760 Train Acc5:79.3441 Time:0.274s

2024-05-28 10:40:44 CIFAR100_cutout_wideresnet28x10_vassoremu-sgd_rho0.2_theta=0.4_crt=random_p=0.1: Epoch: 8 [100/390] lr:0.049849 Train Loss:1.9175 Train Acc1:47.6098 Train Acc5:79.4090 Time:0.279s

2024-05-28 10:40:47 CIFAR100_cutout_wideresnet28x10_vassoremu-sgd_rho0.2_theta=0.4_crt=random_p=0.1: Epoch: 8 [110/390] lr:0.049849 Train Loss:1.9258 Train Acc1:47.3114 Train Acc5:79.3074 Time:0.537s

2024-05-28 10:40:50 CIFAR100_cutout_wideresnet28x10_vassoremu-sgd_rho0.2_theta=0.4_crt=random_p=0.1: Epoch: 8 [120/390] lr:0.049849 Train Loss:1.9194 Train Acc1:47.5400 Train Acc5:79.4099 Time:0.274s

2024-05-28 10:40:53 CIFAR100_cutout_wideresnet28x10_vassoremu-sgd_rho0.2_theta=0.4_crt=random_p=0.1: Epoch: 8 [130/390] lr:0.049849 Train Loss:1.9280 Train Acc1:47.3282 Train Acc5:79.1687 Time:0.278s

2024-05-28 10:40:56 CIFAR100_cutout_wideresnet28x10_vassoremu-sgd_rho0.2_theta=0.4_crt=random_p=0.1: Epoch: 8 [140/390] lr:0.049849 Train Loss:1.9350 Train Acc1:47.0855 Train Acc5:79.0614 Time:0.537s

2024-05-28 10:40:59 CIFAR100_cutout_wideresnet28x10_vassoremu-sgd_rho0.2_theta=0.4_crt=random_p=0.1: Epoch: 8 [150/390] lr:0.049849 Train Loss:1.9328 Train Acc1:47.1751 Train Acc5:79.1029 Time:0.274s

2024-05-28 10:41:02 CIFAR100_cutout_wideresnet28x10_vassoremu-sgd_rho0.2_theta=0.4_crt=random_p=0.1: Epoch: 8 [160/390] lr:0.049849 Train Loss:1.9320 Train Acc1:47.2050 Train Acc5:79.0712 Time:0.274s

2024-05-28 10:41:06 CIFAR100_cutout_wideresnet28x10_vassoremu-sgd_rho0.2_theta=0.4_crt=random_p=0.1: Epoch: 8 [170/390] lr:0.049849 Train Loss:1.9368 Train Acc1:47.0669 Train Acc5:78.9793 Time:0.536s

2024-05-28 10:41:08 CIFAR100_cutout_wideresnet28x10_vassoremu-sgd_rho0.2_theta=0.4_crt=random_p=0.1: Epoch: 8 [180/390] lr:0.049849 Train Loss:1.9365 Train Acc1:47.0735 Train Acc5:78.9969 Time:0.274s

2024-05-28 10:41:11 CIFAR100_cutout_wideresnet28x10_vassoremu-sgd_rho0.2_theta=0.4_crt=random_p=0.1: Epoch: 8 [190/390] lr:0.049849 Train Loss:1.9383 Train Acc1:47.0550 Train Acc5:78.9062 Time:0.274s

2024-05-28 10:41:14 CIFAR100_cutout_wideresnet28x10_vassoremu-sgd_rho0.2_theta=0.4_crt=random_p=0.1: Epoch: 8 [200/390] lr:0.049849 Train Loss:1.9351 Train Acc1:47.1121 Train Acc5:79.0112 Time:0.274s

2024-05-28 10:41:17 CIFAR100_cutout_wideresnet28x10_vassoremu-sgd_rho0.2_theta=0.4_crt=random_p=0.1: Epoch: 8 [210/390] lr:0.049849 Train Loss:1.9361 Train Acc1:47.0749 Train Acc5:79.0062 Time:0.279s

2024-05-28 10:41:21 CIFAR100_cutout_wideresnet28x10_vassoremu-sgd_rho0.2_theta=0.4_crt=random_p=0.1: Epoch: 8 [220/390] lr:0.049849 Train Loss:1.9397 Train Acc1:46.9669 Train Acc5:78.9062 Time:0.274s

2024-05-28 10:41:24 CIFAR100_cutout_wideresnet28x10_vassoremu-sgd_rho0.2_theta=0.4_crt=random_p=0.1: Epoch: 8 [230/390] lr:0.049849 Train Loss:1.9366 Train Acc1:47.0441 Train Acc5:78.9570 Time:0.274s

2024-05-28 10:41:26 CIFAR100_cutout_wideresnet28x10_vassoremu-sgd_rho0.2_theta=0.4_crt=random_p=0.1: Epoch: 8 [240/390] lr:0.049849 Train Loss:1.9372 Train Acc1:47.0727 Train Acc5:78.9419 Time:0.274s

2024-05-28 10:41:29 CIFAR100_cutout_wideresnet28x10_vassoremu-sgd_rho0.2_theta=0.4_crt=random_p=0.1: Epoch: 8 [250/390] lr:0.049849 Train Loss:1.9362 Train Acc1:47.1302 Train Acc5:78.9467 Time:0.278s

2024-05-28 10:41:33 CIFAR100_cutout_wideresnet28x10_vassoremu-sgd_rho0.2_theta=0.4_crt=random_p=0.1: Epoch: 8 [260/390] lr:0.049849 Train Loss:1.9371 Train Acc1:47.0696 Train Acc5:78.9631 Time:0.280s

2024-05-28 10:41:36 CIFAR100_cutout_wideresnet28x10_vassoremu-sgd_rho0.2_theta=0.4_crt=random_p=0.1: Epoch: 8 [270/390] lr:0.049849 Train Loss:1.9369 Train Acc1:47.0336 Train Acc5:78.9783 Time:0.274s

2024-05-28 10:41:39 CIFAR100_cutout_wideresnet28x10_vassoremu-sgd_rho0.2_theta=0.4_crt=random_p=0.1: Epoch: 8 [280/390] lr:0.049849 Train Loss:1.9356 Train Acc1:47.0335 Train Acc5:79.0341 Time:0.279s

2024-05-28 10:41:43 CIFAR100_cutout_wideresnet28x10_vassoremu-sgd_rho0.2_theta=0.4_crt=random_p=0.1: Epoch: 8 [290/390] lr:0.049849 Train Loss:1.9369 Train Acc1:46.9770 Train Acc5:79.0136 Time:0.537s

2024-05-28 10:41:46 CIFAR100_cutout_wideresnet28x10_vassoremu-sgd_rho0.2_theta=0.4_crt=random_p=0.1: Epoch: 8 [300/390] lr:0.049849 Train Loss:1.9359 Train Acc1:46.9581 Train Acc5:79.0464 Time:0.538s

2024-05-28 10:41:49 CIFAR100_cutout_wideresnet28x10_vassoremu-sgd_rho0.2_theta=0.4_crt=random_p=0.1: Epoch: 8 [310/390] lr:0.049849 Train Loss:1.9332 Train Acc1:47.0132 Train Acc5:79.1072 Time:0.277s

2024-05-28 10:41:52 CIFAR100_cutout_wideresnet28x10_vassoremu-sgd_rho0.2_theta=0.4_crt=random_p=0.1: Epoch: 8 [320/390] lr:0.049849 Train Loss:1.9322 Train Acc1:47.0040 Train Acc5:79.1472 Time:0.276s

2024-05-28 10:41:55 CIFAR100_cutout_wideresnet28x10_vassoremu-sgd_rho0.2_theta=0.4_crt=random_p=0.1: Epoch: 8 [330/390] lr:0.049849 Train Loss:1.9324 Train Acc1:47.0025 Train Acc5:79.1541 Time:0.281s

2024-05-28 10:41:58 CIFAR100_cutout_wideresnet28x10_vassoremu-sgd_rho0.2_theta=0.4_crt=random_p=0.1: Epoch: 8 [340/390] lr:0.049849 Train Loss:1.9315 Train Acc1:47.0697 Train Acc5:79.1606 Time:0.274s

2024-05-28 10:42:01 CIFAR100_cutout_wideresnet28x10_vassoremu-sgd_rho0.2_theta=0.4_crt=random_p=0.1: Epoch: 8 [350/390] lr:0.049849 Train Loss:1.9311 Train Acc1:47.1065 Train Acc5:79.1466 Time:0.275s

2024-05-28 10:42:04 CIFAR100_cutout_wideresnet28x10_vassoremu-sgd_rho0.2_theta=0.4_crt=random_p=0.1: Epoch: 8 [360/390] lr:0.049849 Train Loss:1.9323 Train Acc1:47.0611 Train Acc5:79.1162 Time:0.275s

2024-05-28 10:42:07 CIFAR100_cutout_wideresnet28x10_vassoremu-sgd_rho0.2_theta=0.4_crt=random_p=0.1: Epoch: 8 [370/390] lr:0.049849 Train Loss:1.9326 Train Acc1:47.0751 Train Acc5:79.1589 Time:0.275s

2024-05-28 10:42:11 CIFAR100_cutout_wideresnet28x10_vassoremu-sgd_rho0.2_theta=0.4_crt=random_p=0.1: Epoch: 8 [380/390] lr:0.049849 Train Loss:1.9325 Train Acc1:47.0842 Train Acc5:79.1400 Time:0.273s

2024-05-28 10:42:21 CIFAR100_cutout_wideresnet28x10_vassoremu-sgd_rho0.2_theta=0.4_crt=random_p=0.1: Epoch:8 Train Loss:1.9321 Train Acc1:47.1134 Train Acc5:79.1546 Test Loss:1.9843 Test Acc1:45.8400(Max:45.8400) Test Acc5:78.2100 Time:128.544s

2024-05-28 10:42:22 CIFAR100_cutout_wideresnet28x10_vassoremu-sgd_rho0.2_theta=0.4_crt=random_p=0.1: Epoch: 9 [0/390] lr:0.049803 Train Loss:1.6715 Train Acc1:53.1250 Train Acc5:83.5938 Time:0.283s

2024-05-28 10:42:25 CIFAR100_cutout_wideresnet28x10_vassoremu-sgd_rho0.2_theta=0.4_crt=random_p=0.1: Epoch: 9 [10/390] lr:0.049803 Train Loss:1.8147 Train Acc1:49.5028 Train Acc5:81.8182 Time:0.536s

2024-05-28 10:42:28 CIFAR100_cutout_wideresnet28x10_vassoremu-sgd_rho0.2_theta=0.4_crt=random_p=0.1: Epoch: 9 [20/390] lr:0.049803 Train Loss:1.8532 Train Acc1:48.6607 Train Acc5:81.4732 Time:0.274s

2024-05-28 10:42:32 CIFAR100_cutout_wideresnet28x10_vassoremu-sgd_rho0.2_theta=0.4_crt=random_p=0.1: Epoch: 9 [30/390] lr:0.049803 Train Loss:1.8570 Train Acc1:48.7903 Train Acc5:81.6280 Time:0.536s

2024-05-28 10:42:35 CIFAR100_cutout_wideresnet28x10_vassoremu-sgd_rho0.2_theta=0.4_crt=random_p=0.1: Epoch: 9 [40/390] lr:0.049803 Train Loss:1.8514 Train Acc1:49.0663 Train Acc5:81.6692 Time:0.274s

2024-05-28 10:42:38 CIFAR100_cutout_wideresnet28x10_vassoremu-sgd_rho0.2_theta=0.4_crt=random_p=0.1: Epoch: 9 [50/390] lr:0.049803 Train Loss:1.8349 Train Acc1:49.4945 Train Acc5:81.7249 Time:0.279s

2024-05-28 10:42:40 CIFAR100_cutout_wideresnet28x10_vassoremu-sgd_rho0.2_theta=0.4_crt=random_p=0.1: Epoch: 9 [60/390] lr:0.049803 Train Loss:1.8243 Train Acc1:49.8463 Train Acc5:81.6342 Time:0.275s

2024-05-28 10:42:44 CIFAR100_cutout_wideresnet28x10_vassoremu-sgd_rho0.2_theta=0.4_crt=random_p=0.1: Epoch: 9 [70/390] lr:0.049803 Train Loss:1.8233 Train Acc1:50.0550 Train Acc5:81.7232 Time:0.278s

2024-05-28 10:42:47 CIFAR100_cutout_wideresnet28x10_vassoremu-sgd_rho0.2_theta=0.4_crt=random_p=0.1: Epoch: 9 [80/390] lr:0.049803 Train Loss:1.8259 Train Acc1:49.9711 Train Acc5:81.7226 Time:0.274s

2024-05-28 10:42:50 CIFAR100_cutout_wideresnet28x10_vassoremu-sgd_rho0.2_theta=0.4_crt=random_p=0.1: Epoch: 9 [90/390] lr:0.049803 Train Loss:1.8278 Train Acc1:49.8970 Train Acc5:81.4732 Time:0.274s

2024-05-28 10:42:53 CIFAR100_cutout_wideresnet28x10_vassoremu-sgd_rho0.2_theta=0.4_crt=random_p=0.1: Epoch: 9 [100/390] lr:0.049803 Train Loss:1.8205 Train Acc1:50.1083 Train Acc5:81.5671 Time:0.274s

2024-05-28 10:42:56 CIFAR100_cutout_wideresnet28x10_vassoremu-sgd_rho0.2_theta=0.4_crt=random_p=0.1: Epoch: 9 [110/390] lr:0.049803 Train Loss:1.8216 Train Acc1:50.1267 Train Acc5:81.5949 Time:0.274s

2024-05-28 10:42:59 CIFAR100_cutout_wideresnet28x10_vassoremu-sgd_rho0.2_theta=0.4_crt=random_p=0.1: Epoch: 9 [120/390] lr:0.049803 Train Loss:1.8229 Train Acc1:50.0517 Train Acc5:81.5147 Time:0.279s

2024-05-28 10:43:01 CIFAR100_cutout_wideresnet28x10_vassoremu-sgd_rho0.2_theta=0.4_crt=random_p=0.1: Epoch: 9 [130/390] lr:0.049803 Train Loss:1.8217 Train Acc1:49.9881 Train Acc5:81.5243 Time:0.274s

2024-05-28 10:43:04 CIFAR100_cutout_wideresnet28x10_vassoremu-sgd_rho0.2_theta=0.4_crt=random_p=0.1: Epoch: 9 [140/390] lr:0.049803 Train Loss:1.8243 Train Acc1:49.9557 Train Acc5:81.4051 Time:0.274s

2024-05-28 10:43:07 CIFAR100_cutout_wideresnet28x10_vassoremu-sgd_rho0.2_theta=0.4_crt=random_p=0.1: Epoch: 9 [150/390] lr:0.049803 Train Loss:1.8291 Train Acc1:49.8965 Train Acc5:81.2034 Time:0.273s

2024-05-28 10:43:11 CIFAR100_cutout_wideresnet28x10_vassoremu-sgd_rho0.2_theta=0.4_crt=random_p=0.1: Epoch: 9 [160/390] lr:0.049803 Train Loss:1.8329 Train Acc1:49.9272 Train Acc5:81.1287 Time:0.279s

2024-05-28 10:43:14 CIFAR100_cutout_wideresnet28x10_vassoremu-sgd_rho0.2_theta=0.4_crt=random_p=0.1: Epoch: 9 [170/390] lr:0.049803 Train Loss:1.8327 Train Acc1:49.9178 Train Acc5:81.2591 Time:0.277s

2024-05-28 10:43:17 CIFAR100_cutout_wideresnet28x10_vassoremu-sgd_rho0.2_theta=0.4_crt=random_p=0.1: Epoch: 9 [180/390] lr:0.049803 Train Loss:1.8319 Train Acc1:49.8662 Train Acc5:81.2716 Time:0.279s

2024-05-28 10:43:20 CIFAR100_cutout_wideresnet28x10_vassoremu-sgd_rho0.2_theta=0.4_crt=random_p=0.1: Epoch: 9 [190/390] lr:0.049803 Train Loss:1.8342 Train Acc1:49.8118 Train Acc5:81.2295 Time:0.274s

2024-05-28 10:43:22 CIFAR100_cutout_wideresnet28x10_vassoremu-sgd_rho0.2_theta=0.4_crt=random_p=0.1: Epoch: 9 [200/390] lr:0.049803 Train Loss:1.8366 Train Acc1:49.7435 Train Acc5:81.1567 Time:0.279s

2024-05-28 10:43:26 CIFAR100_cutout_wideresnet28x10_vassoremu-sgd_rho0.2_theta=0.4_crt=random_p=0.1: Epoch: 9 [210/390] lr:0.049803 Train Loss:1.8385 Train Acc1:49.7667 Train Acc5:81.0612 Time:0.537s

2024-05-28 10:43:29 CIFAR100_cutout_wideresnet28x10_vassoremu-sgd_rho0.2_theta=0.4_crt=random_p=0.1: Epoch: 9 [220/390] lr:0.049803 Train Loss:1.8405 Train Acc1:49.7066 Train Acc5:81.0485 Time:0.537s

2024-05-28 10:43:32 CIFAR100_cutout_wideresnet28x10_vassoremu-sgd_rho0.2_theta=0.4_crt=random_p=0.1: Epoch: 9 [230/390] lr:0.049803 Train Loss:1.8389 Train Acc1:49.7024 Train Acc5:81.0538 Time:0.274s

2024-05-28 10:43:35 CIFAR100_cutout_wideresnet28x10_vassoremu-sgd_rho0.2_theta=0.4_crt=random_p=0.1: Epoch: 9 [240/390] lr:0.049803 Train Loss:1.8387 Train Acc1:49.6953 Train Acc5:81.0069 Time:0.537s

2024-05-28 10:43:38 CIFAR100_cutout_wideresnet28x10_vassoremu-sgd_rho0.2_theta=0.4_crt=random_p=0.1: Epoch: 9 [250/390] lr:0.049803 Train Loss:1.8357 Train Acc1:49.7105 Train Acc5:81.0539 Time:0.274s

2024-05-28 10:43:41 CIFAR100_cutout_wideresnet28x10_vassoremu-sgd_rho0.2_theta=0.4_crt=random_p=0.1: Epoch: 9 [260/390] lr:0.049803 Train Loss:1.8366 Train Acc1:49.6677 Train Acc5:81.0075 Time:0.274s

2024-05-28 10:43:45 CIFAR100_cutout_wideresnet28x10_vassoremu-sgd_rho0.2_theta=0.4_crt=random_p=0.1: Epoch: 9 [270/390] lr:0.049803 Train Loss:1.8386 Train Acc1:49.6022 Train Acc5:80.9473 Time:0.537s

2024-05-28 10:43:47 CIFAR100_cutout_wideresnet28x10_vassoremu-sgd_rho0.2_theta=0.4_crt=random_p=0.1: Epoch: 9 [280/390] lr:0.049803 Train Loss:1.8361 Train Acc1:49.6108 Train Acc5:80.9887 Time:0.274s

2024-05-28 10:43:51 CIFAR100_cutout_wideresnet28x10_vassoremu-sgd_rho0.2_theta=0.4_crt=random_p=0.1: Epoch: 9 [290/390] lr:0.049803 Train Loss:1.8388 Train Acc1:49.5624 Train Acc5:80.9198 Time:0.538s

2024-05-28 10:43:54 CIFAR100_cutout_wideresnet28x10_vassoremu-sgd_rho0.2_theta=0.4_crt=random_p=0.1: Epoch: 9 [300/390] lr:0.049803 Train Loss:1.8345 Train Acc1:49.6963 Train Acc5:81.0216 Time:0.274s

2024-05-28 10:43:57 CIFAR100_cutout_wideresnet28x10_vassoremu-sgd_rho0.2_theta=0.4_crt=random_p=0.1: Epoch: 9 [310/390] lr:0.049803 Train Loss:1.8364 Train Acc1:49.6709 Train Acc5:80.9636 Time:0.274s

2024-05-28 10:43:59 CIFAR100_cutout_wideresnet28x10_vassoremu-sgd_rho0.2_theta=0.4_crt=random_p=0.1: Epoch: 9 [320/390] lr:0.049803 Train Loss:1.8354 Train Acc1:49.6374 Train Acc5:81.0261 Time:0.275s

2024-05-28 10:44:02 CIFAR100_cutout_wideresnet28x10_vassoremu-sgd_rho0.2_theta=0.4_crt=random_p=0.1: Epoch: 9 [330/390] lr:0.049803 Train Loss:1.8348 Train Acc1:49.6247 Train Acc5:81.0848 Time:0.280s

2024-05-28 10:44:05 CIFAR100_cutout_wideresnet28x10_vassoremu-sgd_rho0.2_theta=0.4_crt=random_p=0.1: Epoch: 9 [340/390] lr:0.049803 Train Loss:1.8361 Train Acc1:49.5487 Train Acc5:81.1057 Time:0.278s

2024-05-28 10:44:08 CIFAR100_cutout_wideresnet28x10_vassoremu-sgd_rho0.2_theta=0.4_crt=random_p=0.1: Epoch: 9 [350/390] lr:0.049803 Train Loss:1.8367 Train Acc1:49.5415 Train Acc5:81.0697 Time:0.279s

2024-05-28 10:44:11 CIFAR100_cutout_wideresnet28x10_vassoremu-sgd_rho0.2_theta=0.4_crt=random_p=0.1: Epoch: 9 [360/390] lr:0.049803 Train Loss:1.8369 Train Acc1:49.5174 Train Acc5:81.0639 Time:0.274s

2024-05-28 10:44:15 CIFAR100_cutout_wideresnet28x10_vassoremu-sgd_rho0.2_theta=0.4_crt=random_p=0.1: Epoch: 9 [370/390] lr:0.049803 Train Loss:1.8387 Train Acc1:49.4693 Train Acc5:81.0499 Time:0.276s

2024-05-28 10:44:18 CIFAR100_cutout_wideresnet28x10_vassoremu-sgd_rho0.2_theta=0.4_crt=random_p=0.1: Epoch: 9 [380/390] lr:0.049803 Train Loss:1.8403 Train Acc1:49.3910 Train Acc5:81.0593 Time:0.274s

2024-05-28 10:44:28 CIFAR100_cutout_wideresnet28x10_vassoremu-sgd_rho0.2_theta=0.4_crt=random_p=0.1: Epoch:9 Train Loss:1.8407 Train Acc1:49.3850 Train Acc5:81.0537 Test Loss:1.9989 Test Acc1:46.8300(Max:46.8300) Test Acc5:79.1900 Time:126.460s

2024-05-28 10:44:29 CIFAR100_cutout_wideresnet28x10_vassoremu-sgd_rho0.2_theta=0.4_crt=random_p=0.1: Epoch: 10 [0/390] lr:0.049751 Train Loss:1.7521 Train Acc1:50.0000 Train Acc5:83.5938 Time:0.278s

2024-05-28 10:44:31 CIFAR100_cutout_wideresnet28x10_vassoremu-sgd_rho0.2_theta=0.4_crt=random_p=0.1: Epoch: 10 [10/390] lr:0.049751 Train Loss:1.7416 Train Acc1:52.2727 Train Acc5:83.8068 Time:0.274s

2024-05-28 10:44:35 CIFAR100_cutout_wideresnet28x10_vassoremu-sgd_rho0.2_theta=0.4_crt=random_p=0.1: Epoch: 10 [20/390] lr:0.049751 Train Loss:1.7552 Train Acc1:51.8229 Train Acc5:83.3333 Time:0.274s

2024-05-28 10:44:38 CIFAR100_cutout_wideresnet28x10_vassoremu-sgd_rho0.2_theta=0.4_crt=random_p=0.1: Epoch: 10 [30/390] lr:0.049751 Train Loss:1.7588 Train Acc1:52.0413 Train Acc5:82.8377 Time:0.273s

2024-05-28 10:44:41 CIFAR100_cutout_wideresnet28x10_vassoremu-sgd_rho0.2_theta=0.4_crt=random_p=0.1: Epoch: 10 [40/390] lr:0.049751 Train Loss:1.7465 Train Acc1:52.1532 Train Acc5:82.8697 Time:0.273s

2024-05-28 10:44:44 CIFAR100_cutout_wideresnet28x10_vassoremu-sgd_rho0.2_theta=0.4_crt=random_p=0.1: Epoch: 10 [50/390] lr:0.049751 Train Loss:1.7452 Train Acc1:51.9301 Train Acc5:82.7972 Time:0.279s

2024-05-28 10:44:47 CIFAR100_cutout_wideresnet28x10_vassoremu-sgd_rho0.2_theta=0.4_crt=random_p=0.1: Epoch: 10 [60/390] lr:0.049751 Train Loss:1.7522 Train Acc1:51.6650 Train Acc5:82.6972 Time:0.274s

2024-05-28 10:44:51 CIFAR100_cutout_wideresnet28x10_vassoremu-sgd_rho0.2_theta=0.4_crt=random_p=0.1: Epoch: 10 [70/390] lr:0.049751 Train Loss:1.7694 Train Acc1:51.4085 Train Acc5:82.3504 Time:0.278s

2024-05-28 10:44:54 CIFAR100_cutout_wideresnet28x10_vassoremu-sgd_rho0.2_theta=0.4_crt=random_p=0.1: Epoch: 10 [80/390] lr:0.049751 Train Loss:1.7691 Train Acc1:51.3600 Train Acc5:82.3592 Time:0.278s

2024-05-28 10:44:57 CIFAR100_cutout_wideresnet28x10_vassoremu-sgd_rho0.2_theta=0.4_crt=random_p=0.1: Epoch: 10 [90/390] lr:0.049751 Train Loss:1.7623 Train Acc1:51.5110 Train Acc5:82.4691 Time:0.279s

2024-05-28 10:45:00 CIFAR100_cutout_wideresnet28x10_vassoremu-sgd_rho0.2_theta=0.4_crt=random_p=0.1: Epoch: 10 [100/390] lr:0.049751 Train Loss:1.7719 Train Acc1:51.3459 Train Acc5:82.1550 Time:0.537s

2024-05-28 10:45:03 CIFAR100_cutout_wideresnet28x10_vassoremu-sgd_rho0.2_theta=0.4_crt=random_p=0.1: Epoch: 10 [110/390] lr:0.049751 Train Loss:1.7739 Train Acc1:51.4640 Train Acc5:82.1227 Time:0.274s

2024-05-28 10:45:06 CIFAR100_cutout_wideresnet28x10_vassoremu-sgd_rho0.2_theta=0.4_crt=random_p=0.1: Epoch: 10 [120/390] lr:0.049751 Train Loss:1.7748 Train Acc1:51.2784 Train Acc5:82.2120 Time:0.278s

2024-05-28 10:45:09 CIFAR100_cutout_wideresnet28x10_vassoremu-sgd_rho0.2_theta=0.4_crt=random_p=0.1: Epoch: 10 [130/390] lr:0.049751 Train Loss:1.7734 Train Acc1:51.4850 Train Acc5:82.2102 Time:0.275s

2024-05-28 10:45:12 CIFAR100_cutout_wideresnet28x10_vassoremu-sgd_rho0.2_theta=0.4_crt=random_p=0.1: Epoch: 10 [140/390] lr:0.049751 Train Loss:1.7707 Train Acc1:51.5847 Train Acc5:82.1753 Time:0.274s

2024-05-28 10:45:15 CIFAR100_cutout_wideresnet28x10_vassoremu-sgd_rho0.2_theta=0.4_crt=random_p=0.1: Epoch: 10 [150/390] lr:0.049751 Train Loss:1.7715 Train Acc1:51.4797 Train Acc5:82.2123 Time:0.274s

2024-05-28 10:45:18 CIFAR100_cutout_wideresnet28x10_vassoremu-sgd_rho0.2_theta=0.4_crt=random_p=0.1: Epoch: 10 [160/390] lr:0.049751 Train Loss:1.7681 Train Acc1:51.5868 Train Acc5:82.2302 Time:0.278s

2024-05-28 10:45:21 CIFAR100_cutout_wideresnet28x10_vassoremu-sgd_rho0.2_theta=0.4_crt=random_p=0.1: Epoch: 10 [170/390] lr:0.049751 Train Loss:1.7689 Train Acc1:51.5625 Train Acc5:82.2094 Time:0.278s

2024-05-28 10:45:24 CIFAR100_cutout_wideresnet28x10_vassoremu-sgd_rho0.2_theta=0.4_crt=random_p=0.1: Epoch: 10 [180/390] lr:0.049751 Train Loss:1.7669 Train Acc1:51.6143 Train Acc5:82.2945 Time:0.274s

2024-05-28 10:45:27 CIFAR100_cutout_wideresnet28x10_vassoremu-sgd_rho0.2_theta=0.4_crt=random_p=0.1: Epoch: 10 [190/390] lr:0.049751 Train Loss:1.7659 Train Acc1:51.6198 Train Acc5:82.3135 Time:0.273s

2024-05-28 10:45:30 CIFAR100_cutout_wideresnet28x10_vassoremu-sgd_rho0.2_theta=0.4_crt=random_p=0.1: Epoch: 10 [200/390] lr:0.049751 Train Loss:1.7630 Train Acc1:51.6674 Train Acc5:82.3344 Time:0.277s

2024-05-28 10:45:33 CIFAR100_cutout_wideresnet28x10_vassoremu-sgd_rho0.2_theta=0.4_crt=random_p=0.1: Epoch: 10 [210/390] lr:0.049751 Train Loss:1.7621 Train Acc1:51.6588 Train Acc5:82.4200 Time:0.274s

2024-05-28 10:45:36 CIFAR100_cutout_wideresnet28x10_vassoremu-sgd_rho0.2_theta=0.4_crt=random_p=0.1: Epoch: 10 [220/390] lr:0.049751 Train Loss:1.7648 Train Acc1:51.6085 Train Acc5:82.3671 Time:0.280s

2024-05-28 10:45:39 CIFAR100_cutout_wideresnet28x10_vassoremu-sgd_rho0.2_theta=0.4_crt=random_p=0.1: Epoch: 10 [230/390] lr:0.049751 Train Loss:1.7642 Train Acc1:51.6606 Train Acc5:82.3390 Time:0.274s

2024-05-28 10:45:42 CIFAR100_cutout_wideresnet28x10_vassoremu-sgd_rho0.2_theta=0.4_crt=random_p=0.1: Epoch: 10 [240/390] lr:0.049751 Train Loss:1.7662 Train Acc1:51.6565 Train Acc5:82.2938 Time:0.274s

2024-05-28 10:45:45 CIFAR100_cutout_wideresnet28x10_vassoremu-sgd_rho0.2_theta=0.4_crt=random_p=0.1: Epoch: 10 [250/390] lr:0.049751 Train Loss:1.7673 Train Acc1:51.6092 Train Acc5:82.2616 Time:0.274s

2024-05-28 10:45:48 CIFAR100_cutout_wideresnet28x10_vassoremu-sgd_rho0.2_theta=0.4_crt=random_p=0.1: Epoch: 10 [260/390] lr:0.049751 Train Loss:1.7615 Train Acc1:51.7631 Train Acc5:82.3366 Time:0.273s

2024-05-28 10:45:51 CIFAR100_cutout_wideresnet28x10_vassoremu-sgd_rho0.2_theta=0.4_crt=random_p=0.1: Epoch: 10 [270/390] lr:0.049751 Train Loss:1.7657 Train Acc1:51.6807 Train Acc5:82.2619 Time:0.537s

2024-05-28 10:45:54 CIFAR100_cutout_wideresnet28x10_vassoremu-sgd_rho0.2_theta=0.4_crt=random_p=0.1: Epoch: 10 [280/390] lr:0.049751 Train Loss:1.7642 Train Acc1:51.6626 Train Acc5:82.2787 Time:0.274s

2024-05-28 10:45:57 CIFAR100_cutout_wideresnet28x10_vassoremu-sgd_rho0.2_theta=0.4_crt=random_p=0.1: Epoch: 10 [290/390] lr:0.049751 Train Loss:1.7641 Train Acc1:51.6618 Train Acc5:82.2809 Time:0.277s

2024-05-28 10:46:00 CIFAR100_cutout_wideresnet28x10_vassoremu-sgd_rho0.2_theta=0.4_crt=random_p=0.1: Epoch: 10 [300/390] lr:0.049751 Train Loss:1.7631 Train Acc1:51.6637 Train Acc5:82.3297 Time:0.279s

2024-05-28 10:46:03 CIFAR100_cutout_wideresnet28x10_vassoremu-sgd_rho0.2_theta=0.4_crt=random_p=0.1: Epoch: 10 [310/390] lr:0.049751 Train Loss:1.7631 Train Acc1:51.6479 Train Acc5:82.3402 Time:0.274s

2024-05-28 10:46:06 CIFAR100_cutout_wideresnet28x10_vassoremu-sgd_rho0.2_theta=0.4_crt=random_p=0.1: Epoch: 10 [320/390] lr:0.049751 Train Loss:1.7601 Train Acc1:51.7231 Train Acc5:82.4036 Time:0.274s

2024-05-28 10:46:10 CIFAR100_cutout_wideresnet28x10_vassoremu-sgd_rho0.2_theta=0.4_crt=random_p=0.1: Epoch: 10 [330/390] lr:0.049751 Train Loss:1.7619 Train Acc1:51.6357 Train Acc5:82.3877 Time:0.279s

2024-05-28 10:46:13 CIFAR100_cutout_wideresnet28x10_vassoremu-sgd_rho0.2_theta=0.4_crt=random_p=0.1: Epoch: 10 [340/390] lr:0.049751 Train Loss:1.7632 Train Acc1:51.5831 Train Acc5:82.3657 Time:0.273s

2024-05-28 10:46:16 CIFAR100_cutout_wideresnet28x10_vassoremu-sgd_rho0.2_theta=0.4_crt=random_p=0.1: Epoch: 10 [350/390] lr:0.049751 Train Loss:1.7614 Train Acc1:51.5914 Train Acc5:82.4230 Time:0.278s

2024-05-28 10:46:19 CIFAR100_cutout_wideresnet28x10_vassoremu-sgd_rho0.2_theta=0.4_crt=random_p=0.1: Epoch: 10 [360/390] lr:0.049751 Train Loss:1.7633 Train Acc1:51.5106 Train Acc5:82.3753 Time:0.275s

2024-05-28 10:46:22 CIFAR100_cutout_wideresnet28x10_vassoremu-sgd_rho0.2_theta=0.4_crt=random_p=0.1: Epoch: 10 [370/390] lr:0.049751 Train Loss:1.7609 Train Acc1:51.5351 Train Acc5:82.4187 Time:0.277s

2024-05-28 10:46:25 CIFAR100_cutout_wideresnet28x10_vassoremu-sgd_rho0.2_theta=0.4_crt=random_p=0.1: Epoch: 10 [380/390] lr:0.049751 Train Loss:1.7617 Train Acc1:51.5051 Train Acc5:82.4455 Time:0.273s

2024-05-28 10:46:35 CIFAR100_cutout_wideresnet28x10_vassoremu-sgd_rho0.2_theta=0.4_crt=random_p=0.1: Epoch:10 Train Loss:1.7618 Train Acc1:51.5505 Train Acc5:82.4720 Test Loss:1.6999 Test Acc1:53.1400(Max:53.1400) Test Acc5:83.4000 Time:127.490s

2024-05-28 10:46:36 CIFAR100_cutout_wideresnet28x10_vassoremu-sgd_rho0.2_theta=0.4_crt=random_p=0.1: Epoch: 11 [0/390] lr:0.049692 Train Loss:1.5860 Train Acc1:53.9062 Train Acc5:85.9375 Time:0.283s

2024-05-28 10:46:39 CIFAR100_cutout_wideresnet28x10_vassoremu-sgd_rho0.2_theta=0.4_crt=random_p=0.1: Epoch: 11 [10/390] lr:0.049692 Train Loss:1.6781 Train Acc1:53.6222 Train Acc5:83.2386 Time:0.274s

2024-05-28 10:46:42 CIFAR100_cutout_wideresnet28x10_vassoremu-sgd_rho0.2_theta=0.4_crt=random_p=0.1: Epoch: 11 [20/390] lr:0.049692 Train Loss:1.7272 Train Acc1:51.8973 Train Acc5:82.5521 Time:0.536s

2024-05-28 10:46:45 CIFAR100_cutout_wideresnet28x10_vassoremu-sgd_rho0.2_theta=0.4_crt=random_p=0.1: Epoch: 11 [30/390] lr:0.049692 Train Loss:1.7203 Train Acc1:52.1169 Train Acc5:82.8125 Time:0.274s

2024-05-28 10:46:48 CIFAR100_cutout_wideresnet28x10_vassoremu-sgd_rho0.2_theta=0.4_crt=random_p=0.1: Epoch: 11 [40/390] lr:0.049692 Train Loss:1.7264 Train Acc1:51.8102 Train Acc5:82.7363 Time:0.274s

2024-05-28 10:46:51 CIFAR100_cutout_wideresnet28x10_vassoremu-sgd_rho0.2_theta=0.4_crt=random_p=0.1: Epoch: 11 [50/390] lr:0.049692 Train Loss:1.6972 Train Acc1:53.1403 Train Acc5:83.3333 Time:0.277s

2024-05-28 10:46:54 CIFAR100_cutout_wideresnet28x10_vassoremu-sgd_rho0.2_theta=0.4_crt=random_p=0.1: Epoch: 11 [60/390] lr:0.049692 Train Loss:1.6862 Train Acc1:53.3940 Train Acc5:83.5041 Time:0.537s

2024-05-28 10:46:57 CIFAR100_cutout_wideresnet28x10_vassoremu-sgd_rho0.2_theta=0.4_crt=random_p=0.1: Epoch: 11 [70/390] lr:0.049692 Train Loss:1.6885 Train Acc1:53.3011 Train Acc5:83.6598 Time:0.273s

2024-05-28 10:47:00 CIFAR100_cutout_wideresnet28x10_vassoremu-sgd_rho0.2_theta=0.4_crt=random_p=0.1: Epoch: 11 [80/390] lr:0.049692 Train Loss:1.6914 Train Acc1:53.1829 Train Acc5:83.5938 Time:0.276s

2024-05-28 10:47:03 CIFAR100_cutout_wideresnet28x10_vassoremu-sgd_rho0.2_theta=0.4_crt=random_p=0.1: Epoch: 11 [90/390] lr:0.049692 Train Loss:1.6995 Train Acc1:53.0821 Train Acc5:83.4564 Time:0.278s

2024-05-28 10:47:06 CIFAR100_cutout_wideresnet28x10_vassoremu-sgd_rho0.2_theta=0.4_crt=random_p=0.1: Epoch: 11 [100/390] lr:0.049692 Train Loss:1.7047 Train Acc1:52.9162 Train Acc5:83.3540 Time:0.277s

2024-05-28 10:47:10 CIFAR100_cutout_wideresnet28x10_vassoremu-sgd_rho0.2_theta=0.4_crt=random_p=0.1: Epoch: 11 [110/390] lr:0.049692 Train Loss:1.7102 Train Acc1:52.8153 Train Acc5:83.2911 Time:0.274s

2024-05-28 10:47:13 CIFAR100_cutout_wideresnet28x10_vassoremu-sgd_rho0.2_theta=0.4_crt=random_p=0.1: Epoch: 11 [120/390] lr:0.049692 Train Loss:1.7039 Train Acc1:53.0863 Train Acc5:83.5098 Time:0.278s

2024-05-28 10:47:16 CIFAR100_cutout_wideresnet28x10_vassoremu-sgd_rho0.2_theta=0.4_crt=random_p=0.1: Epoch: 11 [130/390] lr:0.049692 Train Loss:1.7020 Train Acc1:53.0594 Train Acc5:83.5222 Time:0.280s

2024-05-28 10:47:19 CIFAR100_cutout_wideresnet28x10_vassoremu-sgd_rho0.2_theta=0.4_crt=random_p=0.1: Epoch: 11 [140/390] lr:0.049692 Train Loss:1.6996 Train Acc1:53.0696 Train Acc5:83.5217 Time:0.274s

2024-05-28 10:47:22 CIFAR100_cutout_wideresnet28x10_vassoremu-sgd_rho0.2_theta=0.4_crt=random_p=0.1: Epoch: 11 [150/390] lr:0.049692 Train Loss:1.7014 Train Acc1:53.1923 Train Acc5:83.5161 Time:0.536s

2024-05-28 10:47:25 CIFAR100_cutout_wideresnet28x10_vassoremu-sgd_rho0.2_theta=0.4_crt=random_p=0.1: Epoch: 11 [160/390] lr:0.049692 Train Loss:1.7048 Train Acc1:53.0862 Train Acc5:83.4918 Time:0.277s

2024-05-28 10:47:28 CIFAR100_cutout_wideresnet28x10_vassoremu-sgd_rho0.2_theta=0.4_crt=random_p=0.1: Epoch: 11 [170/390] lr:0.049692 Train Loss:1.7094 Train Acc1:52.9971 Train Acc5:83.3927 Time:0.279s

2024-05-28 10:47:31 CIFAR100_cutout_wideresnet28x10_vassoremu-sgd_rho0.2_theta=0.4_crt=random_p=0.1: Epoch: 11 [180/390] lr:0.049692 Train Loss:1.7077 Train Acc1:52.9567 Train Acc5:83.4513 Time:0.274s

2024-05-28 10:47:34 CIFAR100_cutout_wideresnet28x10_vassoremu-sgd_rho0.2_theta=0.4_crt=random_p=0.1: Epoch: 11 [190/390] lr:0.049692 Train Loss:1.7057 Train Acc1:53.0514 Train Acc5:83.4915 Time:0.277s

2024-05-28 10:47:37 CIFAR100_cutout_wideresnet28x10_vassoremu-sgd_rho0.2_theta=0.4_crt=random_p=0.1: Epoch: 11 [200/390] lr:0.049692 Train Loss:1.7024 Train Acc1:53.1095 Train Acc5:83.5432 Time:0.275s

2024-05-28 10:47:40 CIFAR100_cutout_wideresnet28x10_vassoremu-sgd_rho0.2_theta=0.4_crt=random_p=0.1: Epoch: 11 [210/390] lr:0.049692 Train Loss:1.7004 Train Acc1:53.1805 Train Acc5:83.5900 Time:0.274s

2024-05-28 10:47:43 CIFAR100_cutout_wideresnet28x10_vassoremu-sgd_rho0.2_theta=0.4_crt=random_p=0.1: Epoch: 11 [220/390] lr:0.049692 Train Loss:1.6996 Train Acc1:53.1922 Train Acc5:83.5619 Time:0.274s

2024-05-28 10:47:45 CIFAR100_cutout_wideresnet28x10_vassoremu-sgd_rho0.2_theta=0.4_crt=random_p=0.1: Epoch: 11 [230/390] lr:0.049692 Train Loss:1.6988 Train Acc1:53.1453 Train Acc5:83.5802 Time:0.279s

2024-05-28 10:47:48 CIFAR100_cutout_wideresnet28x10_vassoremu-sgd_rho0.2_theta=0.4_crt=random_p=0.1: Epoch: 11 [240/390] lr:0.049692 Train Loss:1.7011 Train Acc1:53.0764 Train Acc5:83.5419 Time:0.276s

2024-05-28 10:47:52 CIFAR100_cutout_wideresnet28x10_vassoremu-sgd_rho0.2_theta=0.4_crt=random_p=0.1: Epoch: 11 [250/390] lr:0.049692 Train Loss:1.7029 Train Acc1:52.9756 Train Acc5:83.5066 Time:0.273s

2024-05-28 10:47:55 CIFAR100_cutout_wideresnet28x10_vassoremu-sgd_rho0.2_theta=0.4_crt=random_p=0.1: Epoch: 11 [260/390] lr:0.049692 Train Loss:1.7050 Train Acc1:52.9364 Train Acc5:83.4201 Time:0.536s

2024-05-28 10:47:58 CIFAR100_cutout_wideresnet28x10_vassoremu-sgd_rho0.2_theta=0.4_crt=random_p=0.1: Epoch: 11 [270/390] lr:0.049692 Train Loss:1.7077 Train Acc1:52.8425 Train Acc5:83.3574 Time:0.279s

2024-05-28 10:48:01 CIFAR100_cutout_wideresnet28x10_vassoremu-sgd_rho0.2_theta=0.4_crt=random_p=0.1: Epoch: 11 [280/390] lr:0.049692 Train Loss:1.7078 Train Acc1:52.7636 Train Acc5:83.3713 Time:0.279s

2024-05-28 10:48:04 CIFAR100_cutout_wideresnet28x10_vassoremu-sgd_rho0.2_theta=0.4_crt=random_p=0.1: Epoch: 11 [290/390] lr:0.049692 Train Loss:1.7070 Train Acc1:52.7626 Train Acc5:83.3790 Time:0.274s

2024-05-28 10:48:06 CIFAR100_cutout_wideresnet28x10_vassoremu-sgd_rho0.2_theta=0.4_crt=random_p=0.1: Epoch: 11 [300/390] lr:0.049692 Train Loss:1.7044 Train Acc1:52.7772 Train Acc5:83.4302 Time:0.274s

2024-05-28 10:48:09 CIFAR100_cutout_wideresnet28x10_vassoremu-sgd_rho0.2_theta=0.4_crt=random_p=0.1: Epoch: 11 [310/390] lr:0.049692 Train Loss:1.7036 Train Acc1:52.8135 Train Acc5:83.4531 Time:0.274s

2024-05-28 10:48:12 CIFAR100_cutout_wideresnet28x10_vassoremu-sgd_rho0.2_theta=0.4_crt=random_p=0.1: Epoch: 11 [320/390] lr:0.049692 Train Loss:1.7008 Train Acc1:52.8646 Train Acc5:83.5086 Time:0.274s

2024-05-28 10:48:15 CIFAR100_cutout_wideresnet28x10_vassoremu-sgd_rho0.2_theta=0.4_crt=random_p=0.1: Epoch: 11 [330/390] lr:0.049692 Train Loss:1.7022 Train Acc1:52.8488 Train Acc5:83.4970 Time:0.536s

