Not using distributed mode
2024-05-28 10:25:13 CIFAR100_cutout_wideresnet28x10_vassoremu-sgd_rho0.2_theta=0.4_crt=random_p=0.05: Namespace(batch_size=128, betas=None, crt='random', crt_k=2, crt_p=0.05, datadir='~/sam/datasets', dataset='CIFAR100_cutout', dist_url='env://', distributed=False, distributed_val=False, drop_last=True, epochs=200, eps=None, eta_min=0, extensive_metrics_mode=False, gamma=0.2, log_freq=10, lr=0.05, lr_scheduler='CosineLRscheduler', milestone=[60, 120, 160], model='wideresnet28x10', momentum=0.9, nesterov=False, num_workers=8, opt='vassoremu-sgd', output_dir='logs', output_name='CIFAR100_cutout_wideresnet28x10_vassoremu-sgd_rho0.2_theta=0.4_crt=random_p=0.05', performance_scores_mode=False, phi=0.001, pin_memory=True, resume=False, resume_path='.', rho=0.2, seed=3107, start_epoch=0, theta=0.4, wandb=False, wandb_name='Default', wandb_project='VASSO', warmup_epoch=0, warmup_init_lr=0.0, weight_decay=0.001, zeta=1.0)

Files already downloaded and verified
Files already downloaded and verified
2024-05-28 10:25:14 CIFAR100_cutout_wideresnet28x10_vassoremu-sgd_rho0.2_theta=0.4_crt=random_p=0.05: Train Data: 50000, Test Data: 10000.

2024-05-28 10:25:18 CIFAR100_cutout_wideresnet28x10_vassoremu-sgd_rho0.2_theta=0.4_crt=random_p=0.05: Model: wideresnet28x10

2024-05-28 10:25:18 CIFAR100_cutout_wideresnet28x10_vassoremu-sgd_rho0.2_theta=0.4_crt=random_p=0.05: Optimizer: <class 'solver.vassoremu.VASSOREMU'>

2024-05-28 10:25:18 CIFAR100_cutout_wideresnet28x10_vassoremu-sgd_rho0.2_theta=0.4_crt=random_p=0.05: LR Scheduler: <class 'solver.lr_scheduler.CosineLRscheduler'>

2024-05-28 10:25:18 CIFAR100_cutout_wideresnet28x10_vassoremu-sgd_rho0.2_theta=0.4_crt=random_p=0.05: Start training for 200 Epochs.

2024-05-28 10:25:21 CIFAR100_cutout_wideresnet28x10_vassoremu-sgd_rho0.2_theta=0.4_crt=random_p=0.05: Epoch: 0 [0/390] lr:0.050000 Train Loss:4.8094 Train Acc1:0.0000 Train Acc5:2.3438 Time:0.613s

2024-05-28 10:25:26 CIFAR100_cutout_wideresnet28x10_vassoremu-sgd_rho0.2_theta=0.4_crt=random_p=0.05: Epoch: 0 [10/390] lr:0.050000 Train Loss:4.7927 Train Acc1:0.6392 Train Acc5:3.9773 Time:0.528s

2024-05-28 10:25:32 CIFAR100_cutout_wideresnet28x10_vassoremu-sgd_rho0.2_theta=0.4_crt=random_p=0.05: Epoch: 0 [20/390] lr:0.050000 Train Loss:4.8121 Train Acc1:0.5580 Train Acc5:3.9807 Time:0.531s

2024-05-28 10:25:37 CIFAR100_cutout_wideresnet28x10_vassoremu-sgd_rho0.2_theta=0.4_crt=random_p=0.05: Epoch: 0 [30/390] lr:0.050000 Train Loss:4.7953 Train Acc1:0.7560 Train Acc5:4.4607 Time:0.532s

2024-05-28 10:25:42 CIFAR100_cutout_wideresnet28x10_vassoremu-sgd_rho0.2_theta=0.4_crt=random_p=0.05: Epoch: 0 [40/390] lr:0.050000 Train Loss:4.7719 Train Acc1:0.8384 Train Acc5:5.1829 Time:0.533s

2024-05-28 10:25:48 CIFAR100_cutout_wideresnet28x10_vassoremu-sgd_rho0.2_theta=0.4_crt=random_p=0.05: Epoch: 0 [50/390] lr:0.050000 Train Loss:4.7394 Train Acc1:0.9804 Train Acc5:5.6066 Time:0.534s

2024-05-28 10:25:53 CIFAR100_cutout_wideresnet28x10_vassoremu-sgd_rho0.2_theta=0.4_crt=random_p=0.05: Epoch: 0 [60/390] lr:0.050000 Train Loss:4.7085 Train Acc1:1.2551 Train Acc5:6.1603 Time:0.534s

2024-05-28 10:25:58 CIFAR100_cutout_wideresnet28x10_vassoremu-sgd_rho0.2_theta=0.4_crt=random_p=0.05: Epoch: 0 [70/390] lr:0.050000 Train Loss:4.6703 Train Acc1:1.4305 Train Acc5:7.0423 Time:0.535s

2024-05-28 10:26:04 CIFAR100_cutout_wideresnet28x10_vassoremu-sgd_rho0.2_theta=0.4_crt=random_p=0.05: Epoch: 0 [80/390] lr:0.050000 Train Loss:4.6428 Train Acc1:1.6107 Train Acc5:7.5521 Time:0.536s

2024-05-28 10:26:09 CIFAR100_cutout_wideresnet28x10_vassoremu-sgd_rho0.2_theta=0.4_crt=random_p=0.05: Epoch: 0 [90/390] lr:0.050000 Train Loss:4.6126 Train Acc1:1.7600 Train Acc5:8.2589 Time:0.537s

2024-05-28 10:26:15 CIFAR100_cutout_wideresnet28x10_vassoremu-sgd_rho0.2_theta=0.4_crt=random_p=0.05: Epoch: 0 [100/390] lr:0.050000 Train Loss:4.5875 Train Acc1:1.8487 Train Acc5:8.9109 Time:0.537s

2024-05-28 10:26:17 CIFAR100_cutout_wideresnet28x10_vassoremu-sgd_rho0.2_theta=0.4_crt=random_p=0.05: Epoch: 0 [110/390] lr:0.050000 Train Loss:4.5580 Train Acc1:2.0552 Train Acc5:9.7269 Time:0.275s

2024-05-28 10:26:20 CIFAR100_cutout_wideresnet28x10_vassoremu-sgd_rho0.2_theta=0.4_crt=random_p=0.05: Epoch: 0 [120/390] lr:0.050000 Train Loss:4.5328 Train Acc1:2.2792 Train Acc5:10.4403 Time:0.275s

2024-05-28 10:26:23 CIFAR100_cutout_wideresnet28x10_vassoremu-sgd_rho0.2_theta=0.4_crt=random_p=0.05: Epoch: 0 [130/390] lr:0.050000 Train Loss:4.5153 Train Acc1:2.4094 Train Acc5:10.8719 Time:0.277s

2024-05-28 10:26:26 CIFAR100_cutout_wideresnet28x10_vassoremu-sgd_rho0.2_theta=0.4_crt=random_p=0.05: Epoch: 0 [140/390] lr:0.050000 Train Loss:4.4965 Train Acc1:2.5654 Train Acc5:11.3364 Time:0.275s

2024-05-28 10:26:29 CIFAR100_cutout_wideresnet28x10_vassoremu-sgd_rho0.2_theta=0.4_crt=random_p=0.05: Epoch: 0 [150/390] lr:0.050000 Train Loss:4.4802 Train Acc1:2.7214 Train Acc5:11.9102 Time:0.275s

2024-05-28 10:26:32 CIFAR100_cutout_wideresnet28x10_vassoremu-sgd_rho0.2_theta=0.4_crt=random_p=0.05: Epoch: 0 [160/390] lr:0.050000 Train Loss:4.4633 Train Acc1:2.8775 Train Acc5:12.3593 Time:0.275s

2024-05-28 10:26:35 CIFAR100_cutout_wideresnet28x10_vassoremu-sgd_rho0.2_theta=0.4_crt=random_p=0.05: Epoch: 0 [170/390] lr:0.050000 Train Loss:4.4462 Train Acc1:2.9788 Train Acc5:12.8838 Time:0.275s

2024-05-28 10:26:38 CIFAR100_cutout_wideresnet28x10_vassoremu-sgd_rho0.2_theta=0.4_crt=random_p=0.05: Epoch: 0 [180/390] lr:0.050000 Train Loss:4.4266 Train Acc1:3.1638 Train Acc5:13.4582 Time:0.276s

2024-05-28 10:26:41 CIFAR100_cutout_wideresnet28x10_vassoremu-sgd_rho0.2_theta=0.4_crt=random_p=0.05: Epoch: 0 [190/390] lr:0.050000 Train Loss:4.4121 Train Acc1:3.3050 Train Acc5:13.8989 Time:0.275s

2024-05-28 10:26:44 CIFAR100_cutout_wideresnet28x10_vassoremu-sgd_rho0.2_theta=0.4_crt=random_p=0.05: Epoch: 0 [200/390] lr:0.050000 Train Loss:4.3972 Train Acc1:3.4321 Train Acc5:14.2957 Time:0.276s

2024-05-28 10:26:47 CIFAR100_cutout_wideresnet28x10_vassoremu-sgd_rho0.2_theta=0.4_crt=random_p=0.05: Epoch: 0 [210/390] lr:0.050000 Train Loss:4.3840 Train Acc1:3.6211 Train Acc5:14.7882 Time:0.276s

2024-05-28 10:26:50 CIFAR100_cutout_wideresnet28x10_vassoremu-sgd_rho0.2_theta=0.4_crt=random_p=0.05: Epoch: 0 [220/390] lr:0.050000 Train Loss:4.3727 Train Acc1:3.7401 Train Acc5:15.1195 Time:0.281s

2024-05-28 10:26:53 CIFAR100_cutout_wideresnet28x10_vassoremu-sgd_rho0.2_theta=0.4_crt=random_p=0.05: Epoch: 0 [230/390] lr:0.050000 Train Loss:4.3612 Train Acc1:3.8116 Train Acc5:15.4255 Time:0.276s

2024-05-28 10:26:56 CIFAR100_cutout_wideresnet28x10_vassoremu-sgd_rho0.2_theta=0.4_crt=random_p=0.05: Epoch: 0 [240/390] lr:0.050000 Train Loss:4.3511 Train Acc1:3.8706 Train Acc5:15.7709 Time:0.276s

2024-05-28 10:26:59 CIFAR100_cutout_wideresnet28x10_vassoremu-sgd_rho0.2_theta=0.4_crt=random_p=0.05: Epoch: 0 [250/390] lr:0.050000 Train Loss:4.3401 Train Acc1:3.9374 Train Acc5:16.0950 Time:0.280s

2024-05-28 10:27:02 CIFAR100_cutout_wideresnet28x10_vassoremu-sgd_rho0.2_theta=0.4_crt=random_p=0.05: Epoch: 0 [260/390] lr:0.050000 Train Loss:4.3302 Train Acc1:4.0230 Train Acc5:16.3973 Time:0.281s

2024-05-28 10:27:05 CIFAR100_cutout_wideresnet28x10_vassoremu-sgd_rho0.2_theta=0.4_crt=random_p=0.05: Epoch: 0 [270/390] lr:0.050000 Train Loss:4.3199 Train Acc1:4.1052 Train Acc5:16.7753 Time:0.276s

2024-05-28 10:27:09 CIFAR100_cutout_wideresnet28x10_vassoremu-sgd_rho0.2_theta=0.4_crt=random_p=0.05: Epoch: 0 [280/390] lr:0.050000 Train Loss:4.3089 Train Acc1:4.2176 Train Acc5:17.0958 Time:0.276s

2024-05-28 10:27:12 CIFAR100_cutout_wideresnet28x10_vassoremu-sgd_rho0.2_theta=0.4_crt=random_p=0.05: Epoch: 0 [290/390] lr:0.050000 Train Loss:4.2970 Train Acc1:4.3143 Train Acc5:17.4425 Time:0.280s

2024-05-28 10:27:15 CIFAR100_cutout_wideresnet28x10_vassoremu-sgd_rho0.2_theta=0.4_crt=random_p=0.05: Epoch: 0 [300/390] lr:0.050000 Train Loss:4.2872 Train Acc1:4.4305 Train Acc5:17.7274 Time:0.281s

2024-05-28 10:27:18 CIFAR100_cutout_wideresnet28x10_vassoremu-sgd_rho0.2_theta=0.4_crt=random_p=0.05: Epoch: 0 [310/390] lr:0.050000 Train Loss:4.2769 Train Acc1:4.5644 Train Acc5:18.0366 Time:0.276s

2024-05-28 10:27:21 CIFAR100_cutout_wideresnet28x10_vassoremu-sgd_rho0.2_theta=0.4_crt=random_p=0.05: Epoch: 0 [320/390] lr:0.050000 Train Loss:4.2645 Train Acc1:4.7264 Train Acc5:18.4239 Time:0.279s

2024-05-28 10:27:24 CIFAR100_cutout_wideresnet28x10_vassoremu-sgd_rho0.2_theta=0.4_crt=random_p=0.05: Epoch: 0 [330/390] lr:0.050000 Train Loss:4.2542 Train Acc1:4.8386 Train Acc5:18.7429 Time:0.277s

2024-05-28 10:27:26 CIFAR100_cutout_wideresnet28x10_vassoremu-sgd_rho0.2_theta=0.4_crt=random_p=0.05: Epoch: 0 [340/390] lr:0.050000 Train Loss:4.2466 Train Acc1:4.8822 Train Acc5:18.9722 Time:0.277s

2024-05-28 10:27:29 CIFAR100_cutout_wideresnet28x10_vassoremu-sgd_rho0.2_theta=0.4_crt=random_p=0.05: Epoch: 0 [350/390] lr:0.050000 Train Loss:4.2381 Train Acc1:4.9590 Train Acc5:19.2130 Time:0.282s

2024-05-28 10:27:32 CIFAR100_cutout_wideresnet28x10_vassoremu-sgd_rho0.2_theta=0.4_crt=random_p=0.05: Epoch: 0 [360/390] lr:0.050000 Train Loss:4.2275 Train Acc1:5.0619 Train Acc5:19.5183 Time:0.277s

2024-05-28 10:27:35 CIFAR100_cutout_wideresnet28x10_vassoremu-sgd_rho0.2_theta=0.4_crt=random_p=0.05: Epoch: 0 [370/390] lr:0.050000 Train Loss:4.2197 Train Acc1:5.1571 Train Acc5:19.8092 Time:0.280s

2024-05-28 10:27:38 CIFAR100_cutout_wideresnet28x10_vassoremu-sgd_rho0.2_theta=0.4_crt=random_p=0.05: Epoch: 0 [380/390] lr:0.050000 Train Loss:4.2132 Train Acc1:5.1878 Train Acc5:19.9742 Time:0.276s

2024-05-28 10:27:49 CIFAR100_cutout_wideresnet28x10_vassoremu-sgd_rho0.2_theta=0.4_crt=random_p=0.05: Epoch:0 Train Loss:4.2072 Train Acc1:5.2364 Train Acc5:20.1442 Test Loss:3.9141 Test Acc1:8.7500(Max:8.7500) Test Acc5:31.0100 Time:150.944s

2024-05-28 10:27:50 CIFAR100_cutout_wideresnet28x10_vassoremu-sgd_rho0.2_theta=0.4_crt=random_p=0.05: Epoch: 1 [0/390] lr:0.050000 Train Loss:3.9593 Train Acc1:7.8125 Train Acc5:23.4375 Time:0.540s

2024-05-28 10:27:53 CIFAR100_cutout_wideresnet28x10_vassoremu-sgd_rho0.2_theta=0.4_crt=random_p=0.05: Epoch: 1 [10/390] lr:0.050000 Train Loss:3.8380 Train Acc1:9.6591 Train Acc5:29.8295 Time:0.277s

2024-05-28 10:27:56 CIFAR100_cutout_wideresnet28x10_vassoremu-sgd_rho0.2_theta=0.4_crt=random_p=0.05: Epoch: 1 [20/390] lr:0.050000 Train Loss:3.8624 Train Acc1:9.3750 Train Acc5:29.9107 Time:0.281s

2024-05-28 10:27:59 CIFAR100_cutout_wideresnet28x10_vassoremu-sgd_rho0.2_theta=0.4_crt=random_p=0.05: Epoch: 1 [30/390] lr:0.050000 Train Loss:3.8647 Train Acc1:9.3750 Train Acc5:29.5867 Time:0.278s

2024-05-28 10:28:01 CIFAR100_cutout_wideresnet28x10_vassoremu-sgd_rho0.2_theta=0.4_crt=random_p=0.05: Epoch: 1 [40/390] lr:0.050000 Train Loss:3.8732 Train Acc1:9.3369 Train Acc5:29.7256 Time:0.277s

2024-05-28 10:28:04 CIFAR100_cutout_wideresnet28x10_vassoremu-sgd_rho0.2_theta=0.4_crt=random_p=0.05: Epoch: 1 [50/390] lr:0.050000 Train Loss:3.8695 Train Acc1:9.4669 Train Acc5:30.2390 Time:0.277s

2024-05-28 10:28:07 CIFAR100_cutout_wideresnet28x10_vassoremu-sgd_rho0.2_theta=0.4_crt=random_p=0.05: Epoch: 1 [60/390] lr:0.050000 Train Loss:3.8661 Train Acc1:9.3622 Train Acc5:30.4688 Time:0.276s

2024-05-28 10:28:10 CIFAR100_cutout_wideresnet28x10_vassoremu-sgd_rho0.2_theta=0.4_crt=random_p=0.05: Epoch: 1 [70/390] lr:0.050000 Train Loss:3.8609 Train Acc1:9.5841 Train Acc5:30.6998 Time:0.278s

2024-05-28 10:28:13 CIFAR100_cutout_wideresnet28x10_vassoremu-sgd_rho0.2_theta=0.4_crt=random_p=0.05: Epoch: 1 [80/390] lr:0.050000 Train Loss:3.8632 Train Acc1:9.4522 Train Acc5:30.5845 Time:0.278s

2024-05-28 10:28:16 CIFAR100_cutout_wideresnet28x10_vassoremu-sgd_rho0.2_theta=0.4_crt=random_p=0.05: Epoch: 1 [90/390] lr:0.050000 Train Loss:3.8714 Train Acc1:9.4609 Train Acc5:30.3056 Time:0.277s

2024-05-28 10:28:19 CIFAR100_cutout_wideresnet28x10_vassoremu-sgd_rho0.2_theta=0.4_crt=random_p=0.05: Epoch: 1 [100/390] lr:0.050000 Train Loss:3.8622 Train Acc1:9.5993 Train Acc5:30.6931 Time:0.277s

2024-05-28 10:28:21 CIFAR100_cutout_wideresnet28x10_vassoremu-sgd_rho0.2_theta=0.4_crt=random_p=0.05: Epoch: 1 [110/390] lr:0.050000 Train Loss:3.8596 Train Acc1:9.6425 Train Acc5:30.9122 Time:0.278s

2024-05-28 10:28:24 CIFAR100_cutout_wideresnet28x10_vassoremu-sgd_rho0.2_theta=0.4_crt=random_p=0.05: Epoch: 1 [120/390] lr:0.050000 Train Loss:3.8600 Train Acc1:9.6526 Train Acc5:30.8497 Time:0.278s

2024-05-28 10:28:27 CIFAR100_cutout_wideresnet28x10_vassoremu-sgd_rho0.2_theta=0.4_crt=random_p=0.05: Epoch: 1 [130/390] lr:0.050000 Train Loss:3.8570 Train Acc1:9.6911 Train Acc5:30.9041 Time:0.277s

2024-05-28 10:28:30 CIFAR100_cutout_wideresnet28x10_vassoremu-sgd_rho0.2_theta=0.4_crt=random_p=0.05: Epoch: 1 [140/390] lr:0.050000 Train Loss:3.8552 Train Acc1:9.7185 Train Acc5:30.8455 Time:0.278s

2024-05-28 10:28:33 CIFAR100_cutout_wideresnet28x10_vassoremu-sgd_rho0.2_theta=0.4_crt=random_p=0.05: Epoch: 1 [150/390] lr:0.050000 Train Loss:3.8503 Train Acc1:9.6958 Train Acc5:30.8827 Time:0.278s

2024-05-28 10:28:36 CIFAR100_cutout_wideresnet28x10_vassoremu-sgd_rho0.2_theta=0.4_crt=random_p=0.05: Epoch: 1 [160/390] lr:0.050000 Train Loss:3.8471 Train Acc1:9.7681 Train Acc5:31.0365 Time:0.277s

2024-05-28 10:28:39 CIFAR100_cutout_wideresnet28x10_vassoremu-sgd_rho0.2_theta=0.4_crt=random_p=0.05: Epoch: 1 [170/390] lr:0.050000 Train Loss:3.8445 Train Acc1:9.8410 Train Acc5:31.1586 Time:0.277s

2024-05-28 10:28:42 CIFAR100_cutout_wideresnet28x10_vassoremu-sgd_rho0.2_theta=0.4_crt=random_p=0.05: Epoch: 1 [180/390] lr:0.050000 Train Loss:3.8378 Train Acc1:9.9059 Train Acc5:31.3191 Time:0.283s

2024-05-28 10:28:46 CIFAR100_cutout_wideresnet28x10_vassoremu-sgd_rho0.2_theta=0.4_crt=random_p=0.05: Epoch: 1 [190/390] lr:0.050000 Train Loss:3.8337 Train Acc1:9.9517 Train Acc5:31.4872 Time:0.277s

2024-05-28 10:28:48 CIFAR100_cutout_wideresnet28x10_vassoremu-sgd_rho0.2_theta=0.4_crt=random_p=0.05: Epoch: 1 [200/390] lr:0.050000 Train Loss:3.8272 Train Acc1:10.0863 Train Acc5:31.6659 Time:0.277s

2024-05-28 10:28:51 CIFAR100_cutout_wideresnet28x10_vassoremu-sgd_rho0.2_theta=0.4_crt=random_p=0.05: Epoch: 1 [210/390] lr:0.050000 Train Loss:3.8220 Train Acc1:10.1488 Train Acc5:31.8239 Time:0.277s

2024-05-28 10:28:54 CIFAR100_cutout_wideresnet28x10_vassoremu-sgd_rho0.2_theta=0.4_crt=random_p=0.05: Epoch: 1 [220/390] lr:0.050000 Train Loss:3.8182 Train Acc1:10.2376 Train Acc5:32.0030 Time:0.278s

2024-05-28 10:28:57 CIFAR100_cutout_wideresnet28x10_vassoremu-sgd_rho0.2_theta=0.4_crt=random_p=0.05: Epoch: 1 [230/390] lr:0.050000 Train Loss:3.8121 Train Acc1:10.3152 Train Acc5:32.1665 Time:0.278s

2024-05-28 10:29:00 CIFAR100_cutout_wideresnet28x10_vassoremu-sgd_rho0.2_theta=0.4_crt=random_p=0.05: Epoch: 1 [240/390] lr:0.050000 Train Loss:3.8063 Train Acc1:10.3799 Train Acc5:32.4300 Time:0.279s

2024-05-28 10:29:03 CIFAR100_cutout_wideresnet28x10_vassoremu-sgd_rho0.2_theta=0.4_crt=random_p=0.05: Epoch: 1 [250/390] lr:0.050000 Train Loss:3.8028 Train Acc1:10.4021 Train Acc5:32.5604 Time:0.282s

2024-05-28 10:29:06 CIFAR100_cutout_wideresnet28x10_vassoremu-sgd_rho0.2_theta=0.4_crt=random_p=0.05: Epoch: 1 [260/390] lr:0.050000 Train Loss:3.7981 Train Acc1:10.4107 Train Acc5:32.6748 Time:0.278s

2024-05-28 10:29:08 CIFAR100_cutout_wideresnet28x10_vassoremu-sgd_rho0.2_theta=0.4_crt=random_p=0.05: Epoch: 1 [270/390] lr:0.050000 Train Loss:3.7927 Train Acc1:10.5080 Train Acc5:32.8471 Time:0.278s

2024-05-28 10:29:11 CIFAR100_cutout_wideresnet28x10_vassoremu-sgd_rho0.2_theta=0.4_crt=random_p=0.05: Epoch: 1 [280/390] lr:0.050000 Train Loss:3.7881 Train Acc1:10.5900 Train Acc5:33.0488 Time:0.278s

2024-05-28 10:29:14 CIFAR100_cutout_wideresnet28x10_vassoremu-sgd_rho0.2_theta=0.4_crt=random_p=0.05: Epoch: 1 [290/390] lr:0.050000 Train Loss:3.7855 Train Acc1:10.6127 Train Acc5:33.1105 Time:0.278s

2024-05-28 10:29:17 CIFAR100_cutout_wideresnet28x10_vassoremu-sgd_rho0.2_theta=0.4_crt=random_p=0.05: Epoch: 1 [300/390] lr:0.050000 Train Loss:3.7828 Train Acc1:10.6312 Train Acc5:33.2252 Time:0.278s

2024-05-28 10:29:20 CIFAR100_cutout_wideresnet28x10_vassoremu-sgd_rho0.2_theta=0.4_crt=random_p=0.05: Epoch: 1 [310/390] lr:0.050000 Train Loss:3.7786 Train Acc1:10.6511 Train Acc5:33.3224 Time:0.278s

2024-05-28 10:29:23 CIFAR100_cutout_wideresnet28x10_vassoremu-sgd_rho0.2_theta=0.4_crt=random_p=0.05: Epoch: 1 [320/390] lr:0.050000 Train Loss:3.7741 Train Acc1:10.7160 Train Acc5:33.4648 Time:0.278s

2024-05-28 10:29:26 CIFAR100_cutout_wideresnet28x10_vassoremu-sgd_rho0.2_theta=0.4_crt=random_p=0.05: Epoch: 1 [330/390] lr:0.050000 Train Loss:3.7695 Train Acc1:10.8431 Train Acc5:33.6056 Time:0.278s

2024-05-28 10:29:28 CIFAR100_cutout_wideresnet28x10_vassoremu-sgd_rho0.2_theta=0.4_crt=random_p=0.05: Epoch: 1 [340/390] lr:0.050000 Train Loss:3.7656 Train Acc1:10.9215 Train Acc5:33.7404 Time:0.278s

2024-05-28 10:29:31 CIFAR100_cutout_wideresnet28x10_vassoremu-sgd_rho0.2_theta=0.4_crt=random_p=0.05: Epoch: 1 [350/390] lr:0.050000 Train Loss:3.7603 Train Acc1:11.0043 Train Acc5:33.8831 Time:0.278s

2024-05-28 10:29:34 CIFAR100_cutout_wideresnet28x10_vassoremu-sgd_rho0.2_theta=0.4_crt=random_p=0.05: Epoch: 1 [360/390] lr:0.050000 Train Loss:3.7547 Train Acc1:11.0673 Train Acc5:34.0461 Time:0.278s

2024-05-28 10:29:37 CIFAR100_cutout_wideresnet28x10_vassoremu-sgd_rho0.2_theta=0.4_crt=random_p=0.05: Epoch: 1 [370/390] lr:0.050000 Train Loss:3.7507 Train Acc1:11.1376 Train Acc5:34.1307 Time:0.279s

2024-05-28 10:29:40 CIFAR100_cutout_wideresnet28x10_vassoremu-sgd_rho0.2_theta=0.4_crt=random_p=0.05: Epoch: 1 [380/390] lr:0.050000 Train Loss:3.7462 Train Acc1:11.2225 Train Acc5:34.3360 Time:0.544s

2024-05-28 10:29:51 CIFAR100_cutout_wideresnet28x10_vassoremu-sgd_rho0.2_theta=0.4_crt=random_p=0.05: Epoch:1 Train Loss:3.7423 Train Acc1:11.3001 Train Acc5:34.4651 Test Loss:3.5412 Test Acc1:14.7900(Max:14.7900) Test Acc5:40.9500 Time:121.919s

2024-05-28 10:29:51 CIFAR100_cutout_wideresnet28x10_vassoremu-sgd_rho0.2_theta=0.4_crt=random_p=0.05: Epoch: 2 [0/390] lr:0.049997 Train Loss:3.6443 Train Acc1:14.0625 Train Acc5:36.7188 Time:0.277s

2024-05-28 10:29:54 CIFAR100_cutout_wideresnet28x10_vassoremu-sgd_rho0.2_theta=0.4_crt=random_p=0.05: Epoch: 2 [10/390] lr:0.049997 Train Loss:3.5054 Train Acc1:16.0511 Train Acc5:41.9034 Time:0.278s

2024-05-28 10:29:57 CIFAR100_cutout_wideresnet28x10_vassoremu-sgd_rho0.2_theta=0.4_crt=random_p=0.05: Epoch: 2 [20/390] lr:0.049997 Train Loss:3.5011 Train Acc1:16.0714 Train Acc5:42.8199 Time:0.279s

2024-05-28 10:30:00 CIFAR100_cutout_wideresnet28x10_vassoremu-sgd_rho0.2_theta=0.4_crt=random_p=0.05: Epoch: 2 [30/390] lr:0.049997 Train Loss:3.5016 Train Acc1:15.9274 Train Acc5:43.0696 Time:0.278s

2024-05-28 10:30:03 CIFAR100_cutout_wideresnet28x10_vassoremu-sgd_rho0.2_theta=0.4_crt=random_p=0.05: Epoch: 2 [40/390] lr:0.049997 Train Loss:3.5075 Train Acc1:15.5107 Train Acc5:42.2637 Time:0.278s

2024-05-28 10:30:06 CIFAR100_cutout_wideresnet28x10_vassoremu-sgd_rho0.2_theta=0.4_crt=random_p=0.05: Epoch: 2 [50/390] lr:0.049997 Train Loss:3.5065 Train Acc1:15.7935 Train Acc5:42.2181 Time:0.278s

2024-05-28 10:30:09 CIFAR100_cutout_wideresnet28x10_vassoremu-sgd_rho0.2_theta=0.4_crt=random_p=0.05: Epoch: 2 [60/390] lr:0.049997 Train Loss:3.5086 Train Acc1:15.8555 Train Acc5:41.9826 Time:0.278s

2024-05-28 10:30:12 CIFAR100_cutout_wideresnet28x10_vassoremu-sgd_rho0.2_theta=0.4_crt=random_p=0.05: Epoch: 2 [70/390] lr:0.049997 Train Loss:3.5155 Train Acc1:15.8891 Train Acc5:42.0224 Time:0.284s

2024-05-28 10:30:15 CIFAR100_cutout_wideresnet28x10_vassoremu-sgd_rho0.2_theta=0.4_crt=random_p=0.05: Epoch: 2 [80/390] lr:0.049997 Train Loss:3.5210 Train Acc1:15.6925 Train Acc5:41.8596 Time:0.283s

2024-05-28 10:30:19 CIFAR100_cutout_wideresnet28x10_vassoremu-sgd_rho0.2_theta=0.4_crt=random_p=0.05: Epoch: 2 [90/390] lr:0.049997 Train Loss:3.5227 Train Acc1:15.6937 Train Acc5:41.7668 Time:0.546s

2024-05-28 10:30:21 CIFAR100_cutout_wideresnet28x10_vassoremu-sgd_rho0.2_theta=0.4_crt=random_p=0.05: Epoch: 2 [100/390] lr:0.049997 Train Loss:3.5174 Train Acc1:15.9421 Train Acc5:41.9090 Time:0.283s

2024-05-28 10:30:24 CIFAR100_cutout_wideresnet28x10_vassoremu-sgd_rho0.2_theta=0.4_crt=random_p=0.05: Epoch: 2 [110/390] lr:0.049997 Train Loss:3.5069 Train Acc1:15.9980 Train Acc5:42.1242 Time:0.545s

2024-05-28 10:30:27 CIFAR100_cutout_wideresnet28x10_vassoremu-sgd_rho0.2_theta=0.4_crt=random_p=0.05: Epoch: 2 [120/390] lr:0.049997 Train Loss:3.4982 Train Acc1:16.0124 Train Acc5:42.2779 Time:0.282s

2024-05-28 10:30:30 CIFAR100_cutout_wideresnet28x10_vassoremu-sgd_rho0.2_theta=0.4_crt=random_p=0.05: Epoch: 2 [130/390] lr:0.049997 Train Loss:3.4982 Train Acc1:16.0663 Train Acc5:42.2650 Time:0.278s

2024-05-28 10:30:33 CIFAR100_cutout_wideresnet28x10_vassoremu-sgd_rho0.2_theta=0.4_crt=random_p=0.05: Epoch: 2 [140/390] lr:0.049997 Train Loss:3.4978 Train Acc1:16.0018 Train Acc5:42.3980 Time:0.278s

2024-05-28 10:30:36 CIFAR100_cutout_wideresnet28x10_vassoremu-sgd_rho0.2_theta=0.4_crt=random_p=0.05: Epoch: 2 [150/390] lr:0.049997 Train Loss:3.4966 Train Acc1:15.9561 Train Acc5:42.3427 Time:0.278s

2024-05-28 10:30:39 CIFAR100_cutout_wideresnet28x10_vassoremu-sgd_rho0.2_theta=0.4_crt=random_p=0.05: Epoch: 2 [160/390] lr:0.049997 Train Loss:3.4891 Train Acc1:16.0714 Train Acc5:42.5757 Time:0.278s

2024-05-28 10:30:42 CIFAR100_cutout_wideresnet28x10_vassoremu-sgd_rho0.2_theta=0.4_crt=random_p=0.05: Epoch: 2 [170/390] lr:0.049997 Train Loss:3.4849 Train Acc1:16.1732 Train Acc5:42.7083 Time:0.278s

2024-05-28 10:30:45 CIFAR100_cutout_wideresnet28x10_vassoremu-sgd_rho0.2_theta=0.4_crt=random_p=0.05: Epoch: 2 [180/390] lr:0.049997 Train Loss:3.4805 Train Acc1:16.3372 Train Acc5:42.9256 Time:0.283s

2024-05-28 10:30:48 CIFAR100_cutout_wideresnet28x10_vassoremu-sgd_rho0.2_theta=0.4_crt=random_p=0.05: Epoch: 2 [190/390] lr:0.049997 Train Loss:3.4722 Train Acc1:16.3899 Train Acc5:43.1446 Time:0.278s

2024-05-28 10:30:51 CIFAR100_cutout_wideresnet28x10_vassoremu-sgd_rho0.2_theta=0.4_crt=random_p=0.05: Epoch: 2 [200/390] lr:0.049997 Train Loss:3.4696 Train Acc1:16.3946 Train Acc5:43.1903 Time:0.279s

2024-05-28 10:30:54 CIFAR100_cutout_wideresnet28x10_vassoremu-sgd_rho0.2_theta=0.4_crt=random_p=0.05: Epoch: 2 [210/390] lr:0.049997 Train Loss:3.4649 Train Acc1:16.4877 Train Acc5:43.4464 Time:0.278s

2024-05-28 10:30:57 CIFAR100_cutout_wideresnet28x10_vassoremu-sgd_rho0.2_theta=0.4_crt=random_p=0.05: Epoch: 2 [220/390] lr:0.049997 Train Loss:3.4604 Train Acc1:16.5795 Train Acc5:43.6298 Time:0.546s

2024-05-28 10:31:00 CIFAR100_cutout_wideresnet28x10_vassoremu-sgd_rho0.2_theta=0.4_crt=random_p=0.05: Epoch: 2 [230/390] lr:0.049997 Train Loss:3.4557 Train Acc1:16.6362 Train Acc5:43.7094 Time:0.278s

2024-05-28 10:31:03 CIFAR100_cutout_wideresnet28x10_vassoremu-sgd_rho0.2_theta=0.4_crt=random_p=0.05: Epoch: 2 [240/390] lr:0.049997 Train Loss:3.4506 Train Acc1:16.7045 Train Acc5:43.8375 Time:0.279s

2024-05-28 10:31:06 CIFAR100_cutout_wideresnet28x10_vassoremu-sgd_rho0.2_theta=0.4_crt=random_p=0.05: Epoch: 2 [250/390] lr:0.049997 Train Loss:3.4443 Train Acc1:16.8358 Train Acc5:44.0021 Time:0.283s

2024-05-28 10:31:09 CIFAR100_cutout_wideresnet28x10_vassoremu-sgd_rho0.2_theta=0.4_crt=random_p=0.05: Epoch: 2 [260/390] lr:0.049997 Train Loss:3.4408 Train Acc1:16.8193 Train Acc5:44.0463 Time:0.279s

2024-05-28 10:31:12 CIFAR100_cutout_wideresnet28x10_vassoremu-sgd_rho0.2_theta=0.4_crt=random_p=0.05: Epoch: 2 [270/390] lr:0.049997 Train Loss:3.4391 Train Acc1:16.8848 Train Acc5:44.0585 Time:0.279s

2024-05-28 10:31:14 CIFAR100_cutout_wideresnet28x10_vassoremu-sgd_rho0.2_theta=0.4_crt=random_p=0.05: Epoch: 2 [280/390] lr:0.049997 Train Loss:3.4325 Train Acc1:16.9901 Train Acc5:44.2004 Time:0.279s

2024-05-28 10:31:17 CIFAR100_cutout_wideresnet28x10_vassoremu-sgd_rho0.2_theta=0.4_crt=random_p=0.05: Epoch: 2 [290/390] lr:0.049997 Train Loss:3.4297 Train Acc1:17.0667 Train Acc5:44.2923 Time:0.282s

2024-05-28 10:31:20 CIFAR100_cutout_wideresnet28x10_vassoremu-sgd_rho0.2_theta=0.4_crt=random_p=0.05: Epoch: 2 [300/390] lr:0.049997 Train Loss:3.4254 Train Acc1:17.1641 Train Acc5:44.3703 Time:0.279s

2024-05-28 10:31:23 CIFAR100_cutout_wideresnet28x10_vassoremu-sgd_rho0.2_theta=0.4_crt=random_p=0.05: Epoch: 2 [310/390] lr:0.049997 Train Loss:3.4234 Train Acc1:17.1825 Train Acc5:44.4031 Time:0.278s

2024-05-28 10:31:26 CIFAR100_cutout_wideresnet28x10_vassoremu-sgd_rho0.2_theta=0.4_crt=random_p=0.05: Epoch: 2 [320/390] lr:0.049997 Train Loss:3.4194 Train Acc1:17.2435 Train Acc5:44.5532 Time:0.279s

2024-05-28 10:31:29 CIFAR100_cutout_wideresnet28x10_vassoremu-sgd_rho0.2_theta=0.4_crt=random_p=0.05: Epoch: 2 [330/390] lr:0.049997 Train Loss:3.4157 Train Acc1:17.3338 Train Acc5:44.6870 Time:0.279s

2024-05-28 10:31:32 CIFAR100_cutout_wideresnet28x10_vassoremu-sgd_rho0.2_theta=0.4_crt=random_p=0.05: Epoch: 2 [340/390] lr:0.049997 Train Loss:3.4120 Train Acc1:17.3479 Train Acc5:44.7924 Time:0.278s

2024-05-28 10:31:34 CIFAR100_cutout_wideresnet28x10_vassoremu-sgd_rho0.2_theta=0.4_crt=random_p=0.05: Epoch: 2 [350/390] lr:0.049997 Train Loss:3.4094 Train Acc1:17.3700 Train Acc5:44.9141 Time:0.279s

2024-05-28 10:31:37 CIFAR100_cutout_wideresnet28x10_vassoremu-sgd_rho0.2_theta=0.4_crt=random_p=0.05: Epoch: 2 [360/390] lr:0.049997 Train Loss:3.4069 Train Acc1:17.4126 Train Acc5:44.9684 Time:0.279s

2024-05-28 10:31:40 CIFAR100_cutout_wideresnet28x10_vassoremu-sgd_rho0.2_theta=0.4_crt=random_p=0.05: Epoch: 2 [370/390] lr:0.049997 Train Loss:3.4039 Train Acc1:17.4634 Train Acc5:45.1040 Time:0.284s

2024-05-28 10:31:43 CIFAR100_cutout_wideresnet28x10_vassoremu-sgd_rho0.2_theta=0.4_crt=random_p=0.05: Epoch: 2 [380/390] lr:0.049997 Train Loss:3.3980 Train Acc1:17.5299 Train Acc5:45.2612 Time:0.278s

2024-05-28 10:31:54 CIFAR100_cutout_wideresnet28x10_vassoremu-sgd_rho0.2_theta=0.4_crt=random_p=0.05: Epoch:2 Train Loss:3.3957 Train Acc1:17.5641 Train Acc5:45.3325 Test Loss:3.3985 Test Acc1:18.5100(Max:18.5100) Test Acc5:46.2800 Time:122.980s

2024-05-28 10:31:54 CIFAR100_cutout_wideresnet28x10_vassoremu-sgd_rho0.2_theta=0.4_crt=random_p=0.05: Epoch: 3 [0/390] lr:0.049988 Train Loss:3.1843 Train Acc1:22.6562 Train Acc5:52.3438 Time:0.282s

2024-05-28 10:31:58 CIFAR100_cutout_wideresnet28x10_vassoremu-sgd_rho0.2_theta=0.4_crt=random_p=0.05: Epoch: 3 [10/390] lr:0.049988 Train Loss:3.1963 Train Acc1:20.3835 Train Acc5:49.6449 Time:0.282s

2024-05-28 10:32:01 CIFAR100_cutout_wideresnet28x10_vassoremu-sgd_rho0.2_theta=0.4_crt=random_p=0.05: Epoch: 3 [20/390] lr:0.049988 Train Loss:3.1882 Train Acc1:20.9449 Train Acc5:50.7068 Time:0.279s

2024-05-28 10:32:04 CIFAR100_cutout_wideresnet28x10_vassoremu-sgd_rho0.2_theta=0.4_crt=random_p=0.05: Epoch: 3 [30/390] lr:0.049988 Train Loss:3.1855 Train Acc1:20.9929 Train Acc5:50.4284 Time:0.278s

2024-05-28 10:32:07 CIFAR100_cutout_wideresnet28x10_vassoremu-sgd_rho0.2_theta=0.4_crt=random_p=0.05: Epoch: 3 [40/390] lr:0.049988 Train Loss:3.1763 Train Acc1:21.2652 Train Acc5:50.8765 Time:0.278s

2024-05-28 10:32:10 CIFAR100_cutout_wideresnet28x10_vassoremu-sgd_rho0.2_theta=0.4_crt=random_p=0.05: Epoch: 3 [50/390] lr:0.049988 Train Loss:3.1752 Train Acc1:21.2929 Train Acc5:50.9498 Time:0.284s

2024-05-28 10:32:13 CIFAR100_cutout_wideresnet28x10_vassoremu-sgd_rho0.2_theta=0.4_crt=random_p=0.05: Epoch: 3 [60/390] lr:0.049988 Train Loss:3.1742 Train Acc1:21.0553 Train Acc5:51.0630 Time:0.283s

2024-05-28 10:32:15 CIFAR100_cutout_wideresnet28x10_vassoremu-sgd_rho0.2_theta=0.4_crt=random_p=0.05: Epoch: 3 [70/390] lr:0.049988 Train Loss:3.1708 Train Acc1:21.0938 Train Acc5:51.0673 Time:0.279s

2024-05-28 10:32:18 CIFAR100_cutout_wideresnet28x10_vassoremu-sgd_rho0.2_theta=0.4_crt=random_p=0.05: Epoch: 3 [80/390] lr:0.049988 Train Loss:3.1695 Train Acc1:21.0648 Train Acc5:51.2346 Time:0.279s

2024-05-28 10:32:21 CIFAR100_cutout_wideresnet28x10_vassoremu-sgd_rho0.2_theta=0.4_crt=random_p=0.05: Epoch: 3 [90/390] lr:0.049988 Train Loss:3.1624 Train Acc1:21.1281 Train Acc5:51.4509 Time:0.279s

2024-05-28 10:32:24 CIFAR100_cutout_wideresnet28x10_vassoremu-sgd_rho0.2_theta=0.4_crt=random_p=0.05: Epoch: 3 [100/390] lr:0.049988 Train Loss:3.1639 Train Acc1:21.4032 Train Acc5:51.2995 Time:0.283s

2024-05-28 10:32:27 CIFAR100_cutout_wideresnet28x10_vassoremu-sgd_rho0.2_theta=0.4_crt=random_p=0.05: Epoch: 3 [110/390] lr:0.049988 Train Loss:3.1647 Train Acc1:21.5935 Train Acc5:51.3232 Time:0.284s

2024-05-28 10:32:30 CIFAR100_cutout_wideresnet28x10_vassoremu-sgd_rho0.2_theta=0.4_crt=random_p=0.05: Epoch: 3 [120/390] lr:0.049988 Train Loss:3.1569 Train Acc1:21.7459 Train Acc5:51.4915 Time:0.278s

2024-05-28 10:32:33 CIFAR100_cutout_wideresnet28x10_vassoremu-sgd_rho0.2_theta=0.4_crt=random_p=0.05: Epoch: 3 [130/390] lr:0.049988 Train Loss:3.1504 Train Acc1:21.9167 Train Acc5:51.5804 Time:0.279s

2024-05-28 10:32:36 CIFAR100_cutout_wideresnet28x10_vassoremu-sgd_rho0.2_theta=0.4_crt=random_p=0.05: Epoch: 3 [140/390] lr:0.049988 Train Loss:3.1438 Train Acc1:22.1243 Train Acc5:51.8174 Time:0.284s

2024-05-28 10:32:39 CIFAR100_cutout_wideresnet28x10_vassoremu-sgd_rho0.2_theta=0.4_crt=random_p=0.05: Epoch: 3 [150/390] lr:0.049988 Train Loss:3.1385 Train Acc1:22.2682 Train Acc5:51.9195 Time:0.284s

2024-05-28 10:32:41 CIFAR100_cutout_wideresnet28x10_vassoremu-sgd_rho0.2_theta=0.4_crt=random_p=0.05: Epoch: 3 [160/390] lr:0.049988 Train Loss:3.1309 Train Acc1:22.3311 Train Acc5:52.1739 Time:0.278s

2024-05-28 10:32:44 CIFAR100_cutout_wideresnet28x10_vassoremu-sgd_rho0.2_theta=0.4_crt=random_p=0.05: Epoch: 3 [170/390] lr:0.049988 Train Loss:3.1306 Train Acc1:22.2862 Train Acc5:52.1107 Time:0.279s

2024-05-28 10:32:47 CIFAR100_cutout_wideresnet28x10_vassoremu-sgd_rho0.2_theta=0.4_crt=random_p=0.05: Epoch: 3 [180/390] lr:0.049988 Train Loss:3.1283 Train Acc1:22.3153 Train Acc5:52.1279 Time:0.279s

2024-05-28 10:32:50 CIFAR100_cutout_wideresnet28x10_vassoremu-sgd_rho0.2_theta=0.4_crt=random_p=0.05: Epoch: 3 [190/390] lr:0.049988 Train Loss:3.1218 Train Acc1:22.4640 Train Acc5:52.3274 Time:0.282s

2024-05-28 10:32:53 CIFAR100_cutout_wideresnet28x10_vassoremu-sgd_rho0.2_theta=0.4_crt=random_p=0.05: Epoch: 3 [200/390] lr:0.049988 Train Loss:3.1206 Train Acc1:22.4619 Train Acc5:52.3282 Time:0.279s

2024-05-28 10:32:55 CIFAR100_cutout_wideresnet28x10_vassoremu-sgd_rho0.2_theta=0.4_crt=random_p=0.05: Epoch: 3 [210/390] lr:0.049988 Train Loss:3.1160 Train Acc1:22.6044 Train Acc5:52.4807 Time:0.279s

2024-05-28 10:32:58 CIFAR100_cutout_wideresnet28x10_vassoremu-sgd_rho0.2_theta=0.4_crt=random_p=0.05: Epoch: 3 [220/390] lr:0.049988 Train Loss:3.1154 Train Acc1:22.6244 Train Acc5:52.5276 Time:0.279s

2024-05-28 10:33:02 CIFAR100_cutout_wideresnet28x10_vassoremu-sgd_rho0.2_theta=0.4_crt=random_p=0.05: Epoch: 3 [230/390] lr:0.049988 Train Loss:3.1118 Train Acc1:22.6630 Train Acc5:52.6008 Time:0.279s

2024-05-28 10:33:04 CIFAR100_cutout_wideresnet28x10_vassoremu-sgd_rho0.2_theta=0.4_crt=random_p=0.05: Epoch: 3 [240/390] lr:0.049988 Train Loss:3.1071 Train Acc1:22.7146 Train Acc5:52.7457 Time:0.284s

2024-05-28 10:33:07 CIFAR100_cutout_wideresnet28x10_vassoremu-sgd_rho0.2_theta=0.4_crt=random_p=0.05: Epoch: 3 [250/390] lr:0.049988 Train Loss:3.1026 Train Acc1:22.7403 Train Acc5:52.8324 Time:0.283s

2024-05-28 10:33:11 CIFAR100_cutout_wideresnet28x10_vassoremu-sgd_rho0.2_theta=0.4_crt=random_p=0.05: Epoch: 3 [260/390] lr:0.049988 Train Loss:3.0978 Train Acc1:22.8478 Train Acc5:52.9574 Time:0.285s

2024-05-28 10:33:14 CIFAR100_cutout_wideresnet28x10_vassoremu-sgd_rho0.2_theta=0.4_crt=random_p=0.05: Epoch: 3 [270/390] lr:0.049988 Train Loss:3.0919 Train Acc1:22.9589 Train Acc5:53.1452 Time:0.279s

2024-05-28 10:33:17 CIFAR100_cutout_wideresnet28x10_vassoremu-sgd_rho0.2_theta=0.4_crt=random_p=0.05: Epoch: 3 [280/390] lr:0.049988 Train Loss:3.0881 Train Acc1:23.0038 Train Acc5:53.2167 Time:0.285s

2024-05-28 10:33:19 CIFAR100_cutout_wideresnet28x10_vassoremu-sgd_rho0.2_theta=0.4_crt=random_p=0.05: Epoch: 3 [290/390] lr:0.049988 Train Loss:3.0843 Train Acc1:23.0616 Train Acc5:53.3237 Time:0.278s

2024-05-28 10:33:22 CIFAR100_cutout_wideresnet28x10_vassoremu-sgd_rho0.2_theta=0.4_crt=random_p=0.05: Epoch: 3 [300/390] lr:0.049988 Train Loss:3.0788 Train Acc1:23.1779 Train Acc5:53.4728 Time:0.283s

2024-05-28 10:33:26 CIFAR100_cutout_wideresnet28x10_vassoremu-sgd_rho0.2_theta=0.4_crt=random_p=0.05: Epoch: 3 [310/390] lr:0.049988 Train Loss:3.0765 Train Acc1:23.2190 Train Acc5:53.5747 Time:0.278s

2024-05-28 10:33:28 CIFAR100_cutout_wideresnet28x10_vassoremu-sgd_rho0.2_theta=0.4_crt=random_p=0.05: Epoch: 3 [320/390] lr:0.049988 Train Loss:3.0713 Train Acc1:23.3377 Train Acc5:53.6702 Time:0.279s

2024-05-28 10:33:31 CIFAR100_cutout_wideresnet28x10_vassoremu-sgd_rho0.2_theta=0.4_crt=random_p=0.05: Epoch: 3 [330/390] lr:0.049988 Train Loss:3.0650 Train Acc1:23.3785 Train Acc5:53.8354 Time:0.278s

2024-05-28 10:33:34 CIFAR100_cutout_wideresnet28x10_vassoremu-sgd_rho0.2_theta=0.4_crt=random_p=0.05: Epoch: 3 [340/390] lr:0.049988 Train Loss:3.0593 Train Acc1:23.4352 Train Acc5:53.9681 Time:0.279s

2024-05-28 10:33:37 CIFAR100_cutout_wideresnet28x10_vassoremu-sgd_rho0.2_theta=0.4_crt=random_p=0.05: Epoch: 3 [350/390] lr:0.049988 Train Loss:3.0544 Train Acc1:23.5777 Train Acc5:54.1021 Time:0.278s

2024-05-28 10:33:40 CIFAR100_cutout_wideresnet28x10_vassoremu-sgd_rho0.2_theta=0.4_crt=random_p=0.05: Epoch: 3 [360/390] lr:0.049988 Train Loss:3.0500 Train Acc1:23.6517 Train Acc5:54.2071 Time:0.283s

2024-05-28 10:33:43 CIFAR100_cutout_wideresnet28x10_vassoremu-sgd_rho0.2_theta=0.4_crt=random_p=0.05: Epoch: 3 [370/390] lr:0.049988 Train Loss:3.0473 Train Acc1:23.6691 Train Acc5:54.2790 Time:0.279s

2024-05-28 10:33:46 CIFAR100_cutout_wideresnet28x10_vassoremu-sgd_rho0.2_theta=0.4_crt=random_p=0.05: Epoch: 3 [380/390] lr:0.049988 Train Loss:3.0437 Train Acc1:23.7656 Train Acc5:54.3779 Time:0.278s

2024-05-28 10:33:57 CIFAR100_cutout_wideresnet28x10_vassoremu-sgd_rho0.2_theta=0.4_crt=random_p=0.05: Epoch:3 Train Loss:3.0401 Train Acc1:23.8341 Train Acc5:54.4772 Test Loss:2.7723 Test Acc1:29.6100(Max:29.6100) Test Acc5:61.3300 Time:123.123s

2024-05-28 10:33:58 CIFAR100_cutout_wideresnet28x10_vassoremu-sgd_rho0.2_theta=0.4_crt=random_p=0.05: Epoch: 4 [0/390] lr:0.049972 Train Loss:2.6224 Train Acc1:30.4688 Train Acc5:62.5000 Time:0.282s

2024-05-28 10:34:00 CIFAR100_cutout_wideresnet28x10_vassoremu-sgd_rho0.2_theta=0.4_crt=random_p=0.05: Epoch: 4 [10/390] lr:0.049972 Train Loss:2.8401 Train Acc1:26.4205 Train Acc5:58.4517 Time:0.283s

2024-05-28 10:34:03 CIFAR100_cutout_wideresnet28x10_vassoremu-sgd_rho0.2_theta=0.4_crt=random_p=0.05: Epoch: 4 [20/390] lr:0.049972 Train Loss:2.8449 Train Acc1:26.0417 Train Acc5:59.8586 Time:0.279s

2024-05-28 10:34:07 CIFAR100_cutout_wideresnet28x10_vassoremu-sgd_rho0.2_theta=0.4_crt=random_p=0.05: Epoch: 4 [30/390] lr:0.049972 Train Loss:2.8339 Train Acc1:26.6381 Train Acc5:60.3327 Time:0.279s

2024-05-28 10:34:10 CIFAR100_cutout_wideresnet28x10_vassoremu-sgd_rho0.2_theta=0.4_crt=random_p=0.05: Epoch: 4 [40/390] lr:0.049972 Train Loss:2.8273 Train Acc1:26.9245 Train Acc5:60.3849 Time:0.283s

2024-05-28 10:34:12 CIFAR100_cutout_wideresnet28x10_vassoremu-sgd_rho0.2_theta=0.4_crt=random_p=0.05: Epoch: 4 [50/390] lr:0.049972 Train Loss:2.8079 Train Acc1:27.6961 Train Acc5:60.7230 Time:0.279s

2024-05-28 10:34:15 CIFAR100_cutout_wideresnet28x10_vassoremu-sgd_rho0.2_theta=0.4_crt=random_p=0.05: Epoch: 4 [60/390] lr:0.049972 Train Loss:2.7986 Train Acc1:28.0225 Train Acc5:60.9247 Time:0.279s

2024-05-28 10:34:18 CIFAR100_cutout_wideresnet28x10_vassoremu-sgd_rho0.2_theta=0.4_crt=random_p=0.05: Epoch: 4 [70/390] lr:0.049972 Train Loss:2.7855 Train Acc1:28.1360 Train Acc5:61.1686 Time:0.280s

2024-05-28 10:34:21 CIFAR100_cutout_wideresnet28x10_vassoremu-sgd_rho0.2_theta=0.4_crt=random_p=0.05: Epoch: 4 [80/390] lr:0.049972 Train Loss:2.7921 Train Acc1:28.0961 Train Acc5:60.9664 Time:0.284s

2024-05-28 10:34:24 CIFAR100_cutout_wideresnet28x10_vassoremu-sgd_rho0.2_theta=0.4_crt=random_p=0.05: Epoch: 4 [90/390] lr:0.049972 Train Loss:2.7963 Train Acc1:28.1078 Train Acc5:60.7400 Time:0.278s

2024-05-28 10:34:27 CIFAR100_cutout_wideresnet28x10_vassoremu-sgd_rho0.2_theta=0.4_crt=random_p=0.05: Epoch: 4 [100/390] lr:0.049972 Train Loss:2.7949 Train Acc1:28.1482 Train Acc5:60.7905 Time:0.279s

2024-05-28 10:34:30 CIFAR100_cutout_wideresnet28x10_vassoremu-sgd_rho0.2_theta=0.4_crt=random_p=0.05: Epoch: 4 [110/390] lr:0.049972 Train Loss:2.7922 Train Acc1:28.3713 Train Acc5:60.8953 Time:0.278s

2024-05-28 10:34:33 CIFAR100_cutout_wideresnet28x10_vassoremu-sgd_rho0.2_theta=0.4_crt=random_p=0.05: Epoch: 4 [120/390] lr:0.049972 Train Loss:2.7888 Train Acc1:28.2800 Train Acc5:60.9052 Time:0.283s

2024-05-28 10:34:36 CIFAR100_cutout_wideresnet28x10_vassoremu-sgd_rho0.2_theta=0.4_crt=random_p=0.05: Epoch: 4 [130/390] lr:0.049972 Train Loss:2.7831 Train Acc1:28.2979 Train Acc5:60.9614 Time:0.282s

2024-05-28 10:34:39 CIFAR100_cutout_wideresnet28x10_vassoremu-sgd_rho0.2_theta=0.4_crt=random_p=0.05: Epoch: 4 [140/390] lr:0.049972 Train Loss:2.7815 Train Acc1:28.2635 Train Acc5:61.0594 Time:0.279s

2024-05-28 10:34:41 CIFAR100_cutout_wideresnet28x10_vassoremu-sgd_rho0.2_theta=0.4_crt=random_p=0.05: Epoch: 4 [150/390] lr:0.049972 Train Loss:2.7724 Train Acc1:28.4768 Train Acc5:61.2686 Time:0.279s

2024-05-28 10:34:45 CIFAR100_cutout_wideresnet28x10_vassoremu-sgd_rho0.2_theta=0.4_crt=random_p=0.05: Epoch: 4 [160/390] lr:0.049972 Train Loss:2.7696 Train Acc1:28.4986 Train Acc5:61.3354 Time:0.284s

2024-05-28 10:34:47 CIFAR100_cutout_wideresnet28x10_vassoremu-sgd_rho0.2_theta=0.4_crt=random_p=0.05: Epoch: 4 [170/390] lr:0.049972 Train Loss:2.7677 Train Acc1:28.4905 Train Acc5:61.4126 Time:0.279s

2024-05-28 10:34:51 CIFAR100_cutout_wideresnet28x10_vassoremu-sgd_rho0.2_theta=0.4_crt=random_p=0.05: Epoch: 4 [180/390] lr:0.049972 Train Loss:2.7698 Train Acc1:28.4962 Train Acc5:61.3260 Time:0.283s

2024-05-28 10:34:53 CIFAR100_cutout_wideresnet28x10_vassoremu-sgd_rho0.2_theta=0.4_crt=random_p=0.05: Epoch: 4 [190/390] lr:0.049972 Train Loss:2.7589 Train Acc1:28.6690 Train Acc5:61.6738 Time:0.279s

2024-05-28 10:34:56 CIFAR100_cutout_wideresnet28x10_vassoremu-sgd_rho0.2_theta=0.4_crt=random_p=0.05: Epoch: 4 [200/390] lr:0.049972 Train Loss:2.7536 Train Acc1:28.8169 Train Acc5:61.8159 Time:0.282s

2024-05-28 10:34:59 CIFAR100_cutout_wideresnet28x10_vassoremu-sgd_rho0.2_theta=0.4_crt=random_p=0.05: Epoch: 4 [210/390] lr:0.049972 Train Loss:2.7483 Train Acc1:28.9470 Train Acc5:61.9409 Time:0.279s

2024-05-28 10:35:02 CIFAR100_cutout_wideresnet28x10_vassoremu-sgd_rho0.2_theta=0.4_crt=random_p=0.05: Epoch: 4 [220/390] lr:0.049972 Train Loss:2.7447 Train Acc1:29.0618 Train Acc5:62.0228 Time:0.278s

2024-05-28 10:35:05 CIFAR100_cutout_wideresnet28x10_vassoremu-sgd_rho0.2_theta=0.4_crt=random_p=0.05: Epoch: 4 [230/390] lr:0.049972 Train Loss:2.7419 Train Acc1:29.1058 Train Acc5:62.0603 Time:0.283s

2024-05-28 10:35:07 CIFAR100_cutout_wideresnet28x10_vassoremu-sgd_rho0.2_theta=0.4_crt=random_p=0.05: Epoch: 4 [240/390] lr:0.049972 Train Loss:2.7377 Train Acc1:29.2110 Train Acc5:62.1272 Time:0.278s

2024-05-28 10:35:11 CIFAR100_cutout_wideresnet28x10_vassoremu-sgd_rho0.2_theta=0.4_crt=random_p=0.05: Epoch: 4 [250/390] lr:0.049972 Train Loss:2.7339 Train Acc1:29.3140 Train Acc5:62.2603 Time:0.282s

2024-05-28 10:35:14 CIFAR100_cutout_wideresnet28x10_vassoremu-sgd_rho0.2_theta=0.4_crt=random_p=0.05: Epoch: 4 [260/390] lr:0.049972 Train Loss:2.7307 Train Acc1:29.3612 Train Acc5:62.3683 Time:0.278s

2024-05-28 10:35:16 CIFAR100_cutout_wideresnet28x10_vassoremu-sgd_rho0.2_theta=0.4_crt=random_p=0.05: Epoch: 4 [270/390] lr:0.049972 Train Loss:2.7265 Train Acc1:29.4972 Train Acc5:62.4654 Time:0.279s

2024-05-28 10:35:19 CIFAR100_cutout_wideresnet28x10_vassoremu-sgd_rho0.2_theta=0.4_crt=random_p=0.05: Epoch: 4 [280/390] lr:0.049972 Train Loss:2.7244 Train Acc1:29.5457 Train Acc5:62.5222 Time:0.285s

2024-05-28 10:35:22 CIFAR100_cutout_wideresnet28x10_vassoremu-sgd_rho0.2_theta=0.4_crt=random_p=0.05: Epoch: 4 [290/390] lr:0.049972 Train Loss:2.7214 Train Acc1:29.6231 Train Acc5:62.6369 Time:0.282s

2024-05-28 10:35:25 CIFAR100_cutout_wideresnet28x10_vassoremu-sgd_rho0.2_theta=0.4_crt=random_p=0.05: Epoch: 4 [300/390] lr:0.049972 Train Loss:2.7171 Train Acc1:29.6745 Train Acc5:62.7362 Time:0.278s

2024-05-28 10:35:28 CIFAR100_cutout_wideresnet28x10_vassoremu-sgd_rho0.2_theta=0.4_crt=random_p=0.05: Epoch: 4 [310/390] lr:0.049972 Train Loss:2.7163 Train Acc1:29.7076 Train Acc5:62.7236 Time:0.285s

2024-05-28 10:35:30 CIFAR100_cutout_wideresnet28x10_vassoremu-sgd_rho0.2_theta=0.4_crt=random_p=0.05: Epoch: 4 [320/390] lr:0.049972 Train Loss:2.7160 Train Acc1:29.7070 Train Acc5:62.7507 Time:0.280s

2024-05-28 10:35:33 CIFAR100_cutout_wideresnet28x10_vassoremu-sgd_rho0.2_theta=0.4_crt=random_p=0.05: Epoch: 4 [330/390] lr:0.049972 Train Loss:2.7149 Train Acc1:29.6922 Train Acc5:62.7691 Time:0.278s

2024-05-28 10:35:36 CIFAR100_cutout_wideresnet28x10_vassoremu-sgd_rho0.2_theta=0.4_crt=random_p=0.05: Epoch: 4 [340/390] lr:0.049972 Train Loss:2.7129 Train Acc1:29.7264 Train Acc5:62.8047 Time:0.278s

2024-05-28 10:35:39 CIFAR100_cutout_wideresnet28x10_vassoremu-sgd_rho0.2_theta=0.4_crt=random_p=0.05: Epoch: 4 [350/390] lr:0.049972 Train Loss:2.7056 Train Acc1:29.8544 Train Acc5:62.9674 Time:0.282s

2024-05-28 10:35:42 CIFAR100_cutout_wideresnet28x10_vassoremu-sgd_rho0.2_theta=0.4_crt=random_p=0.05: Epoch: 4 [360/390] lr:0.049972 Train Loss:2.7028 Train Acc1:29.9147 Train Acc5:63.0237 Time:0.547s

2024-05-28 10:35:46 CIFAR100_cutout_wideresnet28x10_vassoremu-sgd_rho0.2_theta=0.4_crt=random_p=0.05: Epoch: 4 [370/390] lr:0.049972 Train Loss:2.7025 Train Acc1:29.9023 Train Acc5:63.0159 Time:0.279s

2024-05-28 10:35:49 CIFAR100_cutout_wideresnet28x10_vassoremu-sgd_rho0.2_theta=0.4_crt=random_p=0.05: Epoch: 4 [380/390] lr:0.049972 Train Loss:2.6988 Train Acc1:29.9889 Train Acc5:63.1193 Time:0.278s

2024-05-28 10:35:59 CIFAR100_cutout_wideresnet28x10_vassoremu-sgd_rho0.2_theta=0.4_crt=random_p=0.05: Epoch:4 Train Loss:2.6948 Train Acc1:30.0561 Train Acc5:63.2352 Test Loss:2.4804 Test Acc1:34.6000(Max:34.6000) Test Acc5:67.7500 Time:122.357s

2024-05-28 10:36:00 CIFAR100_cutout_wideresnet28x10_vassoremu-sgd_rho0.2_theta=0.4_crt=random_p=0.05: Epoch: 5 [0/390] lr:0.049951 Train Loss:2.6227 Train Acc1:29.6875 Train Acc5:61.7188 Time:0.280s

2024-05-28 10:36:03 CIFAR100_cutout_wideresnet28x10_vassoremu-sgd_rho0.2_theta=0.4_crt=random_p=0.05: Epoch: 5 [10/390] lr:0.049951 Train Loss:2.5620 Train Acc1:33.2386 Train Acc5:65.8381 Time:0.278s

2024-05-28 10:36:06 CIFAR100_cutout_wideresnet28x10_vassoremu-sgd_rho0.2_theta=0.4_crt=random_p=0.05: Epoch: 5 [20/390] lr:0.049951 Train Loss:2.5479 Train Acc1:32.8125 Train Acc5:67.1875 Time:0.278s

2024-05-28 10:36:09 CIFAR100_cutout_wideresnet28x10_vassoremu-sgd_rho0.2_theta=0.4_crt=random_p=0.05: Epoch: 5 [30/390] lr:0.049951 Train Loss:2.5272 Train Acc1:33.0897 Train Acc5:67.5151 Time:0.279s

2024-05-28 10:36:12 CIFAR100_cutout_wideresnet28x10_vassoremu-sgd_rho0.2_theta=0.4_crt=random_p=0.05: Epoch: 5 [40/390] lr:0.049951 Train Loss:2.5068 Train Acc1:33.6128 Train Acc5:68.1021 Time:0.281s

2024-05-28 10:36:14 CIFAR100_cutout_wideresnet28x10_vassoremu-sgd_rho0.2_theta=0.4_crt=random_p=0.05: Epoch: 5 [50/390] lr:0.049951 Train Loss:2.5011 Train Acc1:33.6857 Train Acc5:67.8922 Time:0.279s

2024-05-28 10:36:17 CIFAR100_cutout_wideresnet28x10_vassoremu-sgd_rho0.2_theta=0.4_crt=random_p=0.05: Epoch: 5 [60/390] lr:0.049951 Train Loss:2.4968 Train Acc1:33.6194 Train Acc5:68.0200 Time:0.278s

2024-05-28 10:36:20 CIFAR100_cutout_wideresnet28x10_vassoremu-sgd_rho0.2_theta=0.4_crt=random_p=0.05: Epoch: 5 [70/390] lr:0.049951 Train Loss:2.4959 Train Acc1:33.8138 Train Acc5:68.2108 Time:0.279s

2024-05-28 10:36:23 CIFAR100_cutout_wideresnet28x10_vassoremu-sgd_rho0.2_theta=0.4_crt=random_p=0.05: Epoch: 5 [80/390] lr:0.049951 Train Loss:2.4903 Train Acc1:33.9120 Train Acc5:68.3449 Time:0.278s

2024-05-28 10:36:26 CIFAR100_cutout_wideresnet28x10_vassoremu-sgd_rho0.2_theta=0.4_crt=random_p=0.05: Epoch: 5 [90/390] lr:0.049951 Train Loss:2.4802 Train Acc1:34.0488 Train Acc5:68.5268 Time:0.278s

2024-05-28 10:36:29 CIFAR100_cutout_wideresnet28x10_vassoremu-sgd_rho0.2_theta=0.4_crt=random_p=0.05: Epoch: 5 [100/390] lr:0.049951 Train Loss:2.4728 Train Acc1:34.4214 Train Acc5:68.7036 Time:0.284s

2024-05-28 10:36:32 CIFAR100_cutout_wideresnet28x10_vassoremu-sgd_rho0.2_theta=0.4_crt=random_p=0.05: Epoch: 5 [110/390] lr:0.049951 Train Loss:2.4679 Train Acc1:34.5158 Train Acc5:68.7782 Time:0.283s

2024-05-28 10:36:35 CIFAR100_cutout_wideresnet28x10_vassoremu-sgd_rho0.2_theta=0.4_crt=random_p=0.05: Epoch: 5 [120/390] lr:0.049951 Train Loss:2.4618 Train Acc1:34.6397 Train Acc5:68.8146 Time:0.278s

2024-05-28 10:36:38 CIFAR100_cutout_wideresnet28x10_vassoremu-sgd_rho0.2_theta=0.4_crt=random_p=0.05: Epoch: 5 [130/390] lr:0.049951 Train Loss:2.4580 Train Acc1:34.7448 Train Acc5:68.9707 Time:0.279s

2024-05-28 10:36:41 CIFAR100_cutout_wideresnet28x10_vassoremu-sgd_rho0.2_theta=0.4_crt=random_p=0.05: Epoch: 5 [140/390] lr:0.049951 Train Loss:2.4549 Train Acc1:34.8848 Train Acc5:69.0824 Time:0.278s

2024-05-28 10:36:44 CIFAR100_cutout_wideresnet28x10_vassoremu-sgd_rho0.2_theta=0.4_crt=random_p=0.05: Epoch: 5 [150/390] lr:0.049951 Train Loss:2.4554 Train Acc1:34.9493 Train Acc5:69.0966 Time:0.278s

2024-05-28 10:36:47 CIFAR100_cutout_wideresnet28x10_vassoremu-sgd_rho0.2_theta=0.4_crt=random_p=0.05: Epoch: 5 [160/390] lr:0.049951 Train Loss:2.4539 Train Acc1:35.0349 Train Acc5:69.1431 Time:0.278s

2024-05-28 10:36:50 CIFAR100_cutout_wideresnet28x10_vassoremu-sgd_rho0.2_theta=0.4_crt=random_p=0.05: Epoch: 5 [170/390] lr:0.049951 Train Loss:2.4570 Train Acc1:35.0512 Train Acc5:69.0744 Time:0.546s

2024-05-28 10:36:53 CIFAR100_cutout_wideresnet28x10_vassoremu-sgd_rho0.2_theta=0.4_crt=random_p=0.05: Epoch: 5 [180/390] lr:0.049951 Train Loss:2.4539 Train Acc1:35.1174 Train Acc5:69.1039 Time:0.279s

2024-05-28 10:36:55 CIFAR100_cutout_wideresnet28x10_vassoremu-sgd_rho0.2_theta=0.4_crt=random_p=0.05: Epoch: 5 [190/390] lr:0.049951 Train Loss:2.4470 Train Acc1:35.2708 Train Acc5:69.2081 Time:0.279s

2024-05-28 10:36:58 CIFAR100_cutout_wideresnet28x10_vassoremu-sgd_rho0.2_theta=0.4_crt=random_p=0.05: Epoch: 5 [200/390] lr:0.049951 Train Loss:2.4462 Train Acc1:35.4089 Train Acc5:69.2048 Time:0.278s

2024-05-28 10:37:02 CIFAR100_cutout_wideresnet28x10_vassoremu-sgd_rho0.2_theta=0.4_crt=random_p=0.05: Epoch: 5 [210/390] lr:0.049951 Train Loss:2.4414 Train Acc1:35.4932 Train Acc5:69.3165 Time:0.278s

2024-05-28 10:37:04 CIFAR100_cutout_wideresnet28x10_vassoremu-sgd_rho0.2_theta=0.4_crt=random_p=0.05: Epoch: 5 [220/390] lr:0.049951 Train Loss:2.4345 Train Acc1:35.6582 Train Acc5:69.3722 Time:0.279s

2024-05-28 10:37:07 CIFAR100_cutout_wideresnet28x10_vassoremu-sgd_rho0.2_theta=0.4_crt=random_p=0.05: Epoch: 5 [230/390] lr:0.049951 Train Loss:2.4339 Train Acc1:35.6737 Train Acc5:69.4366 Time:0.279s

2024-05-28 10:37:10 CIFAR100_cutout_wideresnet28x10_vassoremu-sgd_rho0.2_theta=0.4_crt=random_p=0.05: Epoch: 5 [240/390] lr:0.049951 Train Loss:2.4306 Train Acc1:35.7527 Train Acc5:69.4567 Time:0.284s

2024-05-28 10:37:13 CIFAR100_cutout_wideresnet28x10_vassoremu-sgd_rho0.2_theta=0.4_crt=random_p=0.05: Epoch: 5 [250/390] lr:0.049951 Train Loss:2.4333 Train Acc1:35.6294 Train Acc5:69.4223 Time:0.278s

2024-05-28 10:37:16 CIFAR100_cutout_wideresnet28x10_vassoremu-sgd_rho0.2_theta=0.4_crt=random_p=0.05: Epoch: 5 [260/390] lr:0.049951 Train Loss:2.4318 Train Acc1:35.6112 Train Acc5:69.5253 Time:0.279s

2024-05-28 10:37:20 CIFAR100_cutout_wideresnet28x10_vassoremu-sgd_rho0.2_theta=0.4_crt=random_p=0.05: Epoch: 5 [270/390] lr:0.049951 Train Loss:2.4290 Train Acc1:35.7069 Train Acc5:69.5774 Time:0.278s

2024-05-28 10:37:22 CIFAR100_cutout_wideresnet28x10_vassoremu-sgd_rho0.2_theta=0.4_crt=random_p=0.05: Epoch: 5 [280/390] lr:0.049951 Train Loss:2.4236 Train Acc1:35.8096 Train Acc5:69.7064 Time:0.278s

2024-05-28 10:37:26 CIFAR100_cutout_wideresnet28x10_vassoremu-sgd_rho0.2_theta=0.4_crt=random_p=0.05: Epoch: 5 [290/390] lr:0.049951 Train Loss:2.4237 Train Acc1:35.7818 Train Acc5:69.7433 Time:0.546s

2024-05-28 10:37:29 CIFAR100_cutout_wideresnet28x10_vassoremu-sgd_rho0.2_theta=0.4_crt=random_p=0.05: Epoch: 5 [300/390] lr:0.049951 Train Loss:2.4211 Train Acc1:35.8674 Train Acc5:69.7597 Time:0.279s

2024-05-28 10:37:32 CIFAR100_cutout_wideresnet28x10_vassoremu-sgd_rho0.2_theta=0.4_crt=random_p=0.05: Epoch: 5 [310/390] lr:0.049951 Train Loss:2.4198 Train Acc1:35.9249 Train Acc5:69.7624 Time:0.279s

2024-05-28 10:37:34 CIFAR100_cutout_wideresnet28x10_vassoremu-sgd_rho0.2_theta=0.4_crt=random_p=0.05: Epoch: 5 [320/390] lr:0.049951 Train Loss:2.4151 Train Acc1:36.0397 Train Acc5:69.8452 Time:0.279s

2024-05-28 10:37:37 CIFAR100_cutout_wideresnet28x10_vassoremu-sgd_rho0.2_theta=0.4_crt=random_p=0.05: Epoch: 5 [330/390] lr:0.049951 Train Loss:2.4106 Train Acc1:36.1145 Train Acc5:69.9065 Time:0.284s

2024-05-28 10:37:40 CIFAR100_cutout_wideresnet28x10_vassoremu-sgd_rho0.2_theta=0.4_crt=random_p=0.05: Epoch: 5 [340/390] lr:0.049951 Train Loss:2.4069 Train Acc1:36.1529 Train Acc5:69.9918 Time:0.278s

2024-05-28 10:37:43 CIFAR100_cutout_wideresnet28x10_vassoremu-sgd_rho0.2_theta=0.4_crt=random_p=0.05: Epoch: 5 [350/390] lr:0.049951 Train Loss:2.4057 Train Acc1:36.1890 Train Acc5:69.9920 Time:0.278s

2024-05-28 10:37:46 CIFAR100_cutout_wideresnet28x10_vassoremu-sgd_rho0.2_theta=0.4_crt=random_p=0.05: Epoch: 5 [360/390] lr:0.049951 Train Loss:2.4021 Train Acc1:36.2513 Train Acc5:70.0744 Time:0.278s

2024-05-28 10:37:49 CIFAR100_cutout_wideresnet28x10_vassoremu-sgd_rho0.2_theta=0.4_crt=random_p=0.05: Epoch: 5 [370/390] lr:0.049951 Train Loss:2.3994 Train Acc1:36.3102 Train Acc5:70.1251 Time:0.279s

2024-05-28 10:37:51 CIFAR100_cutout_wideresnet28x10_vassoremu-sgd_rho0.2_theta=0.4_crt=random_p=0.05: Epoch: 5 [380/390] lr:0.049951 Train Loss:2.3983 Train Acc1:36.3599 Train Acc5:70.1977 Time:0.277s

2024-05-28 10:38:01 CIFAR100_cutout_wideresnet28x10_vassoremu-sgd_rho0.2_theta=0.4_crt=random_p=0.05: Epoch:5 Train Loss:2.3966 Train Acc1:36.3842 Train Acc5:70.2464 Test Loss:2.6011 Test Acc1:33.3800(Max:34.6000) Test Acc5:65.2200 Time:122.093s

2024-05-28 10:38:02 CIFAR100_cutout_wideresnet28x10_vassoremu-sgd_rho0.2_theta=0.4_crt=random_p=0.05: Epoch: 6 [0/390] lr:0.049923 Train Loss:2.3043 Train Acc1:42.1875 Train Acc5:71.8750 Time:0.286s

2024-05-28 10:38:05 CIFAR100_cutout_wideresnet28x10_vassoremu-sgd_rho0.2_theta=0.4_crt=random_p=0.05: Epoch: 6 [10/390] lr:0.049923 Train Loss:2.2770 Train Acc1:39.5597 Train Acc5:73.1534 Time:0.278s

2024-05-28 10:38:08 CIFAR100_cutout_wideresnet28x10_vassoremu-sgd_rho0.2_theta=0.4_crt=random_p=0.05: Epoch: 6 [20/390] lr:0.049923 Train Loss:2.3030 Train Acc1:38.9137 Train Acc5:72.4330 Time:0.546s

2024-05-28 10:38:11 CIFAR100_cutout_wideresnet28x10_vassoremu-sgd_rho0.2_theta=0.4_crt=random_p=0.05: Epoch: 6 [30/390] lr:0.049923 Train Loss:2.2687 Train Acc1:39.2641 Train Acc5:72.7823 Time:0.284s

2024-05-28 10:38:14 CIFAR100_cutout_wideresnet28x10_vassoremu-sgd_rho0.2_theta=0.4_crt=random_p=0.05: Epoch: 6 [40/390] lr:0.049923 Train Loss:2.2652 Train Acc1:39.3483 Train Acc5:72.4466 Time:0.279s

2024-05-28 10:38:17 CIFAR100_cutout_wideresnet28x10_vassoremu-sgd_rho0.2_theta=0.4_crt=random_p=0.05: Epoch: 6 [50/390] lr:0.049923 Train Loss:2.2697 Train Acc1:39.1391 Train Acc5:72.4418 Time:0.279s

2024-05-28 10:38:20 CIFAR100_cutout_wideresnet28x10_vassoremu-sgd_rho0.2_theta=0.4_crt=random_p=0.05: Epoch: 6 [60/390] lr:0.049923 Train Loss:2.2686 Train Acc1:39.1009 Train Acc5:72.4898 Time:0.281s

2024-05-28 10:38:23 CIFAR100_cutout_wideresnet28x10_vassoremu-sgd_rho0.2_theta=0.4_crt=random_p=0.05: Epoch: 6 [70/390] lr:0.049923 Train Loss:2.2669 Train Acc1:39.0295 Train Acc5:72.3922 Time:0.277s

2024-05-28 10:38:26 CIFAR100_cutout_wideresnet28x10_vassoremu-sgd_rho0.2_theta=0.4_crt=random_p=0.05: Epoch: 6 [80/390] lr:0.049923 Train Loss:2.2519 Train Acc1:39.5062 Train Acc5:72.8781 Time:0.546s

2024-05-28 10:38:29 CIFAR100_cutout_wideresnet28x10_vassoremu-sgd_rho0.2_theta=0.4_crt=random_p=0.05: Epoch: 6 [90/390] lr:0.049923 Train Loss:2.2517 Train Acc1:39.4660 Train Acc5:73.0598 Time:0.284s

2024-05-28 10:38:32 CIFAR100_cutout_wideresnet28x10_vassoremu-sgd_rho0.2_theta=0.4_crt=random_p=0.05: Epoch: 6 [100/390] lr:0.049923 Train Loss:2.2498 Train Acc1:39.7045 Train Acc5:73.0353 Time:0.285s

2024-05-28 10:38:35 CIFAR100_cutout_wideresnet28x10_vassoremu-sgd_rho0.2_theta=0.4_crt=random_p=0.05: Epoch: 6 [110/390] lr:0.049923 Train Loss:2.2414 Train Acc1:39.9141 Train Acc5:73.2264 Time:0.279s

2024-05-28 10:38:38 CIFAR100_cutout_wideresnet28x10_vassoremu-sgd_rho0.2_theta=0.4_crt=random_p=0.05: Epoch: 6 [120/390] lr:0.049923 Train Loss:2.2353 Train Acc1:39.9858 Train Acc5:73.3600 Time:0.283s

2024-05-28 10:38:41 CIFAR100_cutout_wideresnet28x10_vassoremu-sgd_rho0.2_theta=0.4_crt=random_p=0.05: Epoch: 6 [130/390] lr:0.049923 Train Loss:2.2372 Train Acc1:39.9750 Train Acc5:73.4077 Time:0.284s

2024-05-28 10:38:44 CIFAR100_cutout_wideresnet28x10_vassoremu-sgd_rho0.2_theta=0.4_crt=random_p=0.05: Epoch: 6 [140/390] lr:0.049923 Train Loss:2.2361 Train Acc1:40.0709 Train Acc5:73.4486 Time:0.278s

2024-05-28 10:38:47 CIFAR100_cutout_wideresnet28x10_vassoremu-sgd_rho0.2_theta=0.4_crt=random_p=0.05: Epoch: 6 [150/390] lr:0.049923 Train Loss:2.2360 Train Acc1:39.9679 Train Acc5:73.4116 Time:0.279s

2024-05-28 10:38:50 CIFAR100_cutout_wideresnet28x10_vassoremu-sgd_rho0.2_theta=0.4_crt=random_p=0.05: Epoch: 6 [160/390] lr:0.049923 Train Loss:2.2378 Train Acc1:39.8826 Train Acc5:73.4035 Time:0.283s

2024-05-28 10:38:53 CIFAR100_cutout_wideresnet28x10_vassoremu-sgd_rho0.2_theta=0.4_crt=random_p=0.05: Epoch: 6 [170/390] lr:0.049923 Train Loss:2.2350 Train Acc1:39.9488 Train Acc5:73.4649 Time:0.279s

2024-05-28 10:38:55 CIFAR100_cutout_wideresnet28x10_vassoremu-sgd_rho0.2_theta=0.4_crt=random_p=0.05: Epoch: 6 [180/390] lr:0.049923 Train Loss:2.2311 Train Acc1:40.0552 Train Acc5:73.5454 Time:0.282s

2024-05-28 10:38:59 CIFAR100_cutout_wideresnet28x10_vassoremu-sgd_rho0.2_theta=0.4_crt=random_p=0.05: Epoch: 6 [190/390] lr:0.049923 Train Loss:2.2268 Train Acc1:40.2160 Train Acc5:73.5398 Time:0.278s

2024-05-28 10:39:02 CIFAR100_cutout_wideresnet28x10_vassoremu-sgd_rho0.2_theta=0.4_crt=random_p=0.05: Epoch: 6 [200/390] lr:0.049923 Train Loss:2.2263 Train Acc1:40.2324 Train Acc5:73.5580 Time:0.278s

2024-05-28 10:39:05 CIFAR100_cutout_wideresnet28x10_vassoremu-sgd_rho0.2_theta=0.4_crt=random_p=0.05: Epoch: 6 [210/390] lr:0.049923 Train Loss:2.2238 Train Acc1:40.2695 Train Acc5:73.6263 Time:0.279s

2024-05-28 10:39:08 CIFAR100_cutout_wideresnet28x10_vassoremu-sgd_rho0.2_theta=0.4_crt=random_p=0.05: Epoch: 6 [220/390] lr:0.049923 Train Loss:2.2203 Train Acc1:40.3846 Train Acc5:73.6355 Time:0.279s

2024-05-28 10:39:10 CIFAR100_cutout_wideresnet28x10_vassoremu-sgd_rho0.2_theta=0.4_crt=random_p=0.05: Epoch: 6 [230/390] lr:0.049923 Train Loss:2.2149 Train Acc1:40.5100 Train Acc5:73.7250 Time:0.279s

2024-05-28 10:39:14 CIFAR100_cutout_wideresnet28x10_vassoremu-sgd_rho0.2_theta=0.4_crt=random_p=0.05: Epoch: 6 [240/390] lr:0.049923 Train Loss:2.2135 Train Acc1:40.5764 Train Acc5:73.7552 Time:0.546s

2024-05-28 10:39:17 CIFAR100_cutout_wideresnet28x10_vassoremu-sgd_rho0.2_theta=0.4_crt=random_p=0.05: Epoch: 6 [250/390] lr:0.049923 Train Loss:2.2101 Train Acc1:40.6748 Train Acc5:73.8110 Time:0.284s

2024-05-28 10:39:20 CIFAR100_cutout_wideresnet28x10_vassoremu-sgd_rho0.2_theta=0.4_crt=random_p=0.05: Epoch: 6 [260/390] lr:0.049923 Train Loss:2.2093 Train Acc1:40.6609 Train Acc5:73.7638 Time:0.278s

2024-05-28 10:39:23 CIFAR100_cutout_wideresnet28x10_vassoremu-sgd_rho0.2_theta=0.4_crt=random_p=0.05: Epoch: 6 [270/390] lr:0.049923 Train Loss:2.2091 Train Acc1:40.6509 Train Acc5:73.8152 Time:0.546s

2024-05-28 10:39:26 CIFAR100_cutout_wideresnet28x10_vassoremu-sgd_rho0.2_theta=0.4_crt=random_p=0.05: Epoch: 6 [280/390] lr:0.049923 Train Loss:2.2055 Train Acc1:40.7390 Train Acc5:73.9018 Time:0.278s

2024-05-28 10:39:29 CIFAR100_cutout_wideresnet28x10_vassoremu-sgd_rho0.2_theta=0.4_crt=random_p=0.05: Epoch: 6 [290/390] lr:0.049923 Train Loss:2.2067 Train Acc1:40.6518 Train Acc5:73.8778 Time:0.284s

2024-05-28 10:39:32 CIFAR100_cutout_wideresnet28x10_vassoremu-sgd_rho0.2_theta=0.4_crt=random_p=0.05: Epoch: 6 [300/390] lr:0.049923 Train Loss:2.2055 Train Acc1:40.6276 Train Acc5:73.9047 Time:0.282s

2024-05-28 10:39:34 CIFAR100_cutout_wideresnet28x10_vassoremu-sgd_rho0.2_theta=0.4_crt=random_p=0.05: Epoch: 6 [310/390] lr:0.049923 Train Loss:2.2043 Train Acc1:40.7104 Train Acc5:73.9349 Time:0.279s

2024-05-28 10:39:38 CIFAR100_cutout_wideresnet28x10_vassoremu-sgd_rho0.2_theta=0.4_crt=random_p=0.05: Epoch: 6 [320/390] lr:0.049923 Train Loss:2.2025 Train Acc1:40.7321 Train Acc5:73.9681 Time:0.282s

2024-05-28 10:39:40 CIFAR100_cutout_wideresnet28x10_vassoremu-sgd_rho0.2_theta=0.4_crt=random_p=0.05: Epoch: 6 [330/390] lr:0.049923 Train Loss:2.2021 Train Acc1:40.7501 Train Acc5:73.9686 Time:0.279s

2024-05-28 10:39:43 CIFAR100_cutout_wideresnet28x10_vassoremu-sgd_rho0.2_theta=0.4_crt=random_p=0.05: Epoch: 6 [340/390] lr:0.049923 Train Loss:2.1997 Train Acc1:40.7785 Train Acc5:74.0126 Time:0.279s

2024-05-28 10:39:46 CIFAR100_cutout_wideresnet28x10_vassoremu-sgd_rho0.2_theta=0.4_crt=random_p=0.05: Epoch: 6 [350/390] lr:0.049923 Train Loss:2.1972 Train Acc1:40.8565 Train Acc5:74.0518 Time:0.278s

2024-05-28 10:39:49 CIFAR100_cutout_wideresnet28x10_vassoremu-sgd_rho0.2_theta=0.4_crt=random_p=0.05: Epoch: 6 [360/390] lr:0.049923 Train Loss:2.1936 Train Acc1:40.9345 Train Acc5:74.1257 Time:0.279s

2024-05-28 10:39:52 CIFAR100_cutout_wideresnet28x10_vassoremu-sgd_rho0.2_theta=0.4_crt=random_p=0.05: Epoch: 6 [370/390] lr:0.049923 Train Loss:2.1925 Train Acc1:40.9788 Train Acc5:74.1261 Time:0.279s

2024-05-28 10:39:54 CIFAR100_cutout_wideresnet28x10_vassoremu-sgd_rho0.2_theta=0.4_crt=random_p=0.05: Epoch: 6 [380/390] lr:0.049923 Train Loss:2.1901 Train Acc1:41.0536 Train Acc5:74.1777 Time:0.278s

2024-05-28 10:40:06 CIFAR100_cutout_wideresnet28x10_vassoremu-sgd_rho0.2_theta=0.4_crt=random_p=0.05: Epoch:6 Train Loss:2.1898 Train Acc1:41.0677 Train Acc5:74.2007 Test Loss:2.3721 Test Acc1:39.2700(Max:39.2700) Test Acc5:71.5400 Time:124.359s

2024-05-28 10:40:06 CIFAR100_cutout_wideresnet28x10_vassoremu-sgd_rho0.2_theta=0.4_crt=random_p=0.05: Epoch: 7 [0/390] lr:0.049889 Train Loss:1.9772 Train Acc1:50.0000 Train Acc5:76.5625 Time:0.308s

2024-05-28 10:40:09 CIFAR100_cutout_wideresnet28x10_vassoremu-sgd_rho0.2_theta=0.4_crt=random_p=0.05: Epoch: 7 [10/390] lr:0.049889 Train Loss:2.0409 Train Acc1:44.5312 Train Acc5:76.7045 Time:0.281s

2024-05-28 10:40:12 CIFAR100_cutout_wideresnet28x10_vassoremu-sgd_rho0.2_theta=0.4_crt=random_p=0.05: Epoch: 7 [20/390] lr:0.049889 Train Loss:2.0063 Train Acc1:44.9777 Train Acc5:77.6042 Time:0.286s

2024-05-28 10:40:16 CIFAR100_cutout_wideresnet28x10_vassoremu-sgd_rho0.2_theta=0.4_crt=random_p=0.05: Epoch: 7 [30/390] lr:0.049889 Train Loss:2.0498 Train Acc1:43.5988 Train Acc5:77.1673 Time:0.279s

2024-05-28 10:40:19 CIFAR100_cutout_wideresnet28x10_vassoremu-sgd_rho0.2_theta=0.4_crt=random_p=0.05: Epoch: 7 [40/390] lr:0.049889 Train Loss:2.0445 Train Acc1:43.6166 Train Acc5:77.1532 Time:0.278s

2024-05-28 10:40:22 CIFAR100_cutout_wideresnet28x10_vassoremu-sgd_rho0.2_theta=0.4_crt=random_p=0.05: Epoch: 7 [50/390] lr:0.049889 Train Loss:2.0358 Train Acc1:43.5509 Train Acc5:77.4203 Time:0.284s

2024-05-28 10:40:25 CIFAR100_cutout_wideresnet28x10_vassoremu-sgd_rho0.2_theta=0.4_crt=random_p=0.05: Epoch: 7 [60/390] lr:0.049889 Train Loss:2.0240 Train Acc1:43.9293 Train Acc5:77.7024 Time:0.279s

2024-05-28 10:40:28 CIFAR100_cutout_wideresnet28x10_vassoremu-sgd_rho0.2_theta=0.4_crt=random_p=0.05: Epoch: 7 [70/390] lr:0.049889 Train Loss:2.0205 Train Acc1:44.0581 Train Acc5:77.7289 Time:0.280s

2024-05-28 10:40:31 CIFAR100_cutout_wideresnet28x10_vassoremu-sgd_rho0.2_theta=0.4_crt=random_p=0.05: Epoch: 7 [80/390] lr:0.049889 Train Loss:2.0253 Train Acc1:43.9429 Train Acc5:77.6042 Time:0.279s

2024-05-28 10:40:34 CIFAR100_cutout_wideresnet28x10_vassoremu-sgd_rho0.2_theta=0.4_crt=random_p=0.05: Epoch: 7 [90/390] lr:0.049889 Train Loss:2.0393 Train Acc1:43.6641 Train Acc5:77.4210 Time:0.282s

2024-05-28 10:40:37 CIFAR100_cutout_wideresnet28x10_vassoremu-sgd_rho0.2_theta=0.4_crt=random_p=0.05: Epoch: 7 [100/390] lr:0.049889 Train Loss:2.0469 Train Acc1:43.5644 Train Acc5:77.2509 Time:0.277s

2024-05-28 10:40:40 CIFAR100_cutout_wideresnet28x10_vassoremu-sgd_rho0.2_theta=0.4_crt=random_p=0.05: Epoch: 7 [110/390] lr:0.049889 Train Loss:2.0517 Train Acc1:43.5318 Train Acc5:77.1467 Time:0.283s

2024-05-28 10:40:43 CIFAR100_cutout_wideresnet28x10_vassoremu-sgd_rho0.2_theta=0.4_crt=random_p=0.05: Epoch: 7 [120/390] lr:0.049889 Train Loss:2.0506 Train Acc1:43.5692 Train Acc5:77.1565 Time:0.278s

2024-05-28 10:40:46 CIFAR100_cutout_wideresnet28x10_vassoremu-sgd_rho0.2_theta=0.4_crt=random_p=0.05: Epoch: 7 [130/390] lr:0.049889 Train Loss:2.0444 Train Acc1:43.7500 Train Acc5:77.2722 Time:0.282s

2024-05-28 10:40:50 CIFAR100_cutout_wideresnet28x10_vassoremu-sgd_rho0.2_theta=0.4_crt=random_p=0.05: Epoch: 7 [140/390] lr:0.049889 Train Loss:2.0508 Train Acc1:43.6835 Train Acc5:77.0723 Time:0.545s

2024-05-28 10:40:53 CIFAR100_cutout_wideresnet28x10_vassoremu-sgd_rho0.2_theta=0.4_crt=random_p=0.05: Epoch: 7 [150/390] lr:0.049889 Train Loss:2.0523 Train Acc1:43.7034 Train Acc5:77.0488 Time:0.278s

2024-05-28 10:40:56 CIFAR100_cutout_wideresnet28x10_vassoremu-sgd_rho0.2_theta=0.4_crt=random_p=0.05: Epoch: 7 [160/390] lr:0.049889 Train Loss:2.0471 Train Acc1:43.7840 Train Acc5:77.2079 Time:0.545s

2024-05-28 10:40:59 CIFAR100_cutout_wideresnet28x10_vassoremu-sgd_rho0.2_theta=0.4_crt=random_p=0.05: Epoch: 7 [170/390] lr:0.049889 Train Loss:2.0459 Train Acc1:43.7911 Train Acc5:77.1610 Time:0.285s

2024-05-28 10:41:01 CIFAR100_cutout_wideresnet28x10_vassoremu-sgd_rho0.2_theta=0.4_crt=random_p=0.05: Epoch: 7 [180/390] lr:0.049889 Train Loss:2.0446 Train Acc1:43.8320 Train Acc5:77.1970 Time:0.279s

2024-05-28 10:41:04 CIFAR100_cutout_wideresnet28x10_vassoremu-sgd_rho0.2_theta=0.4_crt=random_p=0.05: Epoch: 7 [190/390] lr:0.049889 Train Loss:2.0447 Train Acc1:43.8850 Train Acc5:77.2415 Time:0.285s

2024-05-28 10:41:07 CIFAR100_cutout_wideresnet28x10_vassoremu-sgd_rho0.2_theta=0.4_crt=random_p=0.05: Epoch: 7 [200/390] lr:0.049889 Train Loss:2.0423 Train Acc1:43.9288 Train Acc5:77.3826 Time:0.278s

2024-05-28 10:41:10 CIFAR100_cutout_wideresnet28x10_vassoremu-sgd_rho0.2_theta=0.4_crt=random_p=0.05: Epoch: 7 [210/390] lr:0.049889 Train Loss:2.0410 Train Acc1:44.0388 Train Acc5:77.3512 Time:0.278s

2024-05-28 10:41:13 CIFAR100_cutout_wideresnet28x10_vassoremu-sgd_rho0.2_theta=0.4_crt=random_p=0.05: Epoch: 7 [220/390] lr:0.049889 Train Loss:2.0373 Train Acc1:44.1565 Train Acc5:77.4251 Time:0.278s

2024-05-28 10:41:16 CIFAR100_cutout_wideresnet28x10_vassoremu-sgd_rho0.2_theta=0.4_crt=random_p=0.05: Epoch: 7 [230/390] lr:0.049889 Train Loss:2.0353 Train Acc1:44.1795 Train Acc5:77.4689 Time:0.284s

2024-05-28 10:41:19 CIFAR100_cutout_wideresnet28x10_vassoremu-sgd_rho0.2_theta=0.4_crt=random_p=0.05: Epoch: 7 [240/390] lr:0.049889 Train Loss:2.0351 Train Acc1:44.1714 Train Acc5:77.4637 Time:0.278s

2024-05-28 10:41:22 CIFAR100_cutout_wideresnet28x10_vassoremu-sgd_rho0.2_theta=0.4_crt=random_p=0.05: Epoch: 7 [250/390] lr:0.049889 Train Loss:2.0320 Train Acc1:44.2729 Train Acc5:77.5523 Time:0.279s

2024-05-28 10:41:25 CIFAR100_cutout_wideresnet28x10_vassoremu-sgd_rho0.2_theta=0.4_crt=random_p=0.05: Epoch: 7 [260/390] lr:0.049889 Train Loss:2.0314 Train Acc1:44.3187 Train Acc5:77.5353 Time:0.282s

2024-05-28 10:41:28 CIFAR100_cutout_wideresnet28x10_vassoremu-sgd_rho0.2_theta=0.4_crt=random_p=0.05: Epoch: 7 [270/390] lr:0.049889 Train Loss:2.0287 Train Acc1:44.4246 Train Acc5:77.5657 Time:0.279s

2024-05-28 10:41:31 CIFAR100_cutout_wideresnet28x10_vassoremu-sgd_rho0.2_theta=0.4_crt=random_p=0.05: Epoch: 7 [280/390] lr:0.049889 Train Loss:2.0274 Train Acc1:44.4756 Train Acc5:77.5578 Time:0.278s

2024-05-28 10:41:34 CIFAR100_cutout_wideresnet28x10_vassoremu-sgd_rho0.2_theta=0.4_crt=random_p=0.05: Epoch: 7 [290/390] lr:0.049889 Train Loss:2.0269 Train Acc1:44.4802 Train Acc5:77.5236 Time:0.278s

2024-05-28 10:41:37 CIFAR100_cutout_wideresnet28x10_vassoremu-sgd_rho0.2_theta=0.4_crt=random_p=0.05: Epoch: 7 [300/390] lr:0.049889 Train Loss:2.0236 Train Acc1:44.5209 Train Acc5:77.6137 Time:0.277s

2024-05-28 10:41:40 CIFAR100_cutout_wideresnet28x10_vassoremu-sgd_rho0.2_theta=0.4_crt=random_p=0.05: Epoch: 7 [310/390] lr:0.049889 Train Loss:2.0222 Train Acc1:44.6091 Train Acc5:77.6804 Time:0.546s

2024-05-28 10:41:42 CIFAR100_cutout_wideresnet28x10_vassoremu-sgd_rho0.2_theta=0.4_crt=random_p=0.05: Epoch: 7 [320/390] lr:0.049889 Train Loss:2.0220 Train Acc1:44.5897 Train Acc5:77.6796 Time:0.278s

2024-05-28 10:41:45 CIFAR100_cutout_wideresnet28x10_vassoremu-sgd_rho0.2_theta=0.4_crt=random_p=0.05: Epoch: 7 [330/390] lr:0.049889 Train Loss:2.0230 Train Acc1:44.5549 Train Acc5:77.6647 Time:0.285s

2024-05-28 10:41:48 CIFAR100_cutout_wideresnet28x10_vassoremu-sgd_rho0.2_theta=0.4_crt=random_p=0.05: Epoch: 7 [340/390] lr:0.049889 Train Loss:2.0217 Train Acc1:44.5656 Train Acc5:77.6828 Time:0.279s

2024-05-28 10:41:51 CIFAR100_cutout_wideresnet28x10_vassoremu-sgd_rho0.2_theta=0.4_crt=random_p=0.05: Epoch: 7 [350/390] lr:0.049889 Train Loss:2.0231 Train Acc1:44.5402 Train Acc5:77.6754 Time:0.283s

2024-05-28 10:41:54 CIFAR100_cutout_wideresnet28x10_vassoremu-sgd_rho0.2_theta=0.4_crt=random_p=0.05: Epoch: 7 [360/390] lr:0.049889 Train Loss:2.0236 Train Acc1:44.5767 Train Acc5:77.6575 Time:0.279s

2024-05-28 10:41:57 CIFAR100_cutout_wideresnet28x10_vassoremu-sgd_rho0.2_theta=0.4_crt=random_p=0.05: Epoch: 7 [370/390] lr:0.049889 Train Loss:2.0220 Train Acc1:44.6302 Train Acc5:77.6723 Time:0.279s

2024-05-28 10:42:00 CIFAR100_cutout_wideresnet28x10_vassoremu-sgd_rho0.2_theta=0.4_crt=random_p=0.05: Epoch: 7 [380/390] lr:0.049889 Train Loss:2.0206 Train Acc1:44.6584 Train Acc5:77.7108 Time:0.278s

2024-05-28 10:42:11 CIFAR100_cutout_wideresnet28x10_vassoremu-sgd_rho0.2_theta=0.4_crt=random_p=0.05: Epoch:7 Train Loss:2.0202 Train Acc1:44.6474 Train Acc5:77.7404 Test Loss:2.1888 Test Acc1:42.4400(Max:42.4400) Test Acc5:73.9600 Time:125.147s

2024-05-28 10:42:11 CIFAR100_cutout_wideresnet28x10_vassoremu-sgd_rho0.2_theta=0.4_crt=random_p=0.05: Epoch: 8 [0/390] lr:0.049849 Train Loss:1.9807 Train Acc1:40.6250 Train Acc5:78.9062 Time:0.284s

2024-05-28 10:42:14 CIFAR100_cutout_wideresnet28x10_vassoremu-sgd_rho0.2_theta=0.4_crt=random_p=0.05: Epoch: 8 [10/390] lr:0.049849 Train Loss:1.9130 Train Acc1:47.0881 Train Acc5:80.1136 Time:0.545s

2024-05-28 10:42:18 CIFAR100_cutout_wideresnet28x10_vassoremu-sgd_rho0.2_theta=0.4_crt=random_p=0.05: Epoch: 8 [20/390] lr:0.049849 Train Loss:1.9494 Train Acc1:46.8750 Train Acc5:79.6131 Time:0.546s

2024-05-28 10:42:21 CIFAR100_cutout_wideresnet28x10_vassoremu-sgd_rho0.2_theta=0.4_crt=random_p=0.05: Epoch: 8 [30/390] lr:0.049849 Train Loss:1.9465 Train Acc1:46.1190 Train Acc5:79.6371 Time:0.278s

2024-05-28 10:42:23 CIFAR100_cutout_wideresnet28x10_vassoremu-sgd_rho0.2_theta=0.4_crt=random_p=0.05: Epoch: 8 [40/390] lr:0.049849 Train Loss:1.9172 Train Acc1:46.8750 Train Acc5:80.2020 Time:0.284s

2024-05-28 10:42:26 CIFAR100_cutout_wideresnet28x10_vassoremu-sgd_rho0.2_theta=0.4_crt=random_p=0.05: Epoch: 8 [50/390] lr:0.049849 Train Loss:1.8917 Train Acc1:47.5950 Train Acc5:80.4534 Time:0.278s

2024-05-28 10:42:29 CIFAR100_cutout_wideresnet28x10_vassoremu-sgd_rho0.2_theta=0.4_crt=random_p=0.05: Epoch: 8 [60/390] lr:0.049849 Train Loss:1.8865 Train Acc1:47.8740 Train Acc5:80.5200 Time:0.558s

2024-05-28 10:42:32 CIFAR100_cutout_wideresnet28x10_vassoremu-sgd_rho0.2_theta=0.4_crt=random_p=0.05: Epoch: 8 [70/390] lr:0.049849 Train Loss:1.8800 Train Acc1:48.3605 Train Acc5:80.5018 Time:0.279s

2024-05-28 10:42:35 CIFAR100_cutout_wideresnet28x10_vassoremu-sgd_rho0.2_theta=0.4_crt=random_p=0.05: Epoch: 8 [80/390] lr:0.049849 Train Loss:1.8842 Train Acc1:48.2446 Train Acc5:80.4205 Time:0.282s

2024-05-28 10:42:38 CIFAR100_cutout_wideresnet28x10_vassoremu-sgd_rho0.2_theta=0.4_crt=random_p=0.05: Epoch: 8 [90/390] lr:0.049849 Train Loss:1.8831 Train Acc1:48.3345 Train Acc5:80.4258 Time:0.282s

2024-05-28 10:42:41 CIFAR100_cutout_wideresnet28x10_vassoremu-sgd_rho0.2_theta=0.4_crt=random_p=0.05: Epoch: 8 [100/390] lr:0.049849 Train Loss:1.8798 Train Acc1:48.4298 Train Acc5:80.4378 Time:0.289s

2024-05-28 10:42:44 CIFAR100_cutout_wideresnet28x10_vassoremu-sgd_rho0.2_theta=0.4_crt=random_p=0.05: Epoch: 8 [110/390] lr:0.049849 Train Loss:1.8865 Train Acc1:48.1560 Train Acc5:80.1731 Time:0.546s

2024-05-28 10:42:47 CIFAR100_cutout_wideresnet28x10_vassoremu-sgd_rho0.2_theta=0.4_crt=random_p=0.05: Epoch: 8 [120/390] lr:0.049849 Train Loss:1.8806 Train Acc1:48.3342 Train Acc5:80.3009 Time:0.282s

2024-05-28 10:42:49 CIFAR100_cutout_wideresnet28x10_vassoremu-sgd_rho0.2_theta=0.4_crt=random_p=0.05: Epoch: 8 [130/390] lr:0.049849 Train Loss:1.8875 Train Acc1:48.1572 Train Acc5:80.1586 Time:0.278s

2024-05-28 10:42:52 CIFAR100_cutout_wideresnet28x10_vassoremu-sgd_rho0.2_theta=0.4_crt=random_p=0.05: Epoch: 8 [140/390] lr:0.049849 Train Loss:1.8927 Train Acc1:48.1051 Train Acc5:80.1031 Time:0.279s

2024-05-28 10:42:55 CIFAR100_cutout_wideresnet28x10_vassoremu-sgd_rho0.2_theta=0.4_crt=random_p=0.05: Epoch: 8 [150/390] lr:0.049849 Train Loss:1.8939 Train Acc1:48.1115 Train Acc5:80.1480 Time:0.278s

2024-05-28 10:42:58 CIFAR100_cutout_wideresnet28x10_vassoremu-sgd_rho0.2_theta=0.4_crt=random_p=0.05: Epoch: 8 [160/390] lr:0.049849 Train Loss:1.8938 Train Acc1:48.0736 Train Acc5:80.0951 Time:0.278s

2024-05-28 10:43:01 CIFAR100_cutout_wideresnet28x10_vassoremu-sgd_rho0.2_theta=0.4_crt=random_p=0.05: Epoch: 8 [170/390] lr:0.049849 Train Loss:1.8994 Train Acc1:47.9075 Train Acc5:80.0119 Time:0.546s

2024-05-28 10:43:04 CIFAR100_cutout_wideresnet28x10_vassoremu-sgd_rho0.2_theta=0.4_crt=random_p=0.05: Epoch: 8 [180/390] lr:0.049849 Train Loss:1.9032 Train Acc1:47.7814 Train Acc5:79.8299 Time:0.278s

2024-05-28 10:43:07 CIFAR100_cutout_wideresnet28x10_vassoremu-sgd_rho0.2_theta=0.4_crt=random_p=0.05: Epoch: 8 [190/390] lr:0.049849 Train Loss:1.9060 Train Acc1:47.7053 Train Acc5:79.7529 Time:0.283s

2024-05-28 10:43:10 CIFAR100_cutout_wideresnet28x10_vassoremu-sgd_rho0.2_theta=0.4_crt=random_p=0.05: Epoch: 8 [200/390] lr:0.049849 Train Loss:1.9042 Train Acc1:47.6873 Train Acc5:79.7769 Time:0.279s

2024-05-28 10:43:13 CIFAR100_cutout_wideresnet28x10_vassoremu-sgd_rho0.2_theta=0.4_crt=random_p=0.05: Epoch: 8 [210/390] lr:0.049849 Train Loss:1.9042 Train Acc1:47.6674 Train Acc5:79.8171 Time:0.278s

2024-05-28 10:43:15 CIFAR100_cutout_wideresnet28x10_vassoremu-sgd_rho0.2_theta=0.4_crt=random_p=0.05: Epoch: 8 [220/390] lr:0.049849 Train Loss:1.9039 Train Acc1:47.6456 Train Acc5:79.8430 Time:0.284s

2024-05-28 10:43:18 CIFAR100_cutout_wideresnet28x10_vassoremu-sgd_rho0.2_theta=0.4_crt=random_p=0.05: Epoch: 8 [230/390] lr:0.049849 Train Loss:1.9002 Train Acc1:47.7442 Train Acc5:79.9040 Time:0.283s

2024-05-28 10:43:21 CIFAR100_cutout_wideresnet28x10_vassoremu-sgd_rho0.2_theta=0.4_crt=random_p=0.05: Epoch: 8 [240/390] lr:0.049849 Train Loss:1.9013 Train Acc1:47.7697 Train Acc5:79.8269 Time:0.279s

2024-05-28 10:43:24 CIFAR100_cutout_wideresnet28x10_vassoremu-sgd_rho0.2_theta=0.4_crt=random_p=0.05: Epoch: 8 [250/390] lr:0.049849 Train Loss:1.9029 Train Acc1:47.8181 Train Acc5:79.7996 Time:0.278s

2024-05-28 10:43:27 CIFAR100_cutout_wideresnet28x10_vassoremu-sgd_rho0.2_theta=0.4_crt=random_p=0.05: Epoch: 8 [260/390] lr:0.049849 Train Loss:1.9057 Train Acc1:47.7401 Train Acc5:79.7444 Time:0.278s

2024-05-28 10:43:30 CIFAR100_cutout_wideresnet28x10_vassoremu-sgd_rho0.2_theta=0.4_crt=random_p=0.05: Epoch: 8 [270/390] lr:0.049849 Train Loss:1.9058 Train Acc1:47.7168 Train Acc5:79.7682 Time:0.277s

2024-05-28 10:43:33 CIFAR100_cutout_wideresnet28x10_vassoremu-sgd_rho0.2_theta=0.4_crt=random_p=0.05: Epoch: 8 [280/390] lr:0.049849 Train Loss:1.9056 Train Acc1:47.7480 Train Acc5:79.7876 Time:0.278s

2024-05-28 10:43:37 CIFAR100_cutout_wideresnet28x10_vassoremu-sgd_rho0.2_theta=0.4_crt=random_p=0.05: Epoch: 8 [290/390] lr:0.049849 Train Loss:1.9079 Train Acc1:47.6858 Train Acc5:79.7654 Time:0.546s

2024-05-28 10:43:40 CIFAR100_cutout_wideresnet28x10_vassoremu-sgd_rho0.2_theta=0.4_crt=random_p=0.05: Epoch: 8 [300/390] lr:0.049849 Train Loss:1.9072 Train Acc1:47.6588 Train Acc5:79.7913 Time:0.545s

2024-05-28 10:43:43 CIFAR100_cutout_wideresnet28x10_vassoremu-sgd_rho0.2_theta=0.4_crt=random_p=0.05: Epoch: 8 [310/390] lr:0.049849 Train Loss:1.9043 Train Acc1:47.6789 Train Acc5:79.8382 Time:0.283s

2024-05-28 10:43:45 CIFAR100_cutout_wideresnet28x10_vassoremu-sgd_rho0.2_theta=0.4_crt=random_p=0.05: Epoch: 8 [320/390] lr:0.049849 Train Loss:1.9030 Train Acc1:47.6855 Train Acc5:79.8725 Time:0.278s

2024-05-28 10:43:49 CIFAR100_cutout_wideresnet28x10_vassoremu-sgd_rho0.2_theta=0.4_crt=random_p=0.05: Epoch: 8 [330/390] lr:0.049849 Train Loss:1.9024 Train Acc1:47.7294 Train Acc5:79.8858 Time:0.278s

2024-05-28 10:43:52 CIFAR100_cutout_wideresnet28x10_vassoremu-sgd_rho0.2_theta=0.4_crt=random_p=0.05: Epoch: 8 [340/390] lr:0.049849 Train Loss:1.9007 Train Acc1:47.8372 Train Acc5:79.9143 Time:0.279s

2024-05-28 10:43:55 CIFAR100_cutout_wideresnet28x10_vassoremu-sgd_rho0.2_theta=0.4_crt=random_p=0.05: Epoch: 8 [350/390] lr:0.049849 Train Loss:1.8994 Train Acc1:47.8944 Train Acc5:79.9190 Time:0.277s

2024-05-28 10:43:57 CIFAR100_cutout_wideresnet28x10_vassoremu-sgd_rho0.2_theta=0.4_crt=random_p=0.05: Epoch: 8 [360/390] lr:0.049849 Train Loss:1.9003 Train Acc1:47.8900 Train Acc5:79.8801 Time:0.282s

2024-05-28 10:44:00 CIFAR100_cutout_wideresnet28x10_vassoremu-sgd_rho0.2_theta=0.4_crt=random_p=0.05: Epoch: 8 [370/390] lr:0.049849 Train Loss:1.9012 Train Acc1:47.8689 Train Acc5:79.8433 Time:0.278s

2024-05-28 10:44:04 CIFAR100_cutout_wideresnet28x10_vassoremu-sgd_rho0.2_theta=0.4_crt=random_p=0.05: Epoch: 8 [380/390] lr:0.049849 Train Loss:1.9006 Train Acc1:47.9187 Train Acc5:79.8331 Time:0.277s

2024-05-28 10:44:14 CIFAR100_cutout_wideresnet28x10_vassoremu-sgd_rho0.2_theta=0.4_crt=random_p=0.05: Epoch:8 Train Loss:1.9016 Train Acc1:47.8986 Train Acc5:79.8157 Test Loss:2.0066 Test Acc1:45.1800(Max:45.1800) Test Acc5:78.1000 Time:123.305s

2024-05-28 10:44:15 CIFAR100_cutout_wideresnet28x10_vassoremu-sgd_rho0.2_theta=0.4_crt=random_p=0.05: Epoch: 9 [0/390] lr:0.049803 Train Loss:1.6916 Train Acc1:50.0000 Train Acc5:82.0312 Time:0.277s

2024-05-28 10:44:18 CIFAR100_cutout_wideresnet28x10_vassoremu-sgd_rho0.2_theta=0.4_crt=random_p=0.05: Epoch: 9 [10/390] lr:0.049803 Train Loss:1.7644 Train Acc1:50.7812 Train Acc5:81.6051 Time:0.544s

2024-05-28 10:44:21 CIFAR100_cutout_wideresnet28x10_vassoremu-sgd_rho0.2_theta=0.4_crt=random_p=0.05: Epoch: 9 [20/390] lr:0.049803 Train Loss:1.8198 Train Acc1:49.5908 Train Acc5:80.7292 Time:0.282s

2024-05-28 10:44:24 CIFAR100_cutout_wideresnet28x10_vassoremu-sgd_rho0.2_theta=0.4_crt=random_p=0.05: Epoch: 9 [30/390] lr:0.049803 Train Loss:1.8216 Train Acc1:49.3952 Train Acc5:81.0736 Time:0.278s

2024-05-28 10:44:27 CIFAR100_cutout_wideresnet28x10_vassoremu-sgd_rho0.2_theta=0.4_crt=random_p=0.05: Epoch: 9 [40/390] lr:0.049803 Train Loss:1.8309 Train Acc1:49.1044 Train Acc5:81.1547 Time:0.278s

2024-05-28 10:44:29 CIFAR100_cutout_wideresnet28x10_vassoremu-sgd_rho0.2_theta=0.4_crt=random_p=0.05: Epoch: 9 [50/390] lr:0.049803 Train Loss:1.8218 Train Acc1:49.5098 Train Acc5:81.3419 Time:0.279s

2024-05-28 10:44:32 CIFAR100_cutout_wideresnet28x10_vassoremu-sgd_rho0.2_theta=0.4_crt=random_p=0.05: Epoch: 9 [60/390] lr:0.049803 Train Loss:1.8118 Train Acc1:49.9232 Train Acc5:81.3268 Time:0.278s

2024-05-28 10:44:36 CIFAR100_cutout_wideresnet28x10_vassoremu-sgd_rho0.2_theta=0.4_crt=random_p=0.05: Epoch: 9 [70/390] lr:0.049803 Train Loss:1.8081 Train Acc1:50.0660 Train Acc5:81.3820 Time:0.277s

2024-05-28 10:44:38 CIFAR100_cutout_wideresnet28x10_vassoremu-sgd_rho0.2_theta=0.4_crt=random_p=0.05: Epoch: 9 [80/390] lr:0.049803 Train Loss:1.8051 Train Acc1:50.0096 Train Acc5:81.6262 Time:0.281s

2024-05-28 10:44:41 CIFAR100_cutout_wideresnet28x10_vassoremu-sgd_rho0.2_theta=0.4_crt=random_p=0.05: Epoch: 9 [90/390] lr:0.049803 Train Loss:1.8068 Train Acc1:50.0515 Train Acc5:81.5333 Time:0.284s

2024-05-28 10:44:44 CIFAR100_cutout_wideresnet28x10_vassoremu-sgd_rho0.2_theta=0.4_crt=random_p=0.05: Epoch: 9 [100/390] lr:0.049803 Train Loss:1.7932 Train Acc1:50.3636 Train Acc5:81.7528 Time:0.279s

2024-05-28 10:44:47 CIFAR100_cutout_wideresnet28x10_vassoremu-sgd_rho0.2_theta=0.4_crt=random_p=0.05: Epoch: 9 [110/390] lr:0.049803 Train Loss:1.7887 Train Acc1:50.3730 Train Acc5:81.9046 Time:0.278s

2024-05-28 10:44:50 CIFAR100_cutout_wideresnet28x10_vassoremu-sgd_rho0.2_theta=0.4_crt=random_p=0.05: Epoch: 9 [120/390] lr:0.049803 Train Loss:1.7935 Train Acc1:50.2454 Train Acc5:81.7084 Time:0.283s

2024-05-28 10:44:52 CIFAR100_cutout_wideresnet28x10_vassoremu-sgd_rho0.2_theta=0.4_crt=random_p=0.05: Epoch: 9 [130/390] lr:0.049803 Train Loss:1.7949 Train Acc1:50.2982 Train Acc5:81.7510 Time:0.287s

2024-05-28 10:44:55 CIFAR100_cutout_wideresnet28x10_vassoremu-sgd_rho0.2_theta=0.4_crt=random_p=0.05: Epoch: 9 [140/390] lr:0.049803 Train Loss:1.7975 Train Acc1:50.2770 Train Acc5:81.6212 Time:0.279s

2024-05-28 10:44:58 CIFAR100_cutout_wideresnet28x10_vassoremu-sgd_rho0.2_theta=0.4_crt=random_p=0.05: Epoch: 9 [150/390] lr:0.049803 Train Loss:1.8024 Train Acc1:50.2018 Train Acc5:81.4983 Time:0.282s

2024-05-28 10:45:01 CIFAR100_cutout_wideresnet28x10_vassoremu-sgd_rho0.2_theta=0.4_crt=random_p=0.05: Epoch: 9 [160/390] lr:0.049803 Train Loss:1.8012 Train Acc1:50.2814 Train Acc5:81.5120 Time:0.284s

2024-05-28 10:45:04 CIFAR100_cutout_wideresnet28x10_vassoremu-sgd_rho0.2_theta=0.4_crt=random_p=0.05: Epoch: 9 [170/390] lr:0.049803 Train Loss:1.8022 Train Acc1:50.2239 Train Acc5:81.5104 Time:0.278s

2024-05-28 10:45:07 CIFAR100_cutout_wideresnet28x10_vassoremu-sgd_rho0.2_theta=0.4_crt=random_p=0.05: Epoch: 9 [180/390] lr:0.049803 Train Loss:1.8000 Train Acc1:50.1942 Train Acc5:81.5349 Time:0.280s

2024-05-28 10:45:10 CIFAR100_cutout_wideresnet28x10_vassoremu-sgd_rho0.2_theta=0.4_crt=random_p=0.05: Epoch: 9 [190/390] lr:0.049803 Train Loss:1.8032 Train Acc1:50.0205 Train Acc5:81.5322 Time:0.281s

2024-05-28 10:45:13 CIFAR100_cutout_wideresnet28x10_vassoremu-sgd_rho0.2_theta=0.4_crt=random_p=0.05: Epoch: 9 [200/390] lr:0.049803 Train Loss:1.8051 Train Acc1:49.9883 Train Acc5:81.5026 Time:0.283s

2024-05-28 10:45:16 CIFAR100_cutout_wideresnet28x10_vassoremu-sgd_rho0.2_theta=0.4_crt=random_p=0.05: Epoch: 9 [210/390] lr:0.049803 Train Loss:1.8066 Train Acc1:50.0407 Train Acc5:81.4648 Time:0.545s

2024-05-28 10:45:19 CIFAR100_cutout_wideresnet28x10_vassoremu-sgd_rho0.2_theta=0.4_crt=random_p=0.05: Epoch: 9 [220/390] lr:0.049803 Train Loss:1.8056 Train Acc1:50.1025 Train Acc5:81.4868 Time:0.278s

2024-05-28 10:45:22 CIFAR100_cutout_wideresnet28x10_vassoremu-sgd_rho0.2_theta=0.4_crt=random_p=0.05: Epoch: 9 [230/390] lr:0.049803 Train Loss:1.8051 Train Acc1:50.1522 Train Acc5:81.4834 Time:0.285s

2024-05-28 10:45:25 CIFAR100_cutout_wideresnet28x10_vassoremu-sgd_rho0.2_theta=0.4_crt=random_p=0.05: Epoch: 9 [240/390] lr:0.049803 Train Loss:1.8050 Train Acc1:50.1491 Train Acc5:81.4607 Time:0.283s

2024-05-28 10:45:27 CIFAR100_cutout_wideresnet28x10_vassoremu-sgd_rho0.2_theta=0.4_crt=random_p=0.05: Epoch: 9 [250/390] lr:0.049803 Train Loss:1.8032 Train Acc1:50.2428 Train Acc5:81.4959 Time:0.283s

2024-05-28 10:45:30 CIFAR100_cutout_wideresnet28x10_vassoremu-sgd_rho0.2_theta=0.4_crt=random_p=0.05: Epoch: 9 [260/390] lr:0.049803 Train Loss:1.8041 Train Acc1:50.2305 Train Acc5:81.4506 Time:0.278s

2024-05-28 10:45:33 CIFAR100_cutout_wideresnet28x10_vassoremu-sgd_rho0.2_theta=0.4_crt=random_p=0.05: Epoch: 9 [270/390] lr:0.049803 Train Loss:1.8048 Train Acc1:50.2450 Train Acc5:81.4345 Time:0.545s

2024-05-28 10:45:36 CIFAR100_cutout_wideresnet28x10_vassoremu-sgd_rho0.2_theta=0.4_crt=random_p=0.05: Epoch: 9 [280/390] lr:0.049803 Train Loss:1.8036 Train Acc1:50.2280 Train Acc5:81.5058 Time:0.282s

2024-05-28 10:45:39 CIFAR100_cutout_wideresnet28x10_vassoremu-sgd_rho0.2_theta=0.4_crt=random_p=0.05: Epoch: 9 [290/390] lr:0.049803 Train Loss:1.8076 Train Acc1:50.1906 Train Acc5:81.4272 Time:0.545s

2024-05-28 10:45:42 CIFAR100_cutout_wideresnet28x10_vassoremu-sgd_rho0.2_theta=0.4_crt=random_p=0.05: Epoch: 9 [300/390] lr:0.049803 Train Loss:1.8030 Train Acc1:50.3063 Train Acc5:81.5251 Time:0.281s

2024-05-28 10:45:45 CIFAR100_cutout_wideresnet28x10_vassoremu-sgd_rho0.2_theta=0.4_crt=random_p=0.05: Epoch: 9 [310/390] lr:0.049803 Train Loss:1.8060 Train Acc1:50.2512 Train Acc5:81.4635 Time:0.278s

2024-05-28 10:45:48 CIFAR100_cutout_wideresnet28x10_vassoremu-sgd_rho0.2_theta=0.4_crt=random_p=0.05: Epoch: 9 [320/390] lr:0.049803 Train Loss:1.8060 Train Acc1:50.2190 Train Acc5:81.5275 Time:0.282s

2024-05-28 10:45:51 CIFAR100_cutout_wideresnet28x10_vassoremu-sgd_rho0.2_theta=0.4_crt=random_p=0.05: Epoch: 9 [330/390] lr:0.049803 Train Loss:1.8056 Train Acc1:50.2006 Train Acc5:81.5427 Time:0.279s

2024-05-28 10:45:54 CIFAR100_cutout_wideresnet28x10_vassoremu-sgd_rho0.2_theta=0.4_crt=random_p=0.05: Epoch: 9 [340/390] lr:0.049803 Train Loss:1.8064 Train Acc1:50.1443 Train Acc5:81.5341 Time:0.283s

2024-05-28 10:45:57 CIFAR100_cutout_wideresnet28x10_vassoremu-sgd_rho0.2_theta=0.4_crt=random_p=0.05: Epoch: 9 [350/390] lr:0.049803 Train Loss:1.8078 Train Acc1:50.1558 Train Acc5:81.4904 Time:0.283s

2024-05-28 10:46:00 CIFAR100_cutout_wideresnet28x10_vassoremu-sgd_rho0.2_theta=0.4_crt=random_p=0.05: Epoch: 9 [360/390] lr:0.049803 Train Loss:1.8096 Train Acc1:50.1060 Train Acc5:81.4686 Time:0.278s

2024-05-28 10:46:03 CIFAR100_cutout_wideresnet28x10_vassoremu-sgd_rho0.2_theta=0.4_crt=random_p=0.05: Epoch: 9 [370/390] lr:0.049803 Train Loss:1.8117 Train Acc1:50.0526 Train Acc5:81.4585 Time:0.278s

2024-05-28 10:46:06 CIFAR100_cutout_wideresnet28x10_vassoremu-sgd_rho0.2_theta=0.4_crt=random_p=0.05: Epoch: 9 [380/390] lr:0.049803 Train Loss:1.8125 Train Acc1:49.9713 Train Acc5:81.4899 Time:0.278s

2024-05-28 10:46:17 CIFAR100_cutout_wideresnet28x10_vassoremu-sgd_rho0.2_theta=0.4_crt=random_p=0.05: Epoch:9 Train Loss:1.8125 Train Acc1:49.9760 Train Acc5:81.4864 Test Loss:2.0135 Test Acc1:45.8900(Max:45.8900) Test Acc5:78.8000 Time:122.565s

2024-05-28 10:46:17 CIFAR100_cutout_wideresnet28x10_vassoremu-sgd_rho0.2_theta=0.4_crt=random_p=0.05: Epoch: 10 [0/390] lr:0.049751 Train Loss:1.7495 Train Acc1:54.6875 Train Acc5:85.1562 Time:0.278s

2024-05-28 10:46:20 CIFAR100_cutout_wideresnet28x10_vassoremu-sgd_rho0.2_theta=0.4_crt=random_p=0.05: Epoch: 10 [10/390] lr:0.049751 Train Loss:1.6673 Train Acc1:54.4034 Train Acc5:86.4347 Time:0.284s

2024-05-28 10:46:23 CIFAR100_cutout_wideresnet28x10_vassoremu-sgd_rho0.2_theta=0.4_crt=random_p=0.05: Epoch: 10 [20/390] lr:0.049751 Train Loss:1.6836 Train Acc1:53.7946 Train Acc5:85.0818 Time:0.281s

2024-05-28 10:46:27 CIFAR100_cutout_wideresnet28x10_vassoremu-sgd_rho0.2_theta=0.4_crt=random_p=0.05: Epoch: 10 [30/390] lr:0.049751 Train Loss:1.6858 Train Acc1:53.5030 Train Acc5:84.6774 Time:0.278s

2024-05-28 10:46:30 CIFAR100_cutout_wideresnet28x10_vassoremu-sgd_rho0.2_theta=0.4_crt=random_p=0.05: Epoch: 10 [40/390] lr:0.049751 Train Loss:1.6917 Train Acc1:53.1441 Train Acc5:84.3369 Time:0.278s

2024-05-28 10:46:32 CIFAR100_cutout_wideresnet28x10_vassoremu-sgd_rho0.2_theta=0.4_crt=random_p=0.05: Epoch: 10 [50/390] lr:0.049751 Train Loss:1.6879 Train Acc1:53.3088 Train Acc5:84.1605 Time:0.283s

2024-05-28 10:46:35 CIFAR100_cutout_wideresnet28x10_vassoremu-sgd_rho0.2_theta=0.4_crt=random_p=0.05: Epoch: 10 [60/390] lr:0.049751 Train Loss:1.6975 Train Acc1:52.8689 Train Acc5:84.0036 Time:0.282s

2024-05-28 10:46:39 CIFAR100_cutout_wideresnet28x10_vassoremu-sgd_rho0.2_theta=0.4_crt=random_p=0.05: Epoch: 10 [70/390] lr:0.049751 Train Loss:1.7103 Train Acc1:52.7399 Train Acc5:83.6158 Time:0.277s

2024-05-28 10:46:42 CIFAR100_cutout_wideresnet28x10_vassoremu-sgd_rho0.2_theta=0.4_crt=random_p=0.05: Epoch: 10 [80/390] lr:0.049751 Train Loss:1.7102 Train Acc1:52.6910 Train Acc5:83.4201 Time:0.278s

2024-05-28 10:46:44 CIFAR100_cutout_wideresnet28x10_vassoremu-sgd_rho0.2_theta=0.4_crt=random_p=0.05: Epoch: 10 [90/390] lr:0.049751 Train Loss:1.7116 Train Acc1:52.4897 Train Acc5:83.2503 Time:0.278s

2024-05-28 10:46:47 CIFAR100_cutout_wideresnet28x10_vassoremu-sgd_rho0.2_theta=0.4_crt=random_p=0.05: Epoch: 10 [100/390] lr:0.049751 Train Loss:1.7230 Train Acc1:52.1426 Train Acc5:82.9517 Time:0.546s

2024-05-28 10:46:51 CIFAR100_cutout_wideresnet28x10_vassoremu-sgd_rho0.2_theta=0.4_crt=random_p=0.05: Epoch: 10 [110/390] lr:0.049751 Train Loss:1.7304 Train Acc1:51.9637 Train Acc5:82.8758 Time:0.279s

2024-05-28 10:46:54 CIFAR100_cutout_wideresnet28x10_vassoremu-sgd_rho0.2_theta=0.4_crt=random_p=0.05: Epoch: 10 [120/390] lr:0.049751 Train Loss:1.7340 Train Acc1:51.7949 Train Acc5:82.8512 Time:0.277s

2024-05-28 10:46:57 CIFAR100_cutout_wideresnet28x10_vassoremu-sgd_rho0.2_theta=0.4_crt=random_p=0.05: Epoch: 10 [130/390] lr:0.049751 Train Loss:1.7326 Train Acc1:52.0098 Train Acc5:82.8244 Time:0.278s

2024-05-28 10:47:00 CIFAR100_cutout_wideresnet28x10_vassoremu-sgd_rho0.2_theta=0.4_crt=random_p=0.05: Epoch: 10 [140/390] lr:0.049751 Train Loss:1.7345 Train Acc1:51.9614 Train Acc5:82.7848 Time:0.283s

2024-05-28 10:47:03 CIFAR100_cutout_wideresnet28x10_vassoremu-sgd_rho0.2_theta=0.4_crt=random_p=0.05: Epoch: 10 [150/390] lr:0.049751 Train Loss:1.7385 Train Acc1:51.8885 Train Acc5:82.7711 Time:0.278s

2024-05-28 10:47:05 CIFAR100_cutout_wideresnet28x10_vassoremu-sgd_rho0.2_theta=0.4_crt=random_p=0.05: Epoch: 10 [160/390] lr:0.049751 Train Loss:1.7391 Train Acc1:51.8828 Train Acc5:82.7640 Time:0.278s

2024-05-28 10:47:08 CIFAR100_cutout_wideresnet28x10_vassoremu-sgd_rho0.2_theta=0.4_crt=random_p=0.05: Epoch: 10 [170/390] lr:0.049751 Train Loss:1.7393 Train Acc1:51.8869 Train Acc5:82.7257 Time:0.278s

2024-05-28 10:47:11 CIFAR100_cutout_wideresnet28x10_vassoremu-sgd_rho0.2_theta=0.4_crt=random_p=0.05: Epoch: 10 [180/390] lr:0.049751 Train Loss:1.7366 Train Acc1:51.9682 Train Acc5:82.7693 Time:0.277s

2024-05-28 10:47:14 CIFAR100_cutout_wideresnet28x10_vassoremu-sgd_rho0.2_theta=0.4_crt=random_p=0.05: Epoch: 10 [190/390] lr:0.049751 Train Loss:1.7351 Train Acc1:51.9552 Train Acc5:82.7920 Time:0.278s

2024-05-28 10:47:17 CIFAR100_cutout_wideresnet28x10_vassoremu-sgd_rho0.2_theta=0.4_crt=random_p=0.05: Epoch: 10 [200/390] lr:0.049751 Train Loss:1.7323 Train Acc1:51.9862 Train Acc5:82.7853 Time:0.283s

2024-05-28 10:47:20 CIFAR100_cutout_wideresnet28x10_vassoremu-sgd_rho0.2_theta=0.4_crt=random_p=0.05: Epoch: 10 [210/390] lr:0.049751 Train Loss:1.7335 Train Acc1:51.9328 Train Acc5:82.7792 Time:0.279s

2024-05-28 10:47:23 CIFAR100_cutout_wideresnet28x10_vassoremu-sgd_rho0.2_theta=0.4_crt=random_p=0.05: Epoch: 10 [220/390] lr:0.049751 Train Loss:1.7388 Train Acc1:51.7852 Train Acc5:82.6923 Time:0.278s

2024-05-28 10:47:26 CIFAR100_cutout_wideresnet28x10_vassoremu-sgd_rho0.2_theta=0.4_crt=random_p=0.05: Epoch: 10 [230/390] lr:0.049751 Train Loss:1.7388 Train Acc1:51.7857 Train Acc5:82.6231 Time:0.284s

2024-05-28 10:47:29 CIFAR100_cutout_wideresnet28x10_vassoremu-sgd_rho0.2_theta=0.4_crt=random_p=0.05: Epoch: 10 [240/390] lr:0.049751 Train Loss:1.7409 Train Acc1:51.7570 Train Acc5:82.5629 Time:0.277s

2024-05-28 10:47:32 CIFAR100_cutout_wideresnet28x10_vassoremu-sgd_rho0.2_theta=0.4_crt=random_p=0.05: Epoch: 10 [250/390] lr:0.049751 Train Loss:1.7424 Train Acc1:51.6932 Train Acc5:82.5666 Time:0.278s

2024-05-28 10:47:34 CIFAR100_cutout_wideresnet28x10_vassoremu-sgd_rho0.2_theta=0.4_crt=random_p=0.05: Epoch: 10 [260/390] lr:0.049751 Train Loss:1.7392 Train Acc1:51.8439 Train Acc5:82.6030 Time:0.282s

2024-05-28 10:47:38 CIFAR100_cutout_wideresnet28x10_vassoremu-sgd_rho0.2_theta=0.4_crt=random_p=0.05: Epoch: 10 [270/390] lr:0.049751 Train Loss:1.7421 Train Acc1:51.7758 Train Acc5:82.5559 Time:0.545s

2024-05-28 10:47:40 CIFAR100_cutout_wideresnet28x10_vassoremu-sgd_rho0.2_theta=0.4_crt=random_p=0.05: Epoch: 10 [280/390] lr:0.049751 Train Loss:1.7425 Train Acc1:51.7460 Train Acc5:82.5539 Time:0.283s

2024-05-28 10:47:43 CIFAR100_cutout_wideresnet28x10_vassoremu-sgd_rho0.2_theta=0.4_crt=random_p=0.05: Epoch: 10 [290/390] lr:0.049751 Train Loss:1.7437 Train Acc1:51.7102 Train Acc5:82.5575 Time:0.278s

2024-05-28 10:47:46 CIFAR100_cutout_wideresnet28x10_vassoremu-sgd_rho0.2_theta=0.4_crt=random_p=0.05: Epoch: 10 [300/390] lr:0.049751 Train Loss:1.7440 Train Acc1:51.7260 Train Acc5:82.5426 Time:0.278s

2024-05-28 10:47:49 CIFAR100_cutout_wideresnet28x10_vassoremu-sgd_rho0.2_theta=0.4_crt=random_p=0.05: Epoch: 10 [310/390] lr:0.049751 Train Loss:1.7432 Train Acc1:51.7182 Train Acc5:82.5663 Time:0.279s

2024-05-28 10:47:52 CIFAR100_cutout_wideresnet28x10_vassoremu-sgd_rho0.2_theta=0.4_crt=random_p=0.05: Epoch: 10 [320/390] lr:0.049751 Train Loss:1.7407 Train Acc1:51.7864 Train Acc5:82.6275 Time:0.284s

2024-05-28 10:47:56 CIFAR100_cutout_wideresnet28x10_vassoremu-sgd_rho0.2_theta=0.4_crt=random_p=0.05: Epoch: 10 [330/390] lr:0.049751 Train Loss:1.7436 Train Acc1:51.7277 Train Acc5:82.5788 Time:0.278s

2024-05-28 10:47:58 CIFAR100_cutout_wideresnet28x10_vassoremu-sgd_rho0.2_theta=0.4_crt=random_p=0.05: Epoch: 10 [340/390] lr:0.049751 Train Loss:1.7426 Train Acc1:51.7229 Train Acc5:82.5903 Time:0.281s

2024-05-28 10:48:01 CIFAR100_cutout_wideresnet28x10_vassoremu-sgd_rho0.2_theta=0.4_crt=random_p=0.05: Epoch: 10 [350/390] lr:0.049751 Train Loss:1.7387 Train Acc1:51.8029 Train Acc5:82.6700 Time:0.278s

2024-05-28 10:48:04 CIFAR100_cutout_wideresnet28x10_vassoremu-sgd_rho0.2_theta=0.4_crt=random_p=0.05: Epoch: 10 [360/390] lr:0.049751 Train Loss:1.7414 Train Acc1:51.7097 Train Acc5:82.6350 Time:0.278s

2024-05-28 10:48:07 CIFAR100_cutout_wideresnet28x10_vassoremu-sgd_rho0.2_theta=0.4_crt=random_p=0.05: Epoch: 10 [370/390] lr:0.049751 Train Loss:1.7396 Train Acc1:51.7836 Train Acc5:82.6567 Time:0.279s

2024-05-28 10:48:10 CIFAR100_cutout_wideresnet28x10_vassoremu-sgd_rho0.2_theta=0.4_crt=random_p=0.05: Epoch: 10 [380/390] lr:0.049751 Train Loss:1.7415 Train Acc1:51.7183 Train Acc5:82.6382 Time:0.277s

2024-05-28 10:48:20 CIFAR100_cutout_wideresnet28x10_vassoremu-sgd_rho0.2_theta=0.4_crt=random_p=0.05: Epoch:10 Train Loss:1.7407 Train Acc1:51.7708 Train Acc5:82.6522 Test Loss:2.0494 Test Acc1:46.0900(Max:46.0900) Test Acc5:77.6700 Time:123.698s

2024-05-28 10:48:21 CIFAR100_cutout_wideresnet28x10_vassoremu-sgd_rho0.2_theta=0.4_crt=random_p=0.05: Epoch: 11 [0/390] lr:0.049692 Train Loss:1.6000 Train Acc1:54.6875 Train Acc5:84.3750 Time:0.280s

2024-05-28 10:48:24 CIFAR100_cutout_wideresnet28x10_vassoremu-sgd_rho0.2_theta=0.4_crt=random_p=0.05: Epoch: 11 [10/390] lr:0.049692 Train Loss:1.6833 Train Acc1:54.5455 Train Acc5:83.4517 Time:0.278s

