Not using distributed mode
2024-05-28 10:22:43 CIFAR100_cutout_wideresnet28x10_vassoremu-sgd_rho0.2_theta=0.4_crt=random_p=0.2: Namespace(batch_size=128, betas=None, crt='random', crt_k=2, crt_p=0.2, datadir='~/sam/datasets', dataset='CIFAR100_cutout', dist_url='env://', distributed=False, distributed_val=False, drop_last=True, epochs=200, eps=None, eta_min=0, extensive_metrics_mode=False, gamma=0.2, log_freq=10, lr=0.05, lr_scheduler='CosineLRscheduler', milestone=[60, 120, 160], model='wideresnet28x10', momentum=0.9, nesterov=False, num_workers=8, opt='vassoremu-sgd', output_dir='logs', output_name='CIFAR100_cutout_wideresnet28x10_vassoremu-sgd_rho0.2_theta=0.4_crt=random_p=0.2', performance_scores_mode=False, phi=0.001, pin_memory=True, resume=False, resume_path='.', rho=0.2, seed=3107, start_epoch=0, theta=0.4, wandb=False, wandb_name='Default', wandb_project='VASSO', warmup_epoch=0, warmup_init_lr=0.0, weight_decay=0.001, zeta=1.0)

Files already downloaded and verified
Files already downloaded and verified
2024-05-28 10:22:45 CIFAR100_cutout_wideresnet28x10_vassoremu-sgd_rho0.2_theta=0.4_crt=random_p=0.2: Train Data: 50000, Test Data: 10000.

2024-05-28 10:22:51 CIFAR100_cutout_wideresnet28x10_vassoremu-sgd_rho0.2_theta=0.4_crt=random_p=0.2: Model: wideresnet28x10

2024-05-28 10:22:51 CIFAR100_cutout_wideresnet28x10_vassoremu-sgd_rho0.2_theta=0.4_crt=random_p=0.2: Optimizer: <class 'solver.vassoremu.VASSOREMU'>

2024-05-28 10:22:51 CIFAR100_cutout_wideresnet28x10_vassoremu-sgd_rho0.2_theta=0.4_crt=random_p=0.2: LR Scheduler: <class 'solver.lr_scheduler.CosineLRscheduler'>

2024-05-28 10:22:51 CIFAR100_cutout_wideresnet28x10_vassoremu-sgd_rho0.2_theta=0.4_crt=random_p=0.2: Start training for 200 Epochs.

2024-05-28 10:22:55 CIFAR100_cutout_wideresnet28x10_vassoremu-sgd_rho0.2_theta=0.4_crt=random_p=0.2: Epoch: 0 [0/390] lr:0.050000 Train Loss:4.8094 Train Acc1:0.0000 Train Acc5:2.3438 Time:0.671s

2024-05-28 10:23:00 CIFAR100_cutout_wideresnet28x10_vassoremu-sgd_rho0.2_theta=0.4_crt=random_p=0.2: Epoch: 0 [10/390] lr:0.050000 Train Loss:4.7963 Train Acc1:0.9233 Train Acc5:3.9062 Time:0.532s

2024-05-28 10:23:05 CIFAR100_cutout_wideresnet28x10_vassoremu-sgd_rho0.2_theta=0.4_crt=random_p=0.2: Epoch: 0 [20/390] lr:0.050000 Train Loss:4.8166 Train Acc1:0.7440 Train Acc5:4.1295 Time:0.531s

2024-05-28 10:23:11 CIFAR100_cutout_wideresnet28x10_vassoremu-sgd_rho0.2_theta=0.4_crt=random_p=0.2: Epoch: 0 [30/390] lr:0.050000 Train Loss:4.7998 Train Acc1:0.9829 Train Acc5:4.6371 Time:0.532s

2024-05-28 10:23:16 CIFAR100_cutout_wideresnet28x10_vassoremu-sgd_rho0.2_theta=0.4_crt=random_p=0.2: Epoch: 0 [40/390] lr:0.050000 Train Loss:4.7767 Train Acc1:1.1623 Train Acc5:5.2210 Time:0.533s

2024-05-28 10:23:21 CIFAR100_cutout_wideresnet28x10_vassoremu-sgd_rho0.2_theta=0.4_crt=random_p=0.2: Epoch: 0 [50/390] lr:0.050000 Train Loss:4.7425 Train Acc1:1.3940 Train Acc5:5.9743 Time:0.533s

2024-05-28 10:23:27 CIFAR100_cutout_wideresnet28x10_vassoremu-sgd_rho0.2_theta=0.4_crt=random_p=0.2: Epoch: 0 [60/390] lr:0.050000 Train Loss:4.7113 Train Acc1:1.5625 Train Acc5:6.7239 Time:0.535s

2024-05-28 10:23:32 CIFAR100_cutout_wideresnet28x10_vassoremu-sgd_rho0.2_theta=0.4_crt=random_p=0.2: Epoch: 0 [70/390] lr:0.050000 Train Loss:4.6737 Train Acc1:1.8046 Train Acc5:7.4384 Time:0.534s

2024-05-28 10:23:37 CIFAR100_cutout_wideresnet28x10_vassoremu-sgd_rho0.2_theta=0.4_crt=random_p=0.2: Epoch: 0 [80/390] lr:0.050000 Train Loss:4.6459 Train Acc1:1.9097 Train Acc5:7.9765 Time:0.536s

2024-05-28 10:23:43 CIFAR100_cutout_wideresnet28x10_vassoremu-sgd_rho0.2_theta=0.4_crt=random_p=0.2: Epoch: 0 [90/390] lr:0.050000 Train Loss:4.6143 Train Acc1:2.0948 Train Acc5:8.7998 Time:0.536s

2024-05-28 10:23:48 CIFAR100_cutout_wideresnet28x10_vassoremu-sgd_rho0.2_theta=0.4_crt=random_p=0.2: Epoch: 0 [100/390] lr:0.050000 Train Loss:4.5876 Train Acc1:2.2896 Train Acc5:9.4524 Time:0.536s

2024-05-28 10:23:52 CIFAR100_cutout_wideresnet28x10_vassoremu-sgd_rho0.2_theta=0.4_crt=random_p=0.2: Epoch: 0 [110/390] lr:0.050000 Train Loss:4.5590 Train Acc1:2.4986 Train Acc5:10.1562 Time:0.539s

2024-05-28 10:23:55 CIFAR100_cutout_wideresnet28x10_vassoremu-sgd_rho0.2_theta=0.4_crt=random_p=0.2: Epoch: 0 [120/390] lr:0.050000 Train Loss:4.5316 Train Acc1:2.7570 Train Acc5:10.9440 Time:0.274s

2024-05-28 10:23:58 CIFAR100_cutout_wideresnet28x10_vassoremu-sgd_rho0.2_theta=0.4_crt=random_p=0.2: Epoch: 0 [130/390] lr:0.050000 Train Loss:4.5115 Train Acc1:2.9222 Train Acc5:11.4742 Time:0.273s

2024-05-28 10:24:02 CIFAR100_cutout_wideresnet28x10_vassoremu-sgd_rho0.2_theta=0.4_crt=random_p=0.2: Epoch: 0 [140/390] lr:0.050000 Train Loss:4.4926 Train Acc1:2.9809 Train Acc5:12.0124 Time:0.273s

2024-05-28 10:24:05 CIFAR100_cutout_wideresnet28x10_vassoremu-sgd_rho0.2_theta=0.4_crt=random_p=0.2: Epoch: 0 [150/390] lr:0.050000 Train Loss:4.4739 Train Acc1:3.1198 Train Acc5:12.5259 Time:0.275s

2024-05-28 10:24:08 CIFAR100_cutout_wideresnet28x10_vassoremu-sgd_rho0.2_theta=0.4_crt=random_p=0.2: Epoch: 0 [160/390] lr:0.050000 Train Loss:4.4565 Train Acc1:3.2366 Train Acc5:12.9707 Time:0.278s

2024-05-28 10:24:12 CIFAR100_cutout_wideresnet28x10_vassoremu-sgd_rho0.2_theta=0.4_crt=random_p=0.2: Epoch: 0 [170/390] lr:0.050000 Train Loss:4.4383 Train Acc1:3.3489 Train Acc5:13.5645 Time:0.273s

2024-05-28 10:24:15 CIFAR100_cutout_wideresnet28x10_vassoremu-sgd_rho0.2_theta=0.4_crt=random_p=0.2: Epoch: 0 [180/390] lr:0.050000 Train Loss:4.4218 Train Acc1:3.4530 Train Acc5:14.0711 Time:0.274s

2024-05-28 10:24:19 CIFAR100_cutout_wideresnet28x10_vassoremu-sgd_rho0.2_theta=0.4_crt=random_p=0.2: Epoch: 0 [190/390] lr:0.050000 Train Loss:4.4080 Train Acc1:3.5708 Train Acc5:14.4920 Time:0.274s

2024-05-28 10:24:23 CIFAR100_cutout_wideresnet28x10_vassoremu-sgd_rho0.2_theta=0.4_crt=random_p=0.2: Epoch: 0 [200/390] lr:0.050000 Train Loss:4.3950 Train Acc1:3.6575 Train Acc5:14.7621 Time:0.537s

2024-05-28 10:24:26 CIFAR100_cutout_wideresnet28x10_vassoremu-sgd_rho0.2_theta=0.4_crt=random_p=0.2: Epoch: 0 [210/390] lr:0.050000 Train Loss:4.3813 Train Acc1:3.8211 Train Acc5:15.1733 Time:0.273s

2024-05-28 10:24:30 CIFAR100_cutout_wideresnet28x10_vassoremu-sgd_rho0.2_theta=0.4_crt=random_p=0.2: Epoch: 0 [220/390] lr:0.050000 Train Loss:4.3678 Train Acc1:3.9098 Train Acc5:15.5260 Time:0.278s

2024-05-28 10:24:33 CIFAR100_cutout_wideresnet28x10_vassoremu-sgd_rho0.2_theta=0.4_crt=random_p=0.2: Epoch: 0 [230/390] lr:0.050000 Train Loss:4.3565 Train Acc1:4.0043 Train Acc5:15.8448 Time:0.274s

2024-05-28 10:24:37 CIFAR100_cutout_wideresnet28x10_vassoremu-sgd_rho0.2_theta=0.4_crt=random_p=0.2: Epoch: 0 [240/390] lr:0.050000 Train Loss:4.3445 Train Acc1:4.0813 Train Acc5:16.2312 Time:0.278s

2024-05-28 10:24:40 CIFAR100_cutout_wideresnet28x10_vassoremu-sgd_rho0.2_theta=0.4_crt=random_p=0.2: Epoch: 0 [250/390] lr:0.050000 Train Loss:4.3318 Train Acc1:4.1770 Train Acc5:16.5899 Time:0.279s

2024-05-28 10:24:43 CIFAR100_cutout_wideresnet28x10_vassoremu-sgd_rho0.2_theta=0.4_crt=random_p=0.2: Epoch: 0 [260/390] lr:0.050000 Train Loss:4.3211 Train Acc1:4.2565 Train Acc5:16.8852 Time:0.273s

2024-05-28 10:24:47 CIFAR100_cutout_wideresnet28x10_vassoremu-sgd_rho0.2_theta=0.4_crt=random_p=0.2: Epoch: 0 [270/390] lr:0.050000 Train Loss:4.3103 Train Acc1:4.3733 Train Acc5:17.2509 Time:0.273s

2024-05-28 10:24:51 CIFAR100_cutout_wideresnet28x10_vassoremu-sgd_rho0.2_theta=0.4_crt=random_p=0.2: Epoch: 0 [280/390] lr:0.050000 Train Loss:4.2996 Train Acc1:4.4818 Train Acc5:17.5462 Time:0.277s

2024-05-28 10:24:54 CIFAR100_cutout_wideresnet28x10_vassoremu-sgd_rho0.2_theta=0.4_crt=random_p=0.2: Epoch: 0 [290/390] lr:0.050000 Train Loss:4.2889 Train Acc1:4.5667 Train Acc5:17.8775 Time:0.274s

2024-05-28 10:24:57 CIFAR100_cutout_wideresnet28x10_vassoremu-sgd_rho0.2_theta=0.4_crt=random_p=0.2: Epoch: 0 [300/390] lr:0.050000 Train Loss:4.2802 Train Acc1:4.6823 Train Acc5:18.1063 Time:0.274s

2024-05-28 10:25:01 CIFAR100_cutout_wideresnet28x10_vassoremu-sgd_rho0.2_theta=0.4_crt=random_p=0.2: Epoch: 0 [310/390] lr:0.050000 Train Loss:4.2703 Train Acc1:4.8056 Train Acc5:18.4134 Time:0.274s

2024-05-28 10:25:04 CIFAR100_cutout_wideresnet28x10_vassoremu-sgd_rho0.2_theta=0.4_crt=random_p=0.2: Epoch: 0 [320/390] lr:0.050000 Train Loss:4.2587 Train Acc1:4.9260 Train Acc5:18.7354 Time:0.279s

2024-05-28 10:25:07 CIFAR100_cutout_wideresnet28x10_vassoremu-sgd_rho0.2_theta=0.4_crt=random_p=0.2: Epoch: 0 [330/390] lr:0.050000 Train Loss:4.2495 Train Acc1:5.0132 Train Acc5:18.9907 Time:0.538s

2024-05-28 10:25:11 CIFAR100_cutout_wideresnet28x10_vassoremu-sgd_rho0.2_theta=0.4_crt=random_p=0.2: Epoch: 0 [340/390] lr:0.050000 Train Loss:4.2432 Train Acc1:5.0380 Train Acc5:19.1716 Time:0.539s

2024-05-28 10:25:14 CIFAR100_cutout_wideresnet28x10_vassoremu-sgd_rho0.2_theta=0.4_crt=random_p=0.2: Epoch: 0 [350/390] lr:0.050000 Train Loss:4.2347 Train Acc1:5.1193 Train Acc5:19.4177 Time:0.274s

2024-05-28 10:25:17 CIFAR100_cutout_wideresnet28x10_vassoremu-sgd_rho0.2_theta=0.4_crt=random_p=0.2: Epoch: 0 [360/390] lr:0.050000 Train Loss:4.2248 Train Acc1:5.2285 Train Acc5:19.7087 Time:0.274s

2024-05-28 10:25:20 CIFAR100_cutout_wideresnet28x10_vassoremu-sgd_rho0.2_theta=0.4_crt=random_p=0.2: Epoch: 0 [370/390] lr:0.050000 Train Loss:4.2155 Train Acc1:5.3845 Train Acc5:20.0345 Time:0.274s

2024-05-28 10:25:23 CIFAR100_cutout_wideresnet28x10_vassoremu-sgd_rho0.2_theta=0.4_crt=random_p=0.2: Epoch: 0 [380/390] lr:0.050000 Train Loss:4.2104 Train Acc1:5.4175 Train Acc5:20.1751 Time:0.273s

2024-05-28 10:25:34 CIFAR100_cutout_wideresnet28x10_vassoremu-sgd_rho0.2_theta=0.4_crt=random_p=0.2: Epoch:0 Train Loss:4.2043 Train Acc1:5.4728 Train Acc5:20.3365 Test Loss:3.9067 Test Acc1:8.6600(Max:8.6600) Test Acc5:30.7500 Time:162.947s

2024-05-28 10:25:35 CIFAR100_cutout_wideresnet28x10_vassoremu-sgd_rho0.2_theta=0.4_crt=random_p=0.2: Epoch: 1 [0/390] lr:0.050000 Train Loss:3.9935 Train Acc1:7.0312 Train Acc5:22.6562 Time:0.535s

2024-05-28 10:25:38 CIFAR100_cutout_wideresnet28x10_vassoremu-sgd_rho0.2_theta=0.4_crt=random_p=0.2: Epoch: 1 [10/390] lr:0.050000 Train Loss:3.8457 Train Acc1:8.8068 Train Acc5:30.3977 Time:0.274s

2024-05-28 10:25:41 CIFAR100_cutout_wideresnet28x10_vassoremu-sgd_rho0.2_theta=0.4_crt=random_p=0.2: Epoch: 1 [20/390] lr:0.050000 Train Loss:3.8637 Train Acc1:9.0030 Train Acc5:30.2455 Time:0.279s

2024-05-28 10:25:45 CIFAR100_cutout_wideresnet28x10_vassoremu-sgd_rho0.2_theta=0.4_crt=random_p=0.2: Epoch: 1 [30/390] lr:0.050000 Train Loss:3.8621 Train Acc1:8.8206 Train Acc5:30.1915 Time:0.275s

2024-05-28 10:25:48 CIFAR100_cutout_wideresnet28x10_vassoremu-sgd_rho0.2_theta=0.4_crt=random_p=0.2: Epoch: 1 [40/390] lr:0.050000 Train Loss:3.8637 Train Acc1:9.1463 Train Acc5:30.9261 Time:0.274s

2024-05-28 10:25:51 CIFAR100_cutout_wideresnet28x10_vassoremu-sgd_rho0.2_theta=0.4_crt=random_p=0.2: Epoch: 1 [50/390] lr:0.050000 Train Loss:3.8659 Train Acc1:9.1605 Train Acc5:30.7904 Time:0.274s

2024-05-28 10:25:55 CIFAR100_cutout_wideresnet28x10_vassoremu-sgd_rho0.2_theta=0.4_crt=random_p=0.2: Epoch: 1 [60/390] lr:0.050000 Train Loss:3.8662 Train Acc1:9.0932 Train Acc5:30.7505 Time:0.538s

2024-05-28 10:25:57 CIFAR100_cutout_wideresnet28x10_vassoremu-sgd_rho0.2_theta=0.4_crt=random_p=0.2: Epoch: 1 [70/390] lr:0.050000 Train Loss:3.8587 Train Acc1:9.2650 Train Acc5:31.0519 Time:0.279s

2024-05-28 10:26:00 CIFAR100_cutout_wideresnet28x10_vassoremu-sgd_rho0.2_theta=0.4_crt=random_p=0.2: Epoch: 1 [80/390] lr:0.050000 Train Loss:3.8566 Train Acc1:9.2110 Train Acc5:31.1053 Time:0.274s

2024-05-28 10:26:04 CIFAR100_cutout_wideresnet28x10_vassoremu-sgd_rho0.2_theta=0.4_crt=random_p=0.2: Epoch: 1 [90/390] lr:0.050000 Train Loss:3.8615 Train Acc1:9.2119 Train Acc5:31.1384 Time:0.274s

2024-05-28 10:26:07 CIFAR100_cutout_wideresnet28x10_vassoremu-sgd_rho0.2_theta=0.4_crt=random_p=0.2: Epoch: 1 [100/390] lr:0.050000 Train Loss:3.8512 Train Acc1:9.3286 Train Acc5:31.3583 Time:0.537s

2024-05-28 10:26:10 CIFAR100_cutout_wideresnet28x10_vassoremu-sgd_rho0.2_theta=0.4_crt=random_p=0.2: Epoch: 1 [110/390] lr:0.050000 Train Loss:3.8479 Train Acc1:9.4524 Train Acc5:31.5034 Time:0.275s

2024-05-28 10:26:13 CIFAR100_cutout_wideresnet28x10_vassoremu-sgd_rho0.2_theta=0.4_crt=random_p=0.2: Epoch: 1 [120/390] lr:0.050000 Train Loss:3.8419 Train Acc1:9.4848 Train Acc5:31.6697 Time:0.274s

2024-05-28 10:26:16 CIFAR100_cutout_wideresnet28x10_vassoremu-sgd_rho0.2_theta=0.4_crt=random_p=0.2: Epoch: 1 [130/390] lr:0.050000 Train Loss:3.8362 Train Acc1:9.5360 Train Acc5:31.8046 Time:0.274s

2024-05-28 10:26:20 CIFAR100_cutout_wideresnet28x10_vassoremu-sgd_rho0.2_theta=0.4_crt=random_p=0.2: Epoch: 1 [140/390] lr:0.050000 Train Loss:3.8364 Train Acc1:9.5966 Train Acc5:31.8262 Time:0.539s

2024-05-28 10:26:23 CIFAR100_cutout_wideresnet28x10_vassoremu-sgd_rho0.2_theta=0.4_crt=random_p=0.2: Epoch: 1 [150/390] lr:0.050000 Train Loss:3.8315 Train Acc1:9.5975 Train Acc5:31.8967 Time:0.277s

2024-05-28 10:26:26 CIFAR100_cutout_wideresnet28x10_vassoremu-sgd_rho0.2_theta=0.4_crt=random_p=0.2: Epoch: 1 [160/390] lr:0.050000 Train Loss:3.8286 Train Acc1:9.6419 Train Acc5:32.0167 Time:0.274s

2024-05-28 10:26:30 CIFAR100_cutout_wideresnet28x10_vassoremu-sgd_rho0.2_theta=0.4_crt=random_p=0.2: Epoch: 1 [170/390] lr:0.050000 Train Loss:3.8262 Train Acc1:9.7679 Train Acc5:32.0587 Time:0.274s

2024-05-28 10:26:33 CIFAR100_cutout_wideresnet28x10_vassoremu-sgd_rho0.2_theta=0.4_crt=random_p=0.2: Epoch: 1 [180/390] lr:0.050000 Train Loss:3.8192 Train Acc1:9.8930 Train Acc5:32.2082 Time:0.277s

2024-05-28 10:26:36 CIFAR100_cutout_wideresnet28x10_vassoremu-sgd_rho0.2_theta=0.4_crt=random_p=0.2: Epoch: 1 [190/390] lr:0.050000 Train Loss:3.8163 Train Acc1:9.9190 Train Acc5:32.3585 Time:0.277s

2024-05-28 10:26:39 CIFAR100_cutout_wideresnet28x10_vassoremu-sgd_rho0.2_theta=0.4_crt=random_p=0.2: Epoch: 1 [200/390] lr:0.050000 Train Loss:3.8110 Train Acc1:10.0591 Train Acc5:32.5871 Time:0.275s

2024-05-28 10:26:43 CIFAR100_cutout_wideresnet28x10_vassoremu-sgd_rho0.2_theta=0.4_crt=random_p=0.2: Epoch: 1 [210/390] lr:0.050000 Train Loss:3.8068 Train Acc1:10.1007 Train Acc5:32.6607 Time:0.276s

2024-05-28 10:26:46 CIFAR100_cutout_wideresnet28x10_vassoremu-sgd_rho0.2_theta=0.4_crt=random_p=0.2: Epoch: 1 [220/390] lr:0.050000 Train Loss:3.8020 Train Acc1:10.2411 Train Acc5:32.8337 Time:0.274s

2024-05-28 10:26:49 CIFAR100_cutout_wideresnet28x10_vassoremu-sgd_rho0.2_theta=0.4_crt=random_p=0.2: Epoch: 1 [230/390] lr:0.050000 Train Loss:3.7959 Train Acc1:10.3828 Train Acc5:32.9343 Time:0.539s

2024-05-28 10:26:53 CIFAR100_cutout_wideresnet28x10_vassoremu-sgd_rho0.2_theta=0.4_crt=random_p=0.2: Epoch: 1 [240/390] lr:0.050000 Train Loss:3.7906 Train Acc1:10.4545 Train Acc5:33.0978 Time:0.279s

2024-05-28 10:26:56 CIFAR100_cutout_wideresnet28x10_vassoremu-sgd_rho0.2_theta=0.4_crt=random_p=0.2: Epoch: 1 [250/390] lr:0.050000 Train Loss:3.7873 Train Acc1:10.5111 Train Acc5:33.1424 Time:0.274s

2024-05-28 10:27:00 CIFAR100_cutout_wideresnet28x10_vassoremu-sgd_rho0.2_theta=0.4_crt=random_p=0.2: Epoch: 1 [260/390] lr:0.050000 Train Loss:3.7830 Train Acc1:10.5843 Train Acc5:33.2166 Time:0.539s

2024-05-28 10:27:03 CIFAR100_cutout_wideresnet28x10_vassoremu-sgd_rho0.2_theta=0.4_crt=random_p=0.2: Epoch: 1 [270/390] lr:0.050000 Train Loss:3.7780 Train Acc1:10.7271 Train Acc5:33.3429 Time:0.280s

2024-05-28 10:27:06 CIFAR100_cutout_wideresnet28x10_vassoremu-sgd_rho0.2_theta=0.4_crt=random_p=0.2: Epoch: 1 [280/390] lr:0.050000 Train Loss:3.7726 Train Acc1:10.8040 Train Acc5:33.4742 Time:0.280s

2024-05-28 10:27:09 CIFAR100_cutout_wideresnet28x10_vassoremu-sgd_rho0.2_theta=0.4_crt=random_p=0.2: Epoch: 1 [290/390] lr:0.050000 Train Loss:3.7682 Train Acc1:10.8677 Train Acc5:33.6045 Time:0.279s

2024-05-28 10:27:13 CIFAR100_cutout_wideresnet28x10_vassoremu-sgd_rho0.2_theta=0.4_crt=random_p=0.2: Epoch: 1 [300/390] lr:0.050000 Train Loss:3.7640 Train Acc1:10.9661 Train Acc5:33.7287 Time:0.274s

2024-05-28 10:27:16 CIFAR100_cutout_wideresnet28x10_vassoremu-sgd_rho0.2_theta=0.4_crt=random_p=0.2: Epoch: 1 [310/390] lr:0.050000 Train Loss:3.7604 Train Acc1:11.0003 Train Acc5:33.8148 Time:0.276s

2024-05-28 10:27:19 CIFAR100_cutout_wideresnet28x10_vassoremu-sgd_rho0.2_theta=0.4_crt=random_p=0.2: Epoch: 1 [320/390] lr:0.050000 Train Loss:3.7562 Train Acc1:11.0592 Train Acc5:33.9637 Time:0.274s

2024-05-28 10:27:22 CIFAR100_cutout_wideresnet28x10_vassoremu-sgd_rho0.2_theta=0.4_crt=random_p=0.2: Epoch: 1 [330/390] lr:0.050000 Train Loss:3.7518 Train Acc1:11.1476 Train Acc5:34.0634 Time:0.278s

2024-05-28 10:27:26 CIFAR100_cutout_wideresnet28x10_vassoremu-sgd_rho0.2_theta=0.4_crt=random_p=0.2: Epoch: 1 [340/390] lr:0.050000 Train Loss:3.7477 Train Acc1:11.2491 Train Acc5:34.2009 Time:0.274s

2024-05-28 10:27:29 CIFAR100_cutout_wideresnet28x10_vassoremu-sgd_rho0.2_theta=0.4_crt=random_p=0.2: Epoch: 1 [350/390] lr:0.050000 Train Loss:3.7427 Train Acc1:11.3515 Train Acc5:34.3728 Time:0.280s

2024-05-28 10:27:32 CIFAR100_cutout_wideresnet28x10_vassoremu-sgd_rho0.2_theta=0.4_crt=random_p=0.2: Epoch: 1 [360/390] lr:0.050000 Train Loss:3.7380 Train Acc1:11.4093 Train Acc5:34.5135 Time:0.274s

2024-05-28 10:27:35 CIFAR100_cutout_wideresnet28x10_vassoremu-sgd_rho0.2_theta=0.4_crt=random_p=0.2: Epoch: 1 [370/390] lr:0.050000 Train Loss:3.7347 Train Acc1:11.5229 Train Acc5:34.6572 Time:0.274s

2024-05-28 10:27:39 CIFAR100_cutout_wideresnet28x10_vassoremu-sgd_rho0.2_theta=0.4_crt=random_p=0.2: Epoch: 1 [380/390] lr:0.050000 Train Loss:3.7307 Train Acc1:11.6162 Train Acc5:34.8302 Time:0.538s

2024-05-28 10:27:50 CIFAR100_cutout_wideresnet28x10_vassoremu-sgd_rho0.2_theta=0.4_crt=random_p=0.2: Epoch:1 Train Loss:3.7274 Train Acc1:11.6887 Train Acc5:34.9579 Test Loss:3.5415 Test Acc1:14.7100(Max:14.7100) Test Acc5:41.3800 Time:135.705s

2024-05-28 10:27:51 CIFAR100_cutout_wideresnet28x10_vassoremu-sgd_rho0.2_theta=0.4_crt=random_p=0.2: Epoch: 2 [0/390] lr:0.049997 Train Loss:3.5815 Train Acc1:15.6250 Train Acc5:41.4062 Time:0.285s

2024-05-28 10:27:54 CIFAR100_cutout_wideresnet28x10_vassoremu-sgd_rho0.2_theta=0.4_crt=random_p=0.2: Epoch: 2 [10/390] lr:0.049997 Train Loss:3.5246 Train Acc1:15.6250 Train Acc5:41.5483 Time:0.274s

2024-05-28 10:27:58 CIFAR100_cutout_wideresnet28x10_vassoremu-sgd_rho0.2_theta=0.4_crt=random_p=0.2: Epoch: 2 [20/390] lr:0.049997 Train Loss:3.5153 Train Acc1:15.7738 Train Acc5:42.0015 Time:0.273s

2024-05-28 10:28:00 CIFAR100_cutout_wideresnet28x10_vassoremu-sgd_rho0.2_theta=0.4_crt=random_p=0.2: Epoch: 2 [30/390] lr:0.049997 Train Loss:3.5139 Train Acc1:15.6754 Train Acc5:42.2127 Time:0.277s

2024-05-28 10:28:04 CIFAR100_cutout_wideresnet28x10_vassoremu-sgd_rho0.2_theta=0.4_crt=random_p=0.2: Epoch: 2 [40/390] lr:0.049997 Train Loss:3.5148 Train Acc1:15.3582 Train Acc5:41.9207 Time:0.278s

2024-05-28 10:28:08 CIFAR100_cutout_wideresnet28x10_vassoremu-sgd_rho0.2_theta=0.4_crt=random_p=0.2: Epoch: 2 [50/390] lr:0.049997 Train Loss:3.5174 Train Acc1:15.3952 Train Acc5:41.9271 Time:0.274s

2024-05-28 10:28:12 CIFAR100_cutout_wideresnet28x10_vassoremu-sgd_rho0.2_theta=0.4_crt=random_p=0.2: Epoch: 2 [60/390] lr:0.049997 Train Loss:3.5148 Train Acc1:15.3176 Train Acc5:41.9698 Time:0.275s

2024-05-28 10:28:15 CIFAR100_cutout_wideresnet28x10_vassoremu-sgd_rho0.2_theta=0.4_crt=random_p=0.2: Epoch: 2 [70/390] lr:0.049997 Train Loss:3.5183 Train Acc1:15.1188 Train Acc5:41.9014 Time:0.538s

2024-05-28 10:28:19 CIFAR100_cutout_wideresnet28x10_vassoremu-sgd_rho0.2_theta=0.4_crt=random_p=0.2: Epoch: 2 [80/390] lr:0.049997 Train Loss:3.5169 Train Acc1:15.0849 Train Acc5:41.8113 Time:0.273s

2024-05-28 10:28:22 CIFAR100_cutout_wideresnet28x10_vassoremu-sgd_rho0.2_theta=0.4_crt=random_p=0.2: Epoch: 2 [90/390] lr:0.049997 Train Loss:3.5154 Train Acc1:15.2043 Train Acc5:41.8870 Time:0.538s

2024-05-28 10:28:26 CIFAR100_cutout_wideresnet28x10_vassoremu-sgd_rho0.2_theta=0.4_crt=random_p=0.2: Epoch: 2 [100/390] lr:0.049997 Train Loss:3.5135 Train Acc1:15.3543 Train Acc5:41.9787 Time:0.274s

2024-05-28 10:28:29 CIFAR100_cutout_wideresnet28x10_vassoremu-sgd_rho0.2_theta=0.4_crt=random_p=0.2: Epoch: 2 [110/390] lr:0.049997 Train Loss:3.5021 Train Acc1:15.4702 Train Acc5:42.2157 Time:0.539s

2024-05-28 10:28:32 CIFAR100_cutout_wideresnet28x10_vassoremu-sgd_rho0.2_theta=0.4_crt=random_p=0.2: Epoch: 2 [120/390] lr:0.049997 Train Loss:3.4925 Train Acc1:15.6831 Train Acc5:42.4910 Time:0.274s

2024-05-28 10:28:35 CIFAR100_cutout_wideresnet28x10_vassoremu-sgd_rho0.2_theta=0.4_crt=random_p=0.2: Epoch: 2 [130/390] lr:0.049997 Train Loss:3.4896 Train Acc1:15.7562 Train Acc5:42.6348 Time:0.538s

2024-05-28 10:28:38 CIFAR100_cutout_wideresnet28x10_vassoremu-sgd_rho0.2_theta=0.4_crt=random_p=0.2: Epoch: 2 [140/390] lr:0.049997 Train Loss:3.4857 Train Acc1:15.7524 Train Acc5:42.7305 Time:0.539s

2024-05-28 10:28:42 CIFAR100_cutout_wideresnet28x10_vassoremu-sgd_rho0.2_theta=0.4_crt=random_p=0.2: Epoch: 2 [150/390] lr:0.049997 Train Loss:3.4829 Train Acc1:15.8630 Train Acc5:42.7670 Time:0.274s

2024-05-28 10:28:45 CIFAR100_cutout_wideresnet28x10_vassoremu-sgd_rho0.2_theta=0.4_crt=random_p=0.2: Epoch: 2 [160/390] lr:0.049997 Train Loss:3.4755 Train Acc1:16.0278 Train Acc5:42.9930 Time:0.275s

2024-05-28 10:28:49 CIFAR100_cutout_wideresnet28x10_vassoremu-sgd_rho0.2_theta=0.4_crt=random_p=0.2: Epoch: 2 [170/390] lr:0.049997 Train Loss:3.4691 Train Acc1:16.2098 Train Acc5:43.0830 Time:0.277s

2024-05-28 10:28:52 CIFAR100_cutout_wideresnet28x10_vassoremu-sgd_rho0.2_theta=0.4_crt=random_p=0.2: Epoch: 2 [180/390] lr:0.049997 Train Loss:3.4648 Train Acc1:16.3545 Train Acc5:43.2018 Time:0.274s

2024-05-28 10:28:55 CIFAR100_cutout_wideresnet28x10_vassoremu-sgd_rho0.2_theta=0.4_crt=random_p=0.2: Epoch: 2 [190/390] lr:0.049997 Train Loss:3.4582 Train Acc1:16.3858 Train Acc5:43.3205 Time:0.274s

2024-05-28 10:28:58 CIFAR100_cutout_wideresnet28x10_vassoremu-sgd_rho0.2_theta=0.4_crt=random_p=0.2: Epoch: 2 [200/390] lr:0.049997 Train Loss:3.4557 Train Acc1:16.4529 Train Acc5:43.3535 Time:0.274s

2024-05-28 10:29:02 CIFAR100_cutout_wideresnet28x10_vassoremu-sgd_rho0.2_theta=0.4_crt=random_p=0.2: Epoch: 2 [210/390] lr:0.049997 Train Loss:3.4507 Train Acc1:16.5581 Train Acc5:43.4464 Time:0.279s

2024-05-28 10:29:05 CIFAR100_cutout_wideresnet28x10_vassoremu-sgd_rho0.2_theta=0.4_crt=random_p=0.2: Epoch: 2 [220/390] lr:0.049997 Train Loss:3.4456 Train Acc1:16.6643 Train Acc5:43.6475 Time:0.540s

2024-05-28 10:29:08 CIFAR100_cutout_wideresnet28x10_vassoremu-sgd_rho0.2_theta=0.4_crt=random_p=0.2: Epoch: 2 [230/390] lr:0.049997 Train Loss:3.4401 Train Acc1:16.7783 Train Acc5:43.7399 Time:0.280s

2024-05-28 10:29:12 CIFAR100_cutout_wideresnet28x10_vassoremu-sgd_rho0.2_theta=0.4_crt=random_p=0.2: Epoch: 2 [240/390] lr:0.049997 Train Loss:3.4339 Train Acc1:16.8342 Train Acc5:43.9510 Time:0.538s

2024-05-28 10:29:15 CIFAR100_cutout_wideresnet28x10_vassoremu-sgd_rho0.2_theta=0.4_crt=random_p=0.2: Epoch: 2 [250/390] lr:0.049997 Train Loss:3.4264 Train Acc1:16.9945 Train Acc5:44.1889 Time:0.279s

2024-05-28 10:29:19 CIFAR100_cutout_wideresnet28x10_vassoremu-sgd_rho0.2_theta=0.4_crt=random_p=0.2: Epoch: 2 [260/390] lr:0.049997 Train Loss:3.4242 Train Acc1:17.0019 Train Acc5:44.2798 Time:0.538s

2024-05-28 10:29:22 CIFAR100_cutout_wideresnet28x10_vassoremu-sgd_rho0.2_theta=0.4_crt=random_p=0.2: Epoch: 2 [270/390] lr:0.049997 Train Loss:3.4214 Train Acc1:17.0578 Train Acc5:44.3410 Time:0.274s

2024-05-28 10:29:25 CIFAR100_cutout_wideresnet28x10_vassoremu-sgd_rho0.2_theta=0.4_crt=random_p=0.2: Epoch: 2 [280/390] lr:0.049997 Train Loss:3.4171 Train Acc1:17.0819 Train Acc5:44.4812 Time:0.538s

2024-05-28 10:29:28 CIFAR100_cutout_wideresnet28x10_vassoremu-sgd_rho0.2_theta=0.4_crt=random_p=0.2: Epoch: 2 [290/390] lr:0.049997 Train Loss:3.4152 Train Acc1:17.1338 Train Acc5:44.5044 Time:0.280s

2024-05-28 10:29:31 CIFAR100_cutout_wideresnet28x10_vassoremu-sgd_rho0.2_theta=0.4_crt=random_p=0.2: Epoch: 2 [300/390] lr:0.049997 Train Loss:3.4124 Train Acc1:17.1875 Train Acc5:44.5832 Time:0.274s

2024-05-28 10:29:35 CIFAR100_cutout_wideresnet28x10_vassoremu-sgd_rho0.2_theta=0.4_crt=random_p=0.2: Epoch: 2 [310/390] lr:0.049997 Train Loss:3.4088 Train Acc1:17.2654 Train Acc5:44.6895 Time:0.279s

2024-05-28 10:29:38 CIFAR100_cutout_wideresnet28x10_vassoremu-sgd_rho0.2_theta=0.4_crt=random_p=0.2: Epoch: 2 [320/390] lr:0.049997 Train Loss:3.4025 Train Acc1:17.3506 Train Acc5:44.8939 Time:0.279s

2024-05-28 10:29:41 CIFAR100_cutout_wideresnet28x10_vassoremu-sgd_rho0.2_theta=0.4_crt=random_p=0.2: Epoch: 2 [330/390] lr:0.049997 Train Loss:3.3987 Train Acc1:17.4188 Train Acc5:44.9679 Time:0.274s

2024-05-28 10:29:44 CIFAR100_cutout_wideresnet28x10_vassoremu-sgd_rho0.2_theta=0.4_crt=random_p=0.2: Epoch: 2 [340/390] lr:0.049997 Train Loss:3.3955 Train Acc1:17.4418 Train Acc5:45.0513 Time:0.274s

2024-05-28 10:29:47 CIFAR100_cutout_wideresnet28x10_vassoremu-sgd_rho0.2_theta=0.4_crt=random_p=0.2: Epoch: 2 [350/390] lr:0.049997 Train Loss:3.3919 Train Acc1:17.5102 Train Acc5:45.2390 Time:0.280s

2024-05-28 10:29:50 CIFAR100_cutout_wideresnet28x10_vassoremu-sgd_rho0.2_theta=0.4_crt=random_p=0.2: Epoch: 2 [360/390] lr:0.049997 Train Loss:3.3895 Train Acc1:17.5684 Train Acc5:45.3168 Time:0.274s

2024-05-28 10:29:53 CIFAR100_cutout_wideresnet28x10_vassoremu-sgd_rho0.2_theta=0.4_crt=random_p=0.2: Epoch: 2 [370/390] lr:0.049997 Train Loss:3.3861 Train Acc1:17.6424 Train Acc5:45.3946 Time:0.277s

2024-05-28 10:29:57 CIFAR100_cutout_wideresnet28x10_vassoremu-sgd_rho0.2_theta=0.4_crt=random_p=0.2: Epoch: 2 [380/390] lr:0.049997 Train Loss:3.3812 Train Acc1:17.7227 Train Acc5:45.5196 Time:0.274s

2024-05-28 10:30:08 CIFAR100_cutout_wideresnet28x10_vassoremu-sgd_rho0.2_theta=0.4_crt=random_p=0.2: Epoch:2 Train Loss:3.3800 Train Acc1:17.7484 Train Acc5:45.5329 Test Loss:3.2274 Test Acc1:20.6400(Max:20.6400) Test Acc5:50.0900 Time:137.777s

2024-05-28 10:30:08 CIFAR100_cutout_wideresnet28x10_vassoremu-sgd_rho0.2_theta=0.4_crt=random_p=0.2: Epoch: 3 [0/390] lr:0.049988 Train Loss:3.1052 Train Acc1:21.8750 Train Acc5:57.8125 Time:0.276s

2024-05-28 10:30:12 CIFAR100_cutout_wideresnet28x10_vassoremu-sgd_rho0.2_theta=0.4_crt=random_p=0.2: Epoch: 3 [10/390] lr:0.049988 Train Loss:3.2166 Train Acc1:20.4545 Train Acc5:49.7869 Time:0.278s

2024-05-28 10:30:16 CIFAR100_cutout_wideresnet28x10_vassoremu-sgd_rho0.2_theta=0.4_crt=random_p=0.2: Epoch: 3 [20/390] lr:0.049988 Train Loss:3.2198 Train Acc1:20.2753 Train Acc5:49.3304 Time:0.538s

2024-05-28 10:30:19 CIFAR100_cutout_wideresnet28x10_vassoremu-sgd_rho0.2_theta=0.4_crt=random_p=0.2: Epoch: 3 [30/390] lr:0.049988 Train Loss:3.2001 Train Acc1:20.5897 Train Acc5:50.3024 Time:0.274s

2024-05-28 10:30:23 CIFAR100_cutout_wideresnet28x10_vassoremu-sgd_rho0.2_theta=0.4_crt=random_p=0.2: Epoch: 3 [40/390] lr:0.049988 Train Loss:3.1805 Train Acc1:20.8460 Train Acc5:50.9718 Time:0.278s

2024-05-28 10:30:26 CIFAR100_cutout_wideresnet28x10_vassoremu-sgd_rho0.2_theta=0.4_crt=random_p=0.2: Epoch: 3 [50/390] lr:0.049988 Train Loss:3.1723 Train Acc1:21.3848 Train Acc5:51.3634 Time:0.274s

2024-05-28 10:30:29 CIFAR100_cutout_wideresnet28x10_vassoremu-sgd_rho0.2_theta=0.4_crt=random_p=0.2: Epoch: 3 [60/390] lr:0.049988 Train Loss:3.1677 Train Acc1:21.2602 Train Acc5:51.4344 Time:0.274s

2024-05-28 10:30:32 CIFAR100_cutout_wideresnet28x10_vassoremu-sgd_rho0.2_theta=0.4_crt=random_p=0.2: Epoch: 3 [70/390] lr:0.049988 Train Loss:3.1632 Train Acc1:21.4349 Train Acc5:51.4745 Time:0.275s

2024-05-28 10:30:35 CIFAR100_cutout_wideresnet28x10_vassoremu-sgd_rho0.2_theta=0.4_crt=random_p=0.2: Epoch: 3 [80/390] lr:0.049988 Train Loss:3.1627 Train Acc1:21.4699 Train Acc5:51.4468 Time:0.274s

2024-05-28 10:30:38 CIFAR100_cutout_wideresnet28x10_vassoremu-sgd_rho0.2_theta=0.4_crt=random_p=0.2: Epoch: 3 [90/390] lr:0.049988 Train Loss:3.1560 Train Acc1:21.5917 Train Acc5:51.5625 Time:0.280s

2024-05-28 10:30:41 CIFAR100_cutout_wideresnet28x10_vassoremu-sgd_rho0.2_theta=0.4_crt=random_p=0.2: Epoch: 3 [100/390] lr:0.049988 Train Loss:3.1509 Train Acc1:21.7744 Train Acc5:51.7946 Time:0.280s

2024-05-28 10:30:44 CIFAR100_cutout_wideresnet28x10_vassoremu-sgd_rho0.2_theta=0.4_crt=random_p=0.2: Epoch: 3 [110/390] lr:0.049988 Train Loss:3.1525 Train Acc1:21.7413 Train Acc5:51.7596 Time:0.275s

2024-05-28 10:30:48 CIFAR100_cutout_wideresnet28x10_vassoremu-sgd_rho0.2_theta=0.4_crt=random_p=0.2: Epoch: 3 [120/390] lr:0.049988 Train Loss:3.1441 Train Acc1:22.0235 Train Acc5:51.9434 Time:0.275s

2024-05-28 10:30:52 CIFAR100_cutout_wideresnet28x10_vassoremu-sgd_rho0.2_theta=0.4_crt=random_p=0.2: Epoch: 3 [130/390] lr:0.049988 Train Loss:3.1379 Train Acc1:22.2149 Train Acc5:52.0813 Time:0.280s

2024-05-28 10:30:55 CIFAR100_cutout_wideresnet28x10_vassoremu-sgd_rho0.2_theta=0.4_crt=random_p=0.2: Epoch: 3 [140/390] lr:0.049988 Train Loss:3.1323 Train Acc1:22.2906 Train Acc5:52.1554 Time:0.539s

2024-05-28 10:30:59 CIFAR100_cutout_wideresnet28x10_vassoremu-sgd_rho0.2_theta=0.4_crt=random_p=0.2: Epoch: 3 [150/390] lr:0.049988 Train Loss:3.1272 Train Acc1:22.4545 Train Acc5:52.2817 Time:0.539s

2024-05-28 10:31:02 CIFAR100_cutout_wideresnet28x10_vassoremu-sgd_rho0.2_theta=0.4_crt=random_p=0.2: Epoch: 3 [160/390] lr:0.049988 Train Loss:3.1215 Train Acc1:22.5641 Train Acc5:52.4554 Time:0.278s

2024-05-28 10:31:04 CIFAR100_cutout_wideresnet28x10_vassoremu-sgd_rho0.2_theta=0.4_crt=random_p=0.2: Epoch: 3 [170/390] lr:0.049988 Train Loss:3.1183 Train Acc1:22.5283 Train Acc5:52.5082 Time:0.275s

2024-05-28 10:31:08 CIFAR100_cutout_wideresnet28x10_vassoremu-sgd_rho0.2_theta=0.4_crt=random_p=0.2: Epoch: 3 [180/390] lr:0.049988 Train Loss:3.1140 Train Acc1:22.5354 Train Acc5:52.6286 Time:0.281s

2024-05-28 10:31:11 CIFAR100_cutout_wideresnet28x10_vassoremu-sgd_rho0.2_theta=0.4_crt=random_p=0.2: Epoch: 3 [190/390] lr:0.049988 Train Loss:3.1065 Train Acc1:22.5990 Train Acc5:52.8878 Time:0.278s

2024-05-28 10:31:15 CIFAR100_cutout_wideresnet28x10_vassoremu-sgd_rho0.2_theta=0.4_crt=random_p=0.2: Epoch: 3 [200/390] lr:0.049988 Train Loss:3.1047 Train Acc1:22.6213 Train Acc5:52.8996 Time:0.540s

2024-05-28 10:31:18 CIFAR100_cutout_wideresnet28x10_vassoremu-sgd_rho0.2_theta=0.4_crt=random_p=0.2: Epoch: 3 [210/390] lr:0.049988 Train Loss:3.0997 Train Acc1:22.7229 Train Acc5:53.0435 Time:0.539s

2024-05-28 10:31:21 CIFAR100_cutout_wideresnet28x10_vassoremu-sgd_rho0.2_theta=0.4_crt=random_p=0.2: Epoch: 3 [220/390] lr:0.049988 Train Loss:3.0986 Train Acc1:22.8295 Train Acc5:53.0896 Time:0.538s

2024-05-28 10:31:25 CIFAR100_cutout_wideresnet28x10_vassoremu-sgd_rho0.2_theta=0.4_crt=random_p=0.2: Epoch: 3 [230/390] lr:0.049988 Train Loss:3.0922 Train Acc1:22.9336 Train Acc5:53.2603 Time:0.275s

2024-05-28 10:31:28 CIFAR100_cutout_wideresnet28x10_vassoremu-sgd_rho0.2_theta=0.4_crt=random_p=0.2: Epoch: 3 [240/390] lr:0.049988 Train Loss:3.0873 Train Acc1:23.0031 Train Acc5:53.4265 Time:0.278s

2024-05-28 10:31:31 CIFAR100_cutout_wideresnet28x10_vassoremu-sgd_rho0.2_theta=0.4_crt=random_p=0.2: Epoch: 3 [250/390] lr:0.049988 Train Loss:3.0823 Train Acc1:23.0453 Train Acc5:53.5483 Time:0.275s

2024-05-28 10:31:35 CIFAR100_cutout_wideresnet28x10_vassoremu-sgd_rho0.2_theta=0.4_crt=random_p=0.2: Epoch: 3 [260/390] lr:0.049988 Train Loss:3.0773 Train Acc1:23.1920 Train Acc5:53.6818 Time:0.280s

2024-05-28 10:31:38 CIFAR100_cutout_wideresnet28x10_vassoremu-sgd_rho0.2_theta=0.4_crt=random_p=0.2: Epoch: 3 [270/390] lr:0.049988 Train Loss:3.0716 Train Acc1:23.3078 Train Acc5:53.8688 Time:0.278s

2024-05-28 10:31:41 CIFAR100_cutout_wideresnet28x10_vassoremu-sgd_rho0.2_theta=0.4_crt=random_p=0.2: Epoch: 3 [280/390] lr:0.049988 Train Loss:3.0670 Train Acc1:23.3930 Train Acc5:53.9424 Time:0.279s

2024-05-28 10:31:45 CIFAR100_cutout_wideresnet28x10_vassoremu-sgd_rho0.2_theta=0.4_crt=random_p=0.2: Epoch: 3 [290/390] lr:0.049988 Train Loss:3.0639 Train Acc1:23.4617 Train Acc5:54.0405 Time:0.279s

2024-05-28 10:31:48 CIFAR100_cutout_wideresnet28x10_vassoremu-sgd_rho0.2_theta=0.4_crt=random_p=0.2: Epoch: 3 [300/390] lr:0.049988 Train Loss:3.0599 Train Acc1:23.5232 Train Acc5:54.1321 Time:0.280s

2024-05-28 10:31:51 CIFAR100_cutout_wideresnet28x10_vassoremu-sgd_rho0.2_theta=0.4_crt=random_p=0.2: Epoch: 3 [310/390] lr:0.049988 Train Loss:3.0591 Train Acc1:23.5531 Train Acc5:54.1600 Time:0.538s

2024-05-28 10:31:54 CIFAR100_cutout_wideresnet28x10_vassoremu-sgd_rho0.2_theta=0.4_crt=random_p=0.2: Epoch: 3 [320/390] lr:0.049988 Train Loss:3.0544 Train Acc1:23.6249 Train Acc5:54.2786 Time:0.274s

2024-05-28 10:31:57 CIFAR100_cutout_wideresnet28x10_vassoremu-sgd_rho0.2_theta=0.4_crt=random_p=0.2: Epoch: 3 [330/390] lr:0.049988 Train Loss:3.0491 Train Acc1:23.6924 Train Acc5:54.3759 Time:0.274s

2024-05-28 10:32:01 CIFAR100_cutout_wideresnet28x10_vassoremu-sgd_rho0.2_theta=0.4_crt=random_p=0.2: Epoch: 3 [340/390] lr:0.049988 Train Loss:3.0453 Train Acc1:23.7399 Train Acc5:54.4584 Time:0.279s

2024-05-28 10:32:04 CIFAR100_cutout_wideresnet28x10_vassoremu-sgd_rho0.2_theta=0.4_crt=random_p=0.2: Epoch: 3 [350/390] lr:0.049988 Train Loss:3.0397 Train Acc1:23.8315 Train Acc5:54.5940 Time:0.278s

2024-05-28 10:32:08 CIFAR100_cutout_wideresnet28x10_vassoremu-sgd_rho0.2_theta=0.4_crt=random_p=0.2: Epoch: 3 [360/390] lr:0.049988 Train Loss:3.0361 Train Acc1:23.8833 Train Acc5:54.6680 Time:0.280s

2024-05-28 10:32:11 CIFAR100_cutout_wideresnet28x10_vassoremu-sgd_rho0.2_theta=0.4_crt=random_p=0.2: Epoch: 3 [370/390] lr:0.049988 Train Loss:3.0320 Train Acc1:23.9176 Train Acc5:54.7549 Time:0.278s

2024-05-28 10:32:14 CIFAR100_cutout_wideresnet28x10_vassoremu-sgd_rho0.2_theta=0.4_crt=random_p=0.2: Epoch: 3 [380/390] lr:0.049988 Train Loss:3.0267 Train Acc1:24.0014 Train Acc5:54.8556 Time:0.274s

2024-05-28 10:32:25 CIFAR100_cutout_wideresnet28x10_vassoremu-sgd_rho0.2_theta=0.4_crt=random_p=0.2: Epoch:3 Train Loss:3.0240 Train Acc1:24.0525 Train Acc5:54.9018 Test Loss:2.7654 Test Acc1:29.4500(Max:29.4500) Test Acc5:60.8500 Time:137.363s

2024-05-28 10:32:26 CIFAR100_cutout_wideresnet28x10_vassoremu-sgd_rho0.2_theta=0.4_crt=random_p=0.2: Epoch: 4 [0/390] lr:0.049972 Train Loss:2.6491 Train Acc1:28.9062 Train Acc5:64.8438 Time:0.274s

2024-05-28 10:32:28 CIFAR100_cutout_wideresnet28x10_vassoremu-sgd_rho0.2_theta=0.4_crt=random_p=0.2: Epoch: 4 [10/390] lr:0.049972 Train Loss:2.7930 Train Acc1:27.4148 Train Acc5:61.6477 Time:0.275s

2024-05-28 10:32:33 CIFAR100_cutout_wideresnet28x10_vassoremu-sgd_rho0.2_theta=0.4_crt=random_p=0.2: Epoch: 4 [20/390] lr:0.049972 Train Loss:2.8328 Train Acc1:26.3021 Train Acc5:60.2679 Time:0.280s

2024-05-28 10:32:36 CIFAR100_cutout_wideresnet28x10_vassoremu-sgd_rho0.2_theta=0.4_crt=random_p=0.2: Epoch: 4 [30/390] lr:0.049972 Train Loss:2.8170 Train Acc1:26.8145 Train Acc5:60.7863 Time:0.279s

2024-05-28 10:32:39 CIFAR100_cutout_wideresnet28x10_vassoremu-sgd_rho0.2_theta=0.4_crt=random_p=0.2: Epoch: 4 [40/390] lr:0.049972 Train Loss:2.8110 Train Acc1:27.1723 Train Acc5:60.8232 Time:0.274s

2024-05-28 10:32:42 CIFAR100_cutout_wideresnet28x10_vassoremu-sgd_rho0.2_theta=0.4_crt=random_p=0.2: Epoch: 4 [50/390] lr:0.049972 Train Loss:2.7861 Train Acc1:27.9718 Train Acc5:61.3511 Time:0.277s

2024-05-28 10:32:45 CIFAR100_cutout_wideresnet28x10_vassoremu-sgd_rho0.2_theta=0.4_crt=random_p=0.2: Epoch: 4 [60/390] lr:0.049972 Train Loss:2.7794 Train Acc1:28.1250 Train Acc5:61.3986 Time:0.278s

2024-05-28 10:32:49 CIFAR100_cutout_wideresnet28x10_vassoremu-sgd_rho0.2_theta=0.4_crt=random_p=0.2: Epoch: 4 [70/390] lr:0.049972 Train Loss:2.7718 Train Acc1:28.4551 Train Acc5:61.6087 Time:0.538s

2024-05-28 10:32:52 CIFAR100_cutout_wideresnet28x10_vassoremu-sgd_rho0.2_theta=0.4_crt=random_p=0.2: Epoch: 4 [80/390] lr:0.049972 Train Loss:2.7778 Train Acc1:28.2118 Train Acc5:61.4390 Time:0.537s

2024-05-28 10:32:55 CIFAR100_cutout_wideresnet28x10_vassoremu-sgd_rho0.2_theta=0.4_crt=random_p=0.2: Epoch: 4 [90/390] lr:0.049972 Train Loss:2.7811 Train Acc1:28.3654 Train Acc5:61.3067 Time:0.538s

2024-05-28 10:32:59 CIFAR100_cutout_wideresnet28x10_vassoremu-sgd_rho0.2_theta=0.4_crt=random_p=0.2: Epoch: 4 [100/390] lr:0.049972 Train Loss:2.7850 Train Acc1:28.2952 Train Acc5:61.1463 Time:0.274s

2024-05-28 10:33:02 CIFAR100_cutout_wideresnet28x10_vassoremu-sgd_rho0.2_theta=0.4_crt=random_p=0.2: Epoch: 4 [110/390] lr:0.049972 Train Loss:2.7849 Train Acc1:28.2517 Train Acc5:61.1346 Time:0.280s

2024-05-28 10:33:05 CIFAR100_cutout_wideresnet28x10_vassoremu-sgd_rho0.2_theta=0.4_crt=random_p=0.2: Epoch: 4 [120/390] lr:0.049972 Train Loss:2.7827 Train Acc1:28.1444 Train Acc5:61.2087 Time:0.281s

2024-05-28 10:33:08 CIFAR100_cutout_wideresnet28x10_vassoremu-sgd_rho0.2_theta=0.4_crt=random_p=0.2: Epoch: 4 [130/390] lr:0.049972 Train Loss:2.7772 Train Acc1:28.2264 Train Acc5:61.3729 Time:0.279s

2024-05-28 10:33:11 CIFAR100_cutout_wideresnet28x10_vassoremu-sgd_rho0.2_theta=0.4_crt=random_p=0.2: Epoch: 4 [140/390] lr:0.049972 Train Loss:2.7748 Train Acc1:28.2469 Train Acc5:61.4195 Time:0.277s

2024-05-28 10:33:14 CIFAR100_cutout_wideresnet28x10_vassoremu-sgd_rho0.2_theta=0.4_crt=random_p=0.2: Epoch: 4 [150/390] lr:0.049972 Train Loss:2.7652 Train Acc1:28.5027 Train Acc5:61.5998 Time:0.280s

2024-05-28 10:33:17 CIFAR100_cutout_wideresnet28x10_vassoremu-sgd_rho0.2_theta=0.4_crt=random_p=0.2: Epoch: 4 [160/390] lr:0.049972 Train Loss:2.7611 Train Acc1:28.6005 Train Acc5:61.6896 Time:0.279s

2024-05-28 10:33:20 CIFAR100_cutout_wideresnet28x10_vassoremu-sgd_rho0.2_theta=0.4_crt=random_p=0.2: Epoch: 4 [170/390] lr:0.049972 Train Loss:2.7606 Train Acc1:28.6093 Train Acc5:61.7370 Time:0.278s

2024-05-28 10:33:25 CIFAR100_cutout_wideresnet28x10_vassoremu-sgd_rho0.2_theta=0.4_crt=random_p=0.2: Epoch: 4 [180/390] lr:0.049972 Train Loss:2.7609 Train Acc1:28.6386 Train Acc5:61.7188 Time:0.538s

2024-05-28 10:33:28 CIFAR100_cutout_wideresnet28x10_vassoremu-sgd_rho0.2_theta=0.4_crt=random_p=0.2: Epoch: 4 [190/390] lr:0.049972 Train Loss:2.7465 Train Acc1:28.9390 Train Acc5:62.2014 Time:0.274s

2024-05-28 10:33:31 CIFAR100_cutout_wideresnet28x10_vassoremu-sgd_rho0.2_theta=0.4_crt=random_p=0.2: Epoch: 4 [200/390] lr:0.049972 Train Loss:2.7417 Train Acc1:29.1433 Train Acc5:62.3989 Time:0.274s

2024-05-28 10:33:34 CIFAR100_cutout_wideresnet28x10_vassoremu-sgd_rho0.2_theta=0.4_crt=random_p=0.2: Epoch: 4 [210/390] lr:0.049972 Train Loss:2.7336 Train Acc1:29.3728 Train Acc5:62.5926 Time:0.277s

2024-05-28 10:33:37 CIFAR100_cutout_wideresnet28x10_vassoremu-sgd_rho0.2_theta=0.4_crt=random_p=0.2: Epoch: 4 [220/390] lr:0.049972 Train Loss:2.7284 Train Acc1:29.5320 Train Acc5:62.6273 Time:0.274s

2024-05-28 10:33:41 CIFAR100_cutout_wideresnet28x10_vassoremu-sgd_rho0.2_theta=0.4_crt=random_p=0.2: Epoch: 4 [230/390] lr:0.049972 Train Loss:2.7242 Train Acc1:29.6503 Train Acc5:62.7097 Time:0.274s

2024-05-28 10:33:45 CIFAR100_cutout_wideresnet28x10_vassoremu-sgd_rho0.2_theta=0.4_crt=random_p=0.2: Epoch: 4 [240/390] lr:0.049972 Train Loss:2.7216 Train Acc1:29.7134 Train Acc5:62.6751 Time:0.538s

2024-05-28 10:33:48 CIFAR100_cutout_wideresnet28x10_vassoremu-sgd_rho0.2_theta=0.4_crt=random_p=0.2: Epoch: 4 [250/390] lr:0.049972 Train Loss:2.7177 Train Acc1:29.7933 Train Acc5:62.7770 Time:0.278s

2024-05-28 10:33:51 CIFAR100_cutout_wideresnet28x10_vassoremu-sgd_rho0.2_theta=0.4_crt=random_p=0.2: Epoch: 4 [260/390] lr:0.049972 Train Loss:2.7142 Train Acc1:29.8761 Train Acc5:62.8382 Time:0.276s

2024-05-28 10:33:54 CIFAR100_cutout_wideresnet28x10_vassoremu-sgd_rho0.2_theta=0.4_crt=random_p=0.2: Epoch: 4 [270/390] lr:0.049972 Train Loss:2.7089 Train Acc1:30.0450 Train Acc5:62.9613 Time:0.277s

2024-05-28 10:33:57 CIFAR100_cutout_wideresnet28x10_vassoremu-sgd_rho0.2_theta=0.4_crt=random_p=0.2: Epoch: 4 [280/390] lr:0.049972 Train Loss:2.7058 Train Acc1:30.1184 Train Acc5:63.0755 Time:0.279s

2024-05-28 10:34:01 CIFAR100_cutout_wideresnet28x10_vassoremu-sgd_rho0.2_theta=0.4_crt=random_p=0.2: Epoch: 4 [290/390] lr:0.049972 Train Loss:2.7035 Train Acc1:30.1520 Train Acc5:63.1658 Time:0.275s

2024-05-28 10:34:04 CIFAR100_cutout_wideresnet28x10_vassoremu-sgd_rho0.2_theta=0.4_crt=random_p=0.2: Epoch: 4 [300/390] lr:0.049972 Train Loss:2.6981 Train Acc1:30.2040 Train Acc5:63.2761 Time:0.280s

2024-05-28 10:34:07 CIFAR100_cutout_wideresnet28x10_vassoremu-sgd_rho0.2_theta=0.4_crt=random_p=0.2: Epoch: 4 [310/390] lr:0.049972 Train Loss:2.6987 Train Acc1:30.2376 Train Acc5:63.2612 Time:0.276s

2024-05-28 10:34:10 CIFAR100_cutout_wideresnet28x10_vassoremu-sgd_rho0.2_theta=0.4_crt=random_p=0.2: Epoch: 4 [320/390] lr:0.049972 Train Loss:2.6973 Train Acc1:30.2594 Train Acc5:63.3105 Time:0.274s

2024-05-28 10:34:14 CIFAR100_cutout_wideresnet28x10_vassoremu-sgd_rho0.2_theta=0.4_crt=random_p=0.2: Epoch: 4 [330/390] lr:0.049972 Train Loss:2.6956 Train Acc1:30.2634 Train Acc5:63.3591 Time:0.277s

2024-05-28 10:34:17 CIFAR100_cutout_wideresnet28x10_vassoremu-sgd_rho0.2_theta=0.4_crt=random_p=0.2: Epoch: 4 [340/390] lr:0.049972 Train Loss:2.6919 Train Acc1:30.3061 Train Acc5:63.4118 Time:0.274s

2024-05-28 10:34:20 CIFAR100_cutout_wideresnet28x10_vassoremu-sgd_rho0.2_theta=0.4_crt=random_p=0.2: Epoch: 4 [350/390] lr:0.049972 Train Loss:2.6848 Train Acc1:30.4220 Train Acc5:63.5751 Time:0.274s

2024-05-28 10:34:23 CIFAR100_cutout_wideresnet28x10_vassoremu-sgd_rho0.2_theta=0.4_crt=random_p=0.2: Epoch: 4 [360/390] lr:0.049972 Train Loss:2.6819 Train Acc1:30.4709 Train Acc5:63.6751 Time:0.539s

2024-05-28 10:34:28 CIFAR100_cutout_wideresnet28x10_vassoremu-sgd_rho0.2_theta=0.4_crt=random_p=0.2: Epoch: 4 [370/390] lr:0.049972 Train Loss:2.6820 Train Acc1:30.4856 Train Acc5:63.6456 Time:0.280s

2024-05-28 10:34:31 CIFAR100_cutout_wideresnet28x10_vassoremu-sgd_rho0.2_theta=0.4_crt=random_p=0.2: Epoch: 4 [380/390] lr:0.049972 Train Loss:2.6790 Train Acc1:30.5733 Train Acc5:63.7344 Time:0.274s

2024-05-28 10:34:43 CIFAR100_cutout_wideresnet28x10_vassoremu-sgd_rho0.2_theta=0.4_crt=random_p=0.2: Epoch:4 Train Loss:2.6770 Train Acc1:30.6230 Train Acc5:63.7680 Test Loss:2.4638 Test Acc1:34.1100(Max:34.1100) Test Acc5:68.0300 Time:137.510s

2024-05-28 10:34:43 CIFAR100_cutout_wideresnet28x10_vassoremu-sgd_rho0.2_theta=0.4_crt=random_p=0.2: Epoch: 5 [0/390] lr:0.049951 Train Loss:2.8303 Train Acc1:28.1250 Train Acc5:55.4688 Time:0.537s

2024-05-28 10:34:47 CIFAR100_cutout_wideresnet28x10_vassoremu-sgd_rho0.2_theta=0.4_crt=random_p=0.2: Epoch: 5 [10/390] lr:0.049951 Train Loss:2.5500 Train Acc1:32.5284 Train Acc5:66.1222 Time:0.281s

2024-05-28 10:34:50 CIFAR100_cutout_wideresnet28x10_vassoremu-sgd_rho0.2_theta=0.4_crt=random_p=0.2: Epoch: 5 [20/390] lr:0.049951 Train Loss:2.5191 Train Acc1:33.1101 Train Acc5:68.1548 Time:0.274s

2024-05-28 10:34:53 CIFAR100_cutout_wideresnet28x10_vassoremu-sgd_rho0.2_theta=0.4_crt=random_p=0.2: Epoch: 5 [30/390] lr:0.049951 Train Loss:2.5032 Train Acc1:33.3669 Train Acc5:68.0948 Time:0.281s

2024-05-28 10:34:56 CIFAR100_cutout_wideresnet28x10_vassoremu-sgd_rho0.2_theta=0.4_crt=random_p=0.2: Epoch: 5 [40/390] lr:0.049951 Train Loss:2.4866 Train Acc1:33.8796 Train Acc5:68.1974 Time:0.274s

2024-05-28 10:34:59 CIFAR100_cutout_wideresnet28x10_vassoremu-sgd_rho0.2_theta=0.4_crt=random_p=0.2: Epoch: 5 [50/390] lr:0.049951 Train Loss:2.4808 Train Acc1:33.8235 Train Acc5:68.3824 Time:0.275s

2024-05-28 10:35:02 CIFAR100_cutout_wideresnet28x10_vassoremu-sgd_rho0.2_theta=0.4_crt=random_p=0.2: Epoch: 5 [60/390] lr:0.049951 Train Loss:2.4853 Train Acc1:33.6450 Train Acc5:68.1737 Time:0.537s

2024-05-28 10:35:06 CIFAR100_cutout_wideresnet28x10_vassoremu-sgd_rho0.2_theta=0.4_crt=random_p=0.2: Epoch: 5 [70/390] lr:0.049951 Train Loss:2.4928 Train Acc1:33.6048 Train Acc5:68.1118 Time:0.278s

2024-05-28 10:35:09 CIFAR100_cutout_wideresnet28x10_vassoremu-sgd_rho0.2_theta=0.4_crt=random_p=0.2: Epoch: 5 [80/390] lr:0.049951 Train Loss:2.4857 Train Acc1:33.7963 Train Acc5:68.2388 Time:0.274s

2024-05-28 10:35:13 CIFAR100_cutout_wideresnet28x10_vassoremu-sgd_rho0.2_theta=0.4_crt=random_p=0.2: Epoch: 5 [90/390] lr:0.049951 Train Loss:2.4780 Train Acc1:33.9887 Train Acc5:68.2263 Time:0.274s

2024-05-28 10:35:16 CIFAR100_cutout_wideresnet28x10_vassoremu-sgd_rho0.2_theta=0.4_crt=random_p=0.2: Epoch: 5 [100/390] lr:0.049951 Train Loss:2.4674 Train Acc1:34.2744 Train Acc5:68.4097 Time:0.274s

2024-05-28 10:35:19 CIFAR100_cutout_wideresnet28x10_vassoremu-sgd_rho0.2_theta=0.4_crt=random_p=0.2: Epoch: 5 [110/390] lr:0.049951 Train Loss:2.4572 Train Acc1:34.4735 Train Acc5:68.6374 Time:0.275s

2024-05-28 10:35:23 CIFAR100_cutout_wideresnet28x10_vassoremu-sgd_rho0.2_theta=0.4_crt=random_p=0.2: Epoch: 5 [120/390] lr:0.049951 Train Loss:2.4525 Train Acc1:34.6010 Train Acc5:68.7629 Time:0.274s

2024-05-28 10:35:26 CIFAR100_cutout_wideresnet28x10_vassoremu-sgd_rho0.2_theta=0.4_crt=random_p=0.2: Epoch: 5 [130/390] lr:0.049951 Train Loss:2.4455 Train Acc1:34.7746 Train Acc5:68.9229 Time:0.274s

2024-05-28 10:35:28 CIFAR100_cutout_wideresnet28x10_vassoremu-sgd_rho0.2_theta=0.4_crt=random_p=0.2: Epoch: 5 [140/390] lr:0.049951 Train Loss:2.4414 Train Acc1:35.0233 Train Acc5:69.0769 Time:0.280s

2024-05-28 10:35:32 CIFAR100_cutout_wideresnet28x10_vassoremu-sgd_rho0.2_theta=0.4_crt=random_p=0.2: Epoch: 5 [150/390] lr:0.049951 Train Loss:2.4415 Train Acc1:35.0631 Train Acc5:69.0811 Time:0.274s

2024-05-28 10:35:35 CIFAR100_cutout_wideresnet28x10_vassoremu-sgd_rho0.2_theta=0.4_crt=random_p=0.2: Epoch: 5 [160/390] lr:0.049951 Train Loss:2.4419 Train Acc1:35.1368 Train Acc5:69.1382 Time:0.280s

2024-05-28 10:35:38 CIFAR100_cutout_wideresnet28x10_vassoremu-sgd_rho0.2_theta=0.4_crt=random_p=0.2: Epoch: 5 [170/390] lr:0.049951 Train Loss:2.4457 Train Acc1:35.1060 Train Acc5:69.0835 Time:0.539s

2024-05-28 10:35:42 CIFAR100_cutout_wideresnet28x10_vassoremu-sgd_rho0.2_theta=0.4_crt=random_p=0.2: Epoch: 5 [180/390] lr:0.049951 Train Loss:2.4436 Train Acc1:35.2728 Train Acc5:69.1039 Time:0.279s

2024-05-28 10:35:45 CIFAR100_cutout_wideresnet28x10_vassoremu-sgd_rho0.2_theta=0.4_crt=random_p=0.2: Epoch: 5 [190/390] lr:0.049951 Train Loss:2.4368 Train Acc1:35.4508 Train Acc5:69.1999 Time:0.280s

2024-05-28 10:35:47 CIFAR100_cutout_wideresnet28x10_vassoremu-sgd_rho0.2_theta=0.4_crt=random_p=0.2: Epoch: 5 [200/390] lr:0.049951 Train Loss:2.4338 Train Acc1:35.6538 Train Acc5:69.2397 Time:0.275s

2024-05-28 10:35:51 CIFAR100_cutout_wideresnet28x10_vassoremu-sgd_rho0.2_theta=0.4_crt=random_p=0.2: Epoch: 5 [210/390] lr:0.049951 Train Loss:2.4299 Train Acc1:35.6709 Train Acc5:69.3572 Time:0.274s

2024-05-28 10:35:54 CIFAR100_cutout_wideresnet28x10_vassoremu-sgd_rho0.2_theta=0.4_crt=random_p=0.2: Epoch: 5 [220/390] lr:0.049951 Train Loss:2.4264 Train Acc1:35.7325 Train Acc5:69.3580 Time:0.280s

2024-05-28 10:35:58 CIFAR100_cutout_wideresnet28x10_vassoremu-sgd_rho0.2_theta=0.4_crt=random_p=0.2: Epoch: 5 [230/390] lr:0.049951 Train Loss:2.4248 Train Acc1:35.7447 Train Acc5:69.4332 Time:0.278s

2024-05-28 10:36:01 CIFAR100_cutout_wideresnet28x10_vassoremu-sgd_rho0.2_theta=0.4_crt=random_p=0.2: Epoch: 5 [240/390] lr:0.049951 Train Loss:2.4216 Train Acc1:35.8338 Train Acc5:69.4534 Time:0.274s

2024-05-28 10:36:04 CIFAR100_cutout_wideresnet28x10_vassoremu-sgd_rho0.2_theta=0.4_crt=random_p=0.2: Epoch: 5 [250/390] lr:0.049951 Train Loss:2.4218 Train Acc1:35.8005 Train Acc5:69.4410 Time:0.279s

2024-05-28 10:36:07 CIFAR100_cutout_wideresnet28x10_vassoremu-sgd_rho0.2_theta=0.4_crt=random_p=0.2: Epoch: 5 [260/390] lr:0.049951 Train Loss:2.4197 Train Acc1:35.7998 Train Acc5:69.5911 Time:0.276s

2024-05-28 10:36:10 CIFAR100_cutout_wideresnet28x10_vassoremu-sgd_rho0.2_theta=0.4_crt=random_p=0.2: Epoch: 5 [270/390] lr:0.049951 Train Loss:2.4164 Train Acc1:35.8798 Train Acc5:69.6754 Time:0.279s

2024-05-28 10:36:13 CIFAR100_cutout_wideresnet28x10_vassoremu-sgd_rho0.2_theta=0.4_crt=random_p=0.2: Epoch: 5 [280/390] lr:0.049951 Train Loss:2.4102 Train Acc1:36.0265 Train Acc5:69.7870 Time:0.274s

2024-05-28 10:36:17 CIFAR100_cutout_wideresnet28x10_vassoremu-sgd_rho0.2_theta=0.4_crt=random_p=0.2: Epoch: 5 [290/390] lr:0.049951 Train Loss:2.4097 Train Acc1:36.0207 Train Acc5:69.7997 Time:0.540s

2024-05-28 10:36:20 CIFAR100_cutout_wideresnet28x10_vassoremu-sgd_rho0.2_theta=0.4_crt=random_p=0.2: Epoch: 5 [300/390] lr:0.049951 Train Loss:2.4077 Train Acc1:36.1114 Train Acc5:69.8245 Time:0.273s

2024-05-28 10:36:24 CIFAR100_cutout_wideresnet28x10_vassoremu-sgd_rho0.2_theta=0.4_crt=random_p=0.2: Epoch: 5 [310/390] lr:0.049951 Train Loss:2.4076 Train Acc1:36.1133 Train Acc5:69.8076 Time:0.274s

2024-05-28 10:36:27 CIFAR100_cutout_wideresnet28x10_vassoremu-sgd_rho0.2_theta=0.4_crt=random_p=0.2: Epoch: 5 [320/390] lr:0.049951 Train Loss:2.4036 Train Acc1:36.2125 Train Acc5:69.8988 Time:0.539s

2024-05-28 10:36:30 CIFAR100_cutout_wideresnet28x10_vassoremu-sgd_rho0.2_theta=0.4_crt=random_p=0.2: Epoch: 5 [330/390] lr:0.049951 Train Loss:2.4001 Train Acc1:36.2915 Train Acc5:69.9679 Time:0.273s

2024-05-28 10:36:34 CIFAR100_cutout_wideresnet28x10_vassoremu-sgd_rho0.2_theta=0.4_crt=random_p=0.2: Epoch: 5 [340/390] lr:0.049951 Train Loss:2.3972 Train Acc1:36.3384 Train Acc5:70.0101 Time:0.275s

2024-05-28 10:36:37 CIFAR100_cutout_wideresnet28x10_vassoremu-sgd_rho0.2_theta=0.4_crt=random_p=0.2: Epoch: 5 [350/390] lr:0.049951 Train Loss:2.3946 Train Acc1:36.3493 Train Acc5:70.0632 Time:0.275s

2024-05-28 10:36:40 CIFAR100_cutout_wideresnet28x10_vassoremu-sgd_rho0.2_theta=0.4_crt=random_p=0.2: Epoch: 5 [360/390] lr:0.049951 Train Loss:2.3925 Train Acc1:36.3725 Train Acc5:70.1112 Time:0.538s

2024-05-28 10:36:43 CIFAR100_cutout_wideresnet28x10_vassoremu-sgd_rho0.2_theta=0.4_crt=random_p=0.2: Epoch: 5 [370/390] lr:0.049951 Train Loss:2.3878 Train Acc1:36.4766 Train Acc5:70.2072 Time:0.275s

2024-05-28 10:36:46 CIFAR100_cutout_wideresnet28x10_vassoremu-sgd_rho0.2_theta=0.4_crt=random_p=0.2: Epoch: 5 [380/390] lr:0.049951 Train Loss:2.3857 Train Acc1:36.5609 Train Acc5:70.2756 Time:0.274s

2024-05-28 10:36:56 CIFAR100_cutout_wideresnet28x10_vassoremu-sgd_rho0.2_theta=0.4_crt=random_p=0.2: Epoch:5 Train Loss:2.3832 Train Acc1:36.6206 Train Acc5:70.3506 Test Loss:2.6468 Test Acc1:32.3100(Max:34.1100) Test Acc5:63.4600 Time:133.371s

2024-05-28 10:36:57 CIFAR100_cutout_wideresnet28x10_vassoremu-sgd_rho0.2_theta=0.4_crt=random_p=0.2: Epoch: 6 [0/390] lr:0.049923 Train Loss:2.1101 Train Acc1:39.0625 Train Acc5:76.5625 Time:0.281s

2024-05-28 10:37:00 CIFAR100_cutout_wideresnet28x10_vassoremu-sgd_rho0.2_theta=0.4_crt=random_p=0.2: Epoch: 6 [10/390] lr:0.049923 Train Loss:2.1999 Train Acc1:40.4119 Train Acc5:75.4261 Time:0.274s

2024-05-28 10:37:03 CIFAR100_cutout_wideresnet28x10_vassoremu-sgd_rho0.2_theta=0.4_crt=random_p=0.2: Epoch: 6 [20/390] lr:0.049923 Train Loss:2.2250 Train Acc1:40.0670 Train Acc5:74.4792 Time:0.538s

2024-05-28 10:37:06 CIFAR100_cutout_wideresnet28x10_vassoremu-sgd_rho0.2_theta=0.4_crt=random_p=0.2: Epoch: 6 [30/390] lr:0.049923 Train Loss:2.2102 Train Acc1:39.6925 Train Acc5:74.1179 Time:0.274s

2024-05-28 10:37:09 CIFAR100_cutout_wideresnet28x10_vassoremu-sgd_rho0.2_theta=0.4_crt=random_p=0.2: Epoch: 6 [40/390] lr:0.049923 Train Loss:2.2114 Train Acc1:39.9390 Train Acc5:74.2759 Time:0.274s

2024-05-28 10:37:12 CIFAR100_cutout_wideresnet28x10_vassoremu-sgd_rho0.2_theta=0.4_crt=random_p=0.2: Epoch: 6 [50/390] lr:0.049923 Train Loss:2.2235 Train Acc1:39.6599 Train Acc5:74.1268 Time:0.278s

2024-05-28 10:37:16 CIFAR100_cutout_wideresnet28x10_vassoremu-sgd_rho0.2_theta=0.4_crt=random_p=0.2: Epoch: 6 [60/390] lr:0.049923 Train Loss:2.2291 Train Acc1:39.3058 Train Acc5:73.8986 Time:0.539s

2024-05-28 10:37:19 CIFAR100_cutout_wideresnet28x10_vassoremu-sgd_rho0.2_theta=0.4_crt=random_p=0.2: Epoch: 6 [70/390] lr:0.049923 Train Loss:2.2339 Train Acc1:39.2165 Train Acc5:73.7016 Time:0.274s

2024-05-28 10:37:22 CIFAR100_cutout_wideresnet28x10_vassoremu-sgd_rho0.2_theta=0.4_crt=random_p=0.2: Epoch: 6 [80/390] lr:0.049923 Train Loss:2.2237 Train Acc1:39.6316 Train Acc5:73.9101 Time:0.538s

2024-05-28 10:37:26 CIFAR100_cutout_wideresnet28x10_vassoremu-sgd_rho0.2_theta=0.4_crt=random_p=0.2: Epoch: 6 [90/390] lr:0.049923 Train Loss:2.2307 Train Acc1:39.4574 Train Acc5:73.9269 Time:0.275s

2024-05-28 10:37:29 CIFAR100_cutout_wideresnet28x10_vassoremu-sgd_rho0.2_theta=0.4_crt=random_p=0.2: Epoch: 6 [100/390] lr:0.049923 Train Loss:2.2334 Train Acc1:39.5034 Train Acc5:73.7701 Time:0.278s

2024-05-28 10:37:33 CIFAR100_cutout_wideresnet28x10_vassoremu-sgd_rho0.2_theta=0.4_crt=random_p=0.2: Epoch: 6 [110/390] lr:0.049923 Train Loss:2.2330 Train Acc1:39.5763 Train Acc5:73.7050 Time:0.539s

2024-05-28 10:37:36 CIFAR100_cutout_wideresnet28x10_vassoremu-sgd_rho0.2_theta=0.4_crt=random_p=0.2: Epoch: 6 [120/390] lr:0.049923 Train Loss:2.2255 Train Acc1:39.7340 Train Acc5:73.8443 Time:0.274s

2024-05-28 10:37:39 CIFAR100_cutout_wideresnet28x10_vassoremu-sgd_rho0.2_theta=0.4_crt=random_p=0.2: Epoch: 6 [130/390] lr:0.049923 Train Loss:2.2295 Train Acc1:39.7722 Train Acc5:73.8669 Time:0.274s

2024-05-28 10:37:43 CIFAR100_cutout_wideresnet28x10_vassoremu-sgd_rho0.2_theta=0.4_crt=random_p=0.2: Epoch: 6 [140/390] lr:0.049923 Train Loss:2.2318 Train Acc1:39.6609 Train Acc5:73.8032 Time:0.278s

2024-05-28 10:37:46 CIFAR100_cutout_wideresnet28x10_vassoremu-sgd_rho0.2_theta=0.4_crt=random_p=0.2: Epoch: 6 [150/390] lr:0.049923 Train Loss:2.2339 Train Acc1:39.5075 Train Acc5:73.8359 Time:0.539s

2024-05-28 10:37:50 CIFAR100_cutout_wideresnet28x10_vassoremu-sgd_rho0.2_theta=0.4_crt=random_p=0.2: Epoch: 6 [160/390] lr:0.049923 Train Loss:2.2347 Train Acc1:39.5186 Train Acc5:73.8839 Time:0.274s

2024-05-28 10:37:53 CIFAR100_cutout_wideresnet28x10_vassoremu-sgd_rho0.2_theta=0.4_crt=random_p=0.2: Epoch: 6 [170/390] lr:0.049923 Train Loss:2.2325 Train Acc1:39.6610 Train Acc5:73.8852 Time:0.274s

2024-05-28 10:37:56 CIFAR100_cutout_wideresnet28x10_vassoremu-sgd_rho0.2_theta=0.4_crt=random_p=0.2: Epoch: 6 [180/390] lr:0.049923 Train Loss:2.2309 Train Acc1:39.7099 Train Acc5:73.8648 Time:0.274s

2024-05-28 10:37:59 CIFAR100_cutout_wideresnet28x10_vassoremu-sgd_rho0.2_theta=0.4_crt=random_p=0.2: Epoch: 6 [190/390] lr:0.049923 Train Loss:2.2251 Train Acc1:39.9910 Train Acc5:73.9570 Time:0.280s

2024-05-28 10:38:03 CIFAR100_cutout_wideresnet28x10_vassoremu-sgd_rho0.2_theta=0.4_crt=random_p=0.2: Epoch: 6 [200/390] lr:0.049923 Train Loss:2.2260 Train Acc1:39.9604 Train Acc5:73.9234 Time:0.539s

2024-05-28 10:38:06 CIFAR100_cutout_wideresnet28x10_vassoremu-sgd_rho0.2_theta=0.4_crt=random_p=0.2: Epoch: 6 [210/390] lr:0.049923 Train Loss:2.2236 Train Acc1:39.9770 Train Acc5:73.9522 Time:0.280s

2024-05-28 10:38:10 CIFAR100_cutout_wideresnet28x10_vassoremu-sgd_rho0.2_theta=0.4_crt=random_p=0.2: Epoch: 6 [220/390] lr:0.049923 Train Loss:2.2197 Train Acc1:40.1195 Train Acc5:74.0031 Time:0.274s

2024-05-28 10:38:13 CIFAR100_cutout_wideresnet28x10_vassoremu-sgd_rho0.2_theta=0.4_crt=random_p=0.2: Epoch: 6 [230/390] lr:0.049923 Train Loss:2.2142 Train Acc1:40.2767 Train Acc5:74.0902 Time:0.280s

2024-05-28 10:38:16 CIFAR100_cutout_wideresnet28x10_vassoremu-sgd_rho0.2_theta=0.4_crt=random_p=0.2: Epoch: 6 [240/390] lr:0.049923 Train Loss:2.2102 Train Acc1:40.4175 Train Acc5:74.1701 Time:0.538s

2024-05-28 10:38:20 CIFAR100_cutout_wideresnet28x10_vassoremu-sgd_rho0.2_theta=0.4_crt=random_p=0.2: Epoch: 6 [250/390] lr:0.049923 Train Loss:2.2048 Train Acc1:40.5098 Train Acc5:74.2903 Time:0.274s

2024-05-28 10:38:23 CIFAR100_cutout_wideresnet28x10_vassoremu-sgd_rho0.2_theta=0.4_crt=random_p=0.2: Epoch: 6 [260/390] lr:0.049923 Train Loss:2.2038 Train Acc1:40.4693 Train Acc5:74.2996 Time:0.279s

2024-05-28 10:38:27 CIFAR100_cutout_wideresnet28x10_vassoremu-sgd_rho0.2_theta=0.4_crt=random_p=0.2: Epoch: 6 [270/390] lr:0.049923 Train Loss:2.2062 Train Acc1:40.4636 Train Acc5:74.2418 Time:0.539s

2024-05-28 10:38:30 CIFAR100_cutout_wideresnet28x10_vassoremu-sgd_rho0.2_theta=0.4_crt=random_p=0.2: Epoch: 6 [280/390] lr:0.049923 Train Loss:2.2037 Train Acc1:40.5110 Train Acc5:74.2994 Time:0.539s

2024-05-28 10:38:34 CIFAR100_cutout_wideresnet28x10_vassoremu-sgd_rho0.2_theta=0.4_crt=random_p=0.2: Epoch: 6 [290/390] lr:0.049923 Train Loss:2.2070 Train Acc1:40.3485 Train Acc5:74.2563 Time:0.274s

2024-05-28 10:38:37 CIFAR100_cutout_wideresnet28x10_vassoremu-sgd_rho0.2_theta=0.4_crt=random_p=0.2: Epoch: 6 [300/390] lr:0.049923 Train Loss:2.2062 Train Acc1:40.3265 Train Acc5:74.2914 Time:0.274s

2024-05-28 10:38:40 CIFAR100_cutout_wideresnet28x10_vassoremu-sgd_rho0.2_theta=0.4_crt=random_p=0.2: Epoch: 6 [310/390] lr:0.049923 Train Loss:2.2047 Train Acc1:40.4366 Train Acc5:74.2841 Time:0.274s

2024-05-28 10:38:44 CIFAR100_cutout_wideresnet28x10_vassoremu-sgd_rho0.2_theta=0.4_crt=random_p=0.2: Epoch: 6 [320/390] lr:0.049923 Train Loss:2.2026 Train Acc1:40.4644 Train Acc5:74.3185 Time:0.275s

2024-05-28 10:38:47 CIFAR100_cutout_wideresnet28x10_vassoremu-sgd_rho0.2_theta=0.4_crt=random_p=0.2: Epoch: 6 [330/390] lr:0.049923 Train Loss:2.2020 Train Acc1:40.4857 Train Acc5:74.2848 Time:0.275s

2024-05-28 10:38:49 CIFAR100_cutout_wideresnet28x10_vassoremu-sgd_rho0.2_theta=0.4_crt=random_p=0.2: Epoch: 6 [340/390] lr:0.049923 Train Loss:2.1983 Train Acc1:40.6021 Train Acc5:74.3562 Time:0.274s

2024-05-28 10:38:53 CIFAR100_cutout_wideresnet28x10_vassoremu-sgd_rho0.2_theta=0.4_crt=random_p=0.2: Epoch: 6 [350/390] lr:0.049923 Train Loss:2.1967 Train Acc1:40.6317 Train Acc5:74.3879 Time:0.274s

2024-05-28 10:38:56 CIFAR100_cutout_wideresnet28x10_vassoremu-sgd_rho0.2_theta=0.4_crt=random_p=0.2: Epoch: 6 [360/390] lr:0.049923 Train Loss:2.1935 Train Acc1:40.6704 Train Acc5:74.4352 Time:0.274s

2024-05-28 10:38:59 CIFAR100_cutout_wideresnet28x10_vassoremu-sgd_rho0.2_theta=0.4_crt=random_p=0.2: Epoch: 6 [370/390] lr:0.049923 Train Loss:2.1923 Train Acc1:40.7450 Train Acc5:74.4125 Time:0.275s

2024-05-28 10:39:02 CIFAR100_cutout_wideresnet28x10_vassoremu-sgd_rho0.2_theta=0.4_crt=random_p=0.2: Epoch: 6 [380/390] lr:0.049923 Train Loss:2.1894 Train Acc1:40.8567 Train Acc5:74.4812 Time:0.273s

2024-05-28 10:39:13 CIFAR100_cutout_wideresnet28x10_vassoremu-sgd_rho0.2_theta=0.4_crt=random_p=0.2: Epoch:6 Train Loss:2.1869 Train Acc1:40.9175 Train Acc5:74.5252 Test Loss:2.1679 Test Acc1:42.3800(Max:42.3800) Test Acc5:74.6900 Time:137.114s

2024-05-28 10:39:14 CIFAR100_cutout_wideresnet28x10_vassoremu-sgd_rho0.2_theta=0.4_crt=random_p=0.2: Epoch: 7 [0/390] lr:0.049889 Train Loss:1.9656 Train Acc1:47.6562 Train Acc5:75.7812 Time:0.324s

2024-05-28 10:39:18 CIFAR100_cutout_wideresnet28x10_vassoremu-sgd_rho0.2_theta=0.4_crt=random_p=0.2: Epoch: 7 [10/390] lr:0.049889 Train Loss:2.0981 Train Acc1:41.2642 Train Acc5:76.2074 Time:0.277s

2024-05-28 10:39:21 CIFAR100_cutout_wideresnet28x10_vassoremu-sgd_rho0.2_theta=0.4_crt=random_p=0.2: Epoch: 7 [20/390] lr:0.049889 Train Loss:2.0323 Train Acc1:42.6711 Train Acc5:76.9345 Time:0.274s

2024-05-28 10:39:25 CIFAR100_cutout_wideresnet28x10_vassoremu-sgd_rho0.2_theta=0.4_crt=random_p=0.2: Epoch: 7 [30/390] lr:0.049889 Train Loss:2.0610 Train Acc1:42.4395 Train Acc5:76.8145 Time:0.274s

2024-05-28 10:39:28 CIFAR100_cutout_wideresnet28x10_vassoremu-sgd_rho0.2_theta=0.4_crt=random_p=0.2: Epoch: 7 [40/390] lr:0.049889 Train Loss:2.0552 Train Acc1:42.9306 Train Acc5:77.0389 Time:0.280s

2024-05-28 10:39:32 CIFAR100_cutout_wideresnet28x10_vassoremu-sgd_rho0.2_theta=0.4_crt=random_p=0.2: Epoch: 7 [50/390] lr:0.049889 Train Loss:2.0497 Train Acc1:43.1679 Train Acc5:77.1446 Time:0.274s

2024-05-28 10:39:35 CIFAR100_cutout_wideresnet28x10_vassoremu-sgd_rho0.2_theta=0.4_crt=random_p=0.2: Epoch: 7 [60/390] lr:0.049889 Train Loss:2.0525 Train Acc1:43.0072 Train Acc5:77.3950 Time:0.279s

2024-05-28 10:39:39 CIFAR100_cutout_wideresnet28x10_vassoremu-sgd_rho0.2_theta=0.4_crt=random_p=0.2: Epoch: 7 [70/390] lr:0.049889 Train Loss:2.0527 Train Acc1:43.0568 Train Acc5:77.2117 Time:0.279s

2024-05-28 10:39:43 CIFAR100_cutout_wideresnet28x10_vassoremu-sgd_rho0.2_theta=0.4_crt=random_p=0.2: Epoch: 7 [80/390] lr:0.049889 Train Loss:2.0596 Train Acc1:43.0073 Train Acc5:76.9965 Time:0.281s

2024-05-28 10:39:46 CIFAR100_cutout_wideresnet28x10_vassoremu-sgd_rho0.2_theta=0.4_crt=random_p=0.2: Epoch: 7 [90/390] lr:0.049889 Train Loss:2.0659 Train Acc1:42.9688 Train Acc5:76.7514 Time:0.278s

2024-05-28 10:39:49 CIFAR100_cutout_wideresnet28x10_vassoremu-sgd_rho0.2_theta=0.4_crt=random_p=0.2: Epoch: 7 [100/390] lr:0.049889 Train Loss:2.0689 Train Acc1:42.8527 Train Acc5:76.8564 Time:0.274s

2024-05-28 10:39:52 CIFAR100_cutout_wideresnet28x10_vassoremu-sgd_rho0.2_theta=0.4_crt=random_p=0.2: Epoch: 7 [110/390] lr:0.049889 Train Loss:2.0642 Train Acc1:42.9688 Train Acc5:76.8722 Time:0.279s

2024-05-28 10:39:55 CIFAR100_cutout_wideresnet28x10_vassoremu-sgd_rho0.2_theta=0.4_crt=random_p=0.2: Epoch: 7 [120/390] lr:0.049889 Train Loss:2.0643 Train Acc1:43.1043 Train Acc5:76.8466 Time:0.539s

2024-05-28 10:39:59 CIFAR100_cutout_wideresnet28x10_vassoremu-sgd_rho0.2_theta=0.4_crt=random_p=0.2: Epoch: 7 [130/390] lr:0.049889 Train Loss:2.0597 Train Acc1:43.2192 Train Acc5:77.0694 Time:0.280s

2024-05-28 10:40:03 CIFAR100_cutout_wideresnet28x10_vassoremu-sgd_rho0.2_theta=0.4_crt=random_p=0.2: Epoch: 7 [140/390] lr:0.049889 Train Loss:2.0652 Train Acc1:43.1405 Train Acc5:76.9337 Time:0.539s

2024-05-28 10:40:06 CIFAR100_cutout_wideresnet28x10_vassoremu-sgd_rho0.2_theta=0.4_crt=random_p=0.2: Epoch: 7 [150/390] lr:0.049889 Train Loss:2.0688 Train Acc1:43.1550 Train Acc5:76.9247 Time:0.539s

2024-05-28 10:40:10 CIFAR100_cutout_wideresnet28x10_vassoremu-sgd_rho0.2_theta=0.4_crt=random_p=0.2: Epoch: 7 [160/390] lr:0.049889 Train Loss:2.0653 Train Acc1:43.2114 Train Acc5:76.9410 Time:0.540s

2024-05-28 10:40:13 CIFAR100_cutout_wideresnet28x10_vassoremu-sgd_rho0.2_theta=0.4_crt=random_p=0.2: Epoch: 7 [170/390] lr:0.049889 Train Loss:2.0604 Train Acc1:43.3754 Train Acc5:76.9508 Time:0.277s

2024-05-28 10:40:16 CIFAR100_cutout_wideresnet28x10_vassoremu-sgd_rho0.2_theta=0.4_crt=random_p=0.2: Epoch: 7 [180/390] lr:0.049889 Train Loss:2.0613 Train Acc1:43.2795 Train Acc5:76.9467 Time:0.274s

2024-05-28 10:40:19 CIFAR100_cutout_wideresnet28x10_vassoremu-sgd_rho0.2_theta=0.4_crt=random_p=0.2: Epoch: 7 [190/390] lr:0.049889 Train Loss:2.0637 Train Acc1:43.2796 Train Acc5:76.9184 Time:0.274s

2024-05-28 10:40:23 CIFAR100_cutout_wideresnet28x10_vassoremu-sgd_rho0.2_theta=0.4_crt=random_p=0.2: Epoch: 7 [200/390] lr:0.049889 Train Loss:2.0633 Train Acc1:43.3030 Train Acc5:76.9823 Time:0.279s

2024-05-28 10:40:26 CIFAR100_cutout_wideresnet28x10_vassoremu-sgd_rho0.2_theta=0.4_crt=random_p=0.2: Epoch: 7 [210/390] lr:0.049889 Train Loss:2.0629 Train Acc1:43.4353 Train Acc5:76.9624 Time:0.279s

2024-05-28 10:40:29 CIFAR100_cutout_wideresnet28x10_vassoremu-sgd_rho0.2_theta=0.4_crt=random_p=0.2: Epoch: 7 [220/390] lr:0.049889 Train Loss:2.0592 Train Acc1:43.5732 Train Acc5:77.0291 Time:0.279s

2024-05-28 10:40:33 CIFAR100_cutout_wideresnet28x10_vassoremu-sgd_rho0.2_theta=0.4_crt=random_p=0.2: Epoch: 7 [230/390] lr:0.049889 Train Loss:2.0582 Train Acc1:43.6215 Train Acc5:77.0563 Time:0.538s

2024-05-28 10:40:36 CIFAR100_cutout_wideresnet28x10_vassoremu-sgd_rho0.2_theta=0.4_crt=random_p=0.2: Epoch: 7 [240/390] lr:0.049889 Train Loss:2.0561 Train Acc1:43.7111 Train Acc5:77.0682 Time:0.274s

2024-05-28 10:40:39 CIFAR100_cutout_wideresnet28x10_vassoremu-sgd_rho0.2_theta=0.4_crt=random_p=0.2: Epoch: 7 [250/390] lr:0.049889 Train Loss:2.0512 Train Acc1:43.8465 Train Acc5:77.1570 Time:0.274s

2024-05-28 10:40:42 CIFAR100_cutout_wideresnet28x10_vassoremu-sgd_rho0.2_theta=0.4_crt=random_p=0.2: Epoch: 7 [260/390] lr:0.049889 Train Loss:2.0503 Train Acc1:43.9506 Train Acc5:77.2001 Time:0.275s

2024-05-28 10:40:45 CIFAR100_cutout_wideresnet28x10_vassoremu-sgd_rho0.2_theta=0.4_crt=random_p=0.2: Epoch: 7 [270/390] lr:0.049889 Train Loss:2.0449 Train Acc1:44.0815 Train Acc5:77.3034 Time:0.539s

2024-05-28 10:40:49 CIFAR100_cutout_wideresnet28x10_vassoremu-sgd_rho0.2_theta=0.4_crt=random_p=0.2: Epoch: 7 [280/390] lr:0.049889 Train Loss:2.0437 Train Acc1:44.2087 Train Acc5:77.2576 Time:0.274s

2024-05-28 10:40:52 CIFAR100_cutout_wideresnet28x10_vassoremu-sgd_rho0.2_theta=0.4_crt=random_p=0.2: Epoch: 7 [290/390] lr:0.049889 Train Loss:2.0427 Train Acc1:44.2306 Train Acc5:77.2498 Time:0.274s

2024-05-28 10:40:55 CIFAR100_cutout_wideresnet28x10_vassoremu-sgd_rho0.2_theta=0.4_crt=random_p=0.2: Epoch: 7 [300/390] lr:0.049889 Train Loss:2.0390 Train Acc1:44.3106 Train Acc5:77.3334 Time:0.273s

2024-05-28 10:40:58 CIFAR100_cutout_wideresnet28x10_vassoremu-sgd_rho0.2_theta=0.4_crt=random_p=0.2: Epoch: 7 [310/390] lr:0.049889 Train Loss:2.0380 Train Acc1:44.3202 Train Acc5:77.3789 Time:0.538s

2024-05-28 10:41:01 CIFAR100_cutout_wideresnet28x10_vassoremu-sgd_rho0.2_theta=0.4_crt=random_p=0.2: Epoch: 7 [320/390] lr:0.049889 Train Loss:2.0366 Train Acc1:44.3292 Train Acc5:77.3997 Time:0.274s

2024-05-28 10:41:04 CIFAR100_cutout_wideresnet28x10_vassoremu-sgd_rho0.2_theta=0.4_crt=random_p=0.2: Epoch: 7 [330/390] lr:0.049889 Train Loss:2.0363 Train Acc1:44.3188 Train Acc5:77.4169 Time:0.539s

2024-05-28 10:41:07 CIFAR100_cutout_wideresnet28x10_vassoremu-sgd_rho0.2_theta=0.4_crt=random_p=0.2: Epoch: 7 [340/390] lr:0.049889 Train Loss:2.0357 Train Acc1:44.3709 Train Acc5:77.4446 Time:0.274s

2024-05-28 10:41:10 CIFAR100_cutout_wideresnet28x10_vassoremu-sgd_rho0.2_theta=0.4_crt=random_p=0.2: Epoch: 7 [350/390] lr:0.049889 Train Loss:2.0366 Train Acc1:44.3421 Train Acc5:77.4283 Time:0.280s

2024-05-28 10:41:14 CIFAR100_cutout_wideresnet28x10_vassoremu-sgd_rho0.2_theta=0.4_crt=random_p=0.2: Epoch: 7 [360/390] lr:0.049889 Train Loss:2.0364 Train Acc1:44.3733 Train Acc5:77.4130 Time:0.539s

2024-05-28 10:41:17 CIFAR100_cutout_wideresnet28x10_vassoremu-sgd_rho0.2_theta=0.4_crt=random_p=0.2: Epoch: 7 [370/390] lr:0.049889 Train Loss:2.0355 Train Acc1:44.3986 Train Acc5:77.4259 Time:0.273s

2024-05-28 10:41:20 CIFAR100_cutout_wideresnet28x10_vassoremu-sgd_rho0.2_theta=0.4_crt=random_p=0.2: Epoch: 7 [380/390] lr:0.049889 Train Loss:2.0328 Train Acc1:44.4595 Train Acc5:77.5016 Time:0.273s

2024-05-28 10:41:31 CIFAR100_cutout_wideresnet28x10_vassoremu-sgd_rho0.2_theta=0.4_crt=random_p=0.2: Epoch:7 Train Loss:2.0337 Train Acc1:44.4311 Train Acc5:77.5040 Test Loss:2.1852 Test Acc1:42.5500(Max:42.5500) Test Acc5:74.7800 Time:138.357s

2024-05-28 10:41:32 CIFAR100_cutout_wideresnet28x10_vassoremu-sgd_rho0.2_theta=0.4_crt=random_p=0.2: Epoch: 8 [0/390] lr:0.049849 Train Loss:1.9118 Train Acc1:43.7500 Train Acc5:78.9062 Time:0.303s

2024-05-28 10:41:35 CIFAR100_cutout_wideresnet28x10_vassoremu-sgd_rho0.2_theta=0.4_crt=random_p=0.2: Epoch: 8 [10/390] lr:0.049849 Train Loss:1.9226 Train Acc1:46.0227 Train Acc5:79.6165 Time:0.536s

2024-05-28 10:41:39 CIFAR100_cutout_wideresnet28x10_vassoremu-sgd_rho0.2_theta=0.4_crt=random_p=0.2: Epoch: 8 [20/390] lr:0.049849 Train Loss:1.9797 Train Acc1:45.4985 Train Acc5:78.0134 Time:0.538s

2024-05-28 10:41:42 CIFAR100_cutout_wideresnet28x10_vassoremu-sgd_rho0.2_theta=0.4_crt=random_p=0.2: Epoch: 8 [30/390] lr:0.049849 Train Loss:1.9661 Train Acc1:45.5393 Train Acc5:78.7298 Time:0.274s

2024-05-28 10:41:45 CIFAR100_cutout_wideresnet28x10_vassoremu-sgd_rho0.2_theta=0.4_crt=random_p=0.2: Epoch: 8 [40/390] lr:0.049849 Train Loss:1.9346 Train Acc1:46.3415 Train Acc5:79.5732 Time:0.275s

2024-05-28 10:41:48 CIFAR100_cutout_wideresnet28x10_vassoremu-sgd_rho0.2_theta=0.4_crt=random_p=0.2: Epoch: 8 [50/390] lr:0.049849 Train Loss:1.9073 Train Acc1:47.0588 Train Acc5:80.0245 Time:0.274s

2024-05-28 10:41:52 CIFAR100_cutout_wideresnet28x10_vassoremu-sgd_rho0.2_theta=0.4_crt=random_p=0.2: Epoch: 8 [60/390] lr:0.049849 Train Loss:1.9095 Train Acc1:47.4001 Train Acc5:80.0077 Time:0.538s

2024-05-28 10:41:55 CIFAR100_cutout_wideresnet28x10_vassoremu-sgd_rho0.2_theta=0.4_crt=random_p=0.2: Epoch: 8 [70/390] lr:0.049849 Train Loss:1.9096 Train Acc1:47.5242 Train Acc5:79.8526 Time:0.538s

2024-05-28 10:41:59 CIFAR100_cutout_wideresnet28x10_vassoremu-sgd_rho0.2_theta=0.4_crt=random_p=0.2: Epoch: 8 [80/390] lr:0.049849 Train Loss:1.9153 Train Acc1:47.1451 Train Acc5:79.7261 Time:0.539s

2024-05-28 10:42:02 CIFAR100_cutout_wideresnet28x10_vassoremu-sgd_rho0.2_theta=0.4_crt=random_p=0.2: Epoch: 8 [90/390] lr:0.049849 Train Loss:1.9147 Train Acc1:47.2957 Train Acc5:79.4729 Time:0.275s

2024-05-28 10:42:05 CIFAR100_cutout_wideresnet28x10_vassoremu-sgd_rho0.2_theta=0.4_crt=random_p=0.2: Epoch: 8 [100/390] lr:0.049849 Train Loss:1.9116 Train Acc1:47.4165 Train Acc5:79.5869 Time:0.273s

2024-05-28 10:42:09 CIFAR100_cutout_wideresnet28x10_vassoremu-sgd_rho0.2_theta=0.4_crt=random_p=0.2: Epoch: 8 [110/390] lr:0.049849 Train Loss:1.9234 Train Acc1:47.1143 Train Acc5:79.4060 Time:0.539s

2024-05-28 10:42:12 CIFAR100_cutout_wideresnet28x10_vassoremu-sgd_rho0.2_theta=0.4_crt=random_p=0.2: Epoch: 8 [120/390] lr:0.049849 Train Loss:1.9168 Train Acc1:47.4044 Train Acc5:79.4809 Time:0.274s

2024-05-28 10:42:15 CIFAR100_cutout_wideresnet28x10_vassoremu-sgd_rho0.2_theta=0.4_crt=random_p=0.2: Epoch: 8 [130/390] lr:0.049849 Train Loss:1.9231 Train Acc1:47.2090 Train Acc5:79.3893 Time:0.280s

2024-05-28 10:42:19 CIFAR100_cutout_wideresnet28x10_vassoremu-sgd_rho0.2_theta=0.4_crt=random_p=0.2: Epoch: 8 [140/390] lr:0.049849 Train Loss:1.9317 Train Acc1:47.0024 Train Acc5:79.3384 Time:0.538s

2024-05-28 10:42:21 CIFAR100_cutout_wideresnet28x10_vassoremu-sgd_rho0.2_theta=0.4_crt=random_p=0.2: Epoch: 8 [150/390] lr:0.049849 Train Loss:1.9279 Train Acc1:47.1233 Train Acc5:79.5012 Time:0.274s

2024-05-28 10:42:25 CIFAR100_cutout_wideresnet28x10_vassoremu-sgd_rho0.2_theta=0.4_crt=random_p=0.2: Epoch: 8 [160/390] lr:0.049849 Train Loss:1.9262 Train Acc1:47.1419 Train Acc5:79.5516 Time:0.274s

2024-05-28 10:42:28 CIFAR100_cutout_wideresnet28x10_vassoremu-sgd_rho0.2_theta=0.4_crt=random_p=0.2: Epoch: 8 [170/390] lr:0.049849 Train Loss:1.9300 Train Acc1:47.0395 Train Acc5:79.4545 Time:0.539s

2024-05-28 10:42:32 CIFAR100_cutout_wideresnet28x10_vassoremu-sgd_rho0.2_theta=0.4_crt=random_p=0.2: Epoch: 8 [180/390] lr:0.049849 Train Loss:1.9304 Train Acc1:47.0520 Train Acc5:79.5019 Time:0.539s

2024-05-28 10:42:35 CIFAR100_cutout_wideresnet28x10_vassoremu-sgd_rho0.2_theta=0.4_crt=random_p=0.2: Epoch: 8 [190/390] lr:0.049849 Train Loss:1.9314 Train Acc1:47.0182 Train Acc5:79.4257 Time:0.275s

2024-05-28 10:42:38 CIFAR100_cutout_wideresnet28x10_vassoremu-sgd_rho0.2_theta=0.4_crt=random_p=0.2: Epoch: 8 [200/390] lr:0.049849 Train Loss:1.9289 Train Acc1:47.0266 Train Acc5:79.4970 Time:0.538s

2024-05-28 10:42:41 CIFAR100_cutout_wideresnet28x10_vassoremu-sgd_rho0.2_theta=0.4_crt=random_p=0.2: Epoch: 8 [210/390] lr:0.049849 Train Loss:1.9266 Train Acc1:47.0860 Train Acc5:79.5690 Time:0.274s

2024-05-28 10:42:45 CIFAR100_cutout_wideresnet28x10_vassoremu-sgd_rho0.2_theta=0.4_crt=random_p=0.2: Epoch: 8 [220/390] lr:0.049849 Train Loss:1.9292 Train Acc1:47.0694 Train Acc5:79.5284 Time:0.274s

2024-05-28 10:42:48 CIFAR100_cutout_wideresnet28x10_vassoremu-sgd_rho0.2_theta=0.4_crt=random_p=0.2: Epoch: 8 [230/390] lr:0.049849 Train Loss:1.9258 Train Acc1:47.1523 Train Acc5:79.5725 Time:0.277s

2024-05-28 10:42:50 CIFAR100_cutout_wideresnet28x10_vassoremu-sgd_rho0.2_theta=0.4_crt=random_p=0.2: Epoch: 8 [240/390] lr:0.049849 Train Loss:1.9251 Train Acc1:47.1797 Train Acc5:79.5416 Time:0.280s

2024-05-28 10:42:54 CIFAR100_cutout_wideresnet28x10_vassoremu-sgd_rho0.2_theta=0.4_crt=random_p=0.2: Epoch: 8 [250/390] lr:0.049849 Train Loss:1.9266 Train Acc1:47.1925 Train Acc5:79.4883 Time:0.538s

2024-05-28 10:42:57 CIFAR100_cutout_wideresnet28x10_vassoremu-sgd_rho0.2_theta=0.4_crt=random_p=0.2: Epoch: 8 [260/390] lr:0.049849 Train Loss:1.9286 Train Acc1:47.0905 Train Acc5:79.4420 Time:0.275s

2024-05-28 10:43:00 CIFAR100_cutout_wideresnet28x10_vassoremu-sgd_rho0.2_theta=0.4_crt=random_p=0.2: Epoch: 8 [270/390] lr:0.049849 Train Loss:1.9284 Train Acc1:47.1143 Train Acc5:79.4799 Time:0.274s

2024-05-28 10:43:04 CIFAR100_cutout_wideresnet28x10_vassoremu-sgd_rho0.2_theta=0.4_crt=random_p=0.2: Epoch: 8 [280/390] lr:0.049849 Train Loss:1.9274 Train Acc1:47.1252 Train Acc5:79.5123 Time:0.277s

2024-05-28 10:43:08 CIFAR100_cutout_wideresnet28x10_vassoremu-sgd_rho0.2_theta=0.4_crt=random_p=0.2: Epoch: 8 [290/390] lr:0.049849 Train Loss:1.9289 Train Acc1:47.0898 Train Acc5:79.4781 Time:0.538s

2024-05-28 10:43:11 CIFAR100_cutout_wideresnet28x10_vassoremu-sgd_rho0.2_theta=0.4_crt=random_p=0.2: Epoch: 8 [300/390] lr:0.049849 Train Loss:1.9280 Train Acc1:47.0697 Train Acc5:79.4928 Time:0.538s

2024-05-28 10:43:14 CIFAR100_cutout_wideresnet28x10_vassoremu-sgd_rho0.2_theta=0.4_crt=random_p=0.2: Epoch: 8 [310/390] lr:0.049849 Train Loss:1.9245 Train Acc1:47.1513 Train Acc5:79.5644 Time:0.274s

2024-05-28 10:43:18 CIFAR100_cutout_wideresnet28x10_vassoremu-sgd_rho0.2_theta=0.4_crt=random_p=0.2: Epoch: 8 [320/390] lr:0.049849 Train Loss:1.9247 Train Acc1:47.1525 Train Acc5:79.5634 Time:0.275s

2024-05-28 10:43:22 CIFAR100_cutout_wideresnet28x10_vassoremu-sgd_rho0.2_theta=0.4_crt=random_p=0.2: Epoch: 8 [330/390] lr:0.049849 Train Loss:1.9264 Train Acc1:47.0969 Train Acc5:79.5364 Time:0.275s

2024-05-28 10:43:25 CIFAR100_cutout_wideresnet28x10_vassoremu-sgd_rho0.2_theta=0.4_crt=random_p=0.2: Epoch: 8 [340/390] lr:0.049849 Train Loss:1.9245 Train Acc1:47.2072 Train Acc5:79.5523 Time:0.274s

2024-05-28 10:43:28 CIFAR100_cutout_wideresnet28x10_vassoremu-sgd_rho0.2_theta=0.4_crt=random_p=0.2: Epoch: 8 [350/390] lr:0.049849 Train Loss:1.9225 Train Acc1:47.2712 Train Acc5:79.5629 Time:0.274s

2024-05-28 10:43:31 CIFAR100_cutout_wideresnet28x10_vassoremu-sgd_rho0.2_theta=0.4_crt=random_p=0.2: Epoch: 8 [360/390] lr:0.049849 Train Loss:1.9223 Train Acc1:47.2710 Train Acc5:79.5750 Time:0.280s

2024-05-28 10:43:35 CIFAR100_cutout_wideresnet28x10_vassoremu-sgd_rho0.2_theta=0.4_crt=random_p=0.2: Epoch: 8 [370/390] lr:0.049849 Train Loss:1.9227 Train Acc1:47.2983 Train Acc5:79.5527 Time:0.274s

2024-05-28 10:43:38 CIFAR100_cutout_wideresnet28x10_vassoremu-sgd_rho0.2_theta=0.4_crt=random_p=0.2: Epoch: 8 [380/390] lr:0.049849 Train Loss:1.9224 Train Acc1:47.3036 Train Acc5:79.5481 Time:0.274s

2024-05-28 10:43:49 CIFAR100_cutout_wideresnet28x10_vassoremu-sgd_rho0.2_theta=0.4_crt=random_p=0.2: Epoch:8 Train Loss:1.9212 Train Acc1:47.3417 Train Acc5:79.5974 Test Loss:2.0793 Test Acc1:44.1200(Max:44.1200) Test Acc5:76.6400 Time:137.385s

2024-05-28 10:43:49 CIFAR100_cutout_wideresnet28x10_vassoremu-sgd_rho0.2_theta=0.4_crt=random_p=0.2: Epoch: 9 [0/390] lr:0.049803 Train Loss:1.6868 Train Acc1:55.4688 Train Acc5:85.9375 Time:0.285s

2024-05-28 10:43:53 CIFAR100_cutout_wideresnet28x10_vassoremu-sgd_rho0.2_theta=0.4_crt=random_p=0.2: Epoch: 9 [10/390] lr:0.049803 Train Loss:1.7671 Train Acc1:51.4205 Train Acc5:82.7415 Time:0.537s

2024-05-28 10:43:57 CIFAR100_cutout_wideresnet28x10_vassoremu-sgd_rho0.2_theta=0.4_crt=random_p=0.2: Epoch: 9 [20/390] lr:0.049803 Train Loss:1.8242 Train Acc1:49.7396 Train Acc5:81.2872 Time:0.274s

2024-05-28 10:44:00 CIFAR100_cutout_wideresnet28x10_vassoremu-sgd_rho0.2_theta=0.4_crt=random_p=0.2: Epoch: 9 [30/390] lr:0.049803 Train Loss:1.8286 Train Acc1:49.4204 Train Acc5:81.5020 Time:0.539s

2024-05-28 10:44:03 CIFAR100_cutout_wideresnet28x10_vassoremu-sgd_rho0.2_theta=0.4_crt=random_p=0.2: Epoch: 9 [40/390] lr:0.049803 Train Loss:1.8333 Train Acc1:49.1044 Train Acc5:81.4596 Time:0.275s

2024-05-28 10:44:06 CIFAR100_cutout_wideresnet28x10_vassoremu-sgd_rho0.2_theta=0.4_crt=random_p=0.2: Epoch: 9 [50/390] lr:0.049803 Train Loss:1.8168 Train Acc1:49.5711 Train Acc5:81.6636 Time:0.279s

2024-05-28 10:44:09 CIFAR100_cutout_wideresnet28x10_vassoremu-sgd_rho0.2_theta=0.4_crt=random_p=0.2: Epoch: 9 [60/390] lr:0.049803 Train Loss:1.8080 Train Acc1:49.8975 Train Acc5:81.6598 Time:0.277s

2024-05-28 10:44:13 CIFAR100_cutout_wideresnet28x10_vassoremu-sgd_rho0.2_theta=0.4_crt=random_p=0.2: Epoch: 9 [70/390] lr:0.049803 Train Loss:1.8112 Train Acc1:50.0880 Train Acc5:81.6351 Time:0.275s

2024-05-28 10:44:16 CIFAR100_cutout_wideresnet28x10_vassoremu-sgd_rho0.2_theta=0.4_crt=random_p=0.2: Epoch: 9 [80/390] lr:0.049803 Train Loss:1.8158 Train Acc1:49.9228 Train Acc5:81.5586 Time:0.278s

2024-05-28 10:44:19 CIFAR100_cutout_wideresnet28x10_vassoremu-sgd_rho0.2_theta=0.4_crt=random_p=0.2: Epoch: 9 [90/390] lr:0.049803 Train Loss:1.8188 Train Acc1:50.0601 Train Acc5:81.4303 Time:0.274s

2024-05-28 10:44:22 CIFAR100_cutout_wideresnet28x10_vassoremu-sgd_rho0.2_theta=0.4_crt=random_p=0.2: Epoch: 9 [100/390] lr:0.049803 Train Loss:1.8098 Train Acc1:50.2939 Train Acc5:81.6522 Time:0.274s

2024-05-28 10:44:25 CIFAR100_cutout_wideresnet28x10_vassoremu-sgd_rho0.2_theta=0.4_crt=random_p=0.2: Epoch: 9 [110/390] lr:0.049803 Train Loss:1.8138 Train Acc1:50.1337 Train Acc5:81.5526 Time:0.538s

2024-05-28 10:44:28 CIFAR100_cutout_wideresnet28x10_vassoremu-sgd_rho0.2_theta=0.4_crt=random_p=0.2: Epoch: 9 [120/390] lr:0.049803 Train Loss:1.8210 Train Acc1:49.9290 Train Acc5:81.4308 Time:0.275s

2024-05-28 10:44:32 CIFAR100_cutout_wideresnet28x10_vassoremu-sgd_rho0.2_theta=0.4_crt=random_p=0.2: Epoch: 9 [130/390] lr:0.049803 Train Loss:1.8313 Train Acc1:49.7018 Train Acc5:81.3216 Time:0.538s

2024-05-28 10:44:36 CIFAR100_cutout_wideresnet28x10_vassoremu-sgd_rho0.2_theta=0.4_crt=random_p=0.2: Epoch: 9 [140/390] lr:0.049803 Train Loss:1.8335 Train Acc1:49.7063 Train Acc5:81.2832 Time:0.278s

2024-05-28 10:44:39 CIFAR100_cutout_wideresnet28x10_vassoremu-sgd_rho0.2_theta=0.4_crt=random_p=0.2: Epoch: 9 [150/390] lr:0.049803 Train Loss:1.8372 Train Acc1:49.6223 Train Acc5:81.1413 Time:0.280s

2024-05-28 10:44:42 CIFAR100_cutout_wideresnet28x10_vassoremu-sgd_rho0.2_theta=0.4_crt=random_p=0.2: Epoch: 9 [160/390] lr:0.049803 Train Loss:1.8369 Train Acc1:49.7331 Train Acc5:81.1384 Time:0.273s

2024-05-28 10:44:45 CIFAR100_cutout_wideresnet28x10_vassoremu-sgd_rho0.2_theta=0.4_crt=random_p=0.2: Epoch: 9 [170/390] lr:0.049803 Train Loss:1.8322 Train Acc1:49.9360 Train Acc5:81.2591 Time:0.274s

2024-05-28 10:44:49 CIFAR100_cutout_wideresnet28x10_vassoremu-sgd_rho0.2_theta=0.4_crt=random_p=0.2: Epoch: 9 [180/390] lr:0.049803 Train Loss:1.8302 Train Acc1:49.9050 Train Acc5:81.3018 Time:0.278s

2024-05-28 10:44:52 CIFAR100_cutout_wideresnet28x10_vassoremu-sgd_rho0.2_theta=0.4_crt=random_p=0.2: Epoch: 9 [190/390] lr:0.049803 Train Loss:1.8334 Train Acc1:49.7505 Train Acc5:81.2664 Time:0.274s

2024-05-28 10:44:55 CIFAR100_cutout_wideresnet28x10_vassoremu-sgd_rho0.2_theta=0.4_crt=random_p=0.2: Epoch: 9 [200/390] lr:0.049803 Train Loss:1.8360 Train Acc1:49.6463 Train Acc5:81.1839 Time:0.279s

2024-05-28 10:44:59 CIFAR100_cutout_wideresnet28x10_vassoremu-sgd_rho0.2_theta=0.4_crt=random_p=0.2: Epoch: 9 [210/390] lr:0.049803 Train Loss:1.8365 Train Acc1:49.6075 Train Acc5:81.1685 Time:0.539s

2024-05-28 10:45:02 CIFAR100_cutout_wideresnet28x10_vassoremu-sgd_rho0.2_theta=0.4_crt=random_p=0.2: Epoch: 9 [220/390] lr:0.049803 Train Loss:1.8389 Train Acc1:49.5263 Train Acc5:81.1475 Time:0.537s

2024-05-28 10:45:06 CIFAR100_cutout_wideresnet28x10_vassoremu-sgd_rho0.2_theta=0.4_crt=random_p=0.2: Epoch: 9 [230/390] lr:0.049803 Train Loss:1.8366 Train Acc1:49.5570 Train Acc5:81.1688 Time:0.278s

2024-05-28 10:45:09 CIFAR100_cutout_wideresnet28x10_vassoremu-sgd_rho0.2_theta=0.4_crt=random_p=0.2: Epoch: 9 [240/390] lr:0.049803 Train Loss:1.8360 Train Acc1:49.5462 Train Acc5:81.1301 Time:0.537s

2024-05-28 10:45:12 CIFAR100_cutout_wideresnet28x10_vassoremu-sgd_rho0.2_theta=0.4_crt=random_p=0.2: Epoch: 9 [250/390] lr:0.049803 Train Loss:1.8341 Train Acc1:49.6016 Train Acc5:81.1784 Time:0.279s

2024-05-28 10:45:15 CIFAR100_cutout_wideresnet28x10_vassoremu-sgd_rho0.2_theta=0.4_crt=random_p=0.2: Epoch: 9 [260/390] lr:0.049803 Train Loss:1.8350 Train Acc1:49.5869 Train Acc5:81.1782 Time:0.274s

2024-05-28 10:45:19 CIFAR100_cutout_wideresnet28x10_vassoremu-sgd_rho0.2_theta=0.4_crt=random_p=0.2: Epoch: 9 [270/390] lr:0.049803 Train Loss:1.8361 Train Acc1:49.5474 Train Acc5:81.1433 Time:0.537s

2024-05-28 10:45:22 CIFAR100_cutout_wideresnet28x10_vassoremu-sgd_rho0.2_theta=0.4_crt=random_p=0.2: Epoch: 9 [280/390] lr:0.049803 Train Loss:1.8325 Train Acc1:49.5941 Train Acc5:81.2250 Time:0.274s

2024-05-28 10:45:25 CIFAR100_cutout_wideresnet28x10_vassoremu-sgd_rho0.2_theta=0.4_crt=random_p=0.2: Epoch: 9 [290/390] lr:0.049803 Train Loss:1.8334 Train Acc1:49.6027 Train Acc5:81.1909 Time:0.539s

2024-05-28 10:45:28 CIFAR100_cutout_wideresnet28x10_vassoremu-sgd_rho0.2_theta=0.4_crt=random_p=0.2: Epoch: 9 [300/390] lr:0.049803 Train Loss:1.8283 Train Acc1:49.7327 Train Acc5:81.2734 Time:0.274s

2024-05-28 10:45:31 CIFAR100_cutout_wideresnet28x10_vassoremu-sgd_rho0.2_theta=0.4_crt=random_p=0.2: Epoch: 9 [310/390] lr:0.049803 Train Loss:1.8311 Train Acc1:49.7387 Train Acc5:81.2475 Time:0.274s

2024-05-28 10:45:34 CIFAR100_cutout_wideresnet28x10_vassoremu-sgd_rho0.2_theta=0.4_crt=random_p=0.2: Epoch: 9 [320/390] lr:0.049803 Train Loss:1.8302 Train Acc1:49.6714 Train Acc5:81.2719 Time:0.274s

2024-05-28 10:45:37 CIFAR100_cutout_wideresnet28x10_vassoremu-sgd_rho0.2_theta=0.4_crt=random_p=0.2: Epoch: 9 [330/390] lr:0.049803 Train Loss:1.8291 Train Acc1:49.6766 Train Acc5:81.3208 Time:0.274s

2024-05-28 10:45:40 CIFAR100_cutout_wideresnet28x10_vassoremu-sgd_rho0.2_theta=0.4_crt=random_p=0.2: Epoch: 9 [340/390] lr:0.049803 Train Loss:1.8310 Train Acc1:49.6197 Train Acc5:81.2958 Time:0.274s

2024-05-28 10:45:44 CIFAR100_cutout_wideresnet28x10_vassoremu-sgd_rho0.2_theta=0.4_crt=random_p=0.2: Epoch: 9 [350/390] lr:0.049803 Train Loss:1.8324 Train Acc1:49.6060 Train Acc5:81.2700 Time:0.279s

2024-05-28 10:45:47 CIFAR100_cutout_wideresnet28x10_vassoremu-sgd_rho0.2_theta=0.4_crt=random_p=0.2: Epoch: 9 [360/390] lr:0.049803 Train Loss:1.8337 Train Acc1:49.5434 Train Acc5:81.2413 Time:0.274s

2024-05-28 10:45:51 CIFAR100_cutout_wideresnet28x10_vassoremu-sgd_rho0.2_theta=0.4_crt=random_p=0.2: Epoch: 9 [370/390] lr:0.049803 Train Loss:1.8347 Train Acc1:49.5030 Train Acc5:81.2605 Time:0.274s

2024-05-28 10:45:55 CIFAR100_cutout_wideresnet28x10_vassoremu-sgd_rho0.2_theta=0.4_crt=random_p=0.2: Epoch: 9 [380/390] lr:0.049803 Train Loss:1.8376 Train Acc1:49.4033 Train Acc5:81.2049 Time:0.538s

2024-05-28 10:46:05 CIFAR100_cutout_wideresnet28x10_vassoremu-sgd_rho0.2_theta=0.4_crt=random_p=0.2: Epoch:9 Train Loss:1.8376 Train Acc1:49.3990 Train Acc5:81.2039 Test Loss:1.9303 Test Acc1:47.5200(Max:47.5200) Test Acc5:79.6600 Time:136.526s

2024-05-28 10:46:06 CIFAR100_cutout_wideresnet28x10_vassoremu-sgd_rho0.2_theta=0.4_crt=random_p=0.2: Epoch: 10 [0/390] lr:0.049751 Train Loss:1.5932 Train Acc1:55.4688 Train Acc5:89.8438 Time:0.278s

2024-05-28 10:46:09 CIFAR100_cutout_wideresnet28x10_vassoremu-sgd_rho0.2_theta=0.4_crt=random_p=0.2: Epoch: 10 [10/390] lr:0.049751 Train Loss:1.6799 Train Acc1:53.2670 Train Acc5:84.5170 Time:0.276s

2024-05-28 10:46:13 CIFAR100_cutout_wideresnet28x10_vassoremu-sgd_rho0.2_theta=0.4_crt=random_p=0.2: Epoch: 10 [20/390] lr:0.049751 Train Loss:1.7071 Train Acc1:53.4598 Train Acc5:84.1518 Time:0.281s

2024-05-28 10:46:16 CIFAR100_cutout_wideresnet28x10_vassoremu-sgd_rho0.2_theta=0.4_crt=random_p=0.2: Epoch: 10 [30/390] lr:0.049751 Train Loss:1.7145 Train Acc1:53.3014 Train Acc5:83.6442 Time:0.274s

2024-05-28 10:46:19 CIFAR100_cutout_wideresnet28x10_vassoremu-sgd_rho0.2_theta=0.4_crt=random_p=0.2: Epoch: 10 [40/390] lr:0.049751 Train Loss:1.7092 Train Acc1:52.9916 Train Acc5:83.7271 Time:0.278s

2024-05-28 10:46:23 CIFAR100_cutout_wideresnet28x10_vassoremu-sgd_rho0.2_theta=0.4_crt=random_p=0.2: Epoch: 10 [50/390] lr:0.049751 Train Loss:1.7253 Train Acc1:52.5429 Train Acc5:83.1801 Time:0.539s

2024-05-28 10:46:26 CIFAR100_cutout_wideresnet28x10_vassoremu-sgd_rho0.2_theta=0.4_crt=random_p=0.2: Epoch: 10 [60/390] lr:0.049751 Train Loss:1.7256 Train Acc1:52.4078 Train Acc5:83.1583 Time:0.274s

2024-05-28 10:46:30 CIFAR100_cutout_wideresnet28x10_vassoremu-sgd_rho0.2_theta=0.4_crt=random_p=0.2: Epoch: 10 [70/390] lr:0.049751 Train Loss:1.7413 Train Acc1:52.0467 Train Acc5:82.7685 Time:0.274s

2024-05-28 10:46:34 CIFAR100_cutout_wideresnet28x10_vassoremu-sgd_rho0.2_theta=0.4_crt=random_p=0.2: Epoch: 10 [80/390] lr:0.049751 Train Loss:1.7475 Train Acc1:51.9676 Train Acc5:82.4846 Time:0.274s

2024-05-28 10:46:37 CIFAR100_cutout_wideresnet28x10_vassoremu-sgd_rho0.2_theta=0.4_crt=random_p=0.2: Epoch: 10 [90/390] lr:0.049751 Train Loss:1.7506 Train Acc1:51.8372 Train Acc5:82.4004 Time:0.279s

2024-05-28 10:46:41 CIFAR100_cutout_wideresnet28x10_vassoremu-sgd_rho0.2_theta=0.4_crt=random_p=0.2: Epoch: 10 [100/390] lr:0.049751 Train Loss:1.7637 Train Acc1:51.5238 Train Acc5:82.1163 Time:0.538s

2024-05-28 10:46:45 CIFAR100_cutout_wideresnet28x10_vassoremu-sgd_rho0.2_theta=0.4_crt=random_p=0.2: Epoch: 10 [110/390] lr:0.049751 Train Loss:1.7666 Train Acc1:51.4992 Train Acc5:82.0031 Time:0.273s

2024-05-28 10:46:48 CIFAR100_cutout_wideresnet28x10_vassoremu-sgd_rho0.2_theta=0.4_crt=random_p=0.2: Epoch: 10 [120/390] lr:0.049751 Train Loss:1.7679 Train Acc1:51.3042 Train Acc5:82.0700 Time:0.275s

2024-05-28 10:46:51 CIFAR100_cutout_wideresnet28x10_vassoremu-sgd_rho0.2_theta=0.4_crt=random_p=0.2: Epoch: 10 [130/390] lr:0.049751 Train Loss:1.7660 Train Acc1:51.4373 Train Acc5:82.0670 Time:0.539s

2024-05-28 10:46:54 CIFAR100_cutout_wideresnet28x10_vassoremu-sgd_rho0.2_theta=0.4_crt=random_p=0.2: Epoch: 10 [140/390] lr:0.049751 Train Loss:1.7614 Train Acc1:51.4240 Train Acc5:82.1310 Time:0.278s

2024-05-28 10:46:58 CIFAR100_cutout_wideresnet28x10_vassoremu-sgd_rho0.2_theta=0.4_crt=random_p=0.2: Epoch: 10 [150/390] lr:0.049751 Train Loss:1.7652 Train Acc1:51.2572 Train Acc5:82.1813 Time:0.274s

2024-05-28 10:47:00 CIFAR100_cutout_wideresnet28x10_vassoremu-sgd_rho0.2_theta=0.4_crt=random_p=0.2: Epoch: 10 [160/390] lr:0.049751 Train Loss:1.7593 Train Acc1:51.4800 Train Acc5:82.2496 Time:0.274s

2024-05-28 10:47:04 CIFAR100_cutout_wideresnet28x10_vassoremu-sgd_rho0.2_theta=0.4_crt=random_p=0.2: Epoch: 10 [170/390] lr:0.049751 Train Loss:1.7607 Train Acc1:51.3341 Train Acc5:82.2688 Time:0.274s

2024-05-28 10:47:07 CIFAR100_cutout_wideresnet28x10_vassoremu-sgd_rho0.2_theta=0.4_crt=random_p=0.2: Epoch: 10 [180/390] lr:0.049751 Train Loss:1.7617 Train Acc1:51.3553 Train Acc5:82.2816 Time:0.538s

2024-05-28 10:47:10 CIFAR100_cutout_wideresnet28x10_vassoremu-sgd_rho0.2_theta=0.4_crt=random_p=0.2: Epoch: 10 [190/390] lr:0.049751 Train Loss:1.7610 Train Acc1:51.3048 Train Acc5:82.3012 Time:0.279s

2024-05-28 10:47:13 CIFAR100_cutout_wideresnet28x10_vassoremu-sgd_rho0.2_theta=0.4_crt=random_p=0.2: Epoch: 10 [200/390] lr:0.049751 Train Loss:1.7563 Train Acc1:51.4653 Train Acc5:82.3228 Time:0.274s

2024-05-28 10:47:16 CIFAR100_cutout_wideresnet28x10_vassoremu-sgd_rho0.2_theta=0.4_crt=random_p=0.2: Epoch: 10 [210/390] lr:0.049751 Train Loss:1.7578 Train Acc1:51.4181 Train Acc5:82.3089 Time:0.274s

2024-05-28 10:47:20 CIFAR100_cutout_wideresnet28x10_vassoremu-sgd_rho0.2_theta=0.4_crt=random_p=0.2: Epoch: 10 [220/390] lr:0.049751 Train Loss:1.7600 Train Acc1:51.3999 Train Acc5:82.2646 Time:0.274s

2024-05-28 10:47:23 CIFAR100_cutout_wideresnet28x10_vassoremu-sgd_rho0.2_theta=0.4_crt=random_p=0.2: Epoch: 10 [230/390] lr:0.049751 Train Loss:1.7606 Train Acc1:51.4272 Train Acc5:82.2308 Time:0.279s

2024-05-28 10:47:27 CIFAR100_cutout_wideresnet28x10_vassoremu-sgd_rho0.2_theta=0.4_crt=random_p=0.2: Epoch: 10 [240/390] lr:0.049751 Train Loss:1.7652 Train Acc1:51.2675 Train Acc5:82.1026 Time:0.274s

2024-05-28 10:47:30 CIFAR100_cutout_wideresnet28x10_vassoremu-sgd_rho0.2_theta=0.4_crt=random_p=0.2: Epoch: 10 [250/390] lr:0.049751 Train Loss:1.7660 Train Acc1:51.2232 Train Acc5:82.1246 Time:0.274s

2024-05-28 10:47:33 CIFAR100_cutout_wideresnet28x10_vassoremu-sgd_rho0.2_theta=0.4_crt=random_p=0.2: Epoch: 10 [260/390] lr:0.049751 Train Loss:1.7610 Train Acc1:51.3619 Train Acc5:82.2079 Time:0.274s

2024-05-28 10:47:37 CIFAR100_cutout_wideresnet28x10_vassoremu-sgd_rho0.2_theta=0.4_crt=random_p=0.2: Epoch: 10 [270/390] lr:0.049751 Train Loss:1.7651 Train Acc1:51.2627 Train Acc5:82.1610 Time:0.538s

2024-05-28 10:47:41 CIFAR100_cutout_wideresnet28x10_vassoremu-sgd_rho0.2_theta=0.4_crt=random_p=0.2: Epoch: 10 [280/390] lr:0.049751 Train Loss:1.7638 Train Acc1:51.3262 Train Acc5:82.2120 Time:0.274s

2024-05-28 10:47:44 CIFAR100_cutout_wideresnet28x10_vassoremu-sgd_rho0.2_theta=0.4_crt=random_p=0.2: Epoch: 10 [290/390] lr:0.049751 Train Loss:1.7674 Train Acc1:51.2323 Train Acc5:82.1360 Time:0.538s

2024-05-28 10:47:47 CIFAR100_cutout_wideresnet28x10_vassoremu-sgd_rho0.2_theta=0.4_crt=random_p=0.2: Epoch: 10 [300/390] lr:0.049751 Train Loss:1.7654 Train Acc1:51.2848 Train Acc5:82.1974 Time:0.279s

2024-05-28 10:47:51 CIFAR100_cutout_wideresnet28x10_vassoremu-sgd_rho0.2_theta=0.4_crt=random_p=0.2: Epoch: 10 [310/390] lr:0.049751 Train Loss:1.7653 Train Acc1:51.3012 Train Acc5:82.2247 Time:0.274s

2024-05-28 10:47:54 CIFAR100_cutout_wideresnet28x10_vassoremu-sgd_rho0.2_theta=0.4_crt=random_p=0.2: Epoch: 10 [320/390] lr:0.049751 Train Loss:1.7625 Train Acc1:51.4092 Train Acc5:82.2990 Time:0.274s

2024-05-28 10:47:58 CIFAR100_cutout_wideresnet28x10_vassoremu-sgd_rho0.2_theta=0.4_crt=random_p=0.2: Epoch: 10 [330/390] lr:0.049751 Train Loss:1.7636 Train Acc1:51.4020 Train Acc5:82.2720 Time:0.275s

2024-05-28 10:48:02 CIFAR100_cutout_wideresnet28x10_vassoremu-sgd_rho0.2_theta=0.4_crt=random_p=0.2: Epoch: 10 [340/390] lr:0.049751 Train Loss:1.7642 Train Acc1:51.3494 Train Acc5:82.3085 Time:0.274s

2024-05-28 10:48:05 CIFAR100_cutout_wideresnet28x10_vassoremu-sgd_rho0.2_theta=0.4_crt=random_p=0.2: Epoch: 10 [350/390] lr:0.049751 Train Loss:1.7615 Train Acc1:51.4089 Train Acc5:82.3495 Time:0.273s

2024-05-28 10:48:08 CIFAR100_cutout_wideresnet28x10_vassoremu-sgd_rho0.2_theta=0.4_crt=random_p=0.2: Epoch: 10 [360/390] lr:0.049751 Train Loss:1.7629 Train Acc1:51.3980 Train Acc5:82.2974 Time:0.274s

2024-05-28 10:48:11 CIFAR100_cutout_wideresnet28x10_vassoremu-sgd_rho0.2_theta=0.4_crt=random_p=0.2: Epoch: 10 [370/390] lr:0.049751 Train Loss:1.7626 Train Acc1:51.4193 Train Acc5:82.3240 Time:0.274s

2024-05-28 10:48:15 CIFAR100_cutout_wideresnet28x10_vassoremu-sgd_rho0.2_theta=0.4_crt=random_p=0.2: Epoch: 10 [380/390] lr:0.049751 Train Loss:1.7635 Train Acc1:51.3821 Train Acc5:82.3409 Time:0.273s

2024-05-28 10:48:25 CIFAR100_cutout_wideresnet28x10_vassoremu-sgd_rho0.2_theta=0.4_crt=random_p=0.2: Epoch:10 Train Loss:1.7625 Train Acc1:51.4203 Train Acc5:82.3618 Test Loss:1.8563 Test Acc1:49.8200(Max:49.8200) Test Acc5:79.5400 Time:140.138s

2024-05-28 10:48:26 CIFAR100_cutout_wideresnet28x10_vassoremu-sgd_rho0.2_theta=0.4_crt=random_p=0.2: Epoch: 11 [0/390] lr:0.049692 Train Loss:1.6128 Train Acc1:52.3438 Train Acc5:83.5938 Time:0.329s

2024-05-28 10:48:30 CIFAR100_cutout_wideresnet28x10_vassoremu-sgd_rho0.2_theta=0.4_crt=random_p=0.2: Epoch: 11 [10/390] lr:0.049692 Train Loss:1.7117 Train Acc1:52.6989 Train Acc5:82.3153 Time:0.278s

2024-05-28 10:48:33 CIFAR100_cutout_wideresnet28x10_vassoremu-sgd_rho0.2_theta=0.4_crt=random_p=0.2: Epoch: 11 [20/390] lr:0.049692 Train Loss:1.7346 Train Acc1:51.8973 Train Acc5:82.6265 Time:0.538s

2024-05-28 10:48:36 CIFAR100_cutout_wideresnet28x10_vassoremu-sgd_rho0.2_theta=0.4_crt=random_p=0.2: Epoch: 11 [30/390] lr:0.049692 Train Loss:1.7215 Train Acc1:52.2933 Train Acc5:82.8377 Time:0.278s

2024-05-28 10:48:40 CIFAR100_cutout_wideresnet28x10_vassoremu-sgd_rho0.2_theta=0.4_crt=random_p=0.2: Epoch: 11 [40/390] lr:0.049692 Train Loss:1.7265 Train Acc1:52.2485 Train Acc5:83.1364 Time:0.273s

